[2023-02-22T20:44:18.186+0000] {processor.py:153} INFO - Started process (PID=78) to work on /home/airflow/.local/lib/python3.7/site-packages/airflow/example_dags/example_short_circuit_decorator.py
[2023-02-22T20:44:18.188+0000] {processor.py:743} INFO - Processing file /home/airflow/.local/lib/python3.7/site-packages/airflow/example_dags/example_short_circuit_decorator.py for tasks to queue
[2023-02-22T20:44:18.189+0000] {logging_mixin.py:137} INFO - [2023-02-22T20:44:18.189+0000] {dagbag.py:538} INFO - Filling up the DagBag from /home/airflow/.local/lib/python3.7/site-packages/airflow/example_dags/example_short_circuit_decorator.py
[2023-02-22T20:44:18.261+0000] {processor.py:753} INFO - DAG(s) dict_keys(['example_short_circuit_decorator']) retrieved from /home/airflow/.local/lib/python3.7/site-packages/airflow/example_dags/example_short_circuit_decorator.py
[2023-02-22T20:44:18.350+0000] {logging_mixin.py:137} INFO - [2023-02-22T20:44:18.350+0000] {dag.py:2690} INFO - Sync 1 DAGs
[2023-02-22T20:44:18.458+0000] {logging_mixin.py:137} INFO - [2023-02-22T20:44:18.458+0000] {dag.py:3441} INFO - Setting next_dagrun for example_short_circuit_decorator to 2023-02-21T20:44:18.457471+00:00, run_after=2023-02-22T20:44:18.457471+00:00
[2023-02-22T20:44:18.573+0000] {processor.py:175} INFO - Processing /home/airflow/.local/lib/python3.7/site-packages/airflow/example_dags/example_short_circuit_decorator.py took 0.400 seconds
[2023-02-22T20:44:49.433+0000] {processor.py:153} INFO - Started process (PID=142) to work on /home/airflow/.local/lib/python3.7/site-packages/airflow/example_dags/example_short_circuit_decorator.py
[2023-02-22T20:44:49.434+0000] {processor.py:743} INFO - Processing file /home/airflow/.local/lib/python3.7/site-packages/airflow/example_dags/example_short_circuit_decorator.py for tasks to queue
[2023-02-22T20:44:49.435+0000] {logging_mixin.py:137} INFO - [2023-02-22T20:44:49.435+0000] {dagbag.py:538} INFO - Filling up the DagBag from /home/airflow/.local/lib/python3.7/site-packages/airflow/example_dags/example_short_circuit_decorator.py
[2023-02-22T20:44:49.482+0000] {processor.py:753} INFO - DAG(s) dict_keys(['example_short_circuit_decorator']) retrieved from /home/airflow/.local/lib/python3.7/site-packages/airflow/example_dags/example_short_circuit_decorator.py
[2023-02-22T20:44:49.527+0000] {logging_mixin.py:137} INFO - [2023-02-22T20:44:49.527+0000] {dag.py:2690} INFO - Sync 1 DAGs
[2023-02-22T20:44:49.574+0000] {logging_mixin.py:137} INFO - [2023-02-22T20:44:49.574+0000] {dag.py:3441} INFO - Setting next_dagrun for example_short_circuit_decorator to 2023-02-21T20:44:49.574382+00:00, run_after=2023-02-22T20:44:49.574382+00:00
[2023-02-22T20:44:49.604+0000] {processor.py:175} INFO - Processing /home/airflow/.local/lib/python3.7/site-packages/airflow/example_dags/example_short_circuit_decorator.py took 0.179 seconds
[2023-02-22T20:45:20.704+0000] {processor.py:153} INFO - Started process (PID=214) to work on /home/airflow/.local/lib/python3.7/site-packages/airflow/example_dags/example_short_circuit_decorator.py
[2023-02-22T20:45:20.705+0000] {processor.py:743} INFO - Processing file /home/airflow/.local/lib/python3.7/site-packages/airflow/example_dags/example_short_circuit_decorator.py for tasks to queue
[2023-02-22T20:45:20.706+0000] {logging_mixin.py:137} INFO - [2023-02-22T20:45:20.706+0000] {dagbag.py:538} INFO - Filling up the DagBag from /home/airflow/.local/lib/python3.7/site-packages/airflow/example_dags/example_short_circuit_decorator.py
[2023-02-22T20:45:20.753+0000] {processor.py:753} INFO - DAG(s) dict_keys(['example_short_circuit_decorator']) retrieved from /home/airflow/.local/lib/python3.7/site-packages/airflow/example_dags/example_short_circuit_decorator.py
[2023-02-22T20:45:20.795+0000] {logging_mixin.py:137} INFO - [2023-02-22T20:45:20.794+0000] {dag.py:2690} INFO - Sync 1 DAGs
[2023-02-22T20:45:20.857+0000] {logging_mixin.py:137} INFO - [2023-02-22T20:45:20.856+0000] {dag.py:3441} INFO - Setting next_dagrun for example_short_circuit_decorator to 2023-02-21T20:45:20.856204+00:00, run_after=2023-02-22T20:45:20.856204+00:00
[2023-02-22T20:45:20.911+0000] {processor.py:175} INFO - Processing /home/airflow/.local/lib/python3.7/site-packages/airflow/example_dags/example_short_circuit_decorator.py took 0.211 seconds
[2023-02-22T20:45:51.247+0000] {processor.py:153} INFO - Started process (PID=285) to work on /home/airflow/.local/lib/python3.7/site-packages/airflow/example_dags/example_short_circuit_decorator.py
[2023-02-22T20:45:51.248+0000] {processor.py:743} INFO - Processing file /home/airflow/.local/lib/python3.7/site-packages/airflow/example_dags/example_short_circuit_decorator.py for tasks to queue
[2023-02-22T20:45:51.249+0000] {logging_mixin.py:137} INFO - [2023-02-22T20:45:51.249+0000] {dagbag.py:538} INFO - Filling up the DagBag from /home/airflow/.local/lib/python3.7/site-packages/airflow/example_dags/example_short_circuit_decorator.py
[2023-02-22T20:45:51.288+0000] {processor.py:753} INFO - DAG(s) dict_keys(['example_short_circuit_decorator']) retrieved from /home/airflow/.local/lib/python3.7/site-packages/airflow/example_dags/example_short_circuit_decorator.py
[2023-02-22T20:45:51.329+0000] {logging_mixin.py:137} INFO - [2023-02-22T20:45:51.328+0000] {dag.py:2690} INFO - Sync 1 DAGs
[2023-02-22T20:45:51.396+0000] {logging_mixin.py:137} INFO - [2023-02-22T20:45:51.396+0000] {dag.py:3441} INFO - Setting next_dagrun for example_short_circuit_decorator to 2023-02-21T20:45:51.395931+00:00, run_after=2023-02-22T20:45:51.395931+00:00
[2023-02-22T20:45:51.437+0000] {processor.py:175} INFO - Processing /home/airflow/.local/lib/python3.7/site-packages/airflow/example_dags/example_short_circuit_decorator.py took 0.195 seconds
[2023-02-22T20:46:22.209+0000] {processor.py:153} INFO - Started process (PID=356) to work on /home/airflow/.local/lib/python3.7/site-packages/airflow/example_dags/example_short_circuit_decorator.py
[2023-02-22T20:46:22.211+0000] {processor.py:743} INFO - Processing file /home/airflow/.local/lib/python3.7/site-packages/airflow/example_dags/example_short_circuit_decorator.py for tasks to queue
[2023-02-22T20:46:22.212+0000] {logging_mixin.py:137} INFO - [2023-02-22T20:46:22.212+0000] {dagbag.py:538} INFO - Filling up the DagBag from /home/airflow/.local/lib/python3.7/site-packages/airflow/example_dags/example_short_circuit_decorator.py
[2023-02-22T20:46:22.262+0000] {processor.py:753} INFO - DAG(s) dict_keys(['example_short_circuit_decorator']) retrieved from /home/airflow/.local/lib/python3.7/site-packages/airflow/example_dags/example_short_circuit_decorator.py
[2023-02-22T20:46:22.312+0000] {logging_mixin.py:137} INFO - [2023-02-22T20:46:22.312+0000] {dag.py:2690} INFO - Sync 1 DAGs
[2023-02-22T20:46:22.362+0000] {logging_mixin.py:137} INFO - [2023-02-22T20:46:22.361+0000] {dag.py:3441} INFO - Setting next_dagrun for example_short_circuit_decorator to 2023-02-21T20:46:22.361391+00:00, run_after=2023-02-22T20:46:22.361391+00:00
[2023-02-22T20:46:22.413+0000] {processor.py:175} INFO - Processing /home/airflow/.local/lib/python3.7/site-packages/airflow/example_dags/example_short_circuit_decorator.py took 0.209 seconds
[2023-02-22T20:46:52.589+0000] {processor.py:153} INFO - Started process (PID=427) to work on /home/airflow/.local/lib/python3.7/site-packages/airflow/example_dags/example_short_circuit_decorator.py
[2023-02-22T20:46:52.591+0000] {processor.py:743} INFO - Processing file /home/airflow/.local/lib/python3.7/site-packages/airflow/example_dags/example_short_circuit_decorator.py for tasks to queue
[2023-02-22T20:46:52.592+0000] {logging_mixin.py:137} INFO - [2023-02-22T20:46:52.592+0000] {dagbag.py:538} INFO - Filling up the DagBag from /home/airflow/.local/lib/python3.7/site-packages/airflow/example_dags/example_short_circuit_decorator.py
[2023-02-22T20:46:52.630+0000] {processor.py:753} INFO - DAG(s) dict_keys(['example_short_circuit_decorator']) retrieved from /home/airflow/.local/lib/python3.7/site-packages/airflow/example_dags/example_short_circuit_decorator.py
[2023-02-22T20:46:52.669+0000] {logging_mixin.py:137} INFO - [2023-02-22T20:46:52.669+0000] {dag.py:2690} INFO - Sync 1 DAGs
[2023-02-22T20:46:52.706+0000] {logging_mixin.py:137} INFO - [2023-02-22T20:46:52.706+0000] {dag.py:3441} INFO - Setting next_dagrun for example_short_circuit_decorator to 2023-02-21T20:46:52.706448+00:00, run_after=2023-02-22T20:46:52.706448+00:00
[2023-02-22T20:46:52.736+0000] {processor.py:175} INFO - Processing /home/airflow/.local/lib/python3.7/site-packages/airflow/example_dags/example_short_circuit_decorator.py took 0.152 seconds
[2023-02-22T20:47:24.879+0000] {processor.py:153} INFO - Started process (PID=498) to work on /home/airflow/.local/lib/python3.7/site-packages/airflow/example_dags/example_short_circuit_decorator.py
[2023-02-22T20:47:24.883+0000] {processor.py:743} INFO - Processing file /home/airflow/.local/lib/python3.7/site-packages/airflow/example_dags/example_short_circuit_decorator.py for tasks to queue
[2023-02-22T20:47:24.885+0000] {logging_mixin.py:137} INFO - [2023-02-22T20:47:24.884+0000] {dagbag.py:538} INFO - Filling up the DagBag from /home/airflow/.local/lib/python3.7/site-packages/airflow/example_dags/example_short_circuit_decorator.py
[2023-02-22T20:47:25.011+0000] {processor.py:753} INFO - DAG(s) dict_keys(['example_short_circuit_decorator']) retrieved from /home/airflow/.local/lib/python3.7/site-packages/airflow/example_dags/example_short_circuit_decorator.py
[2023-02-22T20:47:25.117+0000] {logging_mixin.py:137} INFO - [2023-02-22T20:47:25.116+0000] {dag.py:2690} INFO - Sync 1 DAGs
[2023-02-22T20:47:25.231+0000] {logging_mixin.py:137} INFO - [2023-02-22T20:47:25.231+0000] {dag.py:3441} INFO - Setting next_dagrun for example_short_circuit_decorator to 2023-02-21T20:47:25.230893+00:00, run_after=2023-02-22T20:47:25.230893+00:00
[2023-02-22T20:47:25.311+0000] {processor.py:175} INFO - Processing /home/airflow/.local/lib/python3.7/site-packages/airflow/example_dags/example_short_circuit_decorator.py took 0.447 seconds
[2023-02-22T20:47:56.538+0000] {processor.py:153} INFO - Started process (PID=569) to work on /home/airflow/.local/lib/python3.7/site-packages/airflow/example_dags/example_short_circuit_decorator.py
[2023-02-22T20:47:56.582+0000] {processor.py:743} INFO - Processing file /home/airflow/.local/lib/python3.7/site-packages/airflow/example_dags/example_short_circuit_decorator.py for tasks to queue
[2023-02-22T20:47:56.584+0000] {logging_mixin.py:137} INFO - [2023-02-22T20:47:56.584+0000] {dagbag.py:538} INFO - Filling up the DagBag from /home/airflow/.local/lib/python3.7/site-packages/airflow/example_dags/example_short_circuit_decorator.py
[2023-02-22T20:47:56.696+0000] {processor.py:753} INFO - DAG(s) dict_keys(['example_short_circuit_decorator']) retrieved from /home/airflow/.local/lib/python3.7/site-packages/airflow/example_dags/example_short_circuit_decorator.py
[2023-02-22T20:47:56.767+0000] {logging_mixin.py:137} INFO - [2023-02-22T20:47:56.766+0000] {dag.py:2690} INFO - Sync 1 DAGs
[2023-02-22T20:47:56.876+0000] {logging_mixin.py:137} INFO - [2023-02-22T20:47:56.876+0000] {dag.py:3441} INFO - Setting next_dagrun for example_short_circuit_decorator to 2023-02-21T20:47:56.875923+00:00, run_after=2023-02-22T20:47:56.875923+00:00
[2023-02-22T20:47:56.973+0000] {processor.py:175} INFO - Processing /home/airflow/.local/lib/python3.7/site-packages/airflow/example_dags/example_short_circuit_decorator.py took 0.453 seconds
[2023-02-22T20:48:27.777+0000] {processor.py:153} INFO - Started process (PID=624) to work on /home/airflow/.local/lib/python3.7/site-packages/airflow/example_dags/example_short_circuit_decorator.py
[2023-02-22T20:48:27.799+0000] {processor.py:743} INFO - Processing file /home/airflow/.local/lib/python3.7/site-packages/airflow/example_dags/example_short_circuit_decorator.py for tasks to queue
[2023-02-22T20:48:27.801+0000] {logging_mixin.py:137} INFO - [2023-02-22T20:48:27.800+0000] {dagbag.py:538} INFO - Filling up the DagBag from /home/airflow/.local/lib/python3.7/site-packages/airflow/example_dags/example_short_circuit_decorator.py
[2023-02-22T20:48:27.947+0000] {processor.py:753} INFO - DAG(s) dict_keys(['example_short_circuit_decorator']) retrieved from /home/airflow/.local/lib/python3.7/site-packages/airflow/example_dags/example_short_circuit_decorator.py
[2023-02-22T20:48:28.080+0000] {logging_mixin.py:137} INFO - [2023-02-22T20:48:28.080+0000] {dag.py:2690} INFO - Sync 1 DAGs
[2023-02-22T20:48:28.238+0000] {logging_mixin.py:137} INFO - [2023-02-22T20:48:28.238+0000] {dag.py:3441} INFO - Setting next_dagrun for example_short_circuit_decorator to 2023-02-21T20:48:28.238145+00:00, run_after=2023-02-22T20:48:28.238145+00:00
[2023-02-22T20:48:28.343+0000] {processor.py:175} INFO - Processing /home/airflow/.local/lib/python3.7/site-packages/airflow/example_dags/example_short_circuit_decorator.py took 0.583 seconds
[2023-02-22T20:48:59.313+0000] {processor.py:153} INFO - Started process (PID=695) to work on /home/airflow/.local/lib/python3.7/site-packages/airflow/example_dags/example_short_circuit_decorator.py
[2023-02-22T20:48:59.315+0000] {processor.py:743} INFO - Processing file /home/airflow/.local/lib/python3.7/site-packages/airflow/example_dags/example_short_circuit_decorator.py for tasks to queue
[2023-02-22T20:48:59.342+0000] {logging_mixin.py:137} INFO - [2023-02-22T20:48:59.342+0000] {dagbag.py:538} INFO - Filling up the DagBag from /home/airflow/.local/lib/python3.7/site-packages/airflow/example_dags/example_short_circuit_decorator.py
[2023-02-22T20:48:59.505+0000] {processor.py:753} INFO - DAG(s) dict_keys(['example_short_circuit_decorator']) retrieved from /home/airflow/.local/lib/python3.7/site-packages/airflow/example_dags/example_short_circuit_decorator.py
[2023-02-22T20:48:59.612+0000] {logging_mixin.py:137} INFO - [2023-02-22T20:48:59.612+0000] {dag.py:2690} INFO - Sync 1 DAGs
[2023-02-22T20:48:59.760+0000] {logging_mixin.py:137} INFO - [2023-02-22T20:48:59.750+0000] {dag.py:3441} INFO - Setting next_dagrun for example_short_circuit_decorator to 2023-02-21T20:48:59.750005+00:00, run_after=2023-02-22T20:48:59.750005+00:00
[2023-02-22T20:48:59.883+0000] {processor.py:175} INFO - Processing /home/airflow/.local/lib/python3.7/site-packages/airflow/example_dags/example_short_circuit_decorator.py took 0.602 seconds
[2023-02-22T20:49:30.238+0000] {processor.py:153} INFO - Started process (PID=750) to work on /home/airflow/.local/lib/python3.7/site-packages/airflow/example_dags/example_short_circuit_decorator.py
[2023-02-22T20:49:30.241+0000] {processor.py:743} INFO - Processing file /home/airflow/.local/lib/python3.7/site-packages/airflow/example_dags/example_short_circuit_decorator.py for tasks to queue
[2023-02-22T20:49:30.254+0000] {logging_mixin.py:137} INFO - [2023-02-22T20:49:30.254+0000] {dagbag.py:538} INFO - Filling up the DagBag from /home/airflow/.local/lib/python3.7/site-packages/airflow/example_dags/example_short_circuit_decorator.py
[2023-02-22T20:49:30.501+0000] {processor.py:753} INFO - DAG(s) dict_keys(['example_short_circuit_decorator']) retrieved from /home/airflow/.local/lib/python3.7/site-packages/airflow/example_dags/example_short_circuit_decorator.py
[2023-02-22T20:49:30.667+0000] {logging_mixin.py:137} INFO - [2023-02-22T20:49:30.666+0000] {dag.py:2690} INFO - Sync 1 DAGs
[2023-02-22T20:49:30.862+0000] {logging_mixin.py:137} INFO - [2023-02-22T20:49:30.862+0000] {dag.py:3441} INFO - Setting next_dagrun for example_short_circuit_decorator to 2023-02-21T20:49:30.861488+00:00, run_after=2023-02-22T20:49:30.861488+00:00
[2023-02-22T20:49:30.971+0000] {processor.py:175} INFO - Processing /home/airflow/.local/lib/python3.7/site-packages/airflow/example_dags/example_short_circuit_decorator.py took 0.764 seconds
[2023-02-22T20:50:01.263+0000] {processor.py:153} INFO - Started process (PID=822) to work on /home/airflow/.local/lib/python3.7/site-packages/airflow/example_dags/example_short_circuit_decorator.py
[2023-02-22T20:50:01.297+0000] {processor.py:743} INFO - Processing file /home/airflow/.local/lib/python3.7/site-packages/airflow/example_dags/example_short_circuit_decorator.py for tasks to queue
[2023-02-22T20:50:01.298+0000] {logging_mixin.py:137} INFO - [2023-02-22T20:50:01.298+0000] {dagbag.py:538} INFO - Filling up the DagBag from /home/airflow/.local/lib/python3.7/site-packages/airflow/example_dags/example_short_circuit_decorator.py
[2023-02-22T20:50:01.433+0000] {processor.py:753} INFO - DAG(s) dict_keys(['example_short_circuit_decorator']) retrieved from /home/airflow/.local/lib/python3.7/site-packages/airflow/example_dags/example_short_circuit_decorator.py
[2023-02-22T20:50:01.545+0000] {logging_mixin.py:137} INFO - [2023-02-22T20:50:01.544+0000] {dag.py:2690} INFO - Sync 1 DAGs
[2023-02-22T20:50:01.660+0000] {logging_mixin.py:137} INFO - [2023-02-22T20:50:01.659+0000] {dag.py:3441} INFO - Setting next_dagrun for example_short_circuit_decorator to 2023-02-21T20:50:01.659446+00:00, run_after=2023-02-22T20:50:01.659446+00:00
[2023-02-22T20:50:01.776+0000] {processor.py:175} INFO - Processing /home/airflow/.local/lib/python3.7/site-packages/airflow/example_dags/example_short_circuit_decorator.py took 0.528 seconds
[2023-02-22T20:50:32.161+0000] {processor.py:153} INFO - Started process (PID=886) to work on /home/airflow/.local/lib/python3.7/site-packages/airflow/example_dags/example_short_circuit_decorator.py
[2023-02-22T20:50:32.162+0000] {processor.py:743} INFO - Processing file /home/airflow/.local/lib/python3.7/site-packages/airflow/example_dags/example_short_circuit_decorator.py for tasks to queue
[2023-02-22T20:50:32.164+0000] {logging_mixin.py:137} INFO - [2023-02-22T20:50:32.163+0000] {dagbag.py:538} INFO - Filling up the DagBag from /home/airflow/.local/lib/python3.7/site-packages/airflow/example_dags/example_short_circuit_decorator.py
[2023-02-22T20:50:32.323+0000] {processor.py:753} INFO - DAG(s) dict_keys(['example_short_circuit_decorator']) retrieved from /home/airflow/.local/lib/python3.7/site-packages/airflow/example_dags/example_short_circuit_decorator.py
[2023-02-22T20:50:32.433+0000] {logging_mixin.py:137} INFO - [2023-02-22T20:50:32.432+0000] {dag.py:2690} INFO - Sync 1 DAGs
[2023-02-22T20:50:32.572+0000] {logging_mixin.py:137} INFO - [2023-02-22T20:50:32.572+0000] {dag.py:3441} INFO - Setting next_dagrun for example_short_circuit_decorator to 2023-02-21T20:50:32.562891+00:00, run_after=2023-02-22T20:50:32.562891+00:00
[2023-02-22T20:50:32.668+0000] {processor.py:175} INFO - Processing /home/airflow/.local/lib/python3.7/site-packages/airflow/example_dags/example_short_circuit_decorator.py took 0.528 seconds
[2023-02-22T20:51:02.794+0000] {processor.py:153} INFO - Started process (PID=948) to work on /home/airflow/.local/lib/python3.7/site-packages/airflow/example_dags/example_short_circuit_decorator.py
[2023-02-22T20:51:02.797+0000] {processor.py:743} INFO - Processing file /home/airflow/.local/lib/python3.7/site-packages/airflow/example_dags/example_short_circuit_decorator.py for tasks to queue
[2023-02-22T20:51:02.798+0000] {logging_mixin.py:137} INFO - [2023-02-22T20:51:02.798+0000] {dagbag.py:538} INFO - Filling up the DagBag from /home/airflow/.local/lib/python3.7/site-packages/airflow/example_dags/example_short_circuit_decorator.py
[2023-02-22T20:51:02.947+0000] {processor.py:753} INFO - DAG(s) dict_keys(['example_short_circuit_decorator']) retrieved from /home/airflow/.local/lib/python3.7/site-packages/airflow/example_dags/example_short_circuit_decorator.py
[2023-02-22T20:51:03.033+0000] {logging_mixin.py:137} INFO - [2023-02-22T20:51:03.032+0000] {dag.py:2690} INFO - Sync 1 DAGs
[2023-02-22T20:51:03.110+0000] {logging_mixin.py:137} INFO - [2023-02-22T20:51:03.110+0000] {dag.py:3441} INFO - Setting next_dagrun for example_short_circuit_decorator to 2023-02-21T20:51:03.110129+00:00, run_after=2023-02-22T20:51:03.110129+00:00
[2023-02-22T20:51:03.160+0000] {processor.py:175} INFO - Processing /home/airflow/.local/lib/python3.7/site-packages/airflow/example_dags/example_short_circuit_decorator.py took 0.379 seconds
[2023-02-22T20:51:33.844+0000] {processor.py:153} INFO - Started process (PID=1036) to work on /home/airflow/.local/lib/python3.7/site-packages/airflow/example_dags/example_short_circuit_decorator.py
[2023-02-22T20:51:33.845+0000] {processor.py:743} INFO - Processing file /home/airflow/.local/lib/python3.7/site-packages/airflow/example_dags/example_short_circuit_decorator.py for tasks to queue
[2023-02-22T20:51:33.846+0000] {logging_mixin.py:137} INFO - [2023-02-22T20:51:33.846+0000] {dagbag.py:538} INFO - Filling up the DagBag from /home/airflow/.local/lib/python3.7/site-packages/airflow/example_dags/example_short_circuit_decorator.py
[2023-02-22T20:51:33.880+0000] {processor.py:753} INFO - DAG(s) dict_keys(['example_short_circuit_decorator']) retrieved from /home/airflow/.local/lib/python3.7/site-packages/airflow/example_dags/example_short_circuit_decorator.py
[2023-02-22T20:51:33.912+0000] {logging_mixin.py:137} INFO - [2023-02-22T20:51:33.912+0000] {dag.py:2690} INFO - Sync 1 DAGs
[2023-02-22T20:51:33.953+0000] {logging_mixin.py:137} INFO - [2023-02-22T20:51:33.953+0000] {dag.py:3441} INFO - Setting next_dagrun for example_short_circuit_decorator to 2023-02-21T20:51:33.952970+00:00, run_after=2023-02-22T20:51:33.952970+00:00
[2023-02-22T20:51:33.989+0000] {processor.py:175} INFO - Processing /home/airflow/.local/lib/python3.7/site-packages/airflow/example_dags/example_short_circuit_decorator.py took 0.150 seconds
[2023-02-22T20:52:04.112+0000] {processor.py:153} INFO - Started process (PID=1107) to work on /home/airflow/.local/lib/python3.7/site-packages/airflow/example_dags/example_short_circuit_decorator.py
[2023-02-22T20:52:04.120+0000] {processor.py:743} INFO - Processing file /home/airflow/.local/lib/python3.7/site-packages/airflow/example_dags/example_short_circuit_decorator.py for tasks to queue
[2023-02-22T20:52:04.121+0000] {logging_mixin.py:137} INFO - [2023-02-22T20:52:04.121+0000] {dagbag.py:538} INFO - Filling up the DagBag from /home/airflow/.local/lib/python3.7/site-packages/airflow/example_dags/example_short_circuit_decorator.py
[2023-02-22T20:52:04.165+0000] {processor.py:753} INFO - DAG(s) dict_keys(['example_short_circuit_decorator']) retrieved from /home/airflow/.local/lib/python3.7/site-packages/airflow/example_dags/example_short_circuit_decorator.py
[2023-02-22T20:52:04.198+0000] {logging_mixin.py:137} INFO - [2023-02-22T20:52:04.198+0000] {dag.py:2690} INFO - Sync 1 DAGs
[2023-02-22T20:52:04.230+0000] {logging_mixin.py:137} INFO - [2023-02-22T20:52:04.230+0000] {dag.py:3441} INFO - Setting next_dagrun for example_short_circuit_decorator to 2023-02-21T20:52:04.230264+00:00, run_after=2023-02-22T20:52:04.230264+00:00
[2023-02-22T20:52:04.255+0000] {processor.py:175} INFO - Processing /home/airflow/.local/lib/python3.7/site-packages/airflow/example_dags/example_short_circuit_decorator.py took 0.149 seconds
[2023-02-22T20:52:34.305+0000] {processor.py:153} INFO - Started process (PID=1178) to work on /home/airflow/.local/lib/python3.7/site-packages/airflow/example_dags/example_short_circuit_decorator.py
[2023-02-22T20:52:34.306+0000] {processor.py:743} INFO - Processing file /home/airflow/.local/lib/python3.7/site-packages/airflow/example_dags/example_short_circuit_decorator.py for tasks to queue
[2023-02-22T20:52:34.307+0000] {logging_mixin.py:137} INFO - [2023-02-22T20:52:34.307+0000] {dagbag.py:538} INFO - Filling up the DagBag from /home/airflow/.local/lib/python3.7/site-packages/airflow/example_dags/example_short_circuit_decorator.py
[2023-02-22T20:52:34.346+0000] {processor.py:753} INFO - DAG(s) dict_keys(['example_short_circuit_decorator']) retrieved from /home/airflow/.local/lib/python3.7/site-packages/airflow/example_dags/example_short_circuit_decorator.py
[2023-02-22T20:52:34.374+0000] {logging_mixin.py:137} INFO - [2023-02-22T20:52:34.374+0000] {dag.py:2690} INFO - Sync 1 DAGs
[2023-02-22T20:52:34.402+0000] {logging_mixin.py:137} INFO - [2023-02-22T20:52:34.402+0000] {dag.py:3441} INFO - Setting next_dagrun for example_short_circuit_decorator to 2023-02-21T20:52:34.401862+00:00, run_after=2023-02-22T20:52:34.401862+00:00
[2023-02-22T20:52:34.426+0000] {processor.py:175} INFO - Processing /home/airflow/.local/lib/python3.7/site-packages/airflow/example_dags/example_short_circuit_decorator.py took 0.127 seconds
[2023-02-22T20:53:05.029+0000] {processor.py:153} INFO - Started process (PID=1265) to work on /home/airflow/.local/lib/python3.7/site-packages/airflow/example_dags/example_short_circuit_decorator.py
[2023-02-22T20:53:05.029+0000] {processor.py:743} INFO - Processing file /home/airflow/.local/lib/python3.7/site-packages/airflow/example_dags/example_short_circuit_decorator.py for tasks to queue
[2023-02-22T20:53:05.030+0000] {logging_mixin.py:137} INFO - [2023-02-22T20:53:05.030+0000] {dagbag.py:538} INFO - Filling up the DagBag from /home/airflow/.local/lib/python3.7/site-packages/airflow/example_dags/example_short_circuit_decorator.py
[2023-02-22T20:53:05.055+0000] {processor.py:753} INFO - DAG(s) dict_keys(['example_short_circuit_decorator']) retrieved from /home/airflow/.local/lib/python3.7/site-packages/airflow/example_dags/example_short_circuit_decorator.py
[2023-02-22T20:53:05.081+0000] {logging_mixin.py:137} INFO - [2023-02-22T20:53:05.081+0000] {dag.py:2690} INFO - Sync 1 DAGs
[2023-02-22T20:53:05.107+0000] {logging_mixin.py:137} INFO - [2023-02-22T20:53:05.107+0000] {dag.py:3441} INFO - Setting next_dagrun for example_short_circuit_decorator to 2023-02-21T20:53:05.107330+00:00, run_after=2023-02-22T20:53:05.107330+00:00
[2023-02-22T20:53:05.134+0000] {processor.py:175} INFO - Processing /home/airflow/.local/lib/python3.7/site-packages/airflow/example_dags/example_short_circuit_decorator.py took 0.109 seconds
