[2023-02-22T20:44:16.235+0000] {processor.py:153} INFO - Started process (PID=60) to work on /home/airflow/.local/lib/python3.7/site-packages/airflow/example_dags/example_branch_labels.py
[2023-02-22T20:44:16.236+0000] {processor.py:743} INFO - Processing file /home/airflow/.local/lib/python3.7/site-packages/airflow/example_dags/example_branch_labels.py for tasks to queue
[2023-02-22T20:44:16.237+0000] {logging_mixin.py:137} INFO - [2023-02-22T20:44:16.237+0000] {dagbag.py:538} INFO - Filling up the DagBag from /home/airflow/.local/lib/python3.7/site-packages/airflow/example_dags/example_branch_labels.py
[2023-02-22T20:44:16.265+0000] {processor.py:753} INFO - DAG(s) dict_keys(['example_branch_labels']) retrieved from /home/airflow/.local/lib/python3.7/site-packages/airflow/example_dags/example_branch_labels.py
[2023-02-22T20:44:16.310+0000] {logging_mixin.py:137} INFO - [2023-02-22T20:44:16.310+0000] {dag.py:2690} INFO - Sync 1 DAGs
[2023-02-22T20:44:16.378+0000] {logging_mixin.py:137} INFO - [2023-02-22T20:44:16.377+0000] {dag.py:3441} INFO - Setting next_dagrun for example_branch_labels to 2023-02-21T00:00:00+00:00, run_after=2023-02-22T00:00:00+00:00
[2023-02-22T20:44:16.414+0000] {processor.py:175} INFO - Processing /home/airflow/.local/lib/python3.7/site-packages/airflow/example_dags/example_branch_labels.py took 0.184 seconds
[2023-02-22T20:44:47.856+0000] {processor.py:153} INFO - Started process (PID=131) to work on /home/airflow/.local/lib/python3.7/site-packages/airflow/example_dags/example_branch_labels.py
[2023-02-22T20:44:47.863+0000] {processor.py:743} INFO - Processing file /home/airflow/.local/lib/python3.7/site-packages/airflow/example_dags/example_branch_labels.py for tasks to queue
[2023-02-22T20:44:47.864+0000] {logging_mixin.py:137} INFO - [2023-02-22T20:44:47.864+0000] {dagbag.py:538} INFO - Filling up the DagBag from /home/airflow/.local/lib/python3.7/site-packages/airflow/example_dags/example_branch_labels.py
[2023-02-22T20:44:47.922+0000] {processor.py:753} INFO - DAG(s) dict_keys(['example_branch_labels']) retrieved from /home/airflow/.local/lib/python3.7/site-packages/airflow/example_dags/example_branch_labels.py
[2023-02-22T20:44:48.014+0000] {logging_mixin.py:137} INFO - [2023-02-22T20:44:48.014+0000] {dag.py:2690} INFO - Sync 1 DAGs
[2023-02-22T20:44:48.110+0000] {logging_mixin.py:137} INFO - [2023-02-22T20:44:48.110+0000] {dag.py:3441} INFO - Setting next_dagrun for example_branch_labels to 2023-02-21T00:00:00+00:00, run_after=2023-02-22T00:00:00+00:00
[2023-02-22T20:44:48.184+0000] {processor.py:175} INFO - Processing /home/airflow/.local/lib/python3.7/site-packages/airflow/example_dags/example_branch_labels.py took 0.343 seconds
[2023-02-22T20:45:18.438+0000] {processor.py:153} INFO - Started process (PID=203) to work on /home/airflow/.local/lib/python3.7/site-packages/airflow/example_dags/example_branch_labels.py
[2023-02-22T20:45:18.440+0000] {processor.py:743} INFO - Processing file /home/airflow/.local/lib/python3.7/site-packages/airflow/example_dags/example_branch_labels.py for tasks to queue
[2023-02-22T20:45:18.442+0000] {logging_mixin.py:137} INFO - [2023-02-22T20:45:18.441+0000] {dagbag.py:538} INFO - Filling up the DagBag from /home/airflow/.local/lib/python3.7/site-packages/airflow/example_dags/example_branch_labels.py
[2023-02-22T20:45:18.465+0000] {processor.py:753} INFO - DAG(s) dict_keys(['example_branch_labels']) retrieved from /home/airflow/.local/lib/python3.7/site-packages/airflow/example_dags/example_branch_labels.py
[2023-02-22T20:45:18.505+0000] {logging_mixin.py:137} INFO - [2023-02-22T20:45:18.505+0000] {dag.py:2690} INFO - Sync 1 DAGs
[2023-02-22T20:45:18.556+0000] {logging_mixin.py:137} INFO - [2023-02-22T20:45:18.556+0000] {dag.py:3441} INFO - Setting next_dagrun for example_branch_labels to 2023-02-21T00:00:00+00:00, run_after=2023-02-22T00:00:00+00:00
[2023-02-22T20:45:18.582+0000] {processor.py:175} INFO - Processing /home/airflow/.local/lib/python3.7/site-packages/airflow/example_dags/example_branch_labels.py took 0.148 seconds
[2023-02-22T20:45:48.981+0000] {processor.py:153} INFO - Started process (PID=274) to work on /home/airflow/.local/lib/python3.7/site-packages/airflow/example_dags/example_branch_labels.py
[2023-02-22T20:45:48.985+0000] {processor.py:743} INFO - Processing file /home/airflow/.local/lib/python3.7/site-packages/airflow/example_dags/example_branch_labels.py for tasks to queue
[2023-02-22T20:45:48.990+0000] {logging_mixin.py:137} INFO - [2023-02-22T20:45:48.990+0000] {dagbag.py:538} INFO - Filling up the DagBag from /home/airflow/.local/lib/python3.7/site-packages/airflow/example_dags/example_branch_labels.py
[2023-02-22T20:45:49.021+0000] {processor.py:753} INFO - DAG(s) dict_keys(['example_branch_labels']) retrieved from /home/airflow/.local/lib/python3.7/site-packages/airflow/example_dags/example_branch_labels.py
[2023-02-22T20:45:49.074+0000] {logging_mixin.py:137} INFO - [2023-02-22T20:45:49.074+0000] {dag.py:2690} INFO - Sync 1 DAGs
[2023-02-22T20:45:49.125+0000] {logging_mixin.py:137} INFO - [2023-02-22T20:45:49.125+0000] {dag.py:3441} INFO - Setting next_dagrun for example_branch_labels to 2023-02-21T00:00:00+00:00, run_after=2023-02-22T00:00:00+00:00
[2023-02-22T20:45:49.157+0000] {processor.py:175} INFO - Processing /home/airflow/.local/lib/python3.7/site-packages/airflow/example_dags/example_branch_labels.py took 0.183 seconds
[2023-02-22T20:46:19.293+0000] {processor.py:153} INFO - Started process (PID=345) to work on /home/airflow/.local/lib/python3.7/site-packages/airflow/example_dags/example_branch_labels.py
[2023-02-22T20:46:19.295+0000] {processor.py:743} INFO - Processing file /home/airflow/.local/lib/python3.7/site-packages/airflow/example_dags/example_branch_labels.py for tasks to queue
[2023-02-22T20:46:19.296+0000] {logging_mixin.py:137} INFO - [2023-02-22T20:46:19.296+0000] {dagbag.py:538} INFO - Filling up the DagBag from /home/airflow/.local/lib/python3.7/site-packages/airflow/example_dags/example_branch_labels.py
[2023-02-22T20:46:19.318+0000] {processor.py:753} INFO - DAG(s) dict_keys(['example_branch_labels']) retrieved from /home/airflow/.local/lib/python3.7/site-packages/airflow/example_dags/example_branch_labels.py
[2023-02-22T20:46:19.363+0000] {logging_mixin.py:137} INFO - [2023-02-22T20:46:19.363+0000] {dag.py:2690} INFO - Sync 1 DAGs
[2023-02-22T20:46:19.406+0000] {logging_mixin.py:137} INFO - [2023-02-22T20:46:19.405+0000] {dag.py:3441} INFO - Setting next_dagrun for example_branch_labels to 2023-02-21T00:00:00+00:00, run_after=2023-02-22T00:00:00+00:00
[2023-02-22T20:46:19.434+0000] {processor.py:175} INFO - Processing /home/airflow/.local/lib/python3.7/site-packages/airflow/example_dags/example_branch_labels.py took 0.146 seconds
[2023-02-22T20:46:49.731+0000] {processor.py:153} INFO - Started process (PID=416) to work on /home/airflow/.local/lib/python3.7/site-packages/airflow/example_dags/example_branch_labels.py
[2023-02-22T20:46:49.733+0000] {processor.py:743} INFO - Processing file /home/airflow/.local/lib/python3.7/site-packages/airflow/example_dags/example_branch_labels.py for tasks to queue
[2023-02-22T20:46:49.734+0000] {logging_mixin.py:137} INFO - [2023-02-22T20:46:49.733+0000] {dagbag.py:538} INFO - Filling up the DagBag from /home/airflow/.local/lib/python3.7/site-packages/airflow/example_dags/example_branch_labels.py
[2023-02-22T20:46:49.756+0000] {processor.py:753} INFO - DAG(s) dict_keys(['example_branch_labels']) retrieved from /home/airflow/.local/lib/python3.7/site-packages/airflow/example_dags/example_branch_labels.py
[2023-02-22T20:46:49.789+0000] {logging_mixin.py:137} INFO - [2023-02-22T20:46:49.789+0000] {dag.py:2690} INFO - Sync 1 DAGs
[2023-02-22T20:46:49.822+0000] {logging_mixin.py:137} INFO - [2023-02-22T20:46:49.822+0000] {dag.py:3441} INFO - Setting next_dagrun for example_branch_labels to 2023-02-21T00:00:00+00:00, run_after=2023-02-22T00:00:00+00:00
[2023-02-22T20:46:49.846+0000] {processor.py:175} INFO - Processing /home/airflow/.local/lib/python3.7/site-packages/airflow/example_dags/example_branch_labels.py took 0.119 seconds
[2023-02-22T20:47:20.176+0000] {processor.py:153} INFO - Started process (PID=487) to work on /home/airflow/.local/lib/python3.7/site-packages/airflow/example_dags/example_branch_labels.py
[2023-02-22T20:47:20.181+0000] {processor.py:743} INFO - Processing file /home/airflow/.local/lib/python3.7/site-packages/airflow/example_dags/example_branch_labels.py for tasks to queue
[2023-02-22T20:47:20.182+0000] {logging_mixin.py:137} INFO - [2023-02-22T20:47:20.182+0000] {dagbag.py:538} INFO - Filling up the DagBag from /home/airflow/.local/lib/python3.7/site-packages/airflow/example_dags/example_branch_labels.py
[2023-02-22T20:47:20.254+0000] {processor.py:753} INFO - DAG(s) dict_keys(['example_branch_labels']) retrieved from /home/airflow/.local/lib/python3.7/site-packages/airflow/example_dags/example_branch_labels.py
[2023-02-22T20:47:20.329+0000] {logging_mixin.py:137} INFO - [2023-02-22T20:47:20.329+0000] {dag.py:2690} INFO - Sync 1 DAGs
[2023-02-22T20:47:20.424+0000] {logging_mixin.py:137} INFO - [2023-02-22T20:47:20.424+0000] {dag.py:3441} INFO - Setting next_dagrun for example_branch_labels to 2023-02-21T00:00:00+00:00, run_after=2023-02-22T00:00:00+00:00
[2023-02-22T20:47:20.478+0000] {processor.py:175} INFO - Processing /home/airflow/.local/lib/python3.7/site-packages/airflow/example_dags/example_branch_labels.py took 0.317 seconds
[2023-02-22T20:47:51.057+0000] {processor.py:153} INFO - Started process (PID=549) to work on /home/airflow/.local/lib/python3.7/site-packages/airflow/example_dags/example_branch_labels.py
[2023-02-22T20:47:51.104+0000] {processor.py:743} INFO - Processing file /home/airflow/.local/lib/python3.7/site-packages/airflow/example_dags/example_branch_labels.py for tasks to queue
[2023-02-22T20:47:51.105+0000] {logging_mixin.py:137} INFO - [2023-02-22T20:47:51.105+0000] {dagbag.py:538} INFO - Filling up the DagBag from /home/airflow/.local/lib/python3.7/site-packages/airflow/example_dags/example_branch_labels.py
[2023-02-22T20:47:51.190+0000] {processor.py:753} INFO - DAG(s) dict_keys(['example_branch_labels']) retrieved from /home/airflow/.local/lib/python3.7/site-packages/airflow/example_dags/example_branch_labels.py
[2023-02-22T20:47:51.316+0000] {logging_mixin.py:137} INFO - [2023-02-22T20:47:51.316+0000] {dag.py:2690} INFO - Sync 1 DAGs
[2023-02-22T20:47:51.491+0000] {logging_mixin.py:137} INFO - [2023-02-22T20:47:51.490+0000] {dag.py:3441} INFO - Setting next_dagrun for example_branch_labels to 2023-02-21T00:00:00+00:00, run_after=2023-02-22T00:00:00+00:00
[2023-02-22T20:47:51.621+0000] {processor.py:175} INFO - Processing /home/airflow/.local/lib/python3.7/site-packages/airflow/example_dags/example_branch_labels.py took 0.599 seconds
[2023-02-22T20:48:21.916+0000] {processor.py:153} INFO - Started process (PID=613) to work on /home/airflow/.local/lib/python3.7/site-packages/airflow/example_dags/example_branch_labels.py
[2023-02-22T20:48:21.962+0000] {processor.py:743} INFO - Processing file /home/airflow/.local/lib/python3.7/site-packages/airflow/example_dags/example_branch_labels.py for tasks to queue
[2023-02-22T20:48:21.963+0000] {logging_mixin.py:137} INFO - [2023-02-22T20:48:21.963+0000] {dagbag.py:538} INFO - Filling up the DagBag from /home/airflow/.local/lib/python3.7/site-packages/airflow/example_dags/example_branch_labels.py
[2023-02-22T20:48:22.065+0000] {processor.py:753} INFO - DAG(s) dict_keys(['example_branch_labels']) retrieved from /home/airflow/.local/lib/python3.7/site-packages/airflow/example_dags/example_branch_labels.py
[2023-02-22T20:48:22.231+0000] {logging_mixin.py:137} INFO - [2023-02-22T20:48:22.231+0000] {dag.py:2690} INFO - Sync 1 DAGs
[2023-02-22T20:48:22.411+0000] {logging_mixin.py:137} INFO - [2023-02-22T20:48:22.410+0000] {dag.py:3441} INFO - Setting next_dagrun for example_branch_labels to 2023-02-21T00:00:00+00:00, run_after=2023-02-22T00:00:00+00:00
[2023-02-22T20:48:22.525+0000] {processor.py:175} INFO - Processing /home/airflow/.local/lib/python3.7/site-packages/airflow/example_dags/example_branch_labels.py took 0.615 seconds
[2023-02-22T20:48:52.730+0000] {processor.py:153} INFO - Started process (PID=677) to work on /home/airflow/.local/lib/python3.7/site-packages/airflow/example_dags/example_branch_labels.py
[2023-02-22T20:48:52.732+0000] {processor.py:743} INFO - Processing file /home/airflow/.local/lib/python3.7/site-packages/airflow/example_dags/example_branch_labels.py for tasks to queue
[2023-02-22T20:48:52.743+0000] {logging_mixin.py:137} INFO - [2023-02-22T20:48:52.743+0000] {dagbag.py:538} INFO - Filling up the DagBag from /home/airflow/.local/lib/python3.7/site-packages/airflow/example_dags/example_branch_labels.py
[2023-02-22T20:48:52.824+0000] {processor.py:753} INFO - DAG(s) dict_keys(['example_branch_labels']) retrieved from /home/airflow/.local/lib/python3.7/site-packages/airflow/example_dags/example_branch_labels.py
[2023-02-22T20:48:52.947+0000] {logging_mixin.py:137} INFO - [2023-02-22T20:48:52.947+0000] {dag.py:2690} INFO - Sync 1 DAGs
[2023-02-22T20:48:53.122+0000] {logging_mixin.py:137} INFO - [2023-02-22T20:48:53.121+0000] {dag.py:3441} INFO - Setting next_dagrun for example_branch_labels to 2023-02-21T00:00:00+00:00, run_after=2023-02-22T00:00:00+00:00
[2023-02-22T20:48:53.236+0000] {processor.py:175} INFO - Processing /home/airflow/.local/lib/python3.7/site-packages/airflow/example_dags/example_branch_labels.py took 0.523 seconds
[2023-02-22T20:49:25.152+0000] {processor.py:153} INFO - Started process (PID=739) to work on /home/airflow/.local/lib/python3.7/site-packages/airflow/example_dags/example_branch_labels.py
[2023-02-22T20:49:25.176+0000] {processor.py:743} INFO - Processing file /home/airflow/.local/lib/python3.7/site-packages/airflow/example_dags/example_branch_labels.py for tasks to queue
[2023-02-22T20:49:25.177+0000] {logging_mixin.py:137} INFO - [2023-02-22T20:49:25.177+0000] {dagbag.py:538} INFO - Filling up the DagBag from /home/airflow/.local/lib/python3.7/site-packages/airflow/example_dags/example_branch_labels.py
[2023-02-22T20:49:25.302+0000] {processor.py:753} INFO - DAG(s) dict_keys(['example_branch_labels']) retrieved from /home/airflow/.local/lib/python3.7/site-packages/airflow/example_dags/example_branch_labels.py
[2023-02-22T20:49:25.470+0000] {logging_mixin.py:137} INFO - [2023-02-22T20:49:25.469+0000] {dag.py:2690} INFO - Sync 1 DAGs
[2023-02-22T20:49:25.690+0000] {logging_mixin.py:137} INFO - [2023-02-22T20:49:25.690+0000] {dag.py:3441} INFO - Setting next_dagrun for example_branch_labels to 2023-02-21T00:00:00+00:00, run_after=2023-02-22T00:00:00+00:00
[2023-02-22T20:49:25.810+0000] {processor.py:175} INFO - Processing /home/airflow/.local/lib/python3.7/site-packages/airflow/example_dags/example_branch_labels.py took 0.691 seconds
[2023-02-22T20:49:56.391+0000] {processor.py:153} INFO - Started process (PID=811) to work on /home/airflow/.local/lib/python3.7/site-packages/airflow/example_dags/example_branch_labels.py
[2023-02-22T20:49:56.414+0000] {processor.py:743} INFO - Processing file /home/airflow/.local/lib/python3.7/site-packages/airflow/example_dags/example_branch_labels.py for tasks to queue
[2023-02-22T20:49:56.415+0000] {logging_mixin.py:137} INFO - [2023-02-22T20:49:56.415+0000] {dagbag.py:538} INFO - Filling up the DagBag from /home/airflow/.local/lib/python3.7/site-packages/airflow/example_dags/example_branch_labels.py
[2023-02-22T20:49:56.466+0000] {processor.py:753} INFO - DAG(s) dict_keys(['example_branch_labels']) retrieved from /home/airflow/.local/lib/python3.7/site-packages/airflow/example_dags/example_branch_labels.py
[2023-02-22T20:49:56.553+0000] {logging_mixin.py:137} INFO - [2023-02-22T20:49:56.553+0000] {dag.py:2690} INFO - Sync 1 DAGs
[2023-02-22T20:49:56.665+0000] {logging_mixin.py:137} INFO - [2023-02-22T20:49:56.665+0000] {dag.py:3441} INFO - Setting next_dagrun for example_branch_labels to 2023-02-21T00:00:00+00:00, run_after=2023-02-22T00:00:00+00:00
[2023-02-22T20:49:56.738+0000] {processor.py:175} INFO - Processing /home/airflow/.local/lib/python3.7/site-packages/airflow/example_dags/example_branch_labels.py took 0.380 seconds
[2023-02-22T20:50:26.833+0000] {processor.py:153} INFO - Started process (PID=866) to work on /home/airflow/.local/lib/python3.7/site-packages/airflow/example_dags/example_branch_labels.py
[2023-02-22T20:50:26.846+0000] {processor.py:743} INFO - Processing file /home/airflow/.local/lib/python3.7/site-packages/airflow/example_dags/example_branch_labels.py for tasks to queue
[2023-02-22T20:50:26.847+0000] {logging_mixin.py:137} INFO - [2023-02-22T20:50:26.847+0000] {dagbag.py:538} INFO - Filling up the DagBag from /home/airflow/.local/lib/python3.7/site-packages/airflow/example_dags/example_branch_labels.py
[2023-02-22T20:50:26.927+0000] {processor.py:753} INFO - DAG(s) dict_keys(['example_branch_labels']) retrieved from /home/airflow/.local/lib/python3.7/site-packages/airflow/example_dags/example_branch_labels.py
[2023-02-22T20:50:27.026+0000] {logging_mixin.py:137} INFO - [2023-02-22T20:50:27.026+0000] {dag.py:2690} INFO - Sync 1 DAGs
[2023-02-22T20:50:27.198+0000] {logging_mixin.py:137} INFO - [2023-02-22T20:50:27.188+0000] {dag.py:3441} INFO - Setting next_dagrun for example_branch_labels to 2023-02-21T00:00:00+00:00, run_after=2023-02-22T00:00:00+00:00
[2023-02-22T20:50:27.282+0000] {processor.py:175} INFO - Processing /home/airflow/.local/lib/python3.7/site-packages/airflow/example_dags/example_branch_labels.py took 0.462 seconds
[2023-02-22T20:50:57.556+0000] {processor.py:153} INFO - Started process (PID=937) to work on /home/airflow/.local/lib/python3.7/site-packages/airflow/example_dags/example_branch_labels.py
[2023-02-22T20:50:57.576+0000] {processor.py:743} INFO - Processing file /home/airflow/.local/lib/python3.7/site-packages/airflow/example_dags/example_branch_labels.py for tasks to queue
[2023-02-22T20:50:57.592+0000] {logging_mixin.py:137} INFO - [2023-02-22T20:50:57.592+0000] {dagbag.py:538} INFO - Filling up the DagBag from /home/airflow/.local/lib/python3.7/site-packages/airflow/example_dags/example_branch_labels.py
[2023-02-22T20:50:57.672+0000] {processor.py:753} INFO - DAG(s) dict_keys(['example_branch_labels']) retrieved from /home/airflow/.local/lib/python3.7/site-packages/airflow/example_dags/example_branch_labels.py
[2023-02-22T20:50:57.770+0000] {logging_mixin.py:137} INFO - [2023-02-22T20:50:57.770+0000] {dag.py:2690} INFO - Sync 1 DAGs
[2023-02-22T20:50:57.911+0000] {logging_mixin.py:137} INFO - [2023-02-22T20:50:57.911+0000] {dag.py:3441} INFO - Setting next_dagrun for example_branch_labels to 2023-02-21T00:00:00+00:00, run_after=2023-02-22T00:00:00+00:00
[2023-02-22T20:50:58.020+0000] {processor.py:175} INFO - Processing /home/airflow/.local/lib/python3.7/site-packages/airflow/example_dags/example_branch_labels.py took 0.479 seconds
[2023-02-22T20:51:28.709+0000] {processor.py:153} INFO - Started process (PID=1009) to work on /home/airflow/.local/lib/python3.7/site-packages/airflow/example_dags/example_branch_labels.py
[2023-02-22T20:51:28.710+0000] {processor.py:743} INFO - Processing file /home/airflow/.local/lib/python3.7/site-packages/airflow/example_dags/example_branch_labels.py for tasks to queue
[2023-02-22T20:51:28.711+0000] {logging_mixin.py:137} INFO - [2023-02-22T20:51:28.711+0000] {dagbag.py:538} INFO - Filling up the DagBag from /home/airflow/.local/lib/python3.7/site-packages/airflow/example_dags/example_branch_labels.py
[2023-02-22T20:51:28.748+0000] {processor.py:753} INFO - DAG(s) dict_keys(['example_branch_labels']) retrieved from /home/airflow/.local/lib/python3.7/site-packages/airflow/example_dags/example_branch_labels.py
[2023-02-22T20:51:28.792+0000] {logging_mixin.py:137} INFO - [2023-02-22T20:51:28.791+0000] {dag.py:2690} INFO - Sync 1 DAGs
[2023-02-22T20:51:28.833+0000] {logging_mixin.py:137} INFO - [2023-02-22T20:51:28.833+0000] {dag.py:3441} INFO - Setting next_dagrun for example_branch_labels to 2023-02-21T00:00:00+00:00, run_after=2023-02-22T00:00:00+00:00
[2023-02-22T20:51:28.865+0000] {processor.py:175} INFO - Processing /home/airflow/.local/lib/python3.7/site-packages/airflow/example_dags/example_branch_labels.py took 0.164 seconds
[2023-02-22T20:51:59.804+0000] {processor.py:153} INFO - Started process (PID=1096) to work on /home/airflow/.local/lib/python3.7/site-packages/airflow/example_dags/example_branch_labels.py
[2023-02-22T20:51:59.806+0000] {processor.py:743} INFO - Processing file /home/airflow/.local/lib/python3.7/site-packages/airflow/example_dags/example_branch_labels.py for tasks to queue
[2023-02-22T20:51:59.807+0000] {logging_mixin.py:137} INFO - [2023-02-22T20:51:59.806+0000] {dagbag.py:538} INFO - Filling up the DagBag from /home/airflow/.local/lib/python3.7/site-packages/airflow/example_dags/example_branch_labels.py
[2023-02-22T20:51:59.826+0000] {processor.py:753} INFO - DAG(s) dict_keys(['example_branch_labels']) retrieved from /home/airflow/.local/lib/python3.7/site-packages/airflow/example_dags/example_branch_labels.py
[2023-02-22T20:51:59.857+0000] {logging_mixin.py:137} INFO - [2023-02-22T20:51:59.857+0000] {dag.py:2690} INFO - Sync 1 DAGs
[2023-02-22T20:51:59.895+0000] {logging_mixin.py:137} INFO - [2023-02-22T20:51:59.895+0000] {dag.py:3441} INFO - Setting next_dagrun for example_branch_labels to 2023-02-21T00:00:00+00:00, run_after=2023-02-22T00:00:00+00:00
[2023-02-22T20:51:59.931+0000] {processor.py:175} INFO - Processing /home/airflow/.local/lib/python3.7/site-packages/airflow/example_dags/example_branch_labels.py took 0.132 seconds
[2023-02-22T20:52:30.160+0000] {processor.py:153} INFO - Started process (PID=1167) to work on /home/airflow/.local/lib/python3.7/site-packages/airflow/example_dags/example_branch_labels.py
[2023-02-22T20:52:30.163+0000] {processor.py:743} INFO - Processing file /home/airflow/.local/lib/python3.7/site-packages/airflow/example_dags/example_branch_labels.py for tasks to queue
[2023-02-22T20:52:30.166+0000] {logging_mixin.py:137} INFO - [2023-02-22T20:52:30.165+0000] {dagbag.py:538} INFO - Filling up the DagBag from /home/airflow/.local/lib/python3.7/site-packages/airflow/example_dags/example_branch_labels.py
[2023-02-22T20:52:30.197+0000] {processor.py:753} INFO - DAG(s) dict_keys(['example_branch_labels']) retrieved from /home/airflow/.local/lib/python3.7/site-packages/airflow/example_dags/example_branch_labels.py
[2023-02-22T20:52:30.242+0000] {logging_mixin.py:137} INFO - [2023-02-22T20:52:30.242+0000] {dag.py:2690} INFO - Sync 1 DAGs
[2023-02-22T20:52:30.293+0000] {logging_mixin.py:137} INFO - [2023-02-22T20:52:30.293+0000] {dag.py:3441} INFO - Setting next_dagrun for example_branch_labels to 2023-02-21T00:00:00+00:00, run_after=2023-02-22T00:00:00+00:00
[2023-02-22T20:52:30.324+0000] {processor.py:175} INFO - Processing /home/airflow/.local/lib/python3.7/site-packages/airflow/example_dags/example_branch_labels.py took 0.168 seconds
[2023-02-22T20:53:00.881+0000] {processor.py:153} INFO - Started process (PID=1247) to work on /home/airflow/.local/lib/python3.7/site-packages/airflow/example_dags/example_branch_labels.py
[2023-02-22T20:53:00.882+0000] {processor.py:743} INFO - Processing file /home/airflow/.local/lib/python3.7/site-packages/airflow/example_dags/example_branch_labels.py for tasks to queue
[2023-02-22T20:53:00.882+0000] {logging_mixin.py:137} INFO - [2023-02-22T20:53:00.882+0000] {dagbag.py:538} INFO - Filling up the DagBag from /home/airflow/.local/lib/python3.7/site-packages/airflow/example_dags/example_branch_labels.py
[2023-02-22T20:53:00.901+0000] {processor.py:753} INFO - DAG(s) dict_keys(['example_branch_labels']) retrieved from /home/airflow/.local/lib/python3.7/site-packages/airflow/example_dags/example_branch_labels.py
[2023-02-22T20:53:00.931+0000] {logging_mixin.py:137} INFO - [2023-02-22T20:53:00.931+0000] {dag.py:2690} INFO - Sync 1 DAGs
[2023-02-22T20:53:00.980+0000] {logging_mixin.py:137} INFO - [2023-02-22T20:53:00.979+0000] {dag.py:3441} INFO - Setting next_dagrun for example_branch_labels to 2023-02-21T00:00:00+00:00, run_after=2023-02-22T00:00:00+00:00
[2023-02-22T20:53:01.021+0000] {processor.py:175} INFO - Processing /home/airflow/.local/lib/python3.7/site-packages/airflow/example_dags/example_branch_labels.py took 0.144 seconds
