[2023-02-22T20:44:20.920+0000] {processor.py:153} INFO - Started process (PID=90) to work on /home/airflow/.local/lib/python3.7/site-packages/airflow/example_dags/example_branch_datetime_operator.py
[2023-02-22T20:44:20.922+0000] {processor.py:743} INFO - Processing file /home/airflow/.local/lib/python3.7/site-packages/airflow/example_dags/example_branch_datetime_operator.py for tasks to queue
[2023-02-22T20:44:20.930+0000] {logging_mixin.py:137} INFO - [2023-02-22T20:44:20.929+0000] {dagbag.py:538} INFO - Filling up the DagBag from /home/airflow/.local/lib/python3.7/site-packages/airflow/example_dags/example_branch_datetime_operator.py
[2023-02-22T20:44:21.045+0000] {processor.py:753} INFO - DAG(s) dict_keys(['example_branch_datetime_operator_3', 'example_branch_datetime_operator', 'example_branch_datetime_operator_2']) retrieved from /home/airflow/.local/lib/python3.7/site-packages/airflow/example_dags/example_branch_datetime_operator.py
[2023-02-22T20:44:21.411+0000] {logging_mixin.py:137} INFO - [2023-02-22T20:44:21.410+0000] {dag.py:2690} INFO - Sync 3 DAGs
[2023-02-22T20:44:21.613+0000] {logging_mixin.py:137} INFO - [2023-02-22T20:44:21.612+0000] {dag.py:3441} INFO - Setting next_dagrun for example_branch_datetime_operator to 2023-02-21T00:00:00+00:00, run_after=2023-02-22T00:00:00+00:00
[2023-02-22T20:44:21.629+0000] {logging_mixin.py:137} INFO - [2023-02-22T20:44:21.625+0000] {dag.py:3441} INFO - Setting next_dagrun for example_branch_datetime_operator_2 to 2023-02-21T00:00:00+00:00, run_after=2023-02-22T00:00:00+00:00
[2023-02-22T20:44:21.643+0000] {logging_mixin.py:137} INFO - [2023-02-22T20:44:21.642+0000] {dag.py:3441} INFO - Setting next_dagrun for example_branch_datetime_operator_3 to 2023-02-21T00:00:00+00:00, run_after=2023-02-22T00:00:00+00:00
[2023-02-22T20:44:21.716+0000] {processor.py:175} INFO - Processing /home/airflow/.local/lib/python3.7/site-packages/airflow/example_dags/example_branch_datetime_operator.py took 0.832 seconds
[2023-02-22T20:44:52.470+0000] {processor.py:153} INFO - Started process (PID=152) to work on /home/airflow/.local/lib/python3.7/site-packages/airflow/example_dags/example_branch_datetime_operator.py
[2023-02-22T20:44:52.472+0000] {processor.py:743} INFO - Processing file /home/airflow/.local/lib/python3.7/site-packages/airflow/example_dags/example_branch_datetime_operator.py for tasks to queue
[2023-02-22T20:44:52.473+0000] {logging_mixin.py:137} INFO - [2023-02-22T20:44:52.473+0000] {dagbag.py:538} INFO - Filling up the DagBag from /home/airflow/.local/lib/python3.7/site-packages/airflow/example_dags/example_branch_datetime_operator.py
[2023-02-22T20:44:52.516+0000] {processor.py:753} INFO - DAG(s) dict_keys(['example_branch_datetime_operator_3', 'example_branch_datetime_operator', 'example_branch_datetime_operator_2']) retrieved from /home/airflow/.local/lib/python3.7/site-packages/airflow/example_dags/example_branch_datetime_operator.py
[2023-02-22T20:44:52.610+0000] {logging_mixin.py:137} INFO - [2023-02-22T20:44:52.610+0000] {dag.py:2690} INFO - Sync 3 DAGs
[2023-02-22T20:44:52.690+0000] {logging_mixin.py:137} INFO - [2023-02-22T20:44:52.690+0000] {dag.py:3441} INFO - Setting next_dagrun for example_branch_datetime_operator to 2023-02-21T00:00:00+00:00, run_after=2023-02-22T00:00:00+00:00
[2023-02-22T20:44:52.709+0000] {logging_mixin.py:137} INFO - [2023-02-22T20:44:52.708+0000] {dag.py:3441} INFO - Setting next_dagrun for example_branch_datetime_operator_2 to 2023-02-21T00:00:00+00:00, run_after=2023-02-22T00:00:00+00:00
[2023-02-22T20:44:52.719+0000] {logging_mixin.py:137} INFO - [2023-02-22T20:44:52.719+0000] {dag.py:3441} INFO - Setting next_dagrun for example_branch_datetime_operator_3 to 2023-02-21T00:00:00+00:00, run_after=2023-02-22T00:00:00+00:00
[2023-02-22T20:44:52.771+0000] {processor.py:175} INFO - Processing /home/airflow/.local/lib/python3.7/site-packages/airflow/example_dags/example_branch_datetime_operator.py took 0.310 seconds
[2023-02-22T20:45:22.861+0000] {processor.py:153} INFO - Started process (PID=224) to work on /home/airflow/.local/lib/python3.7/site-packages/airflow/example_dags/example_branch_datetime_operator.py
[2023-02-22T20:45:22.862+0000] {processor.py:743} INFO - Processing file /home/airflow/.local/lib/python3.7/site-packages/airflow/example_dags/example_branch_datetime_operator.py for tasks to queue
[2023-02-22T20:45:22.864+0000] {logging_mixin.py:137} INFO - [2023-02-22T20:45:22.864+0000] {dagbag.py:538} INFO - Filling up the DagBag from /home/airflow/.local/lib/python3.7/site-packages/airflow/example_dags/example_branch_datetime_operator.py
[2023-02-22T20:45:22.914+0000] {processor.py:753} INFO - DAG(s) dict_keys(['example_branch_datetime_operator_2', 'example_branch_datetime_operator', 'example_branch_datetime_operator_3']) retrieved from /home/airflow/.local/lib/python3.7/site-packages/airflow/example_dags/example_branch_datetime_operator.py
[2023-02-22T20:45:22.972+0000] {logging_mixin.py:137} INFO - [2023-02-22T20:45:22.972+0000] {dag.py:2690} INFO - Sync 3 DAGs
[2023-02-22T20:45:23.020+0000] {logging_mixin.py:137} INFO - [2023-02-22T20:45:23.019+0000] {dag.py:3441} INFO - Setting next_dagrun for example_branch_datetime_operator to 2023-02-21T00:00:00+00:00, run_after=2023-02-22T00:00:00+00:00
[2023-02-22T20:45:23.029+0000] {logging_mixin.py:137} INFO - [2023-02-22T20:45:23.029+0000] {dag.py:3441} INFO - Setting next_dagrun for example_branch_datetime_operator_2 to 2023-02-21T00:00:00+00:00, run_after=2023-02-22T00:00:00+00:00
[2023-02-22T20:45:23.033+0000] {logging_mixin.py:137} INFO - [2023-02-22T20:45:23.033+0000] {dag.py:3441} INFO - Setting next_dagrun for example_branch_datetime_operator_3 to 2023-02-21T00:00:00+00:00, run_after=2023-02-22T00:00:00+00:00
[2023-02-22T20:45:23.065+0000] {processor.py:175} INFO - Processing /home/airflow/.local/lib/python3.7/site-packages/airflow/example_dags/example_branch_datetime_operator.py took 0.211 seconds
[2023-02-22T20:45:53.704+0000] {processor.py:153} INFO - Started process (PID=295) to work on /home/airflow/.local/lib/python3.7/site-packages/airflow/example_dags/example_branch_datetime_operator.py
[2023-02-22T20:45:53.706+0000] {processor.py:743} INFO - Processing file /home/airflow/.local/lib/python3.7/site-packages/airflow/example_dags/example_branch_datetime_operator.py for tasks to queue
[2023-02-22T20:45:53.707+0000] {logging_mixin.py:137} INFO - [2023-02-22T20:45:53.706+0000] {dagbag.py:538} INFO - Filling up the DagBag from /home/airflow/.local/lib/python3.7/site-packages/airflow/example_dags/example_branch_datetime_operator.py
[2023-02-22T20:45:53.727+0000] {processor.py:753} INFO - DAG(s) dict_keys(['example_branch_datetime_operator_2', 'example_branch_datetime_operator', 'example_branch_datetime_operator_3']) retrieved from /home/airflow/.local/lib/python3.7/site-packages/airflow/example_dags/example_branch_datetime_operator.py
[2023-02-22T20:45:53.773+0000] {logging_mixin.py:137} INFO - [2023-02-22T20:45:53.773+0000] {dag.py:2690} INFO - Sync 3 DAGs
[2023-02-22T20:45:53.810+0000] {logging_mixin.py:137} INFO - [2023-02-22T20:45:53.809+0000] {dag.py:3441} INFO - Setting next_dagrun for example_branch_datetime_operator to 2023-02-21T00:00:00+00:00, run_after=2023-02-22T00:00:00+00:00
[2023-02-22T20:45:53.815+0000] {logging_mixin.py:137} INFO - [2023-02-22T20:45:53.815+0000] {dag.py:3441} INFO - Setting next_dagrun for example_branch_datetime_operator_2 to 2023-02-21T00:00:00+00:00, run_after=2023-02-22T00:00:00+00:00
[2023-02-22T20:45:53.818+0000] {logging_mixin.py:137} INFO - [2023-02-22T20:45:53.818+0000] {dag.py:3441} INFO - Setting next_dagrun for example_branch_datetime_operator_3 to 2023-02-21T00:00:00+00:00, run_after=2023-02-22T00:00:00+00:00
[2023-02-22T20:45:53.849+0000] {processor.py:175} INFO - Processing /home/airflow/.local/lib/python3.7/site-packages/airflow/example_dags/example_branch_datetime_operator.py took 0.148 seconds
[2023-02-22T20:46:24.281+0000] {processor.py:153} INFO - Started process (PID=366) to work on /home/airflow/.local/lib/python3.7/site-packages/airflow/example_dags/example_branch_datetime_operator.py
[2023-02-22T20:46:24.282+0000] {processor.py:743} INFO - Processing file /home/airflow/.local/lib/python3.7/site-packages/airflow/example_dags/example_branch_datetime_operator.py for tasks to queue
[2023-02-22T20:46:24.282+0000] {logging_mixin.py:137} INFO - [2023-02-22T20:46:24.282+0000] {dagbag.py:538} INFO - Filling up the DagBag from /home/airflow/.local/lib/python3.7/site-packages/airflow/example_dags/example_branch_datetime_operator.py
[2023-02-22T20:46:24.301+0000] {processor.py:753} INFO - DAG(s) dict_keys(['example_branch_datetime_operator', 'example_branch_datetime_operator_3', 'example_branch_datetime_operator_2']) retrieved from /home/airflow/.local/lib/python3.7/site-packages/airflow/example_dags/example_branch_datetime_operator.py
[2023-02-22T20:46:24.350+0000] {logging_mixin.py:137} INFO - [2023-02-22T20:46:24.350+0000] {dag.py:2690} INFO - Sync 3 DAGs
[2023-02-22T20:46:24.409+0000] {logging_mixin.py:137} INFO - [2023-02-22T20:46:24.409+0000] {dag.py:3441} INFO - Setting next_dagrun for example_branch_datetime_operator to 2023-02-21T00:00:00+00:00, run_after=2023-02-22T00:00:00+00:00
[2023-02-22T20:46:24.417+0000] {logging_mixin.py:137} INFO - [2023-02-22T20:46:24.417+0000] {dag.py:3441} INFO - Setting next_dagrun for example_branch_datetime_operator_2 to 2023-02-21T00:00:00+00:00, run_after=2023-02-22T00:00:00+00:00
[2023-02-22T20:46:24.422+0000] {logging_mixin.py:137} INFO - [2023-02-22T20:46:24.422+0000] {dag.py:3441} INFO - Setting next_dagrun for example_branch_datetime_operator_3 to 2023-02-21T00:00:00+00:00, run_after=2023-02-22T00:00:00+00:00
[2023-02-22T20:46:24.447+0000] {processor.py:175} INFO - Processing /home/airflow/.local/lib/python3.7/site-packages/airflow/example_dags/example_branch_datetime_operator.py took 0.170 seconds
[2023-02-22T20:46:54.686+0000] {processor.py:153} INFO - Started process (PID=437) to work on /home/airflow/.local/lib/python3.7/site-packages/airflow/example_dags/example_branch_datetime_operator.py
[2023-02-22T20:46:54.689+0000] {processor.py:743} INFO - Processing file /home/airflow/.local/lib/python3.7/site-packages/airflow/example_dags/example_branch_datetime_operator.py for tasks to queue
[2023-02-22T20:46:54.690+0000] {logging_mixin.py:137} INFO - [2023-02-22T20:46:54.690+0000] {dagbag.py:538} INFO - Filling up the DagBag from /home/airflow/.local/lib/python3.7/site-packages/airflow/example_dags/example_branch_datetime_operator.py
[2023-02-22T20:46:54.738+0000] {processor.py:753} INFO - DAG(s) dict_keys(['example_branch_datetime_operator_3', 'example_branch_datetime_operator', 'example_branch_datetime_operator_2']) retrieved from /home/airflow/.local/lib/python3.7/site-packages/airflow/example_dags/example_branch_datetime_operator.py
[2023-02-22T20:46:54.815+0000] {logging_mixin.py:137} INFO - [2023-02-22T20:46:54.815+0000] {dag.py:2690} INFO - Sync 3 DAGs
[2023-02-22T20:46:54.879+0000] {logging_mixin.py:137} INFO - [2023-02-22T20:46:54.879+0000] {dag.py:3441} INFO - Setting next_dagrun for example_branch_datetime_operator to 2023-02-21T00:00:00+00:00, run_after=2023-02-22T00:00:00+00:00
[2023-02-22T20:46:54.889+0000] {logging_mixin.py:137} INFO - [2023-02-22T20:46:54.888+0000] {dag.py:3441} INFO - Setting next_dagrun for example_branch_datetime_operator_2 to 2023-02-21T00:00:00+00:00, run_after=2023-02-22T00:00:00+00:00
[2023-02-22T20:46:54.893+0000] {logging_mixin.py:137} INFO - [2023-02-22T20:46:54.893+0000] {dag.py:3441} INFO - Setting next_dagrun for example_branch_datetime_operator_3 to 2023-02-21T00:00:00+00:00, run_after=2023-02-22T00:00:00+00:00
[2023-02-22T20:46:54.926+0000] {processor.py:175} INFO - Processing /home/airflow/.local/lib/python3.7/site-packages/airflow/example_dags/example_branch_datetime_operator.py took 0.246 seconds
[2023-02-22T20:47:26.556+0000] {processor.py:153} INFO - Started process (PID=508) to work on /home/airflow/.local/lib/python3.7/site-packages/airflow/example_dags/example_branch_datetime_operator.py
[2023-02-22T20:47:26.558+0000] {processor.py:743} INFO - Processing file /home/airflow/.local/lib/python3.7/site-packages/airflow/example_dags/example_branch_datetime_operator.py for tasks to queue
[2023-02-22T20:47:26.559+0000] {logging_mixin.py:137} INFO - [2023-02-22T20:47:26.559+0000] {dagbag.py:538} INFO - Filling up the DagBag from /home/airflow/.local/lib/python3.7/site-packages/airflow/example_dags/example_branch_datetime_operator.py
[2023-02-22T20:47:26.606+0000] {processor.py:753} INFO - DAG(s) dict_keys(['example_branch_datetime_operator', 'example_branch_datetime_operator_3', 'example_branch_datetime_operator_2']) retrieved from /home/airflow/.local/lib/python3.7/site-packages/airflow/example_dags/example_branch_datetime_operator.py
[2023-02-22T20:47:26.703+0000] {logging_mixin.py:137} INFO - [2023-02-22T20:47:26.701+0000] {dag.py:2690} INFO - Sync 3 DAGs
[2023-02-22T20:47:26.819+0000] {logging_mixin.py:137} INFO - [2023-02-22T20:47:26.818+0000] {dag.py:3441} INFO - Setting next_dagrun for example_branch_datetime_operator to 2023-02-21T00:00:00+00:00, run_after=2023-02-22T00:00:00+00:00
[2023-02-22T20:47:26.840+0000] {logging_mixin.py:137} INFO - [2023-02-22T20:47:26.839+0000] {dag.py:3441} INFO - Setting next_dagrun for example_branch_datetime_operator_2 to 2023-02-21T00:00:00+00:00, run_after=2023-02-22T00:00:00+00:00
[2023-02-22T20:47:26.847+0000] {logging_mixin.py:137} INFO - [2023-02-22T20:47:26.846+0000] {dag.py:3441} INFO - Setting next_dagrun for example_branch_datetime_operator_3 to 2023-02-21T00:00:00+00:00, run_after=2023-02-22T00:00:00+00:00
[2023-02-22T20:47:26.919+0000] {processor.py:175} INFO - Processing /home/airflow/.local/lib/python3.7/site-packages/airflow/example_dags/example_branch_datetime_operator.py took 0.370 seconds
[2023-02-22T20:48:00.198+0000] {processor.py:153} INFO - Started process (PID=579) to work on /home/airflow/.local/lib/python3.7/site-packages/airflow/example_dags/example_branch_datetime_operator.py
[2023-02-22T20:48:00.207+0000] {processor.py:743} INFO - Processing file /home/airflow/.local/lib/python3.7/site-packages/airflow/example_dags/example_branch_datetime_operator.py for tasks to queue
[2023-02-22T20:48:00.208+0000] {logging_mixin.py:137} INFO - [2023-02-22T20:48:00.208+0000] {dagbag.py:538} INFO - Filling up the DagBag from /home/airflow/.local/lib/python3.7/site-packages/airflow/example_dags/example_branch_datetime_operator.py
[2023-02-22T20:48:00.308+0000] {processor.py:753} INFO - DAG(s) dict_keys(['example_branch_datetime_operator_3', 'example_branch_datetime_operator', 'example_branch_datetime_operator_2']) retrieved from /home/airflow/.local/lib/python3.7/site-packages/airflow/example_dags/example_branch_datetime_operator.py
[2023-02-22T20:48:00.454+0000] {logging_mixin.py:137} INFO - [2023-02-22T20:48:00.449+0000] {dag.py:2690} INFO - Sync 3 DAGs
[2023-02-22T20:48:00.594+0000] {logging_mixin.py:137} INFO - [2023-02-22T20:48:00.594+0000] {dag.py:3441} INFO - Setting next_dagrun for example_branch_datetime_operator to 2023-02-21T00:00:00+00:00, run_after=2023-02-22T00:00:00+00:00
[2023-02-22T20:48:00.618+0000] {logging_mixin.py:137} INFO - [2023-02-22T20:48:00.618+0000] {dag.py:3441} INFO - Setting next_dagrun for example_branch_datetime_operator_2 to 2023-02-21T00:00:00+00:00, run_after=2023-02-22T00:00:00+00:00
[2023-02-22T20:48:00.635+0000] {logging_mixin.py:137} INFO - [2023-02-22T20:48:00.635+0000] {dag.py:3441} INFO - Setting next_dagrun for example_branch_datetime_operator_3 to 2023-02-21T00:00:00+00:00, run_after=2023-02-22T00:00:00+00:00
[2023-02-22T20:48:00.770+0000] {processor.py:175} INFO - Processing /home/airflow/.local/lib/python3.7/site-packages/airflow/example_dags/example_branch_datetime_operator.py took 0.600 seconds
[2023-02-22T20:48:31.084+0000] {processor.py:153} INFO - Started process (PID=641) to work on /home/airflow/.local/lib/python3.7/site-packages/airflow/example_dags/example_branch_datetime_operator.py
[2023-02-22T20:48:31.086+0000] {processor.py:743} INFO - Processing file /home/airflow/.local/lib/python3.7/site-packages/airflow/example_dags/example_branch_datetime_operator.py for tasks to queue
[2023-02-22T20:48:31.087+0000] {logging_mixin.py:137} INFO - [2023-02-22T20:48:31.087+0000] {dagbag.py:538} INFO - Filling up the DagBag from /home/airflow/.local/lib/python3.7/site-packages/airflow/example_dags/example_branch_datetime_operator.py
[2023-02-22T20:48:31.193+0000] {processor.py:753} INFO - DAG(s) dict_keys(['example_branch_datetime_operator_3', 'example_branch_datetime_operator', 'example_branch_datetime_operator_2']) retrieved from /home/airflow/.local/lib/python3.7/site-packages/airflow/example_dags/example_branch_datetime_operator.py
[2023-02-22T20:48:31.375+0000] {logging_mixin.py:137} INFO - [2023-02-22T20:48:31.374+0000] {dag.py:2690} INFO - Sync 3 DAGs
[2023-02-22T20:48:31.572+0000] {logging_mixin.py:137} INFO - [2023-02-22T20:48:31.566+0000] {dag.py:3441} INFO - Setting next_dagrun for example_branch_datetime_operator to 2023-02-21T00:00:00+00:00, run_after=2023-02-22T00:00:00+00:00
[2023-02-22T20:48:31.583+0000] {logging_mixin.py:137} INFO - [2023-02-22T20:48:31.583+0000] {dag.py:3441} INFO - Setting next_dagrun for example_branch_datetime_operator_2 to 2023-02-21T00:00:00+00:00, run_after=2023-02-22T00:00:00+00:00
[2023-02-22T20:48:31.597+0000] {logging_mixin.py:137} INFO - [2023-02-22T20:48:31.597+0000] {dag.py:3441} INFO - Setting next_dagrun for example_branch_datetime_operator_3 to 2023-02-21T00:00:00+00:00, run_after=2023-02-22T00:00:00+00:00
[2023-02-22T20:48:31.703+0000] {processor.py:175} INFO - Processing /home/airflow/.local/lib/python3.7/site-packages/airflow/example_dags/example_branch_datetime_operator.py took 0.650 seconds
[2023-02-22T20:49:02.883+0000] {processor.py:153} INFO - Started process (PID=705) to work on /home/airflow/.local/lib/python3.7/site-packages/airflow/example_dags/example_branch_datetime_operator.py
[2023-02-22T20:49:02.886+0000] {processor.py:743} INFO - Processing file /home/airflow/.local/lib/python3.7/site-packages/airflow/example_dags/example_branch_datetime_operator.py for tasks to queue
[2023-02-22T20:49:02.888+0000] {logging_mixin.py:137} INFO - [2023-02-22T20:49:02.888+0000] {dagbag.py:538} INFO - Filling up the DagBag from /home/airflow/.local/lib/python3.7/site-packages/airflow/example_dags/example_branch_datetime_operator.py
[2023-02-22T20:49:03.026+0000] {processor.py:753} INFO - DAG(s) dict_keys(['example_branch_datetime_operator_3', 'example_branch_datetime_operator', 'example_branch_datetime_operator_2']) retrieved from /home/airflow/.local/lib/python3.7/site-packages/airflow/example_dags/example_branch_datetime_operator.py
[2023-02-22T20:49:03.140+0000] {logging_mixin.py:137} INFO - [2023-02-22T20:49:03.140+0000] {dag.py:2690} INFO - Sync 3 DAGs
[2023-02-22T20:49:03.241+0000] {logging_mixin.py:137} INFO - [2023-02-22T20:49:03.241+0000] {dag.py:3441} INFO - Setting next_dagrun for example_branch_datetime_operator to 2023-02-21T00:00:00+00:00, run_after=2023-02-22T00:00:00+00:00
[2023-02-22T20:49:03.263+0000] {logging_mixin.py:137} INFO - [2023-02-22T20:49:03.263+0000] {dag.py:3441} INFO - Setting next_dagrun for example_branch_datetime_operator_2 to 2023-02-21T00:00:00+00:00, run_after=2023-02-22T00:00:00+00:00
[2023-02-22T20:49:03.270+0000] {logging_mixin.py:137} INFO - [2023-02-22T20:49:03.269+0000] {dag.py:3441} INFO - Setting next_dagrun for example_branch_datetime_operator_3 to 2023-02-21T00:00:00+00:00, run_after=2023-02-22T00:00:00+00:00
[2023-02-22T20:49:03.371+0000] {processor.py:175} INFO - Processing /home/airflow/.local/lib/python3.7/site-packages/airflow/example_dags/example_branch_datetime_operator.py took 0.520 seconds
[2023-02-22T20:49:33.836+0000] {processor.py:153} INFO - Started process (PID=769) to work on /home/airflow/.local/lib/python3.7/site-packages/airflow/example_dags/example_branch_datetime_operator.py
[2023-02-22T20:49:33.838+0000] {processor.py:743} INFO - Processing file /home/airflow/.local/lib/python3.7/site-packages/airflow/example_dags/example_branch_datetime_operator.py for tasks to queue
[2023-02-22T20:49:33.839+0000] {logging_mixin.py:137} INFO - [2023-02-22T20:49:33.839+0000] {dagbag.py:538} INFO - Filling up the DagBag from /home/airflow/.local/lib/python3.7/site-packages/airflow/example_dags/example_branch_datetime_operator.py
[2023-02-22T20:49:33.981+0000] {processor.py:753} INFO - DAG(s) dict_keys(['example_branch_datetime_operator_3', 'example_branch_datetime_operator', 'example_branch_datetime_operator_2']) retrieved from /home/airflow/.local/lib/python3.7/site-packages/airflow/example_dags/example_branch_datetime_operator.py
[2023-02-22T20:49:34.097+0000] {logging_mixin.py:137} INFO - [2023-02-22T20:49:34.096+0000] {dag.py:2690} INFO - Sync 3 DAGs
[2023-02-22T20:49:34.231+0000] {logging_mixin.py:137} INFO - [2023-02-22T20:49:34.231+0000] {dag.py:3441} INFO - Setting next_dagrun for example_branch_datetime_operator to 2023-02-21T00:00:00+00:00, run_after=2023-02-22T00:00:00+00:00
[2023-02-22T20:49:34.252+0000] {logging_mixin.py:137} INFO - [2023-02-22T20:49:34.251+0000] {dag.py:3441} INFO - Setting next_dagrun for example_branch_datetime_operator_2 to 2023-02-21T00:00:00+00:00, run_after=2023-02-22T00:00:00+00:00
[2023-02-22T20:49:34.266+0000] {logging_mixin.py:137} INFO - [2023-02-22T20:49:34.266+0000] {dag.py:3441} INFO - Setting next_dagrun for example_branch_datetime_operator_3 to 2023-02-21T00:00:00+00:00, run_after=2023-02-22T00:00:00+00:00
[2023-02-22T20:49:34.366+0000] {processor.py:175} INFO - Processing /home/airflow/.local/lib/python3.7/site-packages/airflow/example_dags/example_branch_datetime_operator.py took 0.577 seconds
[2023-02-22T20:50:04.729+0000] {processor.py:153} INFO - Started process (PID=832) to work on /home/airflow/.local/lib/python3.7/site-packages/airflow/example_dags/example_branch_datetime_operator.py
[2023-02-22T20:50:04.734+0000] {processor.py:743} INFO - Processing file /home/airflow/.local/lib/python3.7/site-packages/airflow/example_dags/example_branch_datetime_operator.py for tasks to queue
[2023-02-22T20:50:04.741+0000] {logging_mixin.py:137} INFO - [2023-02-22T20:50:04.741+0000] {dagbag.py:538} INFO - Filling up the DagBag from /home/airflow/.local/lib/python3.7/site-packages/airflow/example_dags/example_branch_datetime_operator.py
[2023-02-22T20:50:04.814+0000] {processor.py:753} INFO - DAG(s) dict_keys(['example_branch_datetime_operator_2', 'example_branch_datetime_operator_3', 'example_branch_datetime_operator']) retrieved from /home/airflow/.local/lib/python3.7/site-packages/airflow/example_dags/example_branch_datetime_operator.py
[2023-02-22T20:50:04.960+0000] {logging_mixin.py:137} INFO - [2023-02-22T20:50:04.959+0000] {dag.py:2690} INFO - Sync 3 DAGs
[2023-02-22T20:50:05.132+0000] {logging_mixin.py:137} INFO - [2023-02-22T20:50:05.132+0000] {dag.py:3441} INFO - Setting next_dagrun for example_branch_datetime_operator to 2023-02-21T00:00:00+00:00, run_after=2023-02-22T00:00:00+00:00
[2023-02-22T20:50:05.152+0000] {logging_mixin.py:137} INFO - [2023-02-22T20:50:05.152+0000] {dag.py:3441} INFO - Setting next_dagrun for example_branch_datetime_operator_2 to 2023-02-21T00:00:00+00:00, run_after=2023-02-22T00:00:00+00:00
[2023-02-22T20:50:05.178+0000] {logging_mixin.py:137} INFO - [2023-02-22T20:50:05.178+0000] {dag.py:3441} INFO - Setting next_dagrun for example_branch_datetime_operator_3 to 2023-02-21T00:00:00+00:00, run_after=2023-02-22T00:00:00+00:00
[2023-02-22T20:50:05.267+0000] {processor.py:175} INFO - Processing /home/airflow/.local/lib/python3.7/site-packages/airflow/example_dags/example_branch_datetime_operator.py took 0.554 seconds
[2023-02-22T20:50:35.418+0000] {processor.py:153} INFO - Started process (PID=903) to work on /home/airflow/.local/lib/python3.7/site-packages/airflow/example_dags/example_branch_datetime_operator.py
[2023-02-22T20:50:35.419+0000] {processor.py:743} INFO - Processing file /home/airflow/.local/lib/python3.7/site-packages/airflow/example_dags/example_branch_datetime_operator.py for tasks to queue
[2023-02-22T20:50:35.420+0000] {logging_mixin.py:137} INFO - [2023-02-22T20:50:35.420+0000] {dagbag.py:538} INFO - Filling up the DagBag from /home/airflow/.local/lib/python3.7/site-packages/airflow/example_dags/example_branch_datetime_operator.py
[2023-02-22T20:50:35.515+0000] {processor.py:753} INFO - DAG(s) dict_keys(['example_branch_datetime_operator_2', 'example_branch_datetime_operator_3', 'example_branch_datetime_operator']) retrieved from /home/airflow/.local/lib/python3.7/site-packages/airflow/example_dags/example_branch_datetime_operator.py
[2023-02-22T20:50:35.669+0000] {logging_mixin.py:137} INFO - [2023-02-22T20:50:35.668+0000] {dag.py:2690} INFO - Sync 3 DAGs
[2023-02-22T20:50:35.835+0000] {logging_mixin.py:137} INFO - [2023-02-22T20:50:35.834+0000] {dag.py:3441} INFO - Setting next_dagrun for example_branch_datetime_operator to 2023-02-21T00:00:00+00:00, run_after=2023-02-22T00:00:00+00:00
[2023-02-22T20:50:35.864+0000] {logging_mixin.py:137} INFO - [2023-02-22T20:50:35.864+0000] {dag.py:3441} INFO - Setting next_dagrun for example_branch_datetime_operator_2 to 2023-02-21T00:00:00+00:00, run_after=2023-02-22T00:00:00+00:00
[2023-02-22T20:50:35.885+0000] {logging_mixin.py:137} INFO - [2023-02-22T20:50:35.885+0000] {dag.py:3441} INFO - Setting next_dagrun for example_branch_datetime_operator_3 to 2023-02-21T00:00:00+00:00, run_after=2023-02-22T00:00:00+00:00
[2023-02-22T20:50:35.967+0000] {processor.py:175} INFO - Processing /home/airflow/.local/lib/python3.7/site-packages/airflow/example_dags/example_branch_datetime_operator.py took 0.565 seconds
[2023-02-22T20:51:06.793+0000] {processor.py:153} INFO - Started process (PID=958) to work on /home/airflow/.local/lib/python3.7/site-packages/airflow/example_dags/example_branch_datetime_operator.py
[2023-02-22T20:51:06.794+0000] {processor.py:743} INFO - Processing file /home/airflow/.local/lib/python3.7/site-packages/airflow/example_dags/example_branch_datetime_operator.py for tasks to queue
[2023-02-22T20:51:06.795+0000] {logging_mixin.py:137} INFO - [2023-02-22T20:51:06.795+0000] {dagbag.py:538} INFO - Filling up the DagBag from /home/airflow/.local/lib/python3.7/site-packages/airflow/example_dags/example_branch_datetime_operator.py
[2023-02-22T20:51:06.821+0000] {processor.py:753} INFO - DAG(s) dict_keys(['example_branch_datetime_operator', 'example_branch_datetime_operator_2', 'example_branch_datetime_operator_3']) retrieved from /home/airflow/.local/lib/python3.7/site-packages/airflow/example_dags/example_branch_datetime_operator.py
[2023-02-22T20:51:06.866+0000] {logging_mixin.py:137} INFO - [2023-02-22T20:51:06.866+0000] {dag.py:2690} INFO - Sync 3 DAGs
[2023-02-22T20:51:06.903+0000] {logging_mixin.py:137} INFO - [2023-02-22T20:51:06.903+0000] {dag.py:3441} INFO - Setting next_dagrun for example_branch_datetime_operator to 2023-02-21T00:00:00+00:00, run_after=2023-02-22T00:00:00+00:00
[2023-02-22T20:51:06.910+0000] {logging_mixin.py:137} INFO - [2023-02-22T20:51:06.910+0000] {dag.py:3441} INFO - Setting next_dagrun for example_branch_datetime_operator_2 to 2023-02-21T00:00:00+00:00, run_after=2023-02-22T00:00:00+00:00
[2023-02-22T20:51:06.914+0000] {logging_mixin.py:137} INFO - [2023-02-22T20:51:06.914+0000] {dag.py:3441} INFO - Setting next_dagrun for example_branch_datetime_operator_3 to 2023-02-21T00:00:00+00:00, run_after=2023-02-22T00:00:00+00:00
[2023-02-22T20:51:06.936+0000] {processor.py:175} INFO - Processing /home/airflow/.local/lib/python3.7/site-packages/airflow/example_dags/example_branch_datetime_operator.py took 0.148 seconds
[2023-02-22T20:51:37.460+0000] {processor.py:153} INFO - Started process (PID=1046) to work on /home/airflow/.local/lib/python3.7/site-packages/airflow/example_dags/example_branch_datetime_operator.py
[2023-02-22T20:51:37.461+0000] {processor.py:743} INFO - Processing file /home/airflow/.local/lib/python3.7/site-packages/airflow/example_dags/example_branch_datetime_operator.py for tasks to queue
[2023-02-22T20:51:37.461+0000] {logging_mixin.py:137} INFO - [2023-02-22T20:51:37.461+0000] {dagbag.py:538} INFO - Filling up the DagBag from /home/airflow/.local/lib/python3.7/site-packages/airflow/example_dags/example_branch_datetime_operator.py
[2023-02-22T20:51:37.476+0000] {processor.py:753} INFO - DAG(s) dict_keys(['example_branch_datetime_operator', 'example_branch_datetime_operator_2', 'example_branch_datetime_operator_3']) retrieved from /home/airflow/.local/lib/python3.7/site-packages/airflow/example_dags/example_branch_datetime_operator.py
[2023-02-22T20:51:37.506+0000] {logging_mixin.py:137} INFO - [2023-02-22T20:51:37.506+0000] {dag.py:2690} INFO - Sync 3 DAGs
[2023-02-22T20:51:37.530+0000] {logging_mixin.py:137} INFO - [2023-02-22T20:51:37.530+0000] {dag.py:3441} INFO - Setting next_dagrun for example_branch_datetime_operator to 2023-02-21T00:00:00+00:00, run_after=2023-02-22T00:00:00+00:00
[2023-02-22T20:51:37.534+0000] {logging_mixin.py:137} INFO - [2023-02-22T20:51:37.534+0000] {dag.py:3441} INFO - Setting next_dagrun for example_branch_datetime_operator_2 to 2023-02-21T00:00:00+00:00, run_after=2023-02-22T00:00:00+00:00
[2023-02-22T20:51:37.537+0000] {logging_mixin.py:137} INFO - [2023-02-22T20:51:37.537+0000] {dag.py:3441} INFO - Setting next_dagrun for example_branch_datetime_operator_3 to 2023-02-21T00:00:00+00:00, run_after=2023-02-22T00:00:00+00:00
[2023-02-22T20:51:37.563+0000] {processor.py:175} INFO - Processing /home/airflow/.local/lib/python3.7/site-packages/airflow/example_dags/example_branch_datetime_operator.py took 0.106 seconds
[2023-02-22T20:52:07.853+0000] {processor.py:153} INFO - Started process (PID=1117) to work on /home/airflow/.local/lib/python3.7/site-packages/airflow/example_dags/example_branch_datetime_operator.py
[2023-02-22T20:52:07.854+0000] {processor.py:743} INFO - Processing file /home/airflow/.local/lib/python3.7/site-packages/airflow/example_dags/example_branch_datetime_operator.py for tasks to queue
[2023-02-22T20:52:07.855+0000] {logging_mixin.py:137} INFO - [2023-02-22T20:52:07.855+0000] {dagbag.py:538} INFO - Filling up the DagBag from /home/airflow/.local/lib/python3.7/site-packages/airflow/example_dags/example_branch_datetime_operator.py
[2023-02-22T20:52:07.870+0000] {processor.py:753} INFO - DAG(s) dict_keys(['example_branch_datetime_operator_3', 'example_branch_datetime_operator_2', 'example_branch_datetime_operator']) retrieved from /home/airflow/.local/lib/python3.7/site-packages/airflow/example_dags/example_branch_datetime_operator.py
[2023-02-22T20:52:07.909+0000] {logging_mixin.py:137} INFO - [2023-02-22T20:52:07.909+0000] {dag.py:2690} INFO - Sync 3 DAGs
[2023-02-22T20:52:07.935+0000] {logging_mixin.py:137} INFO - [2023-02-22T20:52:07.935+0000] {dag.py:3441} INFO - Setting next_dagrun for example_branch_datetime_operator to 2023-02-21T00:00:00+00:00, run_after=2023-02-22T00:00:00+00:00
[2023-02-22T20:52:07.940+0000] {logging_mixin.py:137} INFO - [2023-02-22T20:52:07.940+0000] {dag.py:3441} INFO - Setting next_dagrun for example_branch_datetime_operator_2 to 2023-02-21T00:00:00+00:00, run_after=2023-02-22T00:00:00+00:00
[2023-02-22T20:52:07.942+0000] {logging_mixin.py:137} INFO - [2023-02-22T20:52:07.942+0000] {dag.py:3441} INFO - Setting next_dagrun for example_branch_datetime_operator_3 to 2023-02-21T00:00:00+00:00, run_after=2023-02-22T00:00:00+00:00
[2023-02-22T20:52:07.969+0000] {processor.py:175} INFO - Processing /home/airflow/.local/lib/python3.7/site-packages/airflow/example_dags/example_branch_datetime_operator.py took 0.118 seconds
[2023-02-22T20:52:38.836+0000] {processor.py:153} INFO - Started process (PID=1204) to work on /home/airflow/.local/lib/python3.7/site-packages/airflow/example_dags/example_branch_datetime_operator.py
[2023-02-22T20:52:38.837+0000] {processor.py:743} INFO - Processing file /home/airflow/.local/lib/python3.7/site-packages/airflow/example_dags/example_branch_datetime_operator.py for tasks to queue
[2023-02-22T20:52:38.837+0000] {logging_mixin.py:137} INFO - [2023-02-22T20:52:38.837+0000] {dagbag.py:538} INFO - Filling up the DagBag from /home/airflow/.local/lib/python3.7/site-packages/airflow/example_dags/example_branch_datetime_operator.py
[2023-02-22T20:52:38.874+0000] {processor.py:753} INFO - DAG(s) dict_keys(['example_branch_datetime_operator_2', 'example_branch_datetime_operator', 'example_branch_datetime_operator_3']) retrieved from /home/airflow/.local/lib/python3.7/site-packages/airflow/example_dags/example_branch_datetime_operator.py
[2023-02-22T20:52:38.910+0000] {logging_mixin.py:137} INFO - [2023-02-22T20:52:38.910+0000] {dag.py:2690} INFO - Sync 3 DAGs
[2023-02-22T20:52:38.938+0000] {logging_mixin.py:137} INFO - [2023-02-22T20:52:38.938+0000] {dag.py:3441} INFO - Setting next_dagrun for example_branch_datetime_operator to 2023-02-21T00:00:00+00:00, run_after=2023-02-22T00:00:00+00:00
[2023-02-22T20:52:38.942+0000] {logging_mixin.py:137} INFO - [2023-02-22T20:52:38.942+0000] {dag.py:3441} INFO - Setting next_dagrun for example_branch_datetime_operator_2 to 2023-02-21T00:00:00+00:00, run_after=2023-02-22T00:00:00+00:00
[2023-02-22T20:52:38.945+0000] {logging_mixin.py:137} INFO - [2023-02-22T20:52:38.945+0000] {dag.py:3441} INFO - Setting next_dagrun for example_branch_datetime_operator_3 to 2023-02-21T00:00:00+00:00, run_after=2023-02-22T00:00:00+00:00
[2023-02-22T20:52:38.964+0000] {processor.py:175} INFO - Processing /home/airflow/.local/lib/python3.7/site-packages/airflow/example_dags/example_branch_datetime_operator.py took 0.132 seconds
[2023-02-22T20:53:09.595+0000] {processor.py:153} INFO - Started process (PID=1275) to work on /home/airflow/.local/lib/python3.7/site-packages/airflow/example_dags/example_branch_datetime_operator.py
[2023-02-22T20:53:09.596+0000] {processor.py:743} INFO - Processing file /home/airflow/.local/lib/python3.7/site-packages/airflow/example_dags/example_branch_datetime_operator.py for tasks to queue
[2023-02-22T20:53:09.598+0000] {logging_mixin.py:137} INFO - [2023-02-22T20:53:09.598+0000] {dagbag.py:538} INFO - Filling up the DagBag from /home/airflow/.local/lib/python3.7/site-packages/airflow/example_dags/example_branch_datetime_operator.py
[2023-02-22T20:53:09.651+0000] {processor.py:753} INFO - DAG(s) dict_keys(['example_branch_datetime_operator_3', 'example_branch_datetime_operator', 'example_branch_datetime_operator_2']) retrieved from /home/airflow/.local/lib/python3.7/site-packages/airflow/example_dags/example_branch_datetime_operator.py
[2023-02-22T20:53:09.705+0000] {logging_mixin.py:137} INFO - [2023-02-22T20:53:09.705+0000] {dag.py:2690} INFO - Sync 3 DAGs
[2023-02-22T20:53:09.767+0000] {logging_mixin.py:137} INFO - [2023-02-22T20:53:09.767+0000] {dag.py:3441} INFO - Setting next_dagrun for example_branch_datetime_operator to 2023-02-21T00:00:00+00:00, run_after=2023-02-22T00:00:00+00:00
[2023-02-22T20:53:09.787+0000] {logging_mixin.py:137} INFO - [2023-02-22T20:53:09.787+0000] {dag.py:3441} INFO - Setting next_dagrun for example_branch_datetime_operator_2 to 2023-02-21T00:00:00+00:00, run_after=2023-02-22T00:00:00+00:00
[2023-02-22T20:53:09.804+0000] {logging_mixin.py:137} INFO - [2023-02-22T20:53:09.804+0000] {dag.py:3441} INFO - Setting next_dagrun for example_branch_datetime_operator_3 to 2023-02-21T00:00:00+00:00, run_after=2023-02-22T00:00:00+00:00
[2023-02-22T20:53:10.003+0000] {processor.py:175} INFO - Processing /home/airflow/.local/lib/python3.7/site-packages/airflow/example_dags/example_branch_datetime_operator.py took 0.423 seconds
