[2023-02-22T20:44:15.452+0000] {processor.py:153} INFO - Started process (PID=56) to work on /home/airflow/.local/lib/python3.7/site-packages/airflow/example_dags/example_short_circuit_operator.py
[2023-02-22T20:44:15.453+0000] {processor.py:743} INFO - Processing file /home/airflow/.local/lib/python3.7/site-packages/airflow/example_dags/example_short_circuit_operator.py for tasks to queue
[2023-02-22T20:44:15.454+0000] {logging_mixin.py:137} INFO - [2023-02-22T20:44:15.454+0000] {dagbag.py:538} INFO - Filling up the DagBag from /home/airflow/.local/lib/python3.7/site-packages/airflow/example_dags/example_short_circuit_operator.py
[2023-02-22T20:44:15.601+0000] {processor.py:753} INFO - DAG(s) dict_keys(['example_short_circuit_operator']) retrieved from /home/airflow/.local/lib/python3.7/site-packages/airflow/example_dags/example_short_circuit_operator.py
[2023-02-22T20:44:15.721+0000] {logging_mixin.py:137} INFO - [2023-02-22T20:44:15.720+0000] {dag.py:2690} INFO - Sync 1 DAGs
[2023-02-22T20:44:15.830+0000] {logging_mixin.py:137} INFO - [2023-02-22T20:44:15.830+0000] {dag.py:3441} INFO - Setting next_dagrun for example_short_circuit_operator to 2023-02-21T20:44:15.830120+00:00, run_after=2023-02-22T20:44:15.830120+00:00
[2023-02-22T20:44:15.876+0000] {processor.py:175} INFO - Processing /home/airflow/.local/lib/python3.7/site-packages/airflow/example_dags/example_short_circuit_operator.py took 0.430 seconds
[2023-02-22T20:44:46.592+0000] {processor.py:153} INFO - Started process (PID=127) to work on /home/airflow/.local/lib/python3.7/site-packages/airflow/example_dags/example_short_circuit_operator.py
[2023-02-22T20:44:46.594+0000] {processor.py:743} INFO - Processing file /home/airflow/.local/lib/python3.7/site-packages/airflow/example_dags/example_short_circuit_operator.py for tasks to queue
[2023-02-22T20:44:46.595+0000] {logging_mixin.py:137} INFO - [2023-02-22T20:44:46.595+0000] {dagbag.py:538} INFO - Filling up the DagBag from /home/airflow/.local/lib/python3.7/site-packages/airflow/example_dags/example_short_circuit_operator.py
[2023-02-22T20:44:46.641+0000] {processor.py:753} INFO - DAG(s) dict_keys(['example_short_circuit_operator']) retrieved from /home/airflow/.local/lib/python3.7/site-packages/airflow/example_dags/example_short_circuit_operator.py
[2023-02-22T20:44:46.705+0000] {logging_mixin.py:137} INFO - [2023-02-22T20:44:46.705+0000] {dag.py:2690} INFO - Sync 1 DAGs
[2023-02-22T20:44:46.780+0000] {logging_mixin.py:137} INFO - [2023-02-22T20:44:46.779+0000] {dag.py:3441} INFO - Setting next_dagrun for example_short_circuit_operator to 2023-02-21T20:44:46.779246+00:00, run_after=2023-02-22T20:44:46.779246+00:00
[2023-02-22T20:44:46.835+0000] {processor.py:175} INFO - Processing /home/airflow/.local/lib/python3.7/site-packages/airflow/example_dags/example_short_circuit_operator.py took 0.260 seconds
[2023-02-22T20:45:17.017+0000] {processor.py:153} INFO - Started process (PID=199) to work on /home/airflow/.local/lib/python3.7/site-packages/airflow/example_dags/example_short_circuit_operator.py
[2023-02-22T20:45:17.019+0000] {processor.py:743} INFO - Processing file /home/airflow/.local/lib/python3.7/site-packages/airflow/example_dags/example_short_circuit_operator.py for tasks to queue
[2023-02-22T20:45:17.021+0000] {logging_mixin.py:137} INFO - [2023-02-22T20:45:17.021+0000] {dagbag.py:538} INFO - Filling up the DagBag from /home/airflow/.local/lib/python3.7/site-packages/airflow/example_dags/example_short_circuit_operator.py
[2023-02-22T20:45:17.065+0000] {processor.py:753} INFO - DAG(s) dict_keys(['example_short_circuit_operator']) retrieved from /home/airflow/.local/lib/python3.7/site-packages/airflow/example_dags/example_short_circuit_operator.py
[2023-02-22T20:45:17.121+0000] {logging_mixin.py:137} INFO - [2023-02-22T20:45:17.121+0000] {dag.py:2690} INFO - Sync 1 DAGs
[2023-02-22T20:45:17.181+0000] {logging_mixin.py:137} INFO - [2023-02-22T20:45:17.181+0000] {dag.py:3441} INFO - Setting next_dagrun for example_short_circuit_operator to 2023-02-21T20:45:17.180722+00:00, run_after=2023-02-22T20:45:17.180722+00:00
[2023-02-22T20:45:17.219+0000] {processor.py:175} INFO - Processing /home/airflow/.local/lib/python3.7/site-packages/airflow/example_dags/example_short_circuit_operator.py took 0.213 seconds
[2023-02-22T20:45:47.291+0000] {processor.py:153} INFO - Started process (PID=270) to work on /home/airflow/.local/lib/python3.7/site-packages/airflow/example_dags/example_short_circuit_operator.py
[2023-02-22T20:45:47.293+0000] {processor.py:743} INFO - Processing file /home/airflow/.local/lib/python3.7/site-packages/airflow/example_dags/example_short_circuit_operator.py for tasks to queue
[2023-02-22T20:45:47.294+0000] {logging_mixin.py:137} INFO - [2023-02-22T20:45:47.294+0000] {dagbag.py:538} INFO - Filling up the DagBag from /home/airflow/.local/lib/python3.7/site-packages/airflow/example_dags/example_short_circuit_operator.py
[2023-02-22T20:45:47.325+0000] {processor.py:753} INFO - DAG(s) dict_keys(['example_short_circuit_operator']) retrieved from /home/airflow/.local/lib/python3.7/site-packages/airflow/example_dags/example_short_circuit_operator.py
[2023-02-22T20:45:47.389+0000] {logging_mixin.py:137} INFO - [2023-02-22T20:45:47.389+0000] {dag.py:2690} INFO - Sync 1 DAGs
[2023-02-22T20:45:47.465+0000] {logging_mixin.py:137} INFO - [2023-02-22T20:45:47.465+0000] {dag.py:3441} INFO - Setting next_dagrun for example_short_circuit_operator to 2023-02-21T20:45:47.464789+00:00, run_after=2023-02-22T20:45:47.464789+00:00
[2023-02-22T20:45:47.511+0000] {processor.py:175} INFO - Processing /home/airflow/.local/lib/python3.7/site-packages/airflow/example_dags/example_short_circuit_operator.py took 0.230 seconds
[2023-02-22T20:46:17.676+0000] {processor.py:153} INFO - Started process (PID=341) to work on /home/airflow/.local/lib/python3.7/site-packages/airflow/example_dags/example_short_circuit_operator.py
[2023-02-22T20:46:17.683+0000] {processor.py:743} INFO - Processing file /home/airflow/.local/lib/python3.7/site-packages/airflow/example_dags/example_short_circuit_operator.py for tasks to queue
[2023-02-22T20:46:17.685+0000] {logging_mixin.py:137} INFO - [2023-02-22T20:46:17.685+0000] {dagbag.py:538} INFO - Filling up the DagBag from /home/airflow/.local/lib/python3.7/site-packages/airflow/example_dags/example_short_circuit_operator.py
[2023-02-22T20:46:17.775+0000] {processor.py:753} INFO - DAG(s) dict_keys(['example_short_circuit_operator']) retrieved from /home/airflow/.local/lib/python3.7/site-packages/airflow/example_dags/example_short_circuit_operator.py
[2023-02-22T20:46:17.851+0000] {logging_mixin.py:137} INFO - [2023-02-22T20:46:17.851+0000] {dag.py:2690} INFO - Sync 1 DAGs
[2023-02-22T20:46:17.994+0000] {logging_mixin.py:137} INFO - [2023-02-22T20:46:17.993+0000] {dag.py:3441} INFO - Setting next_dagrun for example_short_circuit_operator to 2023-02-21T20:46:17.993297+00:00, run_after=2023-02-22T20:46:17.993297+00:00
[2023-02-22T20:46:18.038+0000] {processor.py:175} INFO - Processing /home/airflow/.local/lib/python3.7/site-packages/airflow/example_dags/example_short_circuit_operator.py took 0.371 seconds
[2023-02-22T20:46:48.367+0000] {processor.py:153} INFO - Started process (PID=412) to work on /home/airflow/.local/lib/python3.7/site-packages/airflow/example_dags/example_short_circuit_operator.py
[2023-02-22T20:46:48.370+0000] {processor.py:743} INFO - Processing file /home/airflow/.local/lib/python3.7/site-packages/airflow/example_dags/example_short_circuit_operator.py for tasks to queue
[2023-02-22T20:46:48.371+0000] {logging_mixin.py:137} INFO - [2023-02-22T20:46:48.371+0000] {dagbag.py:538} INFO - Filling up the DagBag from /home/airflow/.local/lib/python3.7/site-packages/airflow/example_dags/example_short_circuit_operator.py
[2023-02-22T20:46:48.399+0000] {processor.py:753} INFO - DAG(s) dict_keys(['example_short_circuit_operator']) retrieved from /home/airflow/.local/lib/python3.7/site-packages/airflow/example_dags/example_short_circuit_operator.py
[2023-02-22T20:46:48.435+0000] {logging_mixin.py:137} INFO - [2023-02-22T20:46:48.435+0000] {dag.py:2690} INFO - Sync 1 DAGs
[2023-02-22T20:46:48.476+0000] {logging_mixin.py:137} INFO - [2023-02-22T20:46:48.476+0000] {dag.py:3441} INFO - Setting next_dagrun for example_short_circuit_operator to 2023-02-21T20:46:48.476279+00:00, run_after=2023-02-22T20:46:48.476279+00:00
[2023-02-22T20:46:48.504+0000] {processor.py:175} INFO - Processing /home/airflow/.local/lib/python3.7/site-packages/airflow/example_dags/example_short_circuit_operator.py took 0.141 seconds
[2023-02-22T20:47:18.920+0000] {processor.py:153} INFO - Started process (PID=483) to work on /home/airflow/.local/lib/python3.7/site-packages/airflow/example_dags/example_short_circuit_operator.py
[2023-02-22T20:47:19.045+0000] {processor.py:743} INFO - Processing file /home/airflow/.local/lib/python3.7/site-packages/airflow/example_dags/example_short_circuit_operator.py for tasks to queue
[2023-02-22T20:47:19.046+0000] {logging_mixin.py:137} INFO - [2023-02-22T20:47:19.046+0000] {dagbag.py:538} INFO - Filling up the DagBag from /home/airflow/.local/lib/python3.7/site-packages/airflow/example_dags/example_short_circuit_operator.py
[2023-02-22T20:47:19.124+0000] {processor.py:753} INFO - DAG(s) dict_keys(['example_short_circuit_operator']) retrieved from /home/airflow/.local/lib/python3.7/site-packages/airflow/example_dags/example_short_circuit_operator.py
[2023-02-22T20:47:19.206+0000] {logging_mixin.py:137} INFO - [2023-02-22T20:47:19.206+0000] {dag.py:2690} INFO - Sync 1 DAGs
[2023-02-22T20:47:19.279+0000] {logging_mixin.py:137} INFO - [2023-02-22T20:47:19.279+0000] {dag.py:3441} INFO - Setting next_dagrun for example_short_circuit_operator to 2023-02-21T20:47:19.279046+00:00, run_after=2023-02-22T20:47:19.279046+00:00
[2023-02-22T20:47:19.332+0000] {processor.py:175} INFO - Processing /home/airflow/.local/lib/python3.7/site-packages/airflow/example_dags/example_short_circuit_operator.py took 0.417 seconds
[2023-02-22T20:47:49.484+0000] {processor.py:153} INFO - Started process (PID=538) to work on /home/airflow/.local/lib/python3.7/site-packages/airflow/example_dags/example_short_circuit_operator.py
[2023-02-22T20:47:49.505+0000] {processor.py:743} INFO - Processing file /home/airflow/.local/lib/python3.7/site-packages/airflow/example_dags/example_short_circuit_operator.py for tasks to queue
[2023-02-22T20:47:49.506+0000] {logging_mixin.py:137} INFO - [2023-02-22T20:47:49.506+0000] {dagbag.py:538} INFO - Filling up the DagBag from /home/airflow/.local/lib/python3.7/site-packages/airflow/example_dags/example_short_circuit_operator.py
[2023-02-22T20:47:49.630+0000] {processor.py:753} INFO - DAG(s) dict_keys(['example_short_circuit_operator']) retrieved from /home/airflow/.local/lib/python3.7/site-packages/airflow/example_dags/example_short_circuit_operator.py
[2023-02-22T20:47:49.762+0000] {logging_mixin.py:137} INFO - [2023-02-22T20:47:49.762+0000] {dag.py:2690} INFO - Sync 1 DAGs
[2023-02-22T20:47:49.882+0000] {logging_mixin.py:137} INFO - [2023-02-22T20:47:49.882+0000] {dag.py:3441} INFO - Setting next_dagrun for example_short_circuit_operator to 2023-02-21T20:47:49.881663+00:00, run_after=2023-02-22T20:47:49.881663+00:00
[2023-02-22T20:47:49.977+0000] {processor.py:175} INFO - Processing /home/airflow/.local/lib/python3.7/site-packages/airflow/example_dags/example_short_circuit_operator.py took 0.515 seconds
[2023-02-22T20:48:20.036+0000] {processor.py:153} INFO - Started process (PID=608) to work on /home/airflow/.local/lib/python3.7/site-packages/airflow/example_dags/example_short_circuit_operator.py
[2023-02-22T20:48:20.080+0000] {processor.py:743} INFO - Processing file /home/airflow/.local/lib/python3.7/site-packages/airflow/example_dags/example_short_circuit_operator.py for tasks to queue
[2023-02-22T20:48:20.081+0000] {logging_mixin.py:137} INFO - [2023-02-22T20:48:20.080+0000] {dagbag.py:538} INFO - Filling up the DagBag from /home/airflow/.local/lib/python3.7/site-packages/airflow/example_dags/example_short_circuit_operator.py
[2023-02-22T20:48:20.168+0000] {processor.py:753} INFO - DAG(s) dict_keys(['example_short_circuit_operator']) retrieved from /home/airflow/.local/lib/python3.7/site-packages/airflow/example_dags/example_short_circuit_operator.py
[2023-02-22T20:48:20.360+0000] {logging_mixin.py:137} INFO - [2023-02-22T20:48:20.359+0000] {dag.py:2690} INFO - Sync 1 DAGs
[2023-02-22T20:48:20.497+0000] {logging_mixin.py:137} INFO - [2023-02-22T20:48:20.493+0000] {dag.py:3441} INFO - Setting next_dagrun for example_short_circuit_operator to 2023-02-21T20:48:20.493045+00:00, run_after=2023-02-22T20:48:20.493045+00:00
[2023-02-22T20:48:20.604+0000] {processor.py:175} INFO - Processing /home/airflow/.local/lib/python3.7/site-packages/airflow/example_dags/example_short_circuit_operator.py took 0.582 seconds
[2023-02-22T20:48:50.850+0000] {processor.py:153} INFO - Started process (PID=670) to work on /home/airflow/.local/lib/python3.7/site-packages/airflow/example_dags/example_short_circuit_operator.py
[2023-02-22T20:48:50.851+0000] {processor.py:743} INFO - Processing file /home/airflow/.local/lib/python3.7/site-packages/airflow/example_dags/example_short_circuit_operator.py for tasks to queue
[2023-02-22T20:48:50.852+0000] {logging_mixin.py:137} INFO - [2023-02-22T20:48:50.852+0000] {dagbag.py:538} INFO - Filling up the DagBag from /home/airflow/.local/lib/python3.7/site-packages/airflow/example_dags/example_short_circuit_operator.py
[2023-02-22T20:48:50.957+0000] {processor.py:753} INFO - DAG(s) dict_keys(['example_short_circuit_operator']) retrieved from /home/airflow/.local/lib/python3.7/site-packages/airflow/example_dags/example_short_circuit_operator.py
[2023-02-22T20:48:51.163+0000] {logging_mixin.py:137} INFO - [2023-02-22T20:48:51.163+0000] {dag.py:2690} INFO - Sync 1 DAGs
[2023-02-22T20:48:51.349+0000] {logging_mixin.py:137} INFO - [2023-02-22T20:48:51.349+0000] {dag.py:3441} INFO - Setting next_dagrun for example_short_circuit_operator to 2023-02-21T20:48:51.348358+00:00, run_after=2023-02-22T20:48:51.348358+00:00
[2023-02-22T20:48:51.451+0000] {processor.py:175} INFO - Processing /home/airflow/.local/lib/python3.7/site-packages/airflow/example_dags/example_short_circuit_operator.py took 0.618 seconds
[2023-02-22T20:49:21.991+0000] {processor.py:153} INFO - Started process (PID=734) to work on /home/airflow/.local/lib/python3.7/site-packages/airflow/example_dags/example_short_circuit_operator.py
[2023-02-22T20:49:21.995+0000] {processor.py:743} INFO - Processing file /home/airflow/.local/lib/python3.7/site-packages/airflow/example_dags/example_short_circuit_operator.py for tasks to queue
[2023-02-22T20:49:22.004+0000] {logging_mixin.py:137} INFO - [2023-02-22T20:49:22.004+0000] {dagbag.py:538} INFO - Filling up the DagBag from /home/airflow/.local/lib/python3.7/site-packages/airflow/example_dags/example_short_circuit_operator.py
[2023-02-22T20:49:22.084+0000] {processor.py:753} INFO - DAG(s) dict_keys(['example_short_circuit_operator']) retrieved from /home/airflow/.local/lib/python3.7/site-packages/airflow/example_dags/example_short_circuit_operator.py
[2023-02-22T20:49:22.244+0000] {logging_mixin.py:137} INFO - [2023-02-22T20:49:22.243+0000] {dag.py:2690} INFO - Sync 1 DAGs
[2023-02-22T20:49:22.398+0000] {logging_mixin.py:137} INFO - [2023-02-22T20:49:22.387+0000] {dag.py:3441} INFO - Setting next_dagrun for example_short_circuit_operator to 2023-02-21T20:49:22.387439+00:00, run_after=2023-02-22T20:49:22.387439+00:00
[2023-02-22T20:49:22.501+0000] {processor.py:175} INFO - Processing /home/airflow/.local/lib/python3.7/site-packages/airflow/example_dags/example_short_circuit_operator.py took 0.526 seconds
[2023-02-22T20:49:53.081+0000] {processor.py:153} INFO - Started process (PID=799) to work on /home/airflow/.local/lib/python3.7/site-packages/airflow/example_dags/example_short_circuit_operator.py
[2023-02-22T20:49:53.082+0000] {processor.py:743} INFO - Processing file /home/airflow/.local/lib/python3.7/site-packages/airflow/example_dags/example_short_circuit_operator.py for tasks to queue
[2023-02-22T20:49:53.083+0000] {logging_mixin.py:137} INFO - [2023-02-22T20:49:53.083+0000] {dagbag.py:538} INFO - Filling up the DagBag from /home/airflow/.local/lib/python3.7/site-packages/airflow/example_dags/example_short_circuit_operator.py
[2023-02-22T20:49:53.136+0000] {processor.py:753} INFO - DAG(s) dict_keys(['example_short_circuit_operator']) retrieved from /home/airflow/.local/lib/python3.7/site-packages/airflow/example_dags/example_short_circuit_operator.py
[2023-02-22T20:49:53.232+0000] {logging_mixin.py:137} INFO - [2023-02-22T20:49:53.231+0000] {dag.py:2690} INFO - Sync 1 DAGs
[2023-02-22T20:49:53.318+0000] {logging_mixin.py:137} INFO - [2023-02-22T20:49:53.316+0000] {dag.py:3441} INFO - Setting next_dagrun for example_short_circuit_operator to 2023-02-21T20:49:53.316031+00:00, run_after=2023-02-22T20:49:53.316031+00:00
[2023-02-22T20:49:53.426+0000] {processor.py:175} INFO - Processing /home/airflow/.local/lib/python3.7/site-packages/airflow/example_dags/example_short_circuit_operator.py took 0.360 seconds
[2023-02-22T20:50:23.753+0000] {processor.py:153} INFO - Started process (PID=861) to work on /home/airflow/.local/lib/python3.7/site-packages/airflow/example_dags/example_short_circuit_operator.py
[2023-02-22T20:50:23.759+0000] {processor.py:743} INFO - Processing file /home/airflow/.local/lib/python3.7/site-packages/airflow/example_dags/example_short_circuit_operator.py for tasks to queue
[2023-02-22T20:50:23.760+0000] {logging_mixin.py:137} INFO - [2023-02-22T20:50:23.760+0000] {dagbag.py:538} INFO - Filling up the DagBag from /home/airflow/.local/lib/python3.7/site-packages/airflow/example_dags/example_short_circuit_operator.py
[2023-02-22T20:50:23.832+0000] {processor.py:753} INFO - DAG(s) dict_keys(['example_short_circuit_operator']) retrieved from /home/airflow/.local/lib/python3.7/site-packages/airflow/example_dags/example_short_circuit_operator.py
[2023-02-22T20:50:23.947+0000] {logging_mixin.py:137} INFO - [2023-02-22T20:50:23.947+0000] {dag.py:2690} INFO - Sync 1 DAGs
[2023-02-22T20:50:24.071+0000] {logging_mixin.py:137} INFO - [2023-02-22T20:50:24.071+0000] {dag.py:3441} INFO - Setting next_dagrun for example_short_circuit_operator to 2023-02-21T20:50:24.070808+00:00, run_after=2023-02-22T20:50:24.070808+00:00
[2023-02-22T20:50:24.151+0000] {processor.py:175} INFO - Processing /home/airflow/.local/lib/python3.7/site-packages/airflow/example_dags/example_short_circuit_operator.py took 0.403 seconds
[2023-02-22T20:50:54.357+0000] {processor.py:153} INFO - Started process (PID=932) to work on /home/airflow/.local/lib/python3.7/site-packages/airflow/example_dags/example_short_circuit_operator.py
[2023-02-22T20:50:54.358+0000] {processor.py:743} INFO - Processing file /home/airflow/.local/lib/python3.7/site-packages/airflow/example_dags/example_short_circuit_operator.py for tasks to queue
[2023-02-22T20:50:54.369+0000] {logging_mixin.py:137} INFO - [2023-02-22T20:50:54.359+0000] {dagbag.py:538} INFO - Filling up the DagBag from /home/airflow/.local/lib/python3.7/site-packages/airflow/example_dags/example_short_circuit_operator.py
[2023-02-22T20:50:54.418+0000] {processor.py:753} INFO - DAG(s) dict_keys(['example_short_circuit_operator']) retrieved from /home/airflow/.local/lib/python3.7/site-packages/airflow/example_dags/example_short_circuit_operator.py
[2023-02-22T20:50:54.561+0000] {logging_mixin.py:137} INFO - [2023-02-22T20:50:54.561+0000] {dag.py:2690} INFO - Sync 1 DAGs
[2023-02-22T20:50:54.692+0000] {logging_mixin.py:137} INFO - [2023-02-22T20:50:54.692+0000] {dag.py:3441} INFO - Setting next_dagrun for example_short_circuit_operator to 2023-02-21T20:50:54.692158+00:00, run_after=2023-02-22T20:50:54.692158+00:00
[2023-02-22T20:50:54.779+0000] {processor.py:175} INFO - Processing /home/airflow/.local/lib/python3.7/site-packages/airflow/example_dags/example_short_circuit_operator.py took 0.427 seconds
[2023-02-22T20:51:25.402+0000] {processor.py:153} INFO - Started process (PID=1004) to work on /home/airflow/.local/lib/python3.7/site-packages/airflow/example_dags/example_short_circuit_operator.py
[2023-02-22T20:51:25.407+0000] {processor.py:743} INFO - Processing file /home/airflow/.local/lib/python3.7/site-packages/airflow/example_dags/example_short_circuit_operator.py for tasks to queue
[2023-02-22T20:51:25.408+0000] {logging_mixin.py:137} INFO - [2023-02-22T20:51:25.408+0000] {dagbag.py:538} INFO - Filling up the DagBag from /home/airflow/.local/lib/python3.7/site-packages/airflow/example_dags/example_short_circuit_operator.py
[2023-02-22T20:51:25.432+0000] {processor.py:753} INFO - DAG(s) dict_keys(['example_short_circuit_operator']) retrieved from /home/airflow/.local/lib/python3.7/site-packages/airflow/example_dags/example_short_circuit_operator.py
[2023-02-22T20:51:25.463+0000] {logging_mixin.py:137} INFO - [2023-02-22T20:51:25.463+0000] {dag.py:2690} INFO - Sync 1 DAGs
[2023-02-22T20:51:25.491+0000] {logging_mixin.py:137} INFO - [2023-02-22T20:51:25.491+0000] {dag.py:3441} INFO - Setting next_dagrun for example_short_circuit_operator to 2023-02-21T20:51:25.491295+00:00, run_after=2023-02-22T20:51:25.491295+00:00
[2023-02-22T20:51:25.511+0000] {processor.py:175} INFO - Processing /home/airflow/.local/lib/python3.7/site-packages/airflow/example_dags/example_short_circuit_operator.py took 0.113 seconds
[2023-02-22T20:51:56.383+0000] {processor.py:153} INFO - Started process (PID=1075) to work on /home/airflow/.local/lib/python3.7/site-packages/airflow/example_dags/example_short_circuit_operator.py
[2023-02-22T20:51:56.384+0000] {processor.py:743} INFO - Processing file /home/airflow/.local/lib/python3.7/site-packages/airflow/example_dags/example_short_circuit_operator.py for tasks to queue
[2023-02-22T20:51:56.385+0000] {logging_mixin.py:137} INFO - [2023-02-22T20:51:56.385+0000] {dagbag.py:538} INFO - Filling up the DagBag from /home/airflow/.local/lib/python3.7/site-packages/airflow/example_dags/example_short_circuit_operator.py
[2023-02-22T20:51:56.404+0000] {processor.py:753} INFO - DAG(s) dict_keys(['example_short_circuit_operator']) retrieved from /home/airflow/.local/lib/python3.7/site-packages/airflow/example_dags/example_short_circuit_operator.py
[2023-02-22T20:51:56.438+0000] {logging_mixin.py:137} INFO - [2023-02-22T20:51:56.438+0000] {dag.py:2690} INFO - Sync 1 DAGs
[2023-02-22T20:51:56.467+0000] {logging_mixin.py:137} INFO - [2023-02-22T20:51:56.467+0000] {dag.py:3441} INFO - Setting next_dagrun for example_short_circuit_operator to 2023-02-21T20:51:56.466881+00:00, run_after=2023-02-22T20:51:56.466881+00:00
[2023-02-22T20:51:56.499+0000] {processor.py:175} INFO - Processing /home/airflow/.local/lib/python3.7/site-packages/airflow/example_dags/example_short_circuit_operator.py took 0.120 seconds
[2023-02-22T20:52:26.788+0000] {processor.py:153} INFO - Started process (PID=1162) to work on /home/airflow/.local/lib/python3.7/site-packages/airflow/example_dags/example_short_circuit_operator.py
[2023-02-22T20:52:26.790+0000] {processor.py:743} INFO - Processing file /home/airflow/.local/lib/python3.7/site-packages/airflow/example_dags/example_short_circuit_operator.py for tasks to queue
[2023-02-22T20:52:26.792+0000] {logging_mixin.py:137} INFO - [2023-02-22T20:52:26.792+0000] {dagbag.py:538} INFO - Filling up the DagBag from /home/airflow/.local/lib/python3.7/site-packages/airflow/example_dags/example_short_circuit_operator.py
[2023-02-22T20:52:26.814+0000] {processor.py:753} INFO - DAG(s) dict_keys(['example_short_circuit_operator']) retrieved from /home/airflow/.local/lib/python3.7/site-packages/airflow/example_dags/example_short_circuit_operator.py
[2023-02-22T20:52:26.849+0000] {logging_mixin.py:137} INFO - [2023-02-22T20:52:26.849+0000] {dag.py:2690} INFO - Sync 1 DAGs
[2023-02-22T20:52:26.884+0000] {logging_mixin.py:137} INFO - [2023-02-22T20:52:26.884+0000] {dag.py:3441} INFO - Setting next_dagrun for example_short_circuit_operator to 2023-02-21T20:52:26.884079+00:00, run_after=2023-02-22T20:52:26.884079+00:00
[2023-02-22T20:52:26.915+0000] {processor.py:175} INFO - Processing /home/airflow/.local/lib/python3.7/site-packages/airflow/example_dags/example_short_circuit_operator.py took 0.130 seconds
[2023-02-22T20:52:57.699+0000] {processor.py:153} INFO - Started process (PID=1233) to work on /home/airflow/.local/lib/python3.7/site-packages/airflow/example_dags/example_short_circuit_operator.py
[2023-02-22T20:52:57.700+0000] {processor.py:743} INFO - Processing file /home/airflow/.local/lib/python3.7/site-packages/airflow/example_dags/example_short_circuit_operator.py for tasks to queue
[2023-02-22T20:52:57.701+0000] {logging_mixin.py:137} INFO - [2023-02-22T20:52:57.700+0000] {dagbag.py:538} INFO - Filling up the DagBag from /home/airflow/.local/lib/python3.7/site-packages/airflow/example_dags/example_short_circuit_operator.py
[2023-02-22T20:52:57.720+0000] {processor.py:753} INFO - DAG(s) dict_keys(['example_short_circuit_operator']) retrieved from /home/airflow/.local/lib/python3.7/site-packages/airflow/example_dags/example_short_circuit_operator.py
[2023-02-22T20:52:57.754+0000] {logging_mixin.py:137} INFO - [2023-02-22T20:52:57.753+0000] {dag.py:2690} INFO - Sync 1 DAGs
[2023-02-22T20:52:57.787+0000] {logging_mixin.py:137} INFO - [2023-02-22T20:52:57.787+0000] {dag.py:3441} INFO - Setting next_dagrun for example_short_circuit_operator to 2023-02-21T20:52:57.787055+00:00, run_after=2023-02-22T20:52:57.787055+00:00
[2023-02-22T20:52:57.815+0000] {processor.py:175} INFO - Processing /home/airflow/.local/lib/python3.7/site-packages/airflow/example_dags/example_short_circuit_operator.py took 0.120 seconds
[2023-02-22T20:53:28.070+0000] {processor.py:153} INFO - Started process (PID=1320) to work on /home/airflow/.local/lib/python3.7/site-packages/airflow/example_dags/example_short_circuit_operator.py
[2023-02-22T20:53:28.077+0000] {processor.py:743} INFO - Processing file /home/airflow/.local/lib/python3.7/site-packages/airflow/example_dags/example_short_circuit_operator.py for tasks to queue
[2023-02-22T20:53:28.078+0000] {logging_mixin.py:137} INFO - [2023-02-22T20:53:28.077+0000] {dagbag.py:538} INFO - Filling up the DagBag from /home/airflow/.local/lib/python3.7/site-packages/airflow/example_dags/example_short_circuit_operator.py
[2023-02-22T20:53:28.092+0000] {processor.py:753} INFO - DAG(s) dict_keys(['example_short_circuit_operator']) retrieved from /home/airflow/.local/lib/python3.7/site-packages/airflow/example_dags/example_short_circuit_operator.py
[2023-02-22T20:53:28.122+0000] {logging_mixin.py:137} INFO - [2023-02-22T20:53:28.122+0000] {dag.py:2690} INFO - Sync 1 DAGs
[2023-02-22T20:53:28.155+0000] {logging_mixin.py:137} INFO - [2023-02-22T20:53:28.155+0000] {dag.py:3441} INFO - Setting next_dagrun for example_short_circuit_operator to 2023-02-21T20:53:28.154854+00:00, run_after=2023-02-22T20:53:28.154854+00:00
[2023-02-22T20:53:28.179+0000] {processor.py:175} INFO - Processing /home/airflow/.local/lib/python3.7/site-packages/airflow/example_dags/example_short_circuit_operator.py took 0.112 seconds
