[2023-02-22T20:44:16.449+0000] {processor.py:153} INFO - Started process (PID=62) to work on /home/airflow/.local/lib/python3.7/site-packages/airflow/example_dags/example_dag_decorator.py
[2023-02-22T20:44:16.451+0000] {processor.py:743} INFO - Processing file /home/airflow/.local/lib/python3.7/site-packages/airflow/example_dags/example_dag_decorator.py for tasks to queue
[2023-02-22T20:44:16.453+0000] {logging_mixin.py:137} INFO - [2023-02-22T20:44:16.453+0000] {dagbag.py:538} INFO - Filling up the DagBag from /home/airflow/.local/lib/python3.7/site-packages/airflow/example_dags/example_dag_decorator.py
[2023-02-22T20:44:16.488+0000] {logging_mixin.py:137} INFO - [2023-02-22T20:44:16.488+0000] {taskmixin.py:205} WARNING - Dependency <Task(_PythonDecoratedOperator): prepare_email>, send_email already registered for DAG: example_dag_decorator
[2023-02-22T20:44:16.488+0000] {logging_mixin.py:137} INFO - [2023-02-22T20:44:16.488+0000] {taskmixin.py:205} WARNING - Dependency <Task(EmailOperator): send_email>, prepare_email already registered for DAG: example_dag_decorator
[2023-02-22T20:44:16.520+0000] {processor.py:753} INFO - DAG(s) dict_keys(['example_dag_decorator']) retrieved from /home/airflow/.local/lib/python3.7/site-packages/airflow/example_dags/example_dag_decorator.py
[2023-02-22T20:44:16.685+0000] {logging_mixin.py:137} INFO - [2023-02-22T20:44:16.684+0000] {dag.py:2690} INFO - Sync 1 DAGs
[2023-02-22T20:44:16.772+0000] {logging_mixin.py:137} INFO - [2023-02-22T20:44:16.771+0000] {dag.py:3441} INFO - Setting next_dagrun for example_dag_decorator to None, run_after=None
[2023-02-22T20:44:16.856+0000] {processor.py:175} INFO - Processing /home/airflow/.local/lib/python3.7/site-packages/airflow/example_dags/example_dag_decorator.py took 0.414 seconds
[2023-02-22T20:44:48.278+0000] {processor.py:153} INFO - Started process (PID=133) to work on /home/airflow/.local/lib/python3.7/site-packages/airflow/example_dags/example_dag_decorator.py
[2023-02-22T20:44:48.282+0000] {processor.py:743} INFO - Processing file /home/airflow/.local/lib/python3.7/site-packages/airflow/example_dags/example_dag_decorator.py for tasks to queue
[2023-02-22T20:44:48.283+0000] {logging_mixin.py:137} INFO - [2023-02-22T20:44:48.283+0000] {dagbag.py:538} INFO - Filling up the DagBag from /home/airflow/.local/lib/python3.7/site-packages/airflow/example_dags/example_dag_decorator.py
[2023-02-22T20:44:48.337+0000] {logging_mixin.py:137} INFO - [2023-02-22T20:44:48.337+0000] {taskmixin.py:205} WARNING - Dependency <Task(_PythonDecoratedOperator): prepare_email>, send_email already registered for DAG: example_dag_decorator
[2023-02-22T20:44:48.338+0000] {logging_mixin.py:137} INFO - [2023-02-22T20:44:48.338+0000] {taskmixin.py:205} WARNING - Dependency <Task(EmailOperator): send_email>, prepare_email already registered for DAG: example_dag_decorator
[2023-02-22T20:44:48.371+0000] {processor.py:753} INFO - DAG(s) dict_keys(['example_dag_decorator']) retrieved from /home/airflow/.local/lib/python3.7/site-packages/airflow/example_dags/example_dag_decorator.py
[2023-02-22T20:44:48.564+0000] {logging_mixin.py:137} INFO - [2023-02-22T20:44:48.564+0000] {dag.py:2690} INFO - Sync 1 DAGs
[2023-02-22T20:44:48.614+0000] {logging_mixin.py:137} INFO - [2023-02-22T20:44:48.614+0000] {dag.py:3441} INFO - Setting next_dagrun for example_dag_decorator to None, run_after=None
[2023-02-22T20:44:48.649+0000] {processor.py:175} INFO - Processing /home/airflow/.local/lib/python3.7/site-packages/airflow/example_dags/example_dag_decorator.py took 0.385 seconds
[2023-02-22T20:45:19.472+0000] {processor.py:153} INFO - Started process (PID=205) to work on /home/airflow/.local/lib/python3.7/site-packages/airflow/example_dags/example_dag_decorator.py
[2023-02-22T20:45:19.473+0000] {processor.py:743} INFO - Processing file /home/airflow/.local/lib/python3.7/site-packages/airflow/example_dags/example_dag_decorator.py for tasks to queue
[2023-02-22T20:45:19.475+0000] {logging_mixin.py:137} INFO - [2023-02-22T20:45:19.474+0000] {dagbag.py:538} INFO - Filling up the DagBag from /home/airflow/.local/lib/python3.7/site-packages/airflow/example_dags/example_dag_decorator.py
[2023-02-22T20:45:19.505+0000] {logging_mixin.py:137} INFO - [2023-02-22T20:45:19.504+0000] {taskmixin.py:205} WARNING - Dependency <Task(_PythonDecoratedOperator): prepare_email>, send_email already registered for DAG: example_dag_decorator
[2023-02-22T20:45:19.505+0000] {logging_mixin.py:137} INFO - [2023-02-22T20:45:19.505+0000] {taskmixin.py:205} WARNING - Dependency <Task(EmailOperator): send_email>, prepare_email already registered for DAG: example_dag_decorator
[2023-02-22T20:45:19.523+0000] {processor.py:753} INFO - DAG(s) dict_keys(['example_dag_decorator']) retrieved from /home/airflow/.local/lib/python3.7/site-packages/airflow/example_dags/example_dag_decorator.py
[2023-02-22T20:45:19.641+0000] {logging_mixin.py:137} INFO - [2023-02-22T20:45:19.640+0000] {dag.py:2690} INFO - Sync 1 DAGs
[2023-02-22T20:45:19.722+0000] {logging_mixin.py:137} INFO - [2023-02-22T20:45:19.722+0000] {dag.py:3441} INFO - Setting next_dagrun for example_dag_decorator to None, run_after=None
[2023-02-22T20:45:19.765+0000] {processor.py:175} INFO - Processing /home/airflow/.local/lib/python3.7/site-packages/airflow/example_dags/example_dag_decorator.py took 0.299 seconds
[2023-02-22T20:45:50.038+0000] {processor.py:153} INFO - Started process (PID=276) to work on /home/airflow/.local/lib/python3.7/site-packages/airflow/example_dags/example_dag_decorator.py
[2023-02-22T20:45:50.039+0000] {processor.py:743} INFO - Processing file /home/airflow/.local/lib/python3.7/site-packages/airflow/example_dags/example_dag_decorator.py for tasks to queue
[2023-02-22T20:45:50.040+0000] {logging_mixin.py:137} INFO - [2023-02-22T20:45:50.040+0000] {dagbag.py:538} INFO - Filling up the DagBag from /home/airflow/.local/lib/python3.7/site-packages/airflow/example_dags/example_dag_decorator.py
[2023-02-22T20:45:50.066+0000] {logging_mixin.py:137} INFO - [2023-02-22T20:45:50.066+0000] {taskmixin.py:205} WARNING - Dependency <Task(_PythonDecoratedOperator): prepare_email>, send_email already registered for DAG: example_dag_decorator
[2023-02-22T20:45:50.067+0000] {logging_mixin.py:137} INFO - [2023-02-22T20:45:50.067+0000] {taskmixin.py:205} WARNING - Dependency <Task(EmailOperator): send_email>, prepare_email already registered for DAG: example_dag_decorator
[2023-02-22T20:45:50.086+0000] {processor.py:753} INFO - DAG(s) dict_keys(['example_dag_decorator']) retrieved from /home/airflow/.local/lib/python3.7/site-packages/airflow/example_dags/example_dag_decorator.py
[2023-02-22T20:45:50.181+0000] {logging_mixin.py:137} INFO - [2023-02-22T20:45:50.181+0000] {dag.py:2690} INFO - Sync 1 DAGs
[2023-02-22T20:45:50.217+0000] {logging_mixin.py:137} INFO - [2023-02-22T20:45:50.217+0000] {dag.py:3441} INFO - Setting next_dagrun for example_dag_decorator to None, run_after=None
[2023-02-22T20:45:50.247+0000] {processor.py:175} INFO - Processing /home/airflow/.local/lib/python3.7/site-packages/airflow/example_dags/example_dag_decorator.py took 0.214 seconds
[2023-02-22T20:46:20.324+0000] {processor.py:153} INFO - Started process (PID=347) to work on /home/airflow/.local/lib/python3.7/site-packages/airflow/example_dags/example_dag_decorator.py
[2023-02-22T20:46:20.327+0000] {processor.py:743} INFO - Processing file /home/airflow/.local/lib/python3.7/site-packages/airflow/example_dags/example_dag_decorator.py for tasks to queue
[2023-02-22T20:46:20.328+0000] {logging_mixin.py:137} INFO - [2023-02-22T20:46:20.327+0000] {dagbag.py:538} INFO - Filling up the DagBag from /home/airflow/.local/lib/python3.7/site-packages/airflow/example_dags/example_dag_decorator.py
[2023-02-22T20:46:20.345+0000] {logging_mixin.py:137} INFO - [2023-02-22T20:46:20.345+0000] {taskmixin.py:205} WARNING - Dependency <Task(_PythonDecoratedOperator): prepare_email>, send_email already registered for DAG: example_dag_decorator
[2023-02-22T20:46:20.345+0000] {logging_mixin.py:137} INFO - [2023-02-22T20:46:20.345+0000] {taskmixin.py:205} WARNING - Dependency <Task(EmailOperator): send_email>, prepare_email already registered for DAG: example_dag_decorator
[2023-02-22T20:46:20.358+0000] {processor.py:753} INFO - DAG(s) dict_keys(['example_dag_decorator']) retrieved from /home/airflow/.local/lib/python3.7/site-packages/airflow/example_dags/example_dag_decorator.py
[2023-02-22T20:46:20.440+0000] {logging_mixin.py:137} INFO - [2023-02-22T20:46:20.440+0000] {dag.py:2690} INFO - Sync 1 DAGs
[2023-02-22T20:46:20.468+0000] {logging_mixin.py:137} INFO - [2023-02-22T20:46:20.468+0000] {dag.py:3441} INFO - Setting next_dagrun for example_dag_decorator to None, run_after=None
[2023-02-22T20:46:20.499+0000] {processor.py:175} INFO - Processing /home/airflow/.local/lib/python3.7/site-packages/airflow/example_dags/example_dag_decorator.py took 0.179 seconds
[2023-02-22T20:46:50.761+0000] {processor.py:153} INFO - Started process (PID=418) to work on /home/airflow/.local/lib/python3.7/site-packages/airflow/example_dags/example_dag_decorator.py
[2023-02-22T20:46:50.763+0000] {processor.py:743} INFO - Processing file /home/airflow/.local/lib/python3.7/site-packages/airflow/example_dags/example_dag_decorator.py for tasks to queue
[2023-02-22T20:46:50.764+0000] {logging_mixin.py:137} INFO - [2023-02-22T20:46:50.764+0000] {dagbag.py:538} INFO - Filling up the DagBag from /home/airflow/.local/lib/python3.7/site-packages/airflow/example_dags/example_dag_decorator.py
[2023-02-22T20:46:50.783+0000] {logging_mixin.py:137} INFO - [2023-02-22T20:46:50.782+0000] {taskmixin.py:205} WARNING - Dependency <Task(_PythonDecoratedOperator): prepare_email>, send_email already registered for DAG: example_dag_decorator
[2023-02-22T20:46:50.783+0000] {logging_mixin.py:137} INFO - [2023-02-22T20:46:50.783+0000] {taskmixin.py:205} WARNING - Dependency <Task(EmailOperator): send_email>, prepare_email already registered for DAG: example_dag_decorator
[2023-02-22T20:46:50.797+0000] {processor.py:753} INFO - DAG(s) dict_keys(['example_dag_decorator']) retrieved from /home/airflow/.local/lib/python3.7/site-packages/airflow/example_dags/example_dag_decorator.py
[2023-02-22T20:46:50.877+0000] {logging_mixin.py:137} INFO - [2023-02-22T20:46:50.877+0000] {dag.py:2690} INFO - Sync 1 DAGs
[2023-02-22T20:46:50.905+0000] {logging_mixin.py:137} INFO - [2023-02-22T20:46:50.905+0000] {dag.py:3441} INFO - Setting next_dagrun for example_dag_decorator to None, run_after=None
[2023-02-22T20:46:50.940+0000] {processor.py:175} INFO - Processing /home/airflow/.local/lib/python3.7/site-packages/airflow/example_dags/example_dag_decorator.py took 0.183 seconds
[2023-02-22T20:47:21.267+0000] {processor.py:153} INFO - Started process (PID=489) to work on /home/airflow/.local/lib/python3.7/site-packages/airflow/example_dags/example_dag_decorator.py
[2023-02-22T20:47:21.273+0000] {processor.py:743} INFO - Processing file /home/airflow/.local/lib/python3.7/site-packages/airflow/example_dags/example_dag_decorator.py for tasks to queue
[2023-02-22T20:47:21.275+0000] {logging_mixin.py:137} INFO - [2023-02-22T20:47:21.275+0000] {dagbag.py:538} INFO - Filling up the DagBag from /home/airflow/.local/lib/python3.7/site-packages/airflow/example_dags/example_dag_decorator.py
[2023-02-22T20:47:21.353+0000] {logging_mixin.py:137} INFO - [2023-02-22T20:47:21.353+0000] {taskmixin.py:205} WARNING - Dependency <Task(_PythonDecoratedOperator): prepare_email>, send_email already registered for DAG: example_dag_decorator
[2023-02-22T20:47:21.354+0000] {logging_mixin.py:137} INFO - [2023-02-22T20:47:21.353+0000] {taskmixin.py:205} WARNING - Dependency <Task(EmailOperator): send_email>, prepare_email already registered for DAG: example_dag_decorator
[2023-02-22T20:47:21.448+0000] {processor.py:753} INFO - DAG(s) dict_keys(['example_dag_decorator']) retrieved from /home/airflow/.local/lib/python3.7/site-packages/airflow/example_dags/example_dag_decorator.py
[2023-02-22T20:47:21.811+0000] {logging_mixin.py:137} INFO - [2023-02-22T20:47:21.810+0000] {dag.py:2690} INFO - Sync 1 DAGs
[2023-02-22T20:47:21.914+0000] {logging_mixin.py:137} INFO - [2023-02-22T20:47:21.914+0000] {dag.py:3441} INFO - Setting next_dagrun for example_dag_decorator to None, run_after=None
[2023-02-22T20:47:22.735+0000] {processor.py:175} INFO - Processing /home/airflow/.local/lib/python3.7/site-packages/airflow/example_dags/example_dag_decorator.py took 1.480 seconds
[2023-02-22T20:47:53.684+0000] {processor.py:153} INFO - Started process (PID=553) to work on /home/airflow/.local/lib/python3.7/site-packages/airflow/example_dags/example_dag_decorator.py
[2023-02-22T20:47:53.716+0000] {processor.py:743} INFO - Processing file /home/airflow/.local/lib/python3.7/site-packages/airflow/example_dags/example_dag_decorator.py for tasks to queue
[2023-02-22T20:47:53.717+0000] {logging_mixin.py:137} INFO - [2023-02-22T20:47:53.717+0000] {dagbag.py:538} INFO - Filling up the DagBag from /home/airflow/.local/lib/python3.7/site-packages/airflow/example_dags/example_dag_decorator.py
[2023-02-22T20:47:53.778+0000] {logging_mixin.py:137} INFO - [2023-02-22T20:47:53.778+0000] {taskmixin.py:205} WARNING - Dependency <Task(_PythonDecoratedOperator): prepare_email>, send_email already registered for DAG: example_dag_decorator
[2023-02-22T20:47:53.778+0000] {logging_mixin.py:137} INFO - [2023-02-22T20:47:53.778+0000] {taskmixin.py:205} WARNING - Dependency <Task(EmailOperator): send_email>, prepare_email already registered for DAG: example_dag_decorator
[2023-02-22T20:47:53.823+0000] {processor.py:753} INFO - DAG(s) dict_keys(['example_dag_decorator']) retrieved from /home/airflow/.local/lib/python3.7/site-packages/airflow/example_dags/example_dag_decorator.py
[2023-02-22T20:47:54.188+0000] {logging_mixin.py:137} INFO - [2023-02-22T20:47:54.187+0000] {dag.py:2690} INFO - Sync 1 DAGs
[2023-02-22T20:47:54.289+0000] {logging_mixin.py:137} INFO - [2023-02-22T20:47:54.279+0000] {dag.py:3441} INFO - Setting next_dagrun for example_dag_decorator to None, run_after=None
[2023-02-22T20:47:54.376+0000] {processor.py:175} INFO - Processing /home/airflow/.local/lib/python3.7/site-packages/airflow/example_dags/example_dag_decorator.py took 0.697 seconds
[2023-02-22T20:48:24.619+0000] {processor.py:153} INFO - Started process (PID=615) to work on /home/airflow/.local/lib/python3.7/site-packages/airflow/example_dags/example_dag_decorator.py
[2023-02-22T20:48:24.633+0000] {processor.py:743} INFO - Processing file /home/airflow/.local/lib/python3.7/site-packages/airflow/example_dags/example_dag_decorator.py for tasks to queue
[2023-02-22T20:48:24.634+0000] {logging_mixin.py:137} INFO - [2023-02-22T20:48:24.634+0000] {dagbag.py:538} INFO - Filling up the DagBag from /home/airflow/.local/lib/python3.7/site-packages/airflow/example_dags/example_dag_decorator.py
[2023-02-22T20:48:24.749+0000] {logging_mixin.py:137} INFO - [2023-02-22T20:48:24.749+0000] {taskmixin.py:205} WARNING - Dependency <Task(_PythonDecoratedOperator): prepare_email>, send_email already registered for DAG: example_dag_decorator
[2023-02-22T20:48:24.750+0000] {logging_mixin.py:137} INFO - [2023-02-22T20:48:24.750+0000] {taskmixin.py:205} WARNING - Dependency <Task(EmailOperator): send_email>, prepare_email already registered for DAG: example_dag_decorator
[2023-02-22T20:48:24.830+0000] {processor.py:753} INFO - DAG(s) dict_keys(['example_dag_decorator']) retrieved from /home/airflow/.local/lib/python3.7/site-packages/airflow/example_dags/example_dag_decorator.py
[2023-02-22T20:48:25.246+0000] {logging_mixin.py:137} INFO - [2023-02-22T20:48:25.245+0000] {dag.py:2690} INFO - Sync 1 DAGs
[2023-02-22T20:48:25.388+0000] {logging_mixin.py:137} INFO - [2023-02-22T20:48:25.388+0000] {dag.py:3441} INFO - Setting next_dagrun for example_dag_decorator to None, run_after=None
[2023-02-22T20:48:25.545+0000] {processor.py:175} INFO - Processing /home/airflow/.local/lib/python3.7/site-packages/airflow/example_dags/example_dag_decorator.py took 0.941 seconds
[2023-02-22T20:48:55.847+0000] {processor.py:153} INFO - Started process (PID=680) to work on /home/airflow/.local/lib/python3.7/site-packages/airflow/example_dags/example_dag_decorator.py
[2023-02-22T20:48:55.851+0000] {processor.py:743} INFO - Processing file /home/airflow/.local/lib/python3.7/site-packages/airflow/example_dags/example_dag_decorator.py for tasks to queue
[2023-02-22T20:48:55.861+0000] {logging_mixin.py:137} INFO - [2023-02-22T20:48:55.861+0000] {dagbag.py:538} INFO - Filling up the DagBag from /home/airflow/.local/lib/python3.7/site-packages/airflow/example_dags/example_dag_decorator.py
[2023-02-22T20:48:55.958+0000] {logging_mixin.py:137} INFO - [2023-02-22T20:48:55.957+0000] {taskmixin.py:205} WARNING - Dependency <Task(_PythonDecoratedOperator): prepare_email>, send_email already registered for DAG: example_dag_decorator
[2023-02-22T20:48:55.958+0000] {logging_mixin.py:137} INFO - [2023-02-22T20:48:55.958+0000] {taskmixin.py:205} WARNING - Dependency <Task(EmailOperator): send_email>, prepare_email already registered for DAG: example_dag_decorator
[2023-02-22T20:48:56.022+0000] {processor.py:753} INFO - DAG(s) dict_keys(['example_dag_decorator']) retrieved from /home/airflow/.local/lib/python3.7/site-packages/airflow/example_dags/example_dag_decorator.py
[2023-02-22T20:48:56.428+0000] {logging_mixin.py:137} INFO - [2023-02-22T20:48:56.427+0000] {dag.py:2690} INFO - Sync 1 DAGs
[2023-02-22T20:48:56.666+0000] {logging_mixin.py:137} INFO - [2023-02-22T20:48:56.650+0000] {dag.py:3441} INFO - Setting next_dagrun for example_dag_decorator to None, run_after=None
[2023-02-22T20:48:56.854+0000] {processor.py:175} INFO - Processing /home/airflow/.local/lib/python3.7/site-packages/airflow/example_dags/example_dag_decorator.py took 1.035 seconds
[2023-02-22T20:49:27.018+0000] {processor.py:153} INFO - Started process (PID=742) to work on /home/airflow/.local/lib/python3.7/site-packages/airflow/example_dags/example_dag_decorator.py
[2023-02-22T20:49:27.020+0000] {processor.py:743} INFO - Processing file /home/airflow/.local/lib/python3.7/site-packages/airflow/example_dags/example_dag_decorator.py for tasks to queue
[2023-02-22T20:49:27.032+0000] {logging_mixin.py:137} INFO - [2023-02-22T20:49:27.020+0000] {dagbag.py:538} INFO - Filling up the DagBag from /home/airflow/.local/lib/python3.7/site-packages/airflow/example_dags/example_dag_decorator.py
[2023-02-22T20:49:27.128+0000] {logging_mixin.py:137} INFO - [2023-02-22T20:49:27.127+0000] {taskmixin.py:205} WARNING - Dependency <Task(_PythonDecoratedOperator): prepare_email>, send_email already registered for DAG: example_dag_decorator
[2023-02-22T20:49:27.128+0000] {logging_mixin.py:137} INFO - [2023-02-22T20:49:27.128+0000] {taskmixin.py:205} WARNING - Dependency <Task(EmailOperator): send_email>, prepare_email already registered for DAG: example_dag_decorator
[2023-02-22T20:49:27.185+0000] {processor.py:753} INFO - DAG(s) dict_keys(['example_dag_decorator']) retrieved from /home/airflow/.local/lib/python3.7/site-packages/airflow/example_dags/example_dag_decorator.py
[2023-02-22T20:49:27.576+0000] {logging_mixin.py:137} INFO - [2023-02-22T20:49:27.576+0000] {dag.py:2690} INFO - Sync 1 DAGs
[2023-02-22T20:49:27.755+0000] {logging_mixin.py:137} INFO - [2023-02-22T20:49:27.754+0000] {dag.py:3441} INFO - Setting next_dagrun for example_dag_decorator to None, run_after=None
[2023-02-22T20:49:28.108+0000] {processor.py:175} INFO - Processing /home/airflow/.local/lib/python3.7/site-packages/airflow/example_dags/example_dag_decorator.py took 1.107 seconds
[2023-02-22T20:49:58.298+0000] {processor.py:153} INFO - Started process (PID=814) to work on /home/airflow/.local/lib/python3.7/site-packages/airflow/example_dags/example_dag_decorator.py
[2023-02-22T20:49:58.309+0000] {processor.py:743} INFO - Processing file /home/airflow/.local/lib/python3.7/site-packages/airflow/example_dags/example_dag_decorator.py for tasks to queue
[2023-02-22T20:49:58.311+0000] {logging_mixin.py:137} INFO - [2023-02-22T20:49:58.311+0000] {dagbag.py:538} INFO - Filling up the DagBag from /home/airflow/.local/lib/python3.7/site-packages/airflow/example_dags/example_dag_decorator.py
[2023-02-22T20:49:58.408+0000] {logging_mixin.py:137} INFO - [2023-02-22T20:49:58.408+0000] {taskmixin.py:205} WARNING - Dependency <Task(_PythonDecoratedOperator): prepare_email>, send_email already registered for DAG: example_dag_decorator
[2023-02-22T20:49:58.408+0000] {logging_mixin.py:137} INFO - [2023-02-22T20:49:58.408+0000] {taskmixin.py:205} WARNING - Dependency <Task(EmailOperator): send_email>, prepare_email already registered for DAG: example_dag_decorator
[2023-02-22T20:49:58.471+0000] {processor.py:753} INFO - DAG(s) dict_keys(['example_dag_decorator']) retrieved from /home/airflow/.local/lib/python3.7/site-packages/airflow/example_dags/example_dag_decorator.py
[2023-02-22T20:49:58.791+0000] {logging_mixin.py:137} INFO - [2023-02-22T20:49:58.790+0000] {dag.py:2690} INFO - Sync 1 DAGs
[2023-02-22T20:49:58.878+0000] {logging_mixin.py:137} INFO - [2023-02-22T20:49:58.877+0000] {dag.py:3441} INFO - Setting next_dagrun for example_dag_decorator to None, run_after=None
[2023-02-22T20:49:58.989+0000] {processor.py:175} INFO - Processing /home/airflow/.local/lib/python3.7/site-packages/airflow/example_dags/example_dag_decorator.py took 0.698 seconds
[2023-02-22T20:50:29.688+0000] {processor.py:153} INFO - Started process (PID=876) to work on /home/airflow/.local/lib/python3.7/site-packages/airflow/example_dags/example_dag_decorator.py
[2023-02-22T20:50:29.689+0000] {processor.py:743} INFO - Processing file /home/airflow/.local/lib/python3.7/site-packages/airflow/example_dags/example_dag_decorator.py for tasks to queue
[2023-02-22T20:50:29.690+0000] {logging_mixin.py:137} INFO - [2023-02-22T20:50:29.690+0000] {dagbag.py:538} INFO - Filling up the DagBag from /home/airflow/.local/lib/python3.7/site-packages/airflow/example_dags/example_dag_decorator.py
[2023-02-22T20:50:29.769+0000] {logging_mixin.py:137} INFO - [2023-02-22T20:50:29.769+0000] {taskmixin.py:205} WARNING - Dependency <Task(_PythonDecoratedOperator): prepare_email>, send_email already registered for DAG: example_dag_decorator
[2023-02-22T20:50:29.770+0000] {logging_mixin.py:137} INFO - [2023-02-22T20:50:29.770+0000] {taskmixin.py:205} WARNING - Dependency <Task(EmailOperator): send_email>, prepare_email already registered for DAG: example_dag_decorator
[2023-02-22T20:50:29.830+0000] {processor.py:753} INFO - DAG(s) dict_keys(['example_dag_decorator']) retrieved from /home/airflow/.local/lib/python3.7/site-packages/airflow/example_dags/example_dag_decorator.py
[2023-02-22T20:50:30.141+0000] {logging_mixin.py:137} INFO - [2023-02-22T20:50:30.140+0000] {dag.py:2690} INFO - Sync 1 DAGs
[2023-02-22T20:50:30.243+0000] {logging_mixin.py:137} INFO - [2023-02-22T20:50:30.243+0000] {dag.py:3441} INFO - Setting next_dagrun for example_dag_decorator to None, run_after=None
[2023-02-22T20:50:30.344+0000] {processor.py:175} INFO - Processing /home/airflow/.local/lib/python3.7/site-packages/airflow/example_dags/example_dag_decorator.py took 0.661 seconds
[2023-02-22T20:51:00.804+0000] {processor.py:153} INFO - Started process (PID=940) to work on /home/airflow/.local/lib/python3.7/site-packages/airflow/example_dags/example_dag_decorator.py
[2023-02-22T20:51:00.810+0000] {processor.py:743} INFO - Processing file /home/airflow/.local/lib/python3.7/site-packages/airflow/example_dags/example_dag_decorator.py for tasks to queue
[2023-02-22T20:51:00.812+0000] {logging_mixin.py:137} INFO - [2023-02-22T20:51:00.811+0000] {dagbag.py:538} INFO - Filling up the DagBag from /home/airflow/.local/lib/python3.7/site-packages/airflow/example_dags/example_dag_decorator.py
[2023-02-22T20:51:00.907+0000] {logging_mixin.py:137} INFO - [2023-02-22T20:51:00.897+0000] {taskmixin.py:205} WARNING - Dependency <Task(_PythonDecoratedOperator): prepare_email>, send_email already registered for DAG: example_dag_decorator
[2023-02-22T20:51:00.908+0000] {logging_mixin.py:137} INFO - [2023-02-22T20:51:00.908+0000] {taskmixin.py:205} WARNING - Dependency <Task(EmailOperator): send_email>, prepare_email already registered for DAG: example_dag_decorator
[2023-02-22T20:51:00.993+0000] {processor.py:753} INFO - DAG(s) dict_keys(['example_dag_decorator']) retrieved from /home/airflow/.local/lib/python3.7/site-packages/airflow/example_dags/example_dag_decorator.py
[2023-02-22T20:51:01.462+0000] {logging_mixin.py:137} INFO - [2023-02-22T20:51:01.453+0000] {dag.py:2690} INFO - Sync 1 DAGs
[2023-02-22T20:51:01.595+0000] {logging_mixin.py:137} INFO - [2023-02-22T20:51:01.594+0000] {dag.py:3441} INFO - Setting next_dagrun for example_dag_decorator to None, run_after=None
[2023-02-22T20:51:01.676+0000] {processor.py:175} INFO - Processing /home/airflow/.local/lib/python3.7/site-packages/airflow/example_dags/example_dag_decorator.py took 0.886 seconds
[2023-02-22T20:51:32.116+0000] {processor.py:153} INFO - Started process (PID=1012) to work on /home/airflow/.local/lib/python3.7/site-packages/airflow/example_dags/example_dag_decorator.py
[2023-02-22T20:51:32.118+0000] {processor.py:743} INFO - Processing file /home/airflow/.local/lib/python3.7/site-packages/airflow/example_dags/example_dag_decorator.py for tasks to queue
[2023-02-22T20:51:32.119+0000] {logging_mixin.py:137} INFO - [2023-02-22T20:51:32.119+0000] {dagbag.py:538} INFO - Filling up the DagBag from /home/airflow/.local/lib/python3.7/site-packages/airflow/example_dags/example_dag_decorator.py
[2023-02-22T20:51:32.135+0000] {logging_mixin.py:137} INFO - [2023-02-22T20:51:32.134+0000] {taskmixin.py:205} WARNING - Dependency <Task(_PythonDecoratedOperator): prepare_email>, send_email already registered for DAG: example_dag_decorator
[2023-02-22T20:51:32.135+0000] {logging_mixin.py:137} INFO - [2023-02-22T20:51:32.135+0000] {taskmixin.py:205} WARNING - Dependency <Task(EmailOperator): send_email>, prepare_email already registered for DAG: example_dag_decorator
[2023-02-22T20:51:32.146+0000] {processor.py:753} INFO - DAG(s) dict_keys(['example_dag_decorator']) retrieved from /home/airflow/.local/lib/python3.7/site-packages/airflow/example_dags/example_dag_decorator.py
[2023-02-22T20:51:32.235+0000] {logging_mixin.py:137} INFO - [2023-02-22T20:51:32.235+0000] {dag.py:2690} INFO - Sync 1 DAGs
[2023-02-22T20:51:32.260+0000] {logging_mixin.py:137} INFO - [2023-02-22T20:51:32.260+0000] {dag.py:3441} INFO - Setting next_dagrun for example_dag_decorator to None, run_after=None
[2023-02-22T20:51:32.283+0000] {processor.py:175} INFO - Processing /home/airflow/.local/lib/python3.7/site-packages/airflow/example_dags/example_dag_decorator.py took 0.170 seconds
[2023-02-22T20:52:03.084+0000] {processor.py:153} INFO - Started process (PID=1099) to work on /home/airflow/.local/lib/python3.7/site-packages/airflow/example_dags/example_dag_decorator.py
[2023-02-22T20:52:03.084+0000] {processor.py:743} INFO - Processing file /home/airflow/.local/lib/python3.7/site-packages/airflow/example_dags/example_dag_decorator.py for tasks to queue
[2023-02-22T20:52:03.085+0000] {logging_mixin.py:137} INFO - [2023-02-22T20:52:03.085+0000] {dagbag.py:538} INFO - Filling up the DagBag from /home/airflow/.local/lib/python3.7/site-packages/airflow/example_dags/example_dag_decorator.py
[2023-02-22T20:52:03.100+0000] {logging_mixin.py:137} INFO - [2023-02-22T20:52:03.100+0000] {taskmixin.py:205} WARNING - Dependency <Task(_PythonDecoratedOperator): prepare_email>, send_email already registered for DAG: example_dag_decorator
[2023-02-22T20:52:03.100+0000] {logging_mixin.py:137} INFO - [2023-02-22T20:52:03.100+0000] {taskmixin.py:205} WARNING - Dependency <Task(EmailOperator): send_email>, prepare_email already registered for DAG: example_dag_decorator
[2023-02-22T20:52:03.111+0000] {processor.py:753} INFO - DAG(s) dict_keys(['example_dag_decorator']) retrieved from /home/airflow/.local/lib/python3.7/site-packages/airflow/example_dags/example_dag_decorator.py
[2023-02-22T20:52:03.192+0000] {logging_mixin.py:137} INFO - [2023-02-22T20:52:03.192+0000] {dag.py:2690} INFO - Sync 1 DAGs
[2023-02-22T20:52:03.226+0000] {logging_mixin.py:137} INFO - [2023-02-22T20:52:03.226+0000] {dag.py:3441} INFO - Setting next_dagrun for example_dag_decorator to None, run_after=None
[2023-02-22T20:52:03.252+0000] {processor.py:175} INFO - Processing /home/airflow/.local/lib/python3.7/site-packages/airflow/example_dags/example_dag_decorator.py took 0.171 seconds
[2023-02-22T20:52:33.546+0000] {processor.py:153} INFO - Started process (PID=1170) to work on /home/airflow/.local/lib/python3.7/site-packages/airflow/example_dags/example_dag_decorator.py
[2023-02-22T20:52:33.550+0000] {processor.py:743} INFO - Processing file /home/airflow/.local/lib/python3.7/site-packages/airflow/example_dags/example_dag_decorator.py for tasks to queue
[2023-02-22T20:52:33.550+0000] {logging_mixin.py:137} INFO - [2023-02-22T20:52:33.550+0000] {dagbag.py:538} INFO - Filling up the DagBag from /home/airflow/.local/lib/python3.7/site-packages/airflow/example_dags/example_dag_decorator.py
[2023-02-22T20:52:33.567+0000] {logging_mixin.py:137} INFO - [2023-02-22T20:52:33.567+0000] {taskmixin.py:205} WARNING - Dependency <Task(_PythonDecoratedOperator): prepare_email>, send_email already registered for DAG: example_dag_decorator
[2023-02-22T20:52:33.567+0000] {logging_mixin.py:137} INFO - [2023-02-22T20:52:33.567+0000] {taskmixin.py:205} WARNING - Dependency <Task(EmailOperator): send_email>, prepare_email already registered for DAG: example_dag_decorator
[2023-02-22T20:52:33.586+0000] {processor.py:753} INFO - DAG(s) dict_keys(['example_dag_decorator']) retrieved from /home/airflow/.local/lib/python3.7/site-packages/airflow/example_dags/example_dag_decorator.py
[2023-02-22T20:52:33.784+0000] {logging_mixin.py:137} INFO - [2023-02-22T20:52:33.783+0000] {dag.py:2690} INFO - Sync 1 DAGs
[2023-02-22T20:52:33.817+0000] {logging_mixin.py:137} INFO - [2023-02-22T20:52:33.816+0000] {dag.py:3441} INFO - Setting next_dagrun for example_dag_decorator to None, run_after=None
[2023-02-22T20:52:33.846+0000] {processor.py:175} INFO - Processing /home/airflow/.local/lib/python3.7/site-packages/airflow/example_dags/example_dag_decorator.py took 0.303 seconds
[2023-02-22T20:53:04.211+0000] {processor.py:153} INFO - Started process (PID=1257) to work on /home/airflow/.local/lib/python3.7/site-packages/airflow/example_dags/example_dag_decorator.py
[2023-02-22T20:53:04.212+0000] {processor.py:743} INFO - Processing file /home/airflow/.local/lib/python3.7/site-packages/airflow/example_dags/example_dag_decorator.py for tasks to queue
[2023-02-22T20:53:04.214+0000] {logging_mixin.py:137} INFO - [2023-02-22T20:53:04.214+0000] {dagbag.py:538} INFO - Filling up the DagBag from /home/airflow/.local/lib/python3.7/site-packages/airflow/example_dags/example_dag_decorator.py
[2023-02-22T20:53:04.234+0000] {logging_mixin.py:137} INFO - [2023-02-22T20:53:04.234+0000] {taskmixin.py:205} WARNING - Dependency <Task(_PythonDecoratedOperator): prepare_email>, send_email already registered for DAG: example_dag_decorator
[2023-02-22T20:53:04.234+0000] {logging_mixin.py:137} INFO - [2023-02-22T20:53:04.234+0000] {taskmixin.py:205} WARNING - Dependency <Task(EmailOperator): send_email>, prepare_email already registered for DAG: example_dag_decorator
[2023-02-22T20:53:04.248+0000] {processor.py:753} INFO - DAG(s) dict_keys(['example_dag_decorator']) retrieved from /home/airflow/.local/lib/python3.7/site-packages/airflow/example_dags/example_dag_decorator.py
[2023-02-22T20:53:04.324+0000] {logging_mixin.py:137} INFO - [2023-02-22T20:53:04.324+0000] {dag.py:2690} INFO - Sync 1 DAGs
[2023-02-22T20:53:04.352+0000] {logging_mixin.py:137} INFO - [2023-02-22T20:53:04.352+0000] {dag.py:3441} INFO - Setting next_dagrun for example_dag_decorator to None, run_after=None
[2023-02-22T20:53:04.380+0000] {processor.py:175} INFO - Processing /home/airflow/.local/lib/python3.7/site-packages/airflow/example_dags/example_dag_decorator.py took 0.173 seconds
