[2023-02-22T20:44:21.787+0000] {processor.py:153} INFO - Started process (PID=99) to work on /home/airflow/.local/lib/python3.7/site-packages/airflow/example_dags/example_branch_python_dop_operator_3.py
[2023-02-22T20:44:21.788+0000] {processor.py:743} INFO - Processing file /home/airflow/.local/lib/python3.7/site-packages/airflow/example_dags/example_branch_python_dop_operator_3.py for tasks to queue
[2023-02-22T20:44:21.790+0000] {logging_mixin.py:137} INFO - [2023-02-22T20:44:21.790+0000] {dagbag.py:538} INFO - Filling up the DagBag from /home/airflow/.local/lib/python3.7/site-packages/airflow/example_dags/example_branch_python_dop_operator_3.py
[2023-02-22T20:44:21.880+0000] {processor.py:753} INFO - DAG(s) dict_keys(['example_branch_dop_operator_v3']) retrieved from /home/airflow/.local/lib/python3.7/site-packages/airflow/example_dags/example_branch_python_dop_operator_3.py
[2023-02-22T20:44:22.038+0000] {logging_mixin.py:137} INFO - [2023-02-22T20:44:22.038+0000] {dag.py:2690} INFO - Sync 1 DAGs
[2023-02-22T20:44:22.171+0000] {logging_mixin.py:137} INFO - [2023-02-22T20:44:22.169+0000] {dag.py:3441} INFO - Setting next_dagrun for example_branch_dop_operator_v3 to 2023-02-22T20:43:00+00:00, run_after=2023-02-22T20:44:00+00:00
[2023-02-22T20:44:22.326+0000] {processor.py:175} INFO - Processing /home/airflow/.local/lib/python3.7/site-packages/airflow/example_dags/example_branch_python_dop_operator_3.py took 0.551 seconds
[2023-02-22T20:44:52.816+0000] {processor.py:153} INFO - Started process (PID=154) to work on /home/airflow/.local/lib/python3.7/site-packages/airflow/example_dags/example_branch_python_dop_operator_3.py
[2023-02-22T20:44:52.822+0000] {processor.py:743} INFO - Processing file /home/airflow/.local/lib/python3.7/site-packages/airflow/example_dags/example_branch_python_dop_operator_3.py for tasks to queue
[2023-02-22T20:44:52.824+0000] {logging_mixin.py:137} INFO - [2023-02-22T20:44:52.823+0000] {dagbag.py:538} INFO - Filling up the DagBag from /home/airflow/.local/lib/python3.7/site-packages/airflow/example_dags/example_branch_python_dop_operator_3.py
[2023-02-22T20:44:52.894+0000] {processor.py:753} INFO - DAG(s) dict_keys(['example_branch_dop_operator_v3']) retrieved from /home/airflow/.local/lib/python3.7/site-packages/airflow/example_dags/example_branch_python_dop_operator_3.py
[2023-02-22T20:44:53.001+0000] {logging_mixin.py:137} INFO - [2023-02-22T20:44:53.001+0000] {dag.py:2690} INFO - Sync 1 DAGs
[2023-02-22T20:44:53.070+0000] {logging_mixin.py:137} INFO - [2023-02-22T20:44:53.070+0000] {dag.py:3441} INFO - Setting next_dagrun for example_branch_dop_operator_v3 to 2023-02-22T20:43:00+00:00, run_after=2023-02-22T20:44:00+00:00
[2023-02-22T20:44:53.108+0000] {processor.py:175} INFO - Processing /home/airflow/.local/lib/python3.7/site-packages/airflow/example_dags/example_branch_python_dop_operator_3.py took 0.301 seconds
[2023-02-22T20:45:23.876+0000] {processor.py:153} INFO - Started process (PID=226) to work on /home/airflow/.local/lib/python3.7/site-packages/airflow/example_dags/example_branch_python_dop_operator_3.py
[2023-02-22T20:45:23.878+0000] {processor.py:743} INFO - Processing file /home/airflow/.local/lib/python3.7/site-packages/airflow/example_dags/example_branch_python_dop_operator_3.py for tasks to queue
[2023-02-22T20:45:23.879+0000] {logging_mixin.py:137} INFO - [2023-02-22T20:45:23.878+0000] {dagbag.py:538} INFO - Filling up the DagBag from /home/airflow/.local/lib/python3.7/site-packages/airflow/example_dags/example_branch_python_dop_operator_3.py
[2023-02-22T20:45:23.914+0000] {processor.py:753} INFO - DAG(s) dict_keys(['example_branch_dop_operator_v3']) retrieved from /home/airflow/.local/lib/python3.7/site-packages/airflow/example_dags/example_branch_python_dop_operator_3.py
[2023-02-22T20:45:23.964+0000] {logging_mixin.py:137} INFO - [2023-02-22T20:45:23.963+0000] {dag.py:2690} INFO - Sync 1 DAGs
[2023-02-22T20:45:24.012+0000] {logging_mixin.py:137} INFO - [2023-02-22T20:45:24.012+0000] {dag.py:3441} INFO - Setting next_dagrun for example_branch_dop_operator_v3 to 2023-02-22T20:44:00+00:00, run_after=2023-02-22T20:45:00+00:00
[2023-02-22T20:45:24.054+0000] {processor.py:175} INFO - Processing /home/airflow/.local/lib/python3.7/site-packages/airflow/example_dags/example_branch_python_dop_operator_3.py took 0.182 seconds
[2023-02-22T20:45:54.722+0000] {processor.py:153} INFO - Started process (PID=297) to work on /home/airflow/.local/lib/python3.7/site-packages/airflow/example_dags/example_branch_python_dop_operator_3.py
[2023-02-22T20:45:54.724+0000] {processor.py:743} INFO - Processing file /home/airflow/.local/lib/python3.7/site-packages/airflow/example_dags/example_branch_python_dop_operator_3.py for tasks to queue
[2023-02-22T20:45:54.725+0000] {logging_mixin.py:137} INFO - [2023-02-22T20:45:54.724+0000] {dagbag.py:538} INFO - Filling up the DagBag from /home/airflow/.local/lib/python3.7/site-packages/airflow/example_dags/example_branch_python_dop_operator_3.py
[2023-02-22T20:45:54.754+0000] {processor.py:753} INFO - DAG(s) dict_keys(['example_branch_dop_operator_v3']) retrieved from /home/airflow/.local/lib/python3.7/site-packages/airflow/example_dags/example_branch_python_dop_operator_3.py
[2023-02-22T20:45:54.784+0000] {logging_mixin.py:137} INFO - [2023-02-22T20:45:54.784+0000] {dag.py:2690} INFO - Sync 1 DAGs
[2023-02-22T20:45:54.820+0000] {logging_mixin.py:137} INFO - [2023-02-22T20:45:54.819+0000] {dag.py:3441} INFO - Setting next_dagrun for example_branch_dop_operator_v3 to 2023-02-22T20:44:00+00:00, run_after=2023-02-22T20:45:00+00:00
[2023-02-22T20:45:54.845+0000] {processor.py:175} INFO - Processing /home/airflow/.local/lib/python3.7/site-packages/airflow/example_dags/example_branch_python_dop_operator_3.py took 0.128 seconds
[2023-02-22T20:46:25.421+0000] {processor.py:153} INFO - Started process (PID=368) to work on /home/airflow/.local/lib/python3.7/site-packages/airflow/example_dags/example_branch_python_dop_operator_3.py
[2023-02-22T20:46:25.422+0000] {processor.py:743} INFO - Processing file /home/airflow/.local/lib/python3.7/site-packages/airflow/example_dags/example_branch_python_dop_operator_3.py for tasks to queue
[2023-02-22T20:46:25.423+0000] {logging_mixin.py:137} INFO - [2023-02-22T20:46:25.422+0000] {dagbag.py:538} INFO - Filling up the DagBag from /home/airflow/.local/lib/python3.7/site-packages/airflow/example_dags/example_branch_python_dop_operator_3.py
[2023-02-22T20:46:25.451+0000] {processor.py:753} INFO - DAG(s) dict_keys(['example_branch_dop_operator_v3']) retrieved from /home/airflow/.local/lib/python3.7/site-packages/airflow/example_dags/example_branch_python_dop_operator_3.py
[2023-02-22T20:46:25.484+0000] {logging_mixin.py:137} INFO - [2023-02-22T20:46:25.484+0000] {dag.py:2690} INFO - Sync 1 DAGs
[2023-02-22T20:46:25.522+0000] {logging_mixin.py:137} INFO - [2023-02-22T20:46:25.522+0000] {dag.py:3441} INFO - Setting next_dagrun for example_branch_dop_operator_v3 to 2023-02-22T20:45:00+00:00, run_after=2023-02-22T20:46:00+00:00
[2023-02-22T20:46:25.555+0000] {processor.py:175} INFO - Processing /home/airflow/.local/lib/python3.7/site-packages/airflow/example_dags/example_branch_python_dop_operator_3.py took 0.139 seconds
[2023-02-22T20:46:55.829+0000] {processor.py:153} INFO - Started process (PID=439) to work on /home/airflow/.local/lib/python3.7/site-packages/airflow/example_dags/example_branch_python_dop_operator_3.py
[2023-02-22T20:46:55.831+0000] {processor.py:743} INFO - Processing file /home/airflow/.local/lib/python3.7/site-packages/airflow/example_dags/example_branch_python_dop_operator_3.py for tasks to queue
[2023-02-22T20:46:55.832+0000] {logging_mixin.py:137} INFO - [2023-02-22T20:46:55.832+0000] {dagbag.py:538} INFO - Filling up the DagBag from /home/airflow/.local/lib/python3.7/site-packages/airflow/example_dags/example_branch_python_dop_operator_3.py
[2023-02-22T20:46:55.869+0000] {processor.py:753} INFO - DAG(s) dict_keys(['example_branch_dop_operator_v3']) retrieved from /home/airflow/.local/lib/python3.7/site-packages/airflow/example_dags/example_branch_python_dop_operator_3.py
[2023-02-22T20:46:55.925+0000] {logging_mixin.py:137} INFO - [2023-02-22T20:46:55.924+0000] {dag.py:2690} INFO - Sync 1 DAGs
[2023-02-22T20:46:55.983+0000] {logging_mixin.py:137} INFO - [2023-02-22T20:46:55.983+0000] {dag.py:3441} INFO - Setting next_dagrun for example_branch_dop_operator_v3 to 2023-02-22T20:45:00+00:00, run_after=2023-02-22T20:46:00+00:00
[2023-02-22T20:46:56.035+0000] {processor.py:175} INFO - Processing /home/airflow/.local/lib/python3.7/site-packages/airflow/example_dags/example_branch_python_dop_operator_3.py took 0.212 seconds
[2023-02-22T20:47:26.988+0000] {processor.py:153} INFO - Started process (PID=510) to work on /home/airflow/.local/lib/python3.7/site-packages/airflow/example_dags/example_branch_python_dop_operator_3.py
[2023-02-22T20:47:26.990+0000] {processor.py:743} INFO - Processing file /home/airflow/.local/lib/python3.7/site-packages/airflow/example_dags/example_branch_python_dop_operator_3.py for tasks to queue
[2023-02-22T20:47:26.991+0000] {logging_mixin.py:137} INFO - [2023-02-22T20:47:26.991+0000] {dagbag.py:538} INFO - Filling up the DagBag from /home/airflow/.local/lib/python3.7/site-packages/airflow/example_dags/example_branch_python_dop_operator_3.py
[2023-02-22T20:47:27.065+0000] {processor.py:753} INFO - DAG(s) dict_keys(['example_branch_dop_operator_v3']) retrieved from /home/airflow/.local/lib/python3.7/site-packages/airflow/example_dags/example_branch_python_dop_operator_3.py
[2023-02-22T20:47:27.144+0000] {logging_mixin.py:137} INFO - [2023-02-22T20:47:27.144+0000] {dag.py:2690} INFO - Sync 1 DAGs
[2023-02-22T20:47:27.252+0000] {logging_mixin.py:137} INFO - [2023-02-22T20:47:27.251+0000] {dag.py:3441} INFO - Setting next_dagrun for example_branch_dop_operator_v3 to 2023-02-22T20:46:00+00:00, run_after=2023-02-22T20:47:00+00:00
[2023-02-22T20:47:27.322+0000] {processor.py:175} INFO - Processing /home/airflow/.local/lib/python3.7/site-packages/airflow/example_dags/example_branch_python_dop_operator_3.py took 0.341 seconds
[2023-02-22T20:48:00.857+0000] {processor.py:153} INFO - Started process (PID=581) to work on /home/airflow/.local/lib/python3.7/site-packages/airflow/example_dags/example_branch_python_dop_operator_3.py
[2023-02-22T20:48:00.898+0000] {processor.py:743} INFO - Processing file /home/airflow/.local/lib/python3.7/site-packages/airflow/example_dags/example_branch_python_dop_operator_3.py for tasks to queue
[2023-02-22T20:48:00.900+0000] {logging_mixin.py:137} INFO - [2023-02-22T20:48:00.900+0000] {dagbag.py:538} INFO - Filling up the DagBag from /home/airflow/.local/lib/python3.7/site-packages/airflow/example_dags/example_branch_python_dop_operator_3.py
[2023-02-22T20:48:01.031+0000] {processor.py:753} INFO - DAG(s) dict_keys(['example_branch_dop_operator_v3']) retrieved from /home/airflow/.local/lib/python3.7/site-packages/airflow/example_dags/example_branch_python_dop_operator_3.py
[2023-02-22T20:48:01.172+0000] {logging_mixin.py:137} INFO - [2023-02-22T20:48:01.171+0000] {dag.py:2690} INFO - Sync 1 DAGs
[2023-02-22T20:48:01.379+0000] {logging_mixin.py:137} INFO - [2023-02-22T20:48:01.379+0000] {dag.py:3441} INFO - Setting next_dagrun for example_branch_dop_operator_v3 to 2023-02-22T20:47:00+00:00, run_after=2023-02-22T20:48:00+00:00
[2023-02-22T20:48:01.492+0000] {processor.py:175} INFO - Processing /home/airflow/.local/lib/python3.7/site-packages/airflow/example_dags/example_branch_python_dop_operator_3.py took 0.664 seconds
[2023-02-22T20:48:31.801+0000] {processor.py:153} INFO - Started process (PID=645) to work on /home/airflow/.local/lib/python3.7/site-packages/airflow/example_dags/example_branch_python_dop_operator_3.py
[2023-02-22T20:48:31.803+0000] {processor.py:743} INFO - Processing file /home/airflow/.local/lib/python3.7/site-packages/airflow/example_dags/example_branch_python_dop_operator_3.py for tasks to queue
[2023-02-22T20:48:31.804+0000] {logging_mixin.py:137} INFO - [2023-02-22T20:48:31.804+0000] {dagbag.py:538} INFO - Filling up the DagBag from /home/airflow/.local/lib/python3.7/site-packages/airflow/example_dags/example_branch_python_dop_operator_3.py
[2023-02-22T20:48:31.996+0000] {processor.py:753} INFO - DAG(s) dict_keys(['example_branch_dop_operator_v3']) retrieved from /home/airflow/.local/lib/python3.7/site-packages/airflow/example_dags/example_branch_python_dop_operator_3.py
[2023-02-22T20:48:32.149+0000] {logging_mixin.py:137} INFO - [2023-02-22T20:48:32.149+0000] {dag.py:2690} INFO - Sync 1 DAGs
[2023-02-22T20:48:32.355+0000] {logging_mixin.py:137} INFO - [2023-02-22T20:48:32.354+0000] {dag.py:3441} INFO - Setting next_dagrun for example_branch_dop_operator_v3 to 2023-02-22T20:47:00+00:00, run_after=2023-02-22T20:48:00+00:00
[2023-02-22T20:48:32.499+0000] {processor.py:175} INFO - Processing /home/airflow/.local/lib/python3.7/site-packages/airflow/example_dags/example_branch_python_dop_operator_3.py took 0.741 seconds
[2023-02-22T20:49:03.444+0000] {processor.py:153} INFO - Started process (PID=707) to work on /home/airflow/.local/lib/python3.7/site-packages/airflow/example_dags/example_branch_python_dop_operator_3.py
[2023-02-22T20:49:03.450+0000] {processor.py:743} INFO - Processing file /home/airflow/.local/lib/python3.7/site-packages/airflow/example_dags/example_branch_python_dop_operator_3.py for tasks to queue
[2023-02-22T20:49:03.452+0000] {logging_mixin.py:137} INFO - [2023-02-22T20:49:03.451+0000] {dagbag.py:538} INFO - Filling up the DagBag from /home/airflow/.local/lib/python3.7/site-packages/airflow/example_dags/example_branch_python_dop_operator_3.py
[2023-02-22T20:49:03.562+0000] {processor.py:753} INFO - DAG(s) dict_keys(['example_branch_dop_operator_v3']) retrieved from /home/airflow/.local/lib/python3.7/site-packages/airflow/example_dags/example_branch_python_dop_operator_3.py
[2023-02-22T20:49:03.661+0000] {logging_mixin.py:137} INFO - [2023-02-22T20:49:03.660+0000] {dag.py:2690} INFO - Sync 1 DAGs
[2023-02-22T20:49:03.764+0000] {logging_mixin.py:137} INFO - [2023-02-22T20:49:03.764+0000] {dag.py:3441} INFO - Setting next_dagrun for example_branch_dop_operator_v3 to 2023-02-22T20:48:00+00:00, run_after=2023-02-22T20:49:00+00:00
[2023-02-22T20:49:03.877+0000] {processor.py:175} INFO - Processing /home/airflow/.local/lib/python3.7/site-packages/airflow/example_dags/example_branch_python_dop_operator_3.py took 0.447 seconds
[2023-02-22T20:49:34.482+0000] {processor.py:153} INFO - Started process (PID=771) to work on /home/airflow/.local/lib/python3.7/site-packages/airflow/example_dags/example_branch_python_dop_operator_3.py
[2023-02-22T20:49:34.494+0000] {processor.py:743} INFO - Processing file /home/airflow/.local/lib/python3.7/site-packages/airflow/example_dags/example_branch_python_dop_operator_3.py for tasks to queue
[2023-02-22T20:49:34.495+0000] {logging_mixin.py:137} INFO - [2023-02-22T20:49:34.495+0000] {dagbag.py:538} INFO - Filling up the DagBag from /home/airflow/.local/lib/python3.7/site-packages/airflow/example_dags/example_branch_python_dop_operator_3.py
[2023-02-22T20:49:34.656+0000] {processor.py:753} INFO - DAG(s) dict_keys(['example_branch_dop_operator_v3']) retrieved from /home/airflow/.local/lib/python3.7/site-packages/airflow/example_dags/example_branch_python_dop_operator_3.py
[2023-02-22T20:49:34.794+0000] {logging_mixin.py:137} INFO - [2023-02-22T20:49:34.793+0000] {dag.py:2690} INFO - Sync 1 DAGs
[2023-02-22T20:49:35.108+0000] {logging_mixin.py:137} INFO - [2023-02-22T20:49:35.107+0000] {dag.py:3441} INFO - Setting next_dagrun for example_branch_dop_operator_v3 to 2023-02-22T20:48:00+00:00, run_after=2023-02-22T20:49:00+00:00
[2023-02-22T20:49:35.260+0000] {processor.py:175} INFO - Processing /home/airflow/.local/lib/python3.7/site-packages/airflow/example_dags/example_branch_python_dop_operator_3.py took 0.793 seconds
[2023-02-22T20:50:05.428+0000] {processor.py:153} INFO - Started process (PID=834) to work on /home/airflow/.local/lib/python3.7/site-packages/airflow/example_dags/example_branch_python_dop_operator_3.py
[2023-02-22T20:50:05.430+0000] {processor.py:743} INFO - Processing file /home/airflow/.local/lib/python3.7/site-packages/airflow/example_dags/example_branch_python_dop_operator_3.py for tasks to queue
[2023-02-22T20:50:05.431+0000] {logging_mixin.py:137} INFO - [2023-02-22T20:50:05.431+0000] {dagbag.py:538} INFO - Filling up the DagBag from /home/airflow/.local/lib/python3.7/site-packages/airflow/example_dags/example_branch_python_dop_operator_3.py
[2023-02-22T20:50:05.549+0000] {processor.py:753} INFO - DAG(s) dict_keys(['example_branch_dop_operator_v3']) retrieved from /home/airflow/.local/lib/python3.7/site-packages/airflow/example_dags/example_branch_python_dop_operator_3.py
[2023-02-22T20:50:05.672+0000] {logging_mixin.py:137} INFO - [2023-02-22T20:50:05.672+0000] {dag.py:2690} INFO - Sync 1 DAGs
[2023-02-22T20:50:05.864+0000] {logging_mixin.py:137} INFO - [2023-02-22T20:50:05.863+0000] {dag.py:3441} INFO - Setting next_dagrun for example_branch_dop_operator_v3 to 2023-02-22T20:49:00+00:00, run_after=2023-02-22T20:50:00+00:00
[2023-02-22T20:50:06.007+0000] {processor.py:175} INFO - Processing /home/airflow/.local/lib/python3.7/site-packages/airflow/example_dags/example_branch_python_dop_operator_3.py took 0.607 seconds
[2023-02-22T20:50:37.057+0000] {processor.py:153} INFO - Started process (PID=905) to work on /home/airflow/.local/lib/python3.7/site-packages/airflow/example_dags/example_branch_python_dop_operator_3.py
[2023-02-22T20:50:37.078+0000] {processor.py:743} INFO - Processing file /home/airflow/.local/lib/python3.7/site-packages/airflow/example_dags/example_branch_python_dop_operator_3.py for tasks to queue
[2023-02-22T20:50:37.079+0000] {logging_mixin.py:137} INFO - [2023-02-22T20:50:37.079+0000] {dagbag.py:538} INFO - Filling up the DagBag from /home/airflow/.local/lib/python3.7/site-packages/airflow/example_dags/example_branch_python_dop_operator_3.py
[2023-02-22T20:50:37.226+0000] {processor.py:753} INFO - DAG(s) dict_keys(['example_branch_dop_operator_v3']) retrieved from /home/airflow/.local/lib/python3.7/site-packages/airflow/example_dags/example_branch_python_dop_operator_3.py
[2023-02-22T20:50:37.341+0000] {logging_mixin.py:137} INFO - [2023-02-22T20:50:37.341+0000] {dag.py:2690} INFO - Sync 1 DAGs
[2023-02-22T20:50:37.493+0000] {logging_mixin.py:137} INFO - [2023-02-22T20:50:37.493+0000] {dag.py:3441} INFO - Setting next_dagrun for example_branch_dop_operator_v3 to 2023-02-22T20:49:00+00:00, run_after=2023-02-22T20:50:00+00:00
[2023-02-22T20:50:37.591+0000] {processor.py:175} INFO - Processing /home/airflow/.local/lib/python3.7/site-packages/airflow/example_dags/example_branch_python_dop_operator_3.py took 0.551 seconds
[2023-02-22T20:51:07.807+0000] {processor.py:153} INFO - Started process (PID=970) to work on /home/airflow/.local/lib/python3.7/site-packages/airflow/example_dags/example_branch_python_dop_operator_3.py
[2023-02-22T20:51:07.808+0000] {processor.py:743} INFO - Processing file /home/airflow/.local/lib/python3.7/site-packages/airflow/example_dags/example_branch_python_dop_operator_3.py for tasks to queue
[2023-02-22T20:51:07.808+0000] {logging_mixin.py:137} INFO - [2023-02-22T20:51:07.808+0000] {dagbag.py:538} INFO - Filling up the DagBag from /home/airflow/.local/lib/python3.7/site-packages/airflow/example_dags/example_branch_python_dop_operator_3.py
[2023-02-22T20:51:07.838+0000] {processor.py:753} INFO - DAG(s) dict_keys(['example_branch_dop_operator_v3']) retrieved from /home/airflow/.local/lib/python3.7/site-packages/airflow/example_dags/example_branch_python_dop_operator_3.py
[2023-02-22T20:51:07.873+0000] {logging_mixin.py:137} INFO - [2023-02-22T20:51:07.873+0000] {dag.py:2690} INFO - Sync 1 DAGs
[2023-02-22T20:51:07.909+0000] {logging_mixin.py:137} INFO - [2023-02-22T20:51:07.908+0000] {dag.py:3441} INFO - Setting next_dagrun for example_branch_dop_operator_v3 to 2023-02-22T20:50:00+00:00, run_after=2023-02-22T20:51:00+00:00
[2023-02-22T20:51:07.937+0000] {processor.py:175} INFO - Processing /home/airflow/.local/lib/python3.7/site-packages/airflow/example_dags/example_branch_python_dop_operator_3.py took 0.134 seconds
[2023-02-22T20:51:38.565+0000] {processor.py:153} INFO - Started process (PID=1048) to work on /home/airflow/.local/lib/python3.7/site-packages/airflow/example_dags/example_branch_python_dop_operator_3.py
[2023-02-22T20:51:38.567+0000] {processor.py:743} INFO - Processing file /home/airflow/.local/lib/python3.7/site-packages/airflow/example_dags/example_branch_python_dop_operator_3.py for tasks to queue
[2023-02-22T20:51:38.568+0000] {logging_mixin.py:137} INFO - [2023-02-22T20:51:38.568+0000] {dagbag.py:538} INFO - Filling up the DagBag from /home/airflow/.local/lib/python3.7/site-packages/airflow/example_dags/example_branch_python_dop_operator_3.py
[2023-02-22T20:51:38.604+0000] {processor.py:753} INFO - DAG(s) dict_keys(['example_branch_dop_operator_v3']) retrieved from /home/airflow/.local/lib/python3.7/site-packages/airflow/example_dags/example_branch_python_dop_operator_3.py
[2023-02-22T20:51:38.640+0000] {logging_mixin.py:137} INFO - [2023-02-22T20:51:38.640+0000] {dag.py:2690} INFO - Sync 1 DAGs
[2023-02-22T20:51:38.695+0000] {logging_mixin.py:137} INFO - [2023-02-22T20:51:38.695+0000] {dag.py:3441} INFO - Setting next_dagrun for example_branch_dop_operator_v3 to 2023-02-22T20:50:00+00:00, run_after=2023-02-22T20:51:00+00:00
[2023-02-22T20:51:38.730+0000] {processor.py:175} INFO - Processing /home/airflow/.local/lib/python3.7/site-packages/airflow/example_dags/example_branch_python_dop_operator_3.py took 0.170 seconds
[2023-02-22T20:52:09.001+0000] {processor.py:153} INFO - Started process (PID=1119) to work on /home/airflow/.local/lib/python3.7/site-packages/airflow/example_dags/example_branch_python_dop_operator_3.py
[2023-02-22T20:52:09.002+0000] {processor.py:743} INFO - Processing file /home/airflow/.local/lib/python3.7/site-packages/airflow/example_dags/example_branch_python_dop_operator_3.py for tasks to queue
[2023-02-22T20:52:09.003+0000] {logging_mixin.py:137} INFO - [2023-02-22T20:52:09.002+0000] {dagbag.py:538} INFO - Filling up the DagBag from /home/airflow/.local/lib/python3.7/site-packages/airflow/example_dags/example_branch_python_dop_operator_3.py
[2023-02-22T20:52:09.025+0000] {processor.py:753} INFO - DAG(s) dict_keys(['example_branch_dop_operator_v3']) retrieved from /home/airflow/.local/lib/python3.7/site-packages/airflow/example_dags/example_branch_python_dop_operator_3.py
[2023-02-22T20:52:09.049+0000] {logging_mixin.py:137} INFO - [2023-02-22T20:52:09.049+0000] {dag.py:2690} INFO - Sync 1 DAGs
[2023-02-22T20:52:09.074+0000] {logging_mixin.py:137} INFO - [2023-02-22T20:52:09.073+0000] {dag.py:3441} INFO - Setting next_dagrun for example_branch_dop_operator_v3 to 2023-02-22T20:51:00+00:00, run_after=2023-02-22T20:52:00+00:00
[2023-02-22T20:52:09.093+0000] {processor.py:175} INFO - Processing /home/airflow/.local/lib/python3.7/site-packages/airflow/example_dags/example_branch_python_dop_operator_3.py took 0.095 seconds
[2023-02-22T20:52:39.888+0000] {processor.py:153} INFO - Started process (PID=1206) to work on /home/airflow/.local/lib/python3.7/site-packages/airflow/example_dags/example_branch_python_dop_operator_3.py
[2023-02-22T20:52:39.889+0000] {processor.py:743} INFO - Processing file /home/airflow/.local/lib/python3.7/site-packages/airflow/example_dags/example_branch_python_dop_operator_3.py for tasks to queue
[2023-02-22T20:52:39.889+0000] {logging_mixin.py:137} INFO - [2023-02-22T20:52:39.889+0000] {dagbag.py:538} INFO - Filling up the DagBag from /home/airflow/.local/lib/python3.7/site-packages/airflow/example_dags/example_branch_python_dop_operator_3.py
[2023-02-22T20:52:39.908+0000] {processor.py:753} INFO - DAG(s) dict_keys(['example_branch_dop_operator_v3']) retrieved from /home/airflow/.local/lib/python3.7/site-packages/airflow/example_dags/example_branch_python_dop_operator_3.py
[2023-02-22T20:52:39.933+0000] {logging_mixin.py:137} INFO - [2023-02-22T20:52:39.933+0000] {dag.py:2690} INFO - Sync 1 DAGs
[2023-02-22T20:52:39.959+0000] {logging_mixin.py:137} INFO - [2023-02-22T20:52:39.959+0000] {dag.py:3441} INFO - Setting next_dagrun for example_branch_dop_operator_v3 to 2023-02-22T20:51:00+00:00, run_after=2023-02-22T20:52:00+00:00
[2023-02-22T20:52:39.978+0000] {processor.py:175} INFO - Processing /home/airflow/.local/lib/python3.7/site-packages/airflow/example_dags/example_branch_python_dop_operator_3.py took 0.093 seconds
[2023-02-22T20:53:10.319+0000] {processor.py:153} INFO - Started process (PID=1277) to work on /home/airflow/.local/lib/python3.7/site-packages/airflow/example_dags/example_branch_python_dop_operator_3.py
[2023-02-22T20:53:10.320+0000] {processor.py:743} INFO - Processing file /home/airflow/.local/lib/python3.7/site-packages/airflow/example_dags/example_branch_python_dop_operator_3.py for tasks to queue
[2023-02-22T20:53:10.320+0000] {logging_mixin.py:137} INFO - [2023-02-22T20:53:10.320+0000] {dagbag.py:538} INFO - Filling up the DagBag from /home/airflow/.local/lib/python3.7/site-packages/airflow/example_dags/example_branch_python_dop_operator_3.py
[2023-02-22T20:53:10.355+0000] {processor.py:753} INFO - DAG(s) dict_keys(['example_branch_dop_operator_v3']) retrieved from /home/airflow/.local/lib/python3.7/site-packages/airflow/example_dags/example_branch_python_dop_operator_3.py
[2023-02-22T20:53:10.415+0000] {logging_mixin.py:137} INFO - [2023-02-22T20:53:10.414+0000] {dag.py:2690} INFO - Sync 1 DAGs
[2023-02-22T20:53:10.537+0000] {logging_mixin.py:137} INFO - [2023-02-22T20:53:10.537+0000] {dag.py:3441} INFO - Setting next_dagrun for example_branch_dop_operator_v3 to 2023-02-22T20:52:00+00:00, run_after=2023-02-22T20:53:00+00:00
[2023-02-22T20:53:10.595+0000] {processor.py:175} INFO - Processing /home/airflow/.local/lib/python3.7/site-packages/airflow/example_dags/example_branch_python_dop_operator_3.py took 0.280 seconds
