[2023-02-22T20:44:19.003+0000] {processor.py:153} INFO - Started process (PID=84) to work on /home/airflow/.local/lib/python3.7/site-packages/airflow/example_dags/example_python_operator.py
[2023-02-22T20:44:19.006+0000] {processor.py:743} INFO - Processing file /home/airflow/.local/lib/python3.7/site-packages/airflow/example_dags/example_python_operator.py for tasks to queue
[2023-02-22T20:44:19.010+0000] {logging_mixin.py:137} INFO - [2023-02-22T20:44:19.009+0000] {dagbag.py:538} INFO - Filling up the DagBag from /home/airflow/.local/lib/python3.7/site-packages/airflow/example_dags/example_python_operator.py
[2023-02-22T20:44:19.121+0000] {logging_mixin.py:137} INFO - [2023-02-22T20:44:19.121+0000] {taskmixin.py:205} WARNING - Dependency <Task(_PythonDecoratedOperator): print_the_context>, log_sql_query already registered for DAG: example_python_operator
[2023-02-22T20:44:19.122+0000] {logging_mixin.py:137} INFO - [2023-02-22T20:44:19.122+0000] {taskmixin.py:205} WARNING - Dependency <Task(_PythonDecoratedOperator): log_sql_query>, print_the_context already registered for DAG: example_python_operator
[2023-02-22T20:44:19.123+0000] {logging_mixin.py:137} INFO - [2023-02-22T20:44:19.123+0000] {taskmixin.py:205} WARNING - Dependency <Task(_PythonDecoratedOperator): print_the_context>, log_sql_query already registered for DAG: example_python_operator
[2023-02-22T20:44:19.124+0000] {logging_mixin.py:137} INFO - [2023-02-22T20:44:19.123+0000] {taskmixin.py:205} WARNING - Dependency <Task(_PythonDecoratedOperator): log_sql_query>, print_the_context already registered for DAG: example_python_operator
[2023-02-22T20:44:19.125+0000] {logging_mixin.py:137} INFO - [2023-02-22T20:44:19.125+0000] {taskmixin.py:205} WARNING - Dependency <Task(_PythonDecoratedOperator): print_the_context>, log_sql_query already registered for DAG: example_python_operator
[2023-02-22T20:44:19.125+0000] {logging_mixin.py:137} INFO - [2023-02-22T20:44:19.125+0000] {taskmixin.py:205} WARNING - Dependency <Task(_PythonDecoratedOperator): log_sql_query>, print_the_context already registered for DAG: example_python_operator
[2023-02-22T20:44:19.138+0000] {logging_mixin.py:137} INFO - [2023-02-22T20:44:19.137+0000] {taskmixin.py:205} WARNING - Dependency <Task(_PythonDecoratedOperator): print_the_context>, log_sql_query already registered for DAG: example_python_operator
[2023-02-22T20:44:19.138+0000] {logging_mixin.py:137} INFO - [2023-02-22T20:44:19.138+0000] {taskmixin.py:205} WARNING - Dependency <Task(_PythonDecoratedOperator): log_sql_query>, print_the_context already registered for DAG: example_python_operator
[2023-02-22T20:44:19.184+0000] {processor.py:753} INFO - DAG(s) dict_keys(['example_python_operator']) retrieved from /home/airflow/.local/lib/python3.7/site-packages/airflow/example_dags/example_python_operator.py
[2023-02-22T20:44:19.473+0000] {logging_mixin.py:137} INFO - [2023-02-22T20:44:19.473+0000] {dag.py:2690} INFO - Sync 1 DAGs
[2023-02-22T20:44:19.584+0000] {logging_mixin.py:137} INFO - [2023-02-22T20:44:19.584+0000] {dag.py:3441} INFO - Setting next_dagrun for example_python_operator to None, run_after=None
[2023-02-22T20:44:19.731+0000] {processor.py:175} INFO - Processing /home/airflow/.local/lib/python3.7/site-packages/airflow/example_dags/example_python_operator.py took 0.736 seconds
[2023-02-22T20:44:49.893+0000] {processor.py:153} INFO - Started process (PID=146) to work on /home/airflow/.local/lib/python3.7/site-packages/airflow/example_dags/example_python_operator.py
[2023-02-22T20:44:49.895+0000] {processor.py:743} INFO - Processing file /home/airflow/.local/lib/python3.7/site-packages/airflow/example_dags/example_python_operator.py for tasks to queue
[2023-02-22T20:44:49.896+0000] {logging_mixin.py:137} INFO - [2023-02-22T20:44:49.896+0000] {dagbag.py:538} INFO - Filling up the DagBag from /home/airflow/.local/lib/python3.7/site-packages/airflow/example_dags/example_python_operator.py
[2023-02-22T20:44:49.928+0000] {logging_mixin.py:137} INFO - [2023-02-22T20:44:49.928+0000] {taskmixin.py:205} WARNING - Dependency <Task(_PythonDecoratedOperator): print_the_context>, log_sql_query already registered for DAG: example_python_operator
[2023-02-22T20:44:49.929+0000] {logging_mixin.py:137} INFO - [2023-02-22T20:44:49.928+0000] {taskmixin.py:205} WARNING - Dependency <Task(_PythonDecoratedOperator): log_sql_query>, print_the_context already registered for DAG: example_python_operator
[2023-02-22T20:44:49.930+0000] {logging_mixin.py:137} INFO - [2023-02-22T20:44:49.930+0000] {taskmixin.py:205} WARNING - Dependency <Task(_PythonDecoratedOperator): print_the_context>, log_sql_query already registered for DAG: example_python_operator
[2023-02-22T20:44:49.931+0000] {logging_mixin.py:137} INFO - [2023-02-22T20:44:49.930+0000] {taskmixin.py:205} WARNING - Dependency <Task(_PythonDecoratedOperator): log_sql_query>, print_the_context already registered for DAG: example_python_operator
[2023-02-22T20:44:49.932+0000] {logging_mixin.py:137} INFO - [2023-02-22T20:44:49.932+0000] {taskmixin.py:205} WARNING - Dependency <Task(_PythonDecoratedOperator): print_the_context>, log_sql_query already registered for DAG: example_python_operator
[2023-02-22T20:44:49.932+0000] {logging_mixin.py:137} INFO - [2023-02-22T20:44:49.932+0000] {taskmixin.py:205} WARNING - Dependency <Task(_PythonDecoratedOperator): log_sql_query>, print_the_context already registered for DAG: example_python_operator
[2023-02-22T20:44:49.933+0000] {logging_mixin.py:137} INFO - [2023-02-22T20:44:49.933+0000] {taskmixin.py:205} WARNING - Dependency <Task(_PythonDecoratedOperator): print_the_context>, log_sql_query already registered for DAG: example_python_operator
[2023-02-22T20:44:49.934+0000] {logging_mixin.py:137} INFO - [2023-02-22T20:44:49.934+0000] {taskmixin.py:205} WARNING - Dependency <Task(_PythonDecoratedOperator): log_sql_query>, print_the_context already registered for DAG: example_python_operator
[2023-02-22T20:44:49.954+0000] {processor.py:753} INFO - DAG(s) dict_keys(['example_python_operator']) retrieved from /home/airflow/.local/lib/python3.7/site-packages/airflow/example_dags/example_python_operator.py
[2023-02-22T20:44:50.015+0000] {logging_mixin.py:137} INFO - [2023-02-22T20:44:50.014+0000] {dag.py:2690} INFO - Sync 1 DAGs
[2023-02-22T20:44:50.071+0000] {logging_mixin.py:137} INFO - [2023-02-22T20:44:50.071+0000] {dag.py:3441} INFO - Setting next_dagrun for example_python_operator to None, run_after=None
[2023-02-22T20:44:50.103+0000] {processor.py:175} INFO - Processing /home/airflow/.local/lib/python3.7/site-packages/airflow/example_dags/example_python_operator.py took 0.214 seconds
[2023-02-22T20:45:21.135+0000] {processor.py:153} INFO - Started process (PID=218) to work on /home/airflow/.local/lib/python3.7/site-packages/airflow/example_dags/example_python_operator.py
[2023-02-22T20:45:21.137+0000] {processor.py:743} INFO - Processing file /home/airflow/.local/lib/python3.7/site-packages/airflow/example_dags/example_python_operator.py for tasks to queue
[2023-02-22T20:45:21.139+0000] {logging_mixin.py:137} INFO - [2023-02-22T20:45:21.138+0000] {dagbag.py:538} INFO - Filling up the DagBag from /home/airflow/.local/lib/python3.7/site-packages/airflow/example_dags/example_python_operator.py
[2023-02-22T20:45:21.170+0000] {logging_mixin.py:137} INFO - [2023-02-22T20:45:21.170+0000] {taskmixin.py:205} WARNING - Dependency <Task(_PythonDecoratedOperator): print_the_context>, log_sql_query already registered for DAG: example_python_operator
[2023-02-22T20:45:21.170+0000] {logging_mixin.py:137} INFO - [2023-02-22T20:45:21.170+0000] {taskmixin.py:205} WARNING - Dependency <Task(_PythonDecoratedOperator): log_sql_query>, print_the_context already registered for DAG: example_python_operator
[2023-02-22T20:45:21.171+0000] {logging_mixin.py:137} INFO - [2023-02-22T20:45:21.171+0000] {taskmixin.py:205} WARNING - Dependency <Task(_PythonDecoratedOperator): print_the_context>, log_sql_query already registered for DAG: example_python_operator
[2023-02-22T20:45:21.171+0000] {logging_mixin.py:137} INFO - [2023-02-22T20:45:21.171+0000] {taskmixin.py:205} WARNING - Dependency <Task(_PythonDecoratedOperator): log_sql_query>, print_the_context already registered for DAG: example_python_operator
[2023-02-22T20:45:21.172+0000] {logging_mixin.py:137} INFO - [2023-02-22T20:45:21.172+0000] {taskmixin.py:205} WARNING - Dependency <Task(_PythonDecoratedOperator): print_the_context>, log_sql_query already registered for DAG: example_python_operator
[2023-02-22T20:45:21.172+0000] {logging_mixin.py:137} INFO - [2023-02-22T20:45:21.172+0000] {taskmixin.py:205} WARNING - Dependency <Task(_PythonDecoratedOperator): log_sql_query>, print_the_context already registered for DAG: example_python_operator
[2023-02-22T20:45:21.173+0000] {logging_mixin.py:137} INFO - [2023-02-22T20:45:21.173+0000] {taskmixin.py:205} WARNING - Dependency <Task(_PythonDecoratedOperator): print_the_context>, log_sql_query already registered for DAG: example_python_operator
[2023-02-22T20:45:21.174+0000] {logging_mixin.py:137} INFO - [2023-02-22T20:45:21.173+0000] {taskmixin.py:205} WARNING - Dependency <Task(_PythonDecoratedOperator): log_sql_query>, print_the_context already registered for DAG: example_python_operator
[2023-02-22T20:45:21.187+0000] {processor.py:753} INFO - DAG(s) dict_keys(['example_python_operator']) retrieved from /home/airflow/.local/lib/python3.7/site-packages/airflow/example_dags/example_python_operator.py
[2023-02-22T20:45:21.237+0000] {logging_mixin.py:137} INFO - [2023-02-22T20:45:21.237+0000] {dag.py:2690} INFO - Sync 1 DAGs
[2023-02-22T20:45:21.280+0000] {logging_mixin.py:137} INFO - [2023-02-22T20:45:21.280+0000] {dag.py:3441} INFO - Setting next_dagrun for example_python_operator to None, run_after=None
[2023-02-22T20:45:21.315+0000] {processor.py:175} INFO - Processing /home/airflow/.local/lib/python3.7/site-packages/airflow/example_dags/example_python_operator.py took 0.185 seconds
[2023-02-22T20:45:51.901+0000] {processor.py:153} INFO - Started process (PID=289) to work on /home/airflow/.local/lib/python3.7/site-packages/airflow/example_dags/example_python_operator.py
[2023-02-22T20:45:51.903+0000] {processor.py:743} INFO - Processing file /home/airflow/.local/lib/python3.7/site-packages/airflow/example_dags/example_python_operator.py for tasks to queue
[2023-02-22T20:45:51.904+0000] {logging_mixin.py:137} INFO - [2023-02-22T20:45:51.904+0000] {dagbag.py:538} INFO - Filling up the DagBag from /home/airflow/.local/lib/python3.7/site-packages/airflow/example_dags/example_python_operator.py
[2023-02-22T20:45:51.932+0000] {logging_mixin.py:137} INFO - [2023-02-22T20:45:51.932+0000] {taskmixin.py:205} WARNING - Dependency <Task(_PythonDecoratedOperator): print_the_context>, log_sql_query already registered for DAG: example_python_operator
[2023-02-22T20:45:51.932+0000] {logging_mixin.py:137} INFO - [2023-02-22T20:45:51.932+0000] {taskmixin.py:205} WARNING - Dependency <Task(_PythonDecoratedOperator): log_sql_query>, print_the_context already registered for DAG: example_python_operator
[2023-02-22T20:45:51.933+0000] {logging_mixin.py:137} INFO - [2023-02-22T20:45:51.933+0000] {taskmixin.py:205} WARNING - Dependency <Task(_PythonDecoratedOperator): print_the_context>, log_sql_query already registered for DAG: example_python_operator
[2023-02-22T20:45:51.933+0000] {logging_mixin.py:137} INFO - [2023-02-22T20:45:51.933+0000] {taskmixin.py:205} WARNING - Dependency <Task(_PythonDecoratedOperator): log_sql_query>, print_the_context already registered for DAG: example_python_operator
[2023-02-22T20:45:51.934+0000] {logging_mixin.py:137} INFO - [2023-02-22T20:45:51.934+0000] {taskmixin.py:205} WARNING - Dependency <Task(_PythonDecoratedOperator): print_the_context>, log_sql_query already registered for DAG: example_python_operator
[2023-02-22T20:45:51.934+0000] {logging_mixin.py:137} INFO - [2023-02-22T20:45:51.934+0000] {taskmixin.py:205} WARNING - Dependency <Task(_PythonDecoratedOperator): log_sql_query>, print_the_context already registered for DAG: example_python_operator
[2023-02-22T20:45:51.935+0000] {logging_mixin.py:137} INFO - [2023-02-22T20:45:51.934+0000] {taskmixin.py:205} WARNING - Dependency <Task(_PythonDecoratedOperator): print_the_context>, log_sql_query already registered for DAG: example_python_operator
[2023-02-22T20:45:51.935+0000] {logging_mixin.py:137} INFO - [2023-02-22T20:45:51.935+0000] {taskmixin.py:205} WARNING - Dependency <Task(_PythonDecoratedOperator): log_sql_query>, print_the_context already registered for DAG: example_python_operator
[2023-02-22T20:45:51.944+0000] {processor.py:753} INFO - DAG(s) dict_keys(['example_python_operator']) retrieved from /home/airflow/.local/lib/python3.7/site-packages/airflow/example_dags/example_python_operator.py
[2023-02-22T20:45:51.986+0000] {logging_mixin.py:137} INFO - [2023-02-22T20:45:51.986+0000] {dag.py:2690} INFO - Sync 1 DAGs
[2023-02-22T20:45:52.032+0000] {logging_mixin.py:137} INFO - [2023-02-22T20:45:52.031+0000] {dag.py:3441} INFO - Setting next_dagrun for example_python_operator to None, run_after=None
[2023-02-22T20:45:52.068+0000] {processor.py:175} INFO - Processing /home/airflow/.local/lib/python3.7/site-packages/airflow/example_dags/example_python_operator.py took 0.172 seconds
[2023-02-22T20:46:22.709+0000] {processor.py:153} INFO - Started process (PID=360) to work on /home/airflow/.local/lib/python3.7/site-packages/airflow/example_dags/example_python_operator.py
[2023-02-22T20:46:22.710+0000] {processor.py:743} INFO - Processing file /home/airflow/.local/lib/python3.7/site-packages/airflow/example_dags/example_python_operator.py for tasks to queue
[2023-02-22T20:46:22.711+0000] {logging_mixin.py:137} INFO - [2023-02-22T20:46:22.711+0000] {dagbag.py:538} INFO - Filling up the DagBag from /home/airflow/.local/lib/python3.7/site-packages/airflow/example_dags/example_python_operator.py
[2023-02-22T20:46:22.743+0000] {logging_mixin.py:137} INFO - [2023-02-22T20:46:22.743+0000] {taskmixin.py:205} WARNING - Dependency <Task(_PythonDecoratedOperator): print_the_context>, log_sql_query already registered for DAG: example_python_operator
[2023-02-22T20:46:22.743+0000] {logging_mixin.py:137} INFO - [2023-02-22T20:46:22.743+0000] {taskmixin.py:205} WARNING - Dependency <Task(_PythonDecoratedOperator): log_sql_query>, print_the_context already registered for DAG: example_python_operator
[2023-02-22T20:46:22.745+0000] {logging_mixin.py:137} INFO - [2023-02-22T20:46:22.744+0000] {taskmixin.py:205} WARNING - Dependency <Task(_PythonDecoratedOperator): print_the_context>, log_sql_query already registered for DAG: example_python_operator
[2023-02-22T20:46:22.745+0000] {logging_mixin.py:137} INFO - [2023-02-22T20:46:22.745+0000] {taskmixin.py:205} WARNING - Dependency <Task(_PythonDecoratedOperator): log_sql_query>, print_the_context already registered for DAG: example_python_operator
[2023-02-22T20:46:22.746+0000] {logging_mixin.py:137} INFO - [2023-02-22T20:46:22.746+0000] {taskmixin.py:205} WARNING - Dependency <Task(_PythonDecoratedOperator): print_the_context>, log_sql_query already registered for DAG: example_python_operator
[2023-02-22T20:46:22.746+0000] {logging_mixin.py:137} INFO - [2023-02-22T20:46:22.746+0000] {taskmixin.py:205} WARNING - Dependency <Task(_PythonDecoratedOperator): log_sql_query>, print_the_context already registered for DAG: example_python_operator
[2023-02-22T20:46:22.747+0000] {logging_mixin.py:137} INFO - [2023-02-22T20:46:22.747+0000] {taskmixin.py:205} WARNING - Dependency <Task(_PythonDecoratedOperator): print_the_context>, log_sql_query already registered for DAG: example_python_operator
[2023-02-22T20:46:22.747+0000] {logging_mixin.py:137} INFO - [2023-02-22T20:46:22.747+0000] {taskmixin.py:205} WARNING - Dependency <Task(_PythonDecoratedOperator): log_sql_query>, print_the_context already registered for DAG: example_python_operator
[2023-02-22T20:46:22.759+0000] {processor.py:753} INFO - DAG(s) dict_keys(['example_python_operator']) retrieved from /home/airflow/.local/lib/python3.7/site-packages/airflow/example_dags/example_python_operator.py
[2023-02-22T20:46:22.804+0000] {logging_mixin.py:137} INFO - [2023-02-22T20:46:22.804+0000] {dag.py:2690} INFO - Sync 1 DAGs
[2023-02-22T20:46:22.846+0000] {logging_mixin.py:137} INFO - [2023-02-22T20:46:22.846+0000] {dag.py:3441} INFO - Setting next_dagrun for example_python_operator to None, run_after=None
[2023-02-22T20:46:22.880+0000] {processor.py:175} INFO - Processing /home/airflow/.local/lib/python3.7/site-packages/airflow/example_dags/example_python_operator.py took 0.178 seconds
[2023-02-22T20:46:52.971+0000] {processor.py:153} INFO - Started process (PID=431) to work on /home/airflow/.local/lib/python3.7/site-packages/airflow/example_dags/example_python_operator.py
[2023-02-22T20:46:52.976+0000] {processor.py:743} INFO - Processing file /home/airflow/.local/lib/python3.7/site-packages/airflow/example_dags/example_python_operator.py for tasks to queue
[2023-02-22T20:46:52.977+0000] {logging_mixin.py:137} INFO - [2023-02-22T20:46:52.977+0000] {dagbag.py:538} INFO - Filling up the DagBag from /home/airflow/.local/lib/python3.7/site-packages/airflow/example_dags/example_python_operator.py
[2023-02-22T20:46:53.007+0000] {logging_mixin.py:137} INFO - [2023-02-22T20:46:53.007+0000] {taskmixin.py:205} WARNING - Dependency <Task(_PythonDecoratedOperator): print_the_context>, log_sql_query already registered for DAG: example_python_operator
[2023-02-22T20:46:53.007+0000] {logging_mixin.py:137} INFO - [2023-02-22T20:46:53.007+0000] {taskmixin.py:205} WARNING - Dependency <Task(_PythonDecoratedOperator): log_sql_query>, print_the_context already registered for DAG: example_python_operator
[2023-02-22T20:46:53.008+0000] {logging_mixin.py:137} INFO - [2023-02-22T20:46:53.008+0000] {taskmixin.py:205} WARNING - Dependency <Task(_PythonDecoratedOperator): print_the_context>, log_sql_query already registered for DAG: example_python_operator
[2023-02-22T20:46:53.009+0000] {logging_mixin.py:137} INFO - [2023-02-22T20:46:53.009+0000] {taskmixin.py:205} WARNING - Dependency <Task(_PythonDecoratedOperator): log_sql_query>, print_the_context already registered for DAG: example_python_operator
[2023-02-22T20:46:53.009+0000] {logging_mixin.py:137} INFO - [2023-02-22T20:46:53.009+0000] {taskmixin.py:205} WARNING - Dependency <Task(_PythonDecoratedOperator): print_the_context>, log_sql_query already registered for DAG: example_python_operator
[2023-02-22T20:46:53.010+0000] {logging_mixin.py:137} INFO - [2023-02-22T20:46:53.010+0000] {taskmixin.py:205} WARNING - Dependency <Task(_PythonDecoratedOperator): log_sql_query>, print_the_context already registered for DAG: example_python_operator
[2023-02-22T20:46:53.011+0000] {logging_mixin.py:137} INFO - [2023-02-22T20:46:53.011+0000] {taskmixin.py:205} WARNING - Dependency <Task(_PythonDecoratedOperator): print_the_context>, log_sql_query already registered for DAG: example_python_operator
[2023-02-22T20:46:53.011+0000] {logging_mixin.py:137} INFO - [2023-02-22T20:46:53.011+0000] {taskmixin.py:205} WARNING - Dependency <Task(_PythonDecoratedOperator): log_sql_query>, print_the_context already registered for DAG: example_python_operator
[2023-02-22T20:46:53.024+0000] {processor.py:753} INFO - DAG(s) dict_keys(['example_python_operator']) retrieved from /home/airflow/.local/lib/python3.7/site-packages/airflow/example_dags/example_python_operator.py
[2023-02-22T20:46:53.075+0000] {logging_mixin.py:137} INFO - [2023-02-22T20:46:53.075+0000] {dag.py:2690} INFO - Sync 1 DAGs
[2023-02-22T20:46:53.125+0000] {logging_mixin.py:137} INFO - [2023-02-22T20:46:53.125+0000] {dag.py:3441} INFO - Setting next_dagrun for example_python_operator to None, run_after=None
[2023-02-22T20:46:53.163+0000] {processor.py:175} INFO - Processing /home/airflow/.local/lib/python3.7/site-packages/airflow/example_dags/example_python_operator.py took 0.199 seconds
[2023-02-22T20:47:25.712+0000] {processor.py:153} INFO - Started process (PID=502) to work on /home/airflow/.local/lib/python3.7/site-packages/airflow/example_dags/example_python_operator.py
[2023-02-22T20:47:25.716+0000] {processor.py:743} INFO - Processing file /home/airflow/.local/lib/python3.7/site-packages/airflow/example_dags/example_python_operator.py for tasks to queue
[2023-02-22T20:47:25.717+0000] {logging_mixin.py:137} INFO - [2023-02-22T20:47:25.717+0000] {dagbag.py:538} INFO - Filling up the DagBag from /home/airflow/.local/lib/python3.7/site-packages/airflow/example_dags/example_python_operator.py
[2023-02-22T20:47:25.764+0000] {logging_mixin.py:137} INFO - [2023-02-22T20:47:25.764+0000] {taskmixin.py:205} WARNING - Dependency <Task(_PythonDecoratedOperator): print_the_context>, log_sql_query already registered for DAG: example_python_operator
[2023-02-22T20:47:25.765+0000] {logging_mixin.py:137} INFO - [2023-02-22T20:47:25.765+0000] {taskmixin.py:205} WARNING - Dependency <Task(_PythonDecoratedOperator): log_sql_query>, print_the_context already registered for DAG: example_python_operator
[2023-02-22T20:47:25.766+0000] {logging_mixin.py:137} INFO - [2023-02-22T20:47:25.766+0000] {taskmixin.py:205} WARNING - Dependency <Task(_PythonDecoratedOperator): print_the_context>, log_sql_query already registered for DAG: example_python_operator
[2023-02-22T20:47:25.766+0000] {logging_mixin.py:137} INFO - [2023-02-22T20:47:25.766+0000] {taskmixin.py:205} WARNING - Dependency <Task(_PythonDecoratedOperator): log_sql_query>, print_the_context already registered for DAG: example_python_operator
[2023-02-22T20:47:25.769+0000] {logging_mixin.py:137} INFO - [2023-02-22T20:47:25.768+0000] {taskmixin.py:205} WARNING - Dependency <Task(_PythonDecoratedOperator): print_the_context>, log_sql_query already registered for DAG: example_python_operator
[2023-02-22T20:47:25.769+0000] {logging_mixin.py:137} INFO - [2023-02-22T20:47:25.769+0000] {taskmixin.py:205} WARNING - Dependency <Task(_PythonDecoratedOperator): log_sql_query>, print_the_context already registered for DAG: example_python_operator
[2023-02-22T20:47:25.771+0000] {logging_mixin.py:137} INFO - [2023-02-22T20:47:25.770+0000] {taskmixin.py:205} WARNING - Dependency <Task(_PythonDecoratedOperator): print_the_context>, log_sql_query already registered for DAG: example_python_operator
[2023-02-22T20:47:25.772+0000] {logging_mixin.py:137} INFO - [2023-02-22T20:47:25.771+0000] {taskmixin.py:205} WARNING - Dependency <Task(_PythonDecoratedOperator): log_sql_query>, print_the_context already registered for DAG: example_python_operator
[2023-02-22T20:47:25.786+0000] {processor.py:753} INFO - DAG(s) dict_keys(['example_python_operator']) retrieved from /home/airflow/.local/lib/python3.7/site-packages/airflow/example_dags/example_python_operator.py
[2023-02-22T20:47:25.842+0000] {logging_mixin.py:137} INFO - [2023-02-22T20:47:25.842+0000] {dag.py:2690} INFO - Sync 1 DAGs
[2023-02-22T20:47:25.901+0000] {logging_mixin.py:137} INFO - [2023-02-22T20:47:25.901+0000] {dag.py:3441} INFO - Setting next_dagrun for example_python_operator to None, run_after=None
[2023-02-22T20:47:25.957+0000] {processor.py:175} INFO - Processing /home/airflow/.local/lib/python3.7/site-packages/airflow/example_dags/example_python_operator.py took 0.253 seconds
[2023-02-22T20:47:57.732+0000] {processor.py:153} INFO - Started process (PID=573) to work on /home/airflow/.local/lib/python3.7/site-packages/airflow/example_dags/example_python_operator.py
[2023-02-22T20:47:57.735+0000] {processor.py:743} INFO - Processing file /home/airflow/.local/lib/python3.7/site-packages/airflow/example_dags/example_python_operator.py for tasks to queue
[2023-02-22T20:47:57.736+0000] {logging_mixin.py:137} INFO - [2023-02-22T20:47:57.736+0000] {dagbag.py:538} INFO - Filling up the DagBag from /home/airflow/.local/lib/python3.7/site-packages/airflow/example_dags/example_python_operator.py
[2023-02-22T20:47:57.825+0000] {logging_mixin.py:137} INFO - [2023-02-22T20:47:57.825+0000] {taskmixin.py:205} WARNING - Dependency <Task(_PythonDecoratedOperator): print_the_context>, log_sql_query already registered for DAG: example_python_operator
[2023-02-22T20:47:57.826+0000] {logging_mixin.py:137} INFO - [2023-02-22T20:47:57.826+0000] {taskmixin.py:205} WARNING - Dependency <Task(_PythonDecoratedOperator): log_sql_query>, print_the_context already registered for DAG: example_python_operator
[2023-02-22T20:47:57.839+0000] {logging_mixin.py:137} INFO - [2023-02-22T20:47:57.839+0000] {taskmixin.py:205} WARNING - Dependency <Task(_PythonDecoratedOperator): print_the_context>, log_sql_query already registered for DAG: example_python_operator
[2023-02-22T20:47:57.840+0000] {logging_mixin.py:137} INFO - [2023-02-22T20:47:57.839+0000] {taskmixin.py:205} WARNING - Dependency <Task(_PythonDecoratedOperator): log_sql_query>, print_the_context already registered for DAG: example_python_operator
[2023-02-22T20:47:57.841+0000] {logging_mixin.py:137} INFO - [2023-02-22T20:47:57.841+0000] {taskmixin.py:205} WARNING - Dependency <Task(_PythonDecoratedOperator): print_the_context>, log_sql_query already registered for DAG: example_python_operator
[2023-02-22T20:47:57.842+0000] {logging_mixin.py:137} INFO - [2023-02-22T20:47:57.841+0000] {taskmixin.py:205} WARNING - Dependency <Task(_PythonDecoratedOperator): log_sql_query>, print_the_context already registered for DAG: example_python_operator
[2023-02-22T20:47:57.855+0000] {logging_mixin.py:137} INFO - [2023-02-22T20:47:57.855+0000] {taskmixin.py:205} WARNING - Dependency <Task(_PythonDecoratedOperator): print_the_context>, log_sql_query already registered for DAG: example_python_operator
[2023-02-22T20:47:57.855+0000] {logging_mixin.py:137} INFO - [2023-02-22T20:47:57.855+0000] {taskmixin.py:205} WARNING - Dependency <Task(_PythonDecoratedOperator): log_sql_query>, print_the_context already registered for DAG: example_python_operator
[2023-02-22T20:47:57.878+0000] {processor.py:753} INFO - DAG(s) dict_keys(['example_python_operator']) retrieved from /home/airflow/.local/lib/python3.7/site-packages/airflow/example_dags/example_python_operator.py
[2023-02-22T20:47:58.036+0000] {logging_mixin.py:137} INFO - [2023-02-22T20:47:58.036+0000] {dag.py:2690} INFO - Sync 1 DAGs
[2023-02-22T20:47:58.211+0000] {logging_mixin.py:137} INFO - [2023-02-22T20:47:58.211+0000] {dag.py:3441} INFO - Setting next_dagrun for example_python_operator to None, run_after=None
[2023-02-22T20:47:58.344+0000] {processor.py:175} INFO - Processing /home/airflow/.local/lib/python3.7/site-packages/airflow/example_dags/example_python_operator.py took 0.629 seconds
[2023-02-22T20:48:29.077+0000] {processor.py:153} INFO - Started process (PID=628) to work on /home/airflow/.local/lib/python3.7/site-packages/airflow/example_dags/example_python_operator.py
[2023-02-22T20:48:29.080+0000] {processor.py:743} INFO - Processing file /home/airflow/.local/lib/python3.7/site-packages/airflow/example_dags/example_python_operator.py for tasks to queue
[2023-02-22T20:48:29.092+0000] {logging_mixin.py:137} INFO - [2023-02-22T20:48:29.092+0000] {dagbag.py:538} INFO - Filling up the DagBag from /home/airflow/.local/lib/python3.7/site-packages/airflow/example_dags/example_python_operator.py
[2023-02-22T20:48:29.226+0000] {logging_mixin.py:137} INFO - [2023-02-22T20:48:29.225+0000] {taskmixin.py:205} WARNING - Dependency <Task(_PythonDecoratedOperator): print_the_context>, log_sql_query already registered for DAG: example_python_operator
[2023-02-22T20:48:29.226+0000] {logging_mixin.py:137} INFO - [2023-02-22T20:48:29.226+0000] {taskmixin.py:205} WARNING - Dependency <Task(_PythonDecoratedOperator): log_sql_query>, print_the_context already registered for DAG: example_python_operator
[2023-02-22T20:48:29.228+0000] {logging_mixin.py:137} INFO - [2023-02-22T20:48:29.228+0000] {taskmixin.py:205} WARNING - Dependency <Task(_PythonDecoratedOperator): print_the_context>, log_sql_query already registered for DAG: example_python_operator
[2023-02-22T20:48:29.228+0000] {logging_mixin.py:137} INFO - [2023-02-22T20:48:29.228+0000] {taskmixin.py:205} WARNING - Dependency <Task(_PythonDecoratedOperator): log_sql_query>, print_the_context already registered for DAG: example_python_operator
[2023-02-22T20:48:29.229+0000] {logging_mixin.py:137} INFO - [2023-02-22T20:48:29.229+0000] {taskmixin.py:205} WARNING - Dependency <Task(_PythonDecoratedOperator): print_the_context>, log_sql_query already registered for DAG: example_python_operator
[2023-02-22T20:48:29.230+0000] {logging_mixin.py:137} INFO - [2023-02-22T20:48:29.230+0000] {taskmixin.py:205} WARNING - Dependency <Task(_PythonDecoratedOperator): log_sql_query>, print_the_context already registered for DAG: example_python_operator
[2023-02-22T20:48:29.231+0000] {logging_mixin.py:137} INFO - [2023-02-22T20:48:29.231+0000] {taskmixin.py:205} WARNING - Dependency <Task(_PythonDecoratedOperator): print_the_context>, log_sql_query already registered for DAG: example_python_operator
[2023-02-22T20:48:29.231+0000] {logging_mixin.py:137} INFO - [2023-02-22T20:48:29.231+0000] {taskmixin.py:205} WARNING - Dependency <Task(_PythonDecoratedOperator): log_sql_query>, print_the_context already registered for DAG: example_python_operator
[2023-02-22T20:48:29.279+0000] {processor.py:753} INFO - DAG(s) dict_keys(['example_python_operator']) retrieved from /home/airflow/.local/lib/python3.7/site-packages/airflow/example_dags/example_python_operator.py
[2023-02-22T20:48:29.442+0000] {logging_mixin.py:137} INFO - [2023-02-22T20:48:29.431+0000] {dag.py:2690} INFO - Sync 1 DAGs
[2023-02-22T20:48:29.604+0000] {logging_mixin.py:137} INFO - [2023-02-22T20:48:29.604+0000] {dag.py:3441} INFO - Setting next_dagrun for example_python_operator to None, run_after=None
[2023-02-22T20:48:29.734+0000] {processor.py:175} INFO - Processing /home/airflow/.local/lib/python3.7/site-packages/airflow/example_dags/example_python_operator.py took 0.687 seconds
[2023-02-22T20:49:00.741+0000] {processor.py:153} INFO - Started process (PID=699) to work on /home/airflow/.local/lib/python3.7/site-packages/airflow/example_dags/example_python_operator.py
[2023-02-22T20:49:00.749+0000] {processor.py:743} INFO - Processing file /home/airflow/.local/lib/python3.7/site-packages/airflow/example_dags/example_python_operator.py for tasks to queue
[2023-02-22T20:49:00.751+0000] {logging_mixin.py:137} INFO - [2023-02-22T20:49:00.751+0000] {dagbag.py:538} INFO - Filling up the DagBag from /home/airflow/.local/lib/python3.7/site-packages/airflow/example_dags/example_python_operator.py
[2023-02-22T20:49:00.812+0000] {logging_mixin.py:137} INFO - [2023-02-22T20:49:00.811+0000] {taskmixin.py:205} WARNING - Dependency <Task(_PythonDecoratedOperator): print_the_context>, log_sql_query already registered for DAG: example_python_operator
[2023-02-22T20:49:00.812+0000] {logging_mixin.py:137} INFO - [2023-02-22T20:49:00.812+0000] {taskmixin.py:205} WARNING - Dependency <Task(_PythonDecoratedOperator): log_sql_query>, print_the_context already registered for DAG: example_python_operator
[2023-02-22T20:49:00.814+0000] {logging_mixin.py:137} INFO - [2023-02-22T20:49:00.813+0000] {taskmixin.py:205} WARNING - Dependency <Task(_PythonDecoratedOperator): print_the_context>, log_sql_query already registered for DAG: example_python_operator
[2023-02-22T20:49:00.814+0000] {logging_mixin.py:137} INFO - [2023-02-22T20:49:00.814+0000] {taskmixin.py:205} WARNING - Dependency <Task(_PythonDecoratedOperator): log_sql_query>, print_the_context already registered for DAG: example_python_operator
[2023-02-22T20:49:00.816+0000] {logging_mixin.py:137} INFO - [2023-02-22T20:49:00.815+0000] {taskmixin.py:205} WARNING - Dependency <Task(_PythonDecoratedOperator): print_the_context>, log_sql_query already registered for DAG: example_python_operator
[2023-02-22T20:49:00.816+0000] {logging_mixin.py:137} INFO - [2023-02-22T20:49:00.816+0000] {taskmixin.py:205} WARNING - Dependency <Task(_PythonDecoratedOperator): log_sql_query>, print_the_context already registered for DAG: example_python_operator
[2023-02-22T20:49:00.830+0000] {logging_mixin.py:137} INFO - [2023-02-22T20:49:00.829+0000] {taskmixin.py:205} WARNING - Dependency <Task(_PythonDecoratedOperator): print_the_context>, log_sql_query already registered for DAG: example_python_operator
[2023-02-22T20:49:00.830+0000] {logging_mixin.py:137} INFO - [2023-02-22T20:49:00.830+0000] {taskmixin.py:205} WARNING - Dependency <Task(_PythonDecoratedOperator): log_sql_query>, print_the_context already registered for DAG: example_python_operator
[2023-02-22T20:49:00.867+0000] {processor.py:753} INFO - DAG(s) dict_keys(['example_python_operator']) retrieved from /home/airflow/.local/lib/python3.7/site-packages/airflow/example_dags/example_python_operator.py
[2023-02-22T20:49:00.990+0000] {logging_mixin.py:137} INFO - [2023-02-22T20:49:00.990+0000] {dag.py:2690} INFO - Sync 1 DAGs
[2023-02-22T20:49:01.132+0000] {logging_mixin.py:137} INFO - [2023-02-22T20:49:01.131+0000] {dag.py:3441} INFO - Setting next_dagrun for example_python_operator to None, run_after=None
[2023-02-22T20:49:01.238+0000] {processor.py:175} INFO - Processing /home/airflow/.local/lib/python3.7/site-packages/airflow/example_dags/example_python_operator.py took 0.505 seconds
[2023-02-22T20:49:31.712+0000] {processor.py:153} INFO - Started process (PID=761) to work on /home/airflow/.local/lib/python3.7/site-packages/airflow/example_dags/example_python_operator.py
[2023-02-22T20:49:31.722+0000] {processor.py:743} INFO - Processing file /home/airflow/.local/lib/python3.7/site-packages/airflow/example_dags/example_python_operator.py for tasks to queue
[2023-02-22T20:49:31.723+0000] {logging_mixin.py:137} INFO - [2023-02-22T20:49:31.723+0000] {dagbag.py:538} INFO - Filling up the DagBag from /home/airflow/.local/lib/python3.7/site-packages/airflow/example_dags/example_python_operator.py
[2023-02-22T20:49:31.833+0000] {logging_mixin.py:137} INFO - [2023-02-22T20:49:31.823+0000] {taskmixin.py:205} WARNING - Dependency <Task(_PythonDecoratedOperator): print_the_context>, log_sql_query already registered for DAG: example_python_operator
[2023-02-22T20:49:31.834+0000] {logging_mixin.py:137} INFO - [2023-02-22T20:49:31.833+0000] {taskmixin.py:205} WARNING - Dependency <Task(_PythonDecoratedOperator): log_sql_query>, print_the_context already registered for DAG: example_python_operator
[2023-02-22T20:49:31.835+0000] {logging_mixin.py:137} INFO - [2023-02-22T20:49:31.835+0000] {taskmixin.py:205} WARNING - Dependency <Task(_PythonDecoratedOperator): print_the_context>, log_sql_query already registered for DAG: example_python_operator
[2023-02-22T20:49:31.836+0000] {logging_mixin.py:137} INFO - [2023-02-22T20:49:31.835+0000] {taskmixin.py:205} WARNING - Dependency <Task(_PythonDecoratedOperator): log_sql_query>, print_the_context already registered for DAG: example_python_operator
[2023-02-22T20:49:31.837+0000] {logging_mixin.py:137} INFO - [2023-02-22T20:49:31.837+0000] {taskmixin.py:205} WARNING - Dependency <Task(_PythonDecoratedOperator): print_the_context>, log_sql_query already registered for DAG: example_python_operator
[2023-02-22T20:49:31.837+0000] {logging_mixin.py:137} INFO - [2023-02-22T20:49:31.837+0000] {taskmixin.py:205} WARNING - Dependency <Task(_PythonDecoratedOperator): log_sql_query>, print_the_context already registered for DAG: example_python_operator
[2023-02-22T20:49:31.838+0000] {logging_mixin.py:137} INFO - [2023-02-22T20:49:31.838+0000] {taskmixin.py:205} WARNING - Dependency <Task(_PythonDecoratedOperator): print_the_context>, log_sql_query already registered for DAG: example_python_operator
[2023-02-22T20:49:31.839+0000] {logging_mixin.py:137} INFO - [2023-02-22T20:49:31.838+0000] {taskmixin.py:205} WARNING - Dependency <Task(_PythonDecoratedOperator): log_sql_query>, print_the_context already registered for DAG: example_python_operator
[2023-02-22T20:49:31.884+0000] {processor.py:753} INFO - DAG(s) dict_keys(['example_python_operator']) retrieved from /home/airflow/.local/lib/python3.7/site-packages/airflow/example_dags/example_python_operator.py
[2023-02-22T20:49:32.029+0000] {logging_mixin.py:137} INFO - [2023-02-22T20:49:32.029+0000] {dag.py:2690} INFO - Sync 1 DAGs
[2023-02-22T20:49:32.203+0000] {logging_mixin.py:137} INFO - [2023-02-22T20:49:32.203+0000] {dag.py:3441} INFO - Setting next_dagrun for example_python_operator to None, run_after=None
[2023-02-22T20:49:32.320+0000] {processor.py:175} INFO - Processing /home/airflow/.local/lib/python3.7/site-packages/airflow/example_dags/example_python_operator.py took 0.623 seconds
[2023-02-22T20:50:02.564+0000] {processor.py:153} INFO - Started process (PID=826) to work on /home/airflow/.local/lib/python3.7/site-packages/airflow/example_dags/example_python_operator.py
[2023-02-22T20:50:02.568+0000] {processor.py:743} INFO - Processing file /home/airflow/.local/lib/python3.7/site-packages/airflow/example_dags/example_python_operator.py for tasks to queue
[2023-02-22T20:50:02.569+0000] {logging_mixin.py:137} INFO - [2023-02-22T20:50:02.569+0000] {dagbag.py:538} INFO - Filling up the DagBag from /home/airflow/.local/lib/python3.7/site-packages/airflow/example_dags/example_python_operator.py
[2023-02-22T20:50:02.657+0000] {logging_mixin.py:137} INFO - [2023-02-22T20:50:02.657+0000] {taskmixin.py:205} WARNING - Dependency <Task(_PythonDecoratedOperator): print_the_context>, log_sql_query already registered for DAG: example_python_operator
[2023-02-22T20:50:02.657+0000] {logging_mixin.py:137} INFO - [2023-02-22T20:50:02.657+0000] {taskmixin.py:205} WARNING - Dependency <Task(_PythonDecoratedOperator): log_sql_query>, print_the_context already registered for DAG: example_python_operator
[2023-02-22T20:50:02.659+0000] {logging_mixin.py:137} INFO - [2023-02-22T20:50:02.659+0000] {taskmixin.py:205} WARNING - Dependency <Task(_PythonDecoratedOperator): print_the_context>, log_sql_query already registered for DAG: example_python_operator
[2023-02-22T20:50:02.659+0000] {logging_mixin.py:137} INFO - [2023-02-22T20:50:02.659+0000] {taskmixin.py:205} WARNING - Dependency <Task(_PythonDecoratedOperator): log_sql_query>, print_the_context already registered for DAG: example_python_operator
[2023-02-22T20:50:02.660+0000] {logging_mixin.py:137} INFO - [2023-02-22T20:50:02.660+0000] {taskmixin.py:205} WARNING - Dependency <Task(_PythonDecoratedOperator): print_the_context>, log_sql_query already registered for DAG: example_python_operator
[2023-02-22T20:50:02.661+0000] {logging_mixin.py:137} INFO - [2023-02-22T20:50:02.660+0000] {taskmixin.py:205} WARNING - Dependency <Task(_PythonDecoratedOperator): log_sql_query>, print_the_context already registered for DAG: example_python_operator
[2023-02-22T20:50:02.662+0000] {logging_mixin.py:137} INFO - [2023-02-22T20:50:02.662+0000] {taskmixin.py:205} WARNING - Dependency <Task(_PythonDecoratedOperator): print_the_context>, log_sql_query already registered for DAG: example_python_operator
[2023-02-22T20:50:02.662+0000] {logging_mixin.py:137} INFO - [2023-02-22T20:50:02.662+0000] {taskmixin.py:205} WARNING - Dependency <Task(_PythonDecoratedOperator): log_sql_query>, print_the_context already registered for DAG: example_python_operator
[2023-02-22T20:50:02.693+0000] {processor.py:753} INFO - DAG(s) dict_keys(['example_python_operator']) retrieved from /home/airflow/.local/lib/python3.7/site-packages/airflow/example_dags/example_python_operator.py
[2023-02-22T20:50:02.834+0000] {logging_mixin.py:137} INFO - [2023-02-22T20:50:02.834+0000] {dag.py:2690} INFO - Sync 1 DAGs
[2023-02-22T20:50:02.971+0000] {logging_mixin.py:137} INFO - [2023-02-22T20:50:02.970+0000] {dag.py:3441} INFO - Setting next_dagrun for example_python_operator to None, run_after=None
[2023-02-22T20:50:03.060+0000] {processor.py:175} INFO - Processing /home/airflow/.local/lib/python3.7/site-packages/airflow/example_dags/example_python_operator.py took 0.510 seconds
[2023-02-22T20:50:33.392+0000] {processor.py:153} INFO - Started process (PID=890) to work on /home/airflow/.local/lib/python3.7/site-packages/airflow/example_dags/example_python_operator.py
[2023-02-22T20:50:33.394+0000] {processor.py:743} INFO - Processing file /home/airflow/.local/lib/python3.7/site-packages/airflow/example_dags/example_python_operator.py for tasks to queue
[2023-02-22T20:50:33.405+0000] {logging_mixin.py:137} INFO - [2023-02-22T20:50:33.404+0000] {dagbag.py:538} INFO - Filling up the DagBag from /home/airflow/.local/lib/python3.7/site-packages/airflow/example_dags/example_python_operator.py
[2023-02-22T20:50:33.516+0000] {logging_mixin.py:137} INFO - [2023-02-22T20:50:33.504+0000] {taskmixin.py:205} WARNING - Dependency <Task(_PythonDecoratedOperator): print_the_context>, log_sql_query already registered for DAG: example_python_operator
[2023-02-22T20:50:33.517+0000] {logging_mixin.py:137} INFO - [2023-02-22T20:50:33.517+0000] {taskmixin.py:205} WARNING - Dependency <Task(_PythonDecoratedOperator): log_sql_query>, print_the_context already registered for DAG: example_python_operator
[2023-02-22T20:50:33.518+0000] {logging_mixin.py:137} INFO - [2023-02-22T20:50:33.518+0000] {taskmixin.py:205} WARNING - Dependency <Task(_PythonDecoratedOperator): print_the_context>, log_sql_query already registered for DAG: example_python_operator
[2023-02-22T20:50:33.519+0000] {logging_mixin.py:137} INFO - [2023-02-22T20:50:33.519+0000] {taskmixin.py:205} WARNING - Dependency <Task(_PythonDecoratedOperator): log_sql_query>, print_the_context already registered for DAG: example_python_operator
[2023-02-22T20:50:33.520+0000] {logging_mixin.py:137} INFO - [2023-02-22T20:50:33.520+0000] {taskmixin.py:205} WARNING - Dependency <Task(_PythonDecoratedOperator): print_the_context>, log_sql_query already registered for DAG: example_python_operator
[2023-02-22T20:50:33.521+0000] {logging_mixin.py:137} INFO - [2023-02-22T20:50:33.520+0000] {taskmixin.py:205} WARNING - Dependency <Task(_PythonDecoratedOperator): log_sql_query>, print_the_context already registered for DAG: example_python_operator
[2023-02-22T20:50:33.522+0000] {logging_mixin.py:137} INFO - [2023-02-22T20:50:33.522+0000] {taskmixin.py:205} WARNING - Dependency <Task(_PythonDecoratedOperator): print_the_context>, log_sql_query already registered for DAG: example_python_operator
[2023-02-22T20:50:33.532+0000] {logging_mixin.py:137} INFO - [2023-02-22T20:50:33.522+0000] {taskmixin.py:205} WARNING - Dependency <Task(_PythonDecoratedOperator): log_sql_query>, print_the_context already registered for DAG: example_python_operator
[2023-02-22T20:50:33.566+0000] {processor.py:753} INFO - DAG(s) dict_keys(['example_python_operator']) retrieved from /home/airflow/.local/lib/python3.7/site-packages/airflow/example_dags/example_python_operator.py
[2023-02-22T20:50:33.739+0000] {logging_mixin.py:137} INFO - [2023-02-22T20:50:33.738+0000] {dag.py:2690} INFO - Sync 1 DAGs
[2023-02-22T20:50:33.938+0000] {logging_mixin.py:137} INFO - [2023-02-22T20:50:33.937+0000] {dag.py:3441} INFO - Setting next_dagrun for example_python_operator to None, run_after=None
[2023-02-22T20:50:34.023+0000] {processor.py:175} INFO - Processing /home/airflow/.local/lib/python3.7/site-packages/airflow/example_dags/example_python_operator.py took 0.646 seconds
[2023-02-22T20:51:04.394+0000] {processor.py:153} INFO - Started process (PID=952) to work on /home/airflow/.local/lib/python3.7/site-packages/airflow/example_dags/example_python_operator.py
[2023-02-22T20:51:04.396+0000] {processor.py:743} INFO - Processing file /home/airflow/.local/lib/python3.7/site-packages/airflow/example_dags/example_python_operator.py for tasks to queue
[2023-02-22T20:51:04.398+0000] {logging_mixin.py:137} INFO - [2023-02-22T20:51:04.397+0000] {dagbag.py:538} INFO - Filling up the DagBag from /home/airflow/.local/lib/python3.7/site-packages/airflow/example_dags/example_python_operator.py
[2023-02-22T20:51:04.434+0000] {logging_mixin.py:137} INFO - [2023-02-22T20:51:04.434+0000] {taskmixin.py:205} WARNING - Dependency <Task(_PythonDecoratedOperator): print_the_context>, log_sql_query already registered for DAG: example_python_operator
[2023-02-22T20:51:04.435+0000] {logging_mixin.py:137} INFO - [2023-02-22T20:51:04.435+0000] {taskmixin.py:205} WARNING - Dependency <Task(_PythonDecoratedOperator): log_sql_query>, print_the_context already registered for DAG: example_python_operator
[2023-02-22T20:51:04.436+0000] {logging_mixin.py:137} INFO - [2023-02-22T20:51:04.436+0000] {taskmixin.py:205} WARNING - Dependency <Task(_PythonDecoratedOperator): print_the_context>, log_sql_query already registered for DAG: example_python_operator
[2023-02-22T20:51:04.436+0000] {logging_mixin.py:137} INFO - [2023-02-22T20:51:04.436+0000] {taskmixin.py:205} WARNING - Dependency <Task(_PythonDecoratedOperator): log_sql_query>, print_the_context already registered for DAG: example_python_operator
[2023-02-22T20:51:04.437+0000] {logging_mixin.py:137} INFO - [2023-02-22T20:51:04.437+0000] {taskmixin.py:205} WARNING - Dependency <Task(_PythonDecoratedOperator): print_the_context>, log_sql_query already registered for DAG: example_python_operator
[2023-02-22T20:51:04.437+0000] {logging_mixin.py:137} INFO - [2023-02-22T20:51:04.437+0000] {taskmixin.py:205} WARNING - Dependency <Task(_PythonDecoratedOperator): log_sql_query>, print_the_context already registered for DAG: example_python_operator
[2023-02-22T20:51:04.439+0000] {logging_mixin.py:137} INFO - [2023-02-22T20:51:04.438+0000] {taskmixin.py:205} WARNING - Dependency <Task(_PythonDecoratedOperator): print_the_context>, log_sql_query already registered for DAG: example_python_operator
[2023-02-22T20:51:04.439+0000] {logging_mixin.py:137} INFO - [2023-02-22T20:51:04.439+0000] {taskmixin.py:205} WARNING - Dependency <Task(_PythonDecoratedOperator): log_sql_query>, print_the_context already registered for DAG: example_python_operator
[2023-02-22T20:51:04.454+0000] {processor.py:753} INFO - DAG(s) dict_keys(['example_python_operator']) retrieved from /home/airflow/.local/lib/python3.7/site-packages/airflow/example_dags/example_python_operator.py
[2023-02-22T20:51:04.501+0000] {logging_mixin.py:137} INFO - [2023-02-22T20:51:04.500+0000] {dag.py:2690} INFO - Sync 1 DAGs
[2023-02-22T20:51:04.542+0000] {logging_mixin.py:137} INFO - [2023-02-22T20:51:04.542+0000] {dag.py:3441} INFO - Setting next_dagrun for example_python_operator to None, run_after=None
[2023-02-22T20:51:04.583+0000] {processor.py:175} INFO - Processing /home/airflow/.local/lib/python3.7/site-packages/airflow/example_dags/example_python_operator.py took 0.197 seconds
[2023-02-22T20:51:35.176+0000] {processor.py:153} INFO - Started process (PID=1040) to work on /home/airflow/.local/lib/python3.7/site-packages/airflow/example_dags/example_python_operator.py
[2023-02-22T20:51:35.177+0000] {processor.py:743} INFO - Processing file /home/airflow/.local/lib/python3.7/site-packages/airflow/example_dags/example_python_operator.py for tasks to queue
[2023-02-22T20:51:35.177+0000] {logging_mixin.py:137} INFO - [2023-02-22T20:51:35.177+0000] {dagbag.py:538} INFO - Filling up the DagBag from /home/airflow/.local/lib/python3.7/site-packages/airflow/example_dags/example_python_operator.py
[2023-02-22T20:51:35.199+0000] {logging_mixin.py:137} INFO - [2023-02-22T20:51:35.199+0000] {taskmixin.py:205} WARNING - Dependency <Task(_PythonDecoratedOperator): print_the_context>, log_sql_query already registered for DAG: example_python_operator
[2023-02-22T20:51:35.199+0000] {logging_mixin.py:137} INFO - [2023-02-22T20:51:35.199+0000] {taskmixin.py:205} WARNING - Dependency <Task(_PythonDecoratedOperator): log_sql_query>, print_the_context already registered for DAG: example_python_operator
[2023-02-22T20:51:35.200+0000] {logging_mixin.py:137} INFO - [2023-02-22T20:51:35.200+0000] {taskmixin.py:205} WARNING - Dependency <Task(_PythonDecoratedOperator): print_the_context>, log_sql_query already registered for DAG: example_python_operator
[2023-02-22T20:51:35.200+0000] {logging_mixin.py:137} INFO - [2023-02-22T20:51:35.200+0000] {taskmixin.py:205} WARNING - Dependency <Task(_PythonDecoratedOperator): log_sql_query>, print_the_context already registered for DAG: example_python_operator
[2023-02-22T20:51:35.201+0000] {logging_mixin.py:137} INFO - [2023-02-22T20:51:35.201+0000] {taskmixin.py:205} WARNING - Dependency <Task(_PythonDecoratedOperator): print_the_context>, log_sql_query already registered for DAG: example_python_operator
[2023-02-22T20:51:35.201+0000] {logging_mixin.py:137} INFO - [2023-02-22T20:51:35.201+0000] {taskmixin.py:205} WARNING - Dependency <Task(_PythonDecoratedOperator): log_sql_query>, print_the_context already registered for DAG: example_python_operator
[2023-02-22T20:51:35.202+0000] {logging_mixin.py:137} INFO - [2023-02-22T20:51:35.201+0000] {taskmixin.py:205} WARNING - Dependency <Task(_PythonDecoratedOperator): print_the_context>, log_sql_query already registered for DAG: example_python_operator
[2023-02-22T20:51:35.202+0000] {logging_mixin.py:137} INFO - [2023-02-22T20:51:35.202+0000] {taskmixin.py:205} WARNING - Dependency <Task(_PythonDecoratedOperator): log_sql_query>, print_the_context already registered for DAG: example_python_operator
[2023-02-22T20:51:35.210+0000] {processor.py:753} INFO - DAG(s) dict_keys(['example_python_operator']) retrieved from /home/airflow/.local/lib/python3.7/site-packages/airflow/example_dags/example_python_operator.py
[2023-02-22T20:51:35.241+0000] {logging_mixin.py:137} INFO - [2023-02-22T20:51:35.241+0000] {dag.py:2690} INFO - Sync 1 DAGs
[2023-02-22T20:51:35.272+0000] {logging_mixin.py:137} INFO - [2023-02-22T20:51:35.272+0000] {dag.py:3441} INFO - Setting next_dagrun for example_python_operator to None, run_after=None
[2023-02-22T20:51:35.295+0000] {processor.py:175} INFO - Processing /home/airflow/.local/lib/python3.7/site-packages/airflow/example_dags/example_python_operator.py took 0.124 seconds
[2023-02-22T20:52:05.451+0000] {processor.py:153} INFO - Started process (PID=1111) to work on /home/airflow/.local/lib/python3.7/site-packages/airflow/example_dags/example_python_operator.py
[2023-02-22T20:52:05.453+0000] {processor.py:743} INFO - Processing file /home/airflow/.local/lib/python3.7/site-packages/airflow/example_dags/example_python_operator.py for tasks to queue
[2023-02-22T20:52:05.454+0000] {logging_mixin.py:137} INFO - [2023-02-22T20:52:05.454+0000] {dagbag.py:538} INFO - Filling up the DagBag from /home/airflow/.local/lib/python3.7/site-packages/airflow/example_dags/example_python_operator.py
[2023-02-22T20:52:05.481+0000] {logging_mixin.py:137} INFO - [2023-02-22T20:52:05.481+0000] {taskmixin.py:205} WARNING - Dependency <Task(_PythonDecoratedOperator): print_the_context>, log_sql_query already registered for DAG: example_python_operator
[2023-02-22T20:52:05.481+0000] {logging_mixin.py:137} INFO - [2023-02-22T20:52:05.481+0000] {taskmixin.py:205} WARNING - Dependency <Task(_PythonDecoratedOperator): log_sql_query>, print_the_context already registered for DAG: example_python_operator
[2023-02-22T20:52:05.482+0000] {logging_mixin.py:137} INFO - [2023-02-22T20:52:05.482+0000] {taskmixin.py:205} WARNING - Dependency <Task(_PythonDecoratedOperator): print_the_context>, log_sql_query already registered for DAG: example_python_operator
[2023-02-22T20:52:05.483+0000] {logging_mixin.py:137} INFO - [2023-02-22T20:52:05.483+0000] {taskmixin.py:205} WARNING - Dependency <Task(_PythonDecoratedOperator): log_sql_query>, print_the_context already registered for DAG: example_python_operator
[2023-02-22T20:52:05.485+0000] {logging_mixin.py:137} INFO - [2023-02-22T20:52:05.484+0000] {taskmixin.py:205} WARNING - Dependency <Task(_PythonDecoratedOperator): print_the_context>, log_sql_query already registered for DAG: example_python_operator
[2023-02-22T20:52:05.485+0000] {logging_mixin.py:137} INFO - [2023-02-22T20:52:05.485+0000] {taskmixin.py:205} WARNING - Dependency <Task(_PythonDecoratedOperator): log_sql_query>, print_the_context already registered for DAG: example_python_operator
[2023-02-22T20:52:05.487+0000] {logging_mixin.py:137} INFO - [2023-02-22T20:52:05.486+0000] {taskmixin.py:205} WARNING - Dependency <Task(_PythonDecoratedOperator): print_the_context>, log_sql_query already registered for DAG: example_python_operator
[2023-02-22T20:52:05.487+0000] {logging_mixin.py:137} INFO - [2023-02-22T20:52:05.487+0000] {taskmixin.py:205} WARNING - Dependency <Task(_PythonDecoratedOperator): log_sql_query>, print_the_context already registered for DAG: example_python_operator
[2023-02-22T20:52:05.501+0000] {processor.py:753} INFO - DAG(s) dict_keys(['example_python_operator']) retrieved from /home/airflow/.local/lib/python3.7/site-packages/airflow/example_dags/example_python_operator.py
[2023-02-22T20:52:05.548+0000] {logging_mixin.py:137} INFO - [2023-02-22T20:52:05.548+0000] {dag.py:2690} INFO - Sync 1 DAGs
[2023-02-22T20:52:05.591+0000] {logging_mixin.py:137} INFO - [2023-02-22T20:52:05.591+0000] {dag.py:3441} INFO - Setting next_dagrun for example_python_operator to None, run_after=None
[2023-02-22T20:52:05.617+0000] {processor.py:175} INFO - Processing /home/airflow/.local/lib/python3.7/site-packages/airflow/example_dags/example_python_operator.py took 0.171 seconds
[2023-02-22T20:52:36.593+0000] {processor.py:153} INFO - Started process (PID=1198) to work on /home/airflow/.local/lib/python3.7/site-packages/airflow/example_dags/example_python_operator.py
[2023-02-22T20:52:36.594+0000] {processor.py:743} INFO - Processing file /home/airflow/.local/lib/python3.7/site-packages/airflow/example_dags/example_python_operator.py for tasks to queue
[2023-02-22T20:52:36.596+0000] {logging_mixin.py:137} INFO - [2023-02-22T20:52:36.595+0000] {dagbag.py:538} INFO - Filling up the DagBag from /home/airflow/.local/lib/python3.7/site-packages/airflow/example_dags/example_python_operator.py
[2023-02-22T20:52:36.623+0000] {logging_mixin.py:137} INFO - [2023-02-22T20:52:36.623+0000] {taskmixin.py:205} WARNING - Dependency <Task(_PythonDecoratedOperator): print_the_context>, log_sql_query already registered for DAG: example_python_operator
[2023-02-22T20:52:36.623+0000] {logging_mixin.py:137} INFO - [2023-02-22T20:52:36.623+0000] {taskmixin.py:205} WARNING - Dependency <Task(_PythonDecoratedOperator): log_sql_query>, print_the_context already registered for DAG: example_python_operator
[2023-02-22T20:52:36.624+0000] {logging_mixin.py:137} INFO - [2023-02-22T20:52:36.624+0000] {taskmixin.py:205} WARNING - Dependency <Task(_PythonDecoratedOperator): print_the_context>, log_sql_query already registered for DAG: example_python_operator
[2023-02-22T20:52:36.624+0000] {logging_mixin.py:137} INFO - [2023-02-22T20:52:36.624+0000] {taskmixin.py:205} WARNING - Dependency <Task(_PythonDecoratedOperator): log_sql_query>, print_the_context already registered for DAG: example_python_operator
[2023-02-22T20:52:36.625+0000] {logging_mixin.py:137} INFO - [2023-02-22T20:52:36.625+0000] {taskmixin.py:205} WARNING - Dependency <Task(_PythonDecoratedOperator): print_the_context>, log_sql_query already registered for DAG: example_python_operator
[2023-02-22T20:52:36.626+0000] {logging_mixin.py:137} INFO - [2023-02-22T20:52:36.625+0000] {taskmixin.py:205} WARNING - Dependency <Task(_PythonDecoratedOperator): log_sql_query>, print_the_context already registered for DAG: example_python_operator
[2023-02-22T20:52:36.627+0000] {logging_mixin.py:137} INFO - [2023-02-22T20:52:36.626+0000] {taskmixin.py:205} WARNING - Dependency <Task(_PythonDecoratedOperator): print_the_context>, log_sql_query already registered for DAG: example_python_operator
[2023-02-22T20:52:36.627+0000] {logging_mixin.py:137} INFO - [2023-02-22T20:52:36.627+0000] {taskmixin.py:205} WARNING - Dependency <Task(_PythonDecoratedOperator): log_sql_query>, print_the_context already registered for DAG: example_python_operator
[2023-02-22T20:52:36.636+0000] {processor.py:753} INFO - DAG(s) dict_keys(['example_python_operator']) retrieved from /home/airflow/.local/lib/python3.7/site-packages/airflow/example_dags/example_python_operator.py
[2023-02-22T20:52:36.680+0000] {logging_mixin.py:137} INFO - [2023-02-22T20:52:36.680+0000] {dag.py:2690} INFO - Sync 1 DAGs
[2023-02-22T20:52:36.723+0000] {logging_mixin.py:137} INFO - [2023-02-22T20:52:36.723+0000] {dag.py:3441} INFO - Setting next_dagrun for example_python_operator to None, run_after=None
[2023-02-22T20:52:36.760+0000] {processor.py:175} INFO - Processing /home/airflow/.local/lib/python3.7/site-packages/airflow/example_dags/example_python_operator.py took 0.173 seconds
[2023-02-22T20:53:07.272+0000] {processor.py:153} INFO - Started process (PID=1269) to work on /home/airflow/.local/lib/python3.7/site-packages/airflow/example_dags/example_python_operator.py
[2023-02-22T20:53:07.274+0000] {processor.py:743} INFO - Processing file /home/airflow/.local/lib/python3.7/site-packages/airflow/example_dags/example_python_operator.py for tasks to queue
[2023-02-22T20:53:07.275+0000] {logging_mixin.py:137} INFO - [2023-02-22T20:53:07.275+0000] {dagbag.py:538} INFO - Filling up the DagBag from /home/airflow/.local/lib/python3.7/site-packages/airflow/example_dags/example_python_operator.py
[2023-02-22T20:53:07.301+0000] {logging_mixin.py:137} INFO - [2023-02-22T20:53:07.300+0000] {taskmixin.py:205} WARNING - Dependency <Task(_PythonDecoratedOperator): print_the_context>, log_sql_query already registered for DAG: example_python_operator
[2023-02-22T20:53:07.301+0000] {logging_mixin.py:137} INFO - [2023-02-22T20:53:07.301+0000] {taskmixin.py:205} WARNING - Dependency <Task(_PythonDecoratedOperator): log_sql_query>, print_the_context already registered for DAG: example_python_operator
[2023-02-22T20:53:07.301+0000] {logging_mixin.py:137} INFO - [2023-02-22T20:53:07.301+0000] {taskmixin.py:205} WARNING - Dependency <Task(_PythonDecoratedOperator): print_the_context>, log_sql_query already registered for DAG: example_python_operator
[2023-02-22T20:53:07.302+0000] {logging_mixin.py:137} INFO - [2023-02-22T20:53:07.302+0000] {taskmixin.py:205} WARNING - Dependency <Task(_PythonDecoratedOperator): log_sql_query>, print_the_context already registered for DAG: example_python_operator
[2023-02-22T20:53:07.302+0000] {logging_mixin.py:137} INFO - [2023-02-22T20:53:07.302+0000] {taskmixin.py:205} WARNING - Dependency <Task(_PythonDecoratedOperator): print_the_context>, log_sql_query already registered for DAG: example_python_operator
[2023-02-22T20:53:07.302+0000] {logging_mixin.py:137} INFO - [2023-02-22T20:53:07.302+0000] {taskmixin.py:205} WARNING - Dependency <Task(_PythonDecoratedOperator): log_sql_query>, print_the_context already registered for DAG: example_python_operator
[2023-02-22T20:53:07.303+0000] {logging_mixin.py:137} INFO - [2023-02-22T20:53:07.303+0000] {taskmixin.py:205} WARNING - Dependency <Task(_PythonDecoratedOperator): print_the_context>, log_sql_query already registered for DAG: example_python_operator
[2023-02-22T20:53:07.303+0000] {logging_mixin.py:137} INFO - [2023-02-22T20:53:07.303+0000] {taskmixin.py:205} WARNING - Dependency <Task(_PythonDecoratedOperator): log_sql_query>, print_the_context already registered for DAG: example_python_operator
[2023-02-22T20:53:07.311+0000] {processor.py:753} INFO - DAG(s) dict_keys(['example_python_operator']) retrieved from /home/airflow/.local/lib/python3.7/site-packages/airflow/example_dags/example_python_operator.py
[2023-02-22T20:53:07.352+0000] {logging_mixin.py:137} INFO - [2023-02-22T20:53:07.352+0000] {dag.py:2690} INFO - Sync 1 DAGs
[2023-02-22T20:53:07.385+0000] {logging_mixin.py:137} INFO - [2023-02-22T20:53:07.384+0000] {dag.py:3441} INFO - Setting next_dagrun for example_python_operator to None, run_after=None
[2023-02-22T20:53:07.418+0000] {processor.py:175} INFO - Processing /home/airflow/.local/lib/python3.7/site-packages/airflow/example_dags/example_python_operator.py took 0.151 seconds
