[2023-02-22T20:44:20.512+0000] {processor.py:153} INFO - Started process (PID=89) to work on /home/airflow/.local/lib/python3.7/site-packages/airflow/example_dags/example_bash_operator.py
[2023-02-22T20:44:20.514+0000] {processor.py:743} INFO - Processing file /home/airflow/.local/lib/python3.7/site-packages/airflow/example_dags/example_bash_operator.py for tasks to queue
[2023-02-22T20:44:20.515+0000] {logging_mixin.py:137} INFO - [2023-02-22T20:44:20.515+0000] {dagbag.py:538} INFO - Filling up the DagBag from /home/airflow/.local/lib/python3.7/site-packages/airflow/example_dags/example_bash_operator.py
[2023-02-22T20:44:20.648+0000] {processor.py:753} INFO - DAG(s) dict_keys(['example_bash_operator']) retrieved from /home/airflow/.local/lib/python3.7/site-packages/airflow/example_dags/example_bash_operator.py
[2023-02-22T20:44:20.852+0000] {logging_mixin.py:137} INFO - [2023-02-22T20:44:20.851+0000] {dag.py:2690} INFO - Sync 1 DAGs
[2023-02-22T20:44:20.994+0000] {logging_mixin.py:137} INFO - [2023-02-22T20:44:20.994+0000] {dag.py:3441} INFO - Setting next_dagrun for example_bash_operator to 2023-02-21T00:00:00+00:00, run_after=2023-02-22T00:00:00+00:00
[2023-02-22T20:44:21.158+0000] {processor.py:175} INFO - Processing /home/airflow/.local/lib/python3.7/site-packages/airflow/example_dags/example_bash_operator.py took 0.669 seconds
[2023-02-22T20:44:51.306+0000] {processor.py:153} INFO - Started process (PID=151) to work on /home/airflow/.local/lib/python3.7/site-packages/airflow/example_dags/example_bash_operator.py
[2023-02-22T20:44:51.308+0000] {processor.py:743} INFO - Processing file /home/airflow/.local/lib/python3.7/site-packages/airflow/example_dags/example_bash_operator.py for tasks to queue
[2023-02-22T20:44:51.309+0000] {logging_mixin.py:137} INFO - [2023-02-22T20:44:51.309+0000] {dagbag.py:538} INFO - Filling up the DagBag from /home/airflow/.local/lib/python3.7/site-packages/airflow/example_dags/example_bash_operator.py
[2023-02-22T20:44:51.352+0000] {processor.py:753} INFO - DAG(s) dict_keys(['example_bash_operator']) retrieved from /home/airflow/.local/lib/python3.7/site-packages/airflow/example_dags/example_bash_operator.py
[2023-02-22T20:44:51.423+0000] {logging_mixin.py:137} INFO - [2023-02-22T20:44:51.423+0000] {dag.py:2690} INFO - Sync 1 DAGs
[2023-02-22T20:44:51.471+0000] {logging_mixin.py:137} INFO - [2023-02-22T20:44:51.471+0000] {dag.py:3441} INFO - Setting next_dagrun for example_bash_operator to 2023-02-21T00:00:00+00:00, run_after=2023-02-22T00:00:00+00:00
[2023-02-22T20:44:51.511+0000] {processor.py:175} INFO - Processing /home/airflow/.local/lib/python3.7/site-packages/airflow/example_dags/example_bash_operator.py took 0.209 seconds
[2023-02-22T20:45:21.820+0000] {processor.py:153} INFO - Started process (PID=223) to work on /home/airflow/.local/lib/python3.7/site-packages/airflow/example_dags/example_bash_operator.py
[2023-02-22T20:45:21.821+0000] {processor.py:743} INFO - Processing file /home/airflow/.local/lib/python3.7/site-packages/airflow/example_dags/example_bash_operator.py for tasks to queue
[2023-02-22T20:45:21.822+0000] {logging_mixin.py:137} INFO - [2023-02-22T20:45:21.822+0000] {dagbag.py:538} INFO - Filling up the DagBag from /home/airflow/.local/lib/python3.7/site-packages/airflow/example_dags/example_bash_operator.py
[2023-02-22T20:45:21.871+0000] {processor.py:753} INFO - DAG(s) dict_keys(['example_bash_operator']) retrieved from /home/airflow/.local/lib/python3.7/site-packages/airflow/example_dags/example_bash_operator.py
[2023-02-22T20:45:21.947+0000] {logging_mixin.py:137} INFO - [2023-02-22T20:45:21.947+0000] {dag.py:2690} INFO - Sync 1 DAGs
[2023-02-22T20:45:22.020+0000] {logging_mixin.py:137} INFO - [2023-02-22T20:45:22.019+0000] {dag.py:3441} INFO - Setting next_dagrun for example_bash_operator to 2023-02-21T00:00:00+00:00, run_after=2023-02-22T00:00:00+00:00
[2023-02-22T20:45:22.086+0000] {processor.py:175} INFO - Processing /home/airflow/.local/lib/python3.7/site-packages/airflow/example_dags/example_bash_operator.py took 0.275 seconds
[2023-02-22T20:45:52.698+0000] {processor.py:153} INFO - Started process (PID=294) to work on /home/airflow/.local/lib/python3.7/site-packages/airflow/example_dags/example_bash_operator.py
[2023-02-22T20:45:52.699+0000] {processor.py:743} INFO - Processing file /home/airflow/.local/lib/python3.7/site-packages/airflow/example_dags/example_bash_operator.py for tasks to queue
[2023-02-22T20:45:52.700+0000] {logging_mixin.py:137} INFO - [2023-02-22T20:45:52.700+0000] {dagbag.py:538} INFO - Filling up the DagBag from /home/airflow/.local/lib/python3.7/site-packages/airflow/example_dags/example_bash_operator.py
[2023-02-22T20:45:52.739+0000] {processor.py:753} INFO - DAG(s) dict_keys(['example_bash_operator']) retrieved from /home/airflow/.local/lib/python3.7/site-packages/airflow/example_dags/example_bash_operator.py
[2023-02-22T20:45:52.795+0000] {logging_mixin.py:137} INFO - [2023-02-22T20:45:52.795+0000] {dag.py:2690} INFO - Sync 1 DAGs
[2023-02-22T20:45:52.835+0000] {logging_mixin.py:137} INFO - [2023-02-22T20:45:52.835+0000] {dag.py:3441} INFO - Setting next_dagrun for example_bash_operator to 2023-02-21T00:00:00+00:00, run_after=2023-02-22T00:00:00+00:00
[2023-02-22T20:45:52.865+0000] {processor.py:175} INFO - Processing /home/airflow/.local/lib/python3.7/site-packages/airflow/example_dags/example_bash_operator.py took 0.173 seconds
[2023-02-22T20:46:23.230+0000] {processor.py:153} INFO - Started process (PID=365) to work on /home/airflow/.local/lib/python3.7/site-packages/airflow/example_dags/example_bash_operator.py
[2023-02-22T20:46:23.235+0000] {processor.py:743} INFO - Processing file /home/airflow/.local/lib/python3.7/site-packages/airflow/example_dags/example_bash_operator.py for tasks to queue
[2023-02-22T20:46:23.238+0000] {logging_mixin.py:137} INFO - [2023-02-22T20:46:23.237+0000] {dagbag.py:538} INFO - Filling up the DagBag from /home/airflow/.local/lib/python3.7/site-packages/airflow/example_dags/example_bash_operator.py
[2023-02-22T20:46:23.268+0000] {processor.py:753} INFO - DAG(s) dict_keys(['example_bash_operator']) retrieved from /home/airflow/.local/lib/python3.7/site-packages/airflow/example_dags/example_bash_operator.py
[2023-02-22T20:46:23.320+0000] {logging_mixin.py:137} INFO - [2023-02-22T20:46:23.320+0000] {dag.py:2690} INFO - Sync 1 DAGs
[2023-02-22T20:46:23.358+0000] {logging_mixin.py:137} INFO - [2023-02-22T20:46:23.358+0000] {dag.py:3441} INFO - Setting next_dagrun for example_bash_operator to 2023-02-21T00:00:00+00:00, run_after=2023-02-22T00:00:00+00:00
[2023-02-22T20:46:23.388+0000] {processor.py:175} INFO - Processing /home/airflow/.local/lib/python3.7/site-packages/airflow/example_dags/example_bash_operator.py took 0.163 seconds
[2023-02-22T20:46:53.570+0000] {processor.py:153} INFO - Started process (PID=436) to work on /home/airflow/.local/lib/python3.7/site-packages/airflow/example_dags/example_bash_operator.py
[2023-02-22T20:46:53.573+0000] {processor.py:743} INFO - Processing file /home/airflow/.local/lib/python3.7/site-packages/airflow/example_dags/example_bash_operator.py for tasks to queue
[2023-02-22T20:46:53.574+0000] {logging_mixin.py:137} INFO - [2023-02-22T20:46:53.574+0000] {dagbag.py:538} INFO - Filling up the DagBag from /home/airflow/.local/lib/python3.7/site-packages/airflow/example_dags/example_bash_operator.py
[2023-02-22T20:46:53.624+0000] {processor.py:753} INFO - DAG(s) dict_keys(['example_bash_operator']) retrieved from /home/airflow/.local/lib/python3.7/site-packages/airflow/example_dags/example_bash_operator.py
[2023-02-22T20:46:53.695+0000] {logging_mixin.py:137} INFO - [2023-02-22T20:46:53.694+0000] {dag.py:2690} INFO - Sync 1 DAGs
[2023-02-22T20:46:53.743+0000] {logging_mixin.py:137} INFO - [2023-02-22T20:46:53.743+0000] {dag.py:3441} INFO - Setting next_dagrun for example_bash_operator to 2023-02-21T00:00:00+00:00, run_after=2023-02-22T00:00:00+00:00
[2023-02-22T20:46:53.785+0000] {processor.py:175} INFO - Processing /home/airflow/.local/lib/python3.7/site-packages/airflow/example_dags/example_bash_operator.py took 0.222 seconds
[2023-02-22T20:47:26.482+0000] {processor.py:153} INFO - Started process (PID=507) to work on /home/airflow/.local/lib/python3.7/site-packages/airflow/example_dags/example_bash_operator.py
[2023-02-22T20:47:26.484+0000] {processor.py:743} INFO - Processing file /home/airflow/.local/lib/python3.7/site-packages/airflow/example_dags/example_bash_operator.py for tasks to queue
[2023-02-22T20:47:26.485+0000] {logging_mixin.py:137} INFO - [2023-02-22T20:47:26.485+0000] {dagbag.py:538} INFO - Filling up the DagBag from /home/airflow/.local/lib/python3.7/site-packages/airflow/example_dags/example_bash_operator.py
[2023-02-22T20:47:26.537+0000] {processor.py:753} INFO - DAG(s) dict_keys(['example_bash_operator']) retrieved from /home/airflow/.local/lib/python3.7/site-packages/airflow/example_dags/example_bash_operator.py
[2023-02-22T20:47:26.643+0000] {logging_mixin.py:137} INFO - [2023-02-22T20:47:26.643+0000] {dag.py:2690} INFO - Sync 1 DAGs
[2023-02-22T20:47:26.734+0000] {logging_mixin.py:137} INFO - [2023-02-22T20:47:26.733+0000] {dag.py:3441} INFO - Setting next_dagrun for example_bash_operator to 2023-02-21T00:00:00+00:00, run_after=2023-02-22T00:00:00+00:00
[2023-02-22T20:47:26.809+0000] {processor.py:175} INFO - Processing /home/airflow/.local/lib/python3.7/site-packages/airflow/example_dags/example_bash_operator.py took 0.334 seconds
[2023-02-22T20:47:59.806+0000] {processor.py:153} INFO - Started process (PID=578) to work on /home/airflow/.local/lib/python3.7/site-packages/airflow/example_dags/example_bash_operator.py
[2023-02-22T20:47:59.818+0000] {processor.py:743} INFO - Processing file /home/airflow/.local/lib/python3.7/site-packages/airflow/example_dags/example_bash_operator.py for tasks to queue
[2023-02-22T20:47:59.820+0000] {logging_mixin.py:137} INFO - [2023-02-22T20:47:59.819+0000] {dagbag.py:538} INFO - Filling up the DagBag from /home/airflow/.local/lib/python3.7/site-packages/airflow/example_dags/example_bash_operator.py
[2023-02-22T20:47:59.968+0000] {processor.py:753} INFO - DAG(s) dict_keys(['example_bash_operator']) retrieved from /home/airflow/.local/lib/python3.7/site-packages/airflow/example_dags/example_bash_operator.py
[2023-02-22T20:48:00.226+0000] {logging_mixin.py:137} INFO - [2023-02-22T20:48:00.226+0000] {dag.py:2690} INFO - Sync 1 DAGs
[2023-02-22T20:48:00.388+0000] {logging_mixin.py:137} INFO - [2023-02-22T20:48:00.387+0000] {dag.py:3441} INFO - Setting next_dagrun for example_bash_operator to 2023-02-21T00:00:00+00:00, run_after=2023-02-22T00:00:00+00:00
[2023-02-22T20:48:00.498+0000] {processor.py:175} INFO - Processing /home/airflow/.local/lib/python3.7/site-packages/airflow/example_dags/example_bash_operator.py took 0.719 seconds
[2023-02-22T20:48:30.937+0000] {processor.py:153} INFO - Started process (PID=640) to work on /home/airflow/.local/lib/python3.7/site-packages/airflow/example_dags/example_bash_operator.py
[2023-02-22T20:48:30.938+0000] {processor.py:743} INFO - Processing file /home/airflow/.local/lib/python3.7/site-packages/airflow/example_dags/example_bash_operator.py for tasks to queue
[2023-02-22T20:48:30.939+0000] {logging_mixin.py:137} INFO - [2023-02-22T20:48:30.939+0000] {dagbag.py:538} INFO - Filling up the DagBag from /home/airflow/.local/lib/python3.7/site-packages/airflow/example_dags/example_bash_operator.py
[2023-02-22T20:48:31.095+0000] {processor.py:753} INFO - DAG(s) dict_keys(['example_bash_operator']) retrieved from /home/airflow/.local/lib/python3.7/site-packages/airflow/example_dags/example_bash_operator.py
[2023-02-22T20:48:31.302+0000] {logging_mixin.py:137} INFO - [2023-02-22T20:48:31.302+0000] {dag.py:2690} INFO - Sync 1 DAGs
[2023-02-22T20:48:31.509+0000] {logging_mixin.py:137} INFO - [2023-02-22T20:48:31.508+0000] {dag.py:3441} INFO - Setting next_dagrun for example_bash_operator to 2023-02-21T00:00:00+00:00, run_after=2023-02-22T00:00:00+00:00
[2023-02-22T20:48:31.635+0000] {processor.py:175} INFO - Processing /home/airflow/.local/lib/python3.7/site-packages/airflow/example_dags/example_bash_operator.py took 0.727 seconds
[2023-02-22T20:49:02.737+0000] {processor.py:153} INFO - Started process (PID=704) to work on /home/airflow/.local/lib/python3.7/site-packages/airflow/example_dags/example_bash_operator.py
[2023-02-22T20:49:02.741+0000] {processor.py:743} INFO - Processing file /home/airflow/.local/lib/python3.7/site-packages/airflow/example_dags/example_bash_operator.py for tasks to queue
[2023-02-22T20:49:02.743+0000] {logging_mixin.py:137} INFO - [2023-02-22T20:49:02.742+0000] {dagbag.py:538} INFO - Filling up the DagBag from /home/airflow/.local/lib/python3.7/site-packages/airflow/example_dags/example_bash_operator.py
[2023-02-22T20:49:02.808+0000] {processor.py:753} INFO - DAG(s) dict_keys(['example_bash_operator']) retrieved from /home/airflow/.local/lib/python3.7/site-packages/airflow/example_dags/example_bash_operator.py
[2023-02-22T20:49:03.028+0000] {logging_mixin.py:137} INFO - [2023-02-22T20:49:03.027+0000] {dag.py:2690} INFO - Sync 1 DAGs
[2023-02-22T20:49:03.136+0000] {logging_mixin.py:137} INFO - [2023-02-22T20:49:03.135+0000] {dag.py:3441} INFO - Setting next_dagrun for example_bash_operator to 2023-02-21T00:00:00+00:00, run_after=2023-02-22T00:00:00+00:00
[2023-02-22T20:49:03.215+0000] {processor.py:175} INFO - Processing /home/airflow/.local/lib/python3.7/site-packages/airflow/example_dags/example_bash_operator.py took 0.487 seconds
[2023-02-22T20:49:33.670+0000] {processor.py:153} INFO - Started process (PID=768) to work on /home/airflow/.local/lib/python3.7/site-packages/airflow/example_dags/example_bash_operator.py
[2023-02-22T20:49:33.689+0000] {processor.py:743} INFO - Processing file /home/airflow/.local/lib/python3.7/site-packages/airflow/example_dags/example_bash_operator.py for tasks to queue
[2023-02-22T20:49:33.691+0000] {logging_mixin.py:137} INFO - [2023-02-22T20:49:33.690+0000] {dagbag.py:538} INFO - Filling up the DagBag from /home/airflow/.local/lib/python3.7/site-packages/airflow/example_dags/example_bash_operator.py
[2023-02-22T20:49:33.841+0000] {processor.py:753} INFO - DAG(s) dict_keys(['example_bash_operator']) retrieved from /home/airflow/.local/lib/python3.7/site-packages/airflow/example_dags/example_bash_operator.py
[2023-02-22T20:49:34.034+0000] {logging_mixin.py:137} INFO - [2023-02-22T20:49:34.033+0000] {dag.py:2690} INFO - Sync 1 DAGs
[2023-02-22T20:49:34.176+0000] {logging_mixin.py:137} INFO - [2023-02-22T20:49:34.175+0000] {dag.py:3441} INFO - Setting next_dagrun for example_bash_operator to 2023-02-21T00:00:00+00:00, run_after=2023-02-22T00:00:00+00:00
[2023-02-22T20:49:34.297+0000] {processor.py:175} INFO - Processing /home/airflow/.local/lib/python3.7/site-packages/airflow/example_dags/example_bash_operator.py took 0.650 seconds
[2023-02-22T20:50:04.711+0000] {processor.py:153} INFO - Started process (PID=831) to work on /home/airflow/.local/lib/python3.7/site-packages/airflow/example_dags/example_bash_operator.py
[2023-02-22T20:50:04.723+0000] {processor.py:743} INFO - Processing file /home/airflow/.local/lib/python3.7/site-packages/airflow/example_dags/example_bash_operator.py for tasks to queue
[2023-02-22T20:50:04.724+0000] {logging_mixin.py:137} INFO - [2023-02-22T20:50:04.724+0000] {dagbag.py:538} INFO - Filling up the DagBag from /home/airflow/.local/lib/python3.7/site-packages/airflow/example_dags/example_bash_operator.py
[2023-02-22T20:50:04.849+0000] {processor.py:753} INFO - DAG(s) dict_keys(['example_bash_operator']) retrieved from /home/airflow/.local/lib/python3.7/site-packages/airflow/example_dags/example_bash_operator.py
[2023-02-22T20:50:05.011+0000] {logging_mixin.py:137} INFO - [2023-02-22T20:50:05.011+0000] {dag.py:2690} INFO - Sync 1 DAGs
[2023-02-22T20:50:05.190+0000] {logging_mixin.py:137} INFO - [2023-02-22T20:50:05.190+0000] {dag.py:3441} INFO - Setting next_dagrun for example_bash_operator to 2023-02-21T00:00:00+00:00, run_after=2023-02-22T00:00:00+00:00
[2023-02-22T20:50:05.290+0000] {processor.py:175} INFO - Processing /home/airflow/.local/lib/python3.7/site-packages/airflow/example_dags/example_bash_operator.py took 0.596 seconds
[2023-02-22T20:50:35.402+0000] {processor.py:153} INFO - Started process (PID=902) to work on /home/airflow/.local/lib/python3.7/site-packages/airflow/example_dags/example_bash_operator.py
[2023-02-22T20:50:35.403+0000] {processor.py:743} INFO - Processing file /home/airflow/.local/lib/python3.7/site-packages/airflow/example_dags/example_bash_operator.py for tasks to queue
[2023-02-22T20:50:35.416+0000] {logging_mixin.py:137} INFO - [2023-02-22T20:50:35.415+0000] {dagbag.py:538} INFO - Filling up the DagBag from /home/airflow/.local/lib/python3.7/site-packages/airflow/example_dags/example_bash_operator.py
[2023-02-22T20:50:35.533+0000] {processor.py:753} INFO - DAG(s) dict_keys(['example_bash_operator']) retrieved from /home/airflow/.local/lib/python3.7/site-packages/airflow/example_dags/example_bash_operator.py
[2023-02-22T20:50:35.746+0000] {logging_mixin.py:137} INFO - [2023-02-22T20:50:35.746+0000] {dag.py:2690} INFO - Sync 1 DAGs
[2023-02-22T20:50:35.874+0000] {logging_mixin.py:137} INFO - [2023-02-22T20:50:35.874+0000] {dag.py:3441} INFO - Setting next_dagrun for example_bash_operator to 2023-02-21T00:00:00+00:00, run_after=2023-02-22T00:00:00+00:00
[2023-02-22T20:50:35.973+0000] {processor.py:175} INFO - Processing /home/airflow/.local/lib/python3.7/site-packages/airflow/example_dags/example_bash_operator.py took 0.588 seconds
[2023-02-22T20:51:06.785+0000] {processor.py:153} INFO - Started process (PID=957) to work on /home/airflow/.local/lib/python3.7/site-packages/airflow/example_dags/example_bash_operator.py
[2023-02-22T20:51:06.786+0000] {processor.py:743} INFO - Processing file /home/airflow/.local/lib/python3.7/site-packages/airflow/example_dags/example_bash_operator.py for tasks to queue
[2023-02-22T20:51:06.787+0000] {logging_mixin.py:137} INFO - [2023-02-22T20:51:06.787+0000] {dagbag.py:538} INFO - Filling up the DagBag from /home/airflow/.local/lib/python3.7/site-packages/airflow/example_dags/example_bash_operator.py
[2023-02-22T20:51:06.818+0000] {processor.py:753} INFO - DAG(s) dict_keys(['example_bash_operator']) retrieved from /home/airflow/.local/lib/python3.7/site-packages/airflow/example_dags/example_bash_operator.py
[2023-02-22T20:51:06.876+0000] {logging_mixin.py:137} INFO - [2023-02-22T20:51:06.876+0000] {dag.py:2690} INFO - Sync 1 DAGs
[2023-02-22T20:51:06.915+0000] {logging_mixin.py:137} INFO - [2023-02-22T20:51:06.915+0000] {dag.py:3441} INFO - Setting next_dagrun for example_bash_operator to 2023-02-21T00:00:00+00:00, run_after=2023-02-22T00:00:00+00:00
[2023-02-22T20:51:06.939+0000] {processor.py:175} INFO - Processing /home/airflow/.local/lib/python3.7/site-packages/airflow/example_dags/example_bash_operator.py took 0.159 seconds
[2023-02-22T20:51:37.457+0000] {processor.py:153} INFO - Started process (PID=1045) to work on /home/airflow/.local/lib/python3.7/site-packages/airflow/example_dags/example_bash_operator.py
[2023-02-22T20:51:37.458+0000] {processor.py:743} INFO - Processing file /home/airflow/.local/lib/python3.7/site-packages/airflow/example_dags/example_bash_operator.py for tasks to queue
[2023-02-22T20:51:37.458+0000] {logging_mixin.py:137} INFO - [2023-02-22T20:51:37.458+0000] {dagbag.py:538} INFO - Filling up the DagBag from /home/airflow/.local/lib/python3.7/site-packages/airflow/example_dags/example_bash_operator.py
[2023-02-22T20:51:37.478+0000] {processor.py:753} INFO - DAG(s) dict_keys(['example_bash_operator']) retrieved from /home/airflow/.local/lib/python3.7/site-packages/airflow/example_dags/example_bash_operator.py
[2023-02-22T20:51:37.514+0000] {logging_mixin.py:137} INFO - [2023-02-22T20:51:37.514+0000] {dag.py:2690} INFO - Sync 1 DAGs
[2023-02-22T20:51:37.539+0000] {logging_mixin.py:137} INFO - [2023-02-22T20:51:37.539+0000] {dag.py:3441} INFO - Setting next_dagrun for example_bash_operator to 2023-02-21T00:00:00+00:00, run_after=2023-02-22T00:00:00+00:00
[2023-02-22T20:51:37.563+0000] {processor.py:175} INFO - Processing /home/airflow/.local/lib/python3.7/site-packages/airflow/example_dags/example_bash_operator.py took 0.109 seconds
[2023-02-22T20:52:07.849+0000] {processor.py:153} INFO - Started process (PID=1116) to work on /home/airflow/.local/lib/python3.7/site-packages/airflow/example_dags/example_bash_operator.py
[2023-02-22T20:52:07.851+0000] {processor.py:743} INFO - Processing file /home/airflow/.local/lib/python3.7/site-packages/airflow/example_dags/example_bash_operator.py for tasks to queue
[2023-02-22T20:52:07.851+0000] {logging_mixin.py:137} INFO - [2023-02-22T20:52:07.851+0000] {dagbag.py:538} INFO - Filling up the DagBag from /home/airflow/.local/lib/python3.7/site-packages/airflow/example_dags/example_bash_operator.py
[2023-02-22T20:52:07.870+0000] {processor.py:753} INFO - DAG(s) dict_keys(['example_bash_operator']) retrieved from /home/airflow/.local/lib/python3.7/site-packages/airflow/example_dags/example_bash_operator.py
[2023-02-22T20:52:07.914+0000] {logging_mixin.py:137} INFO - [2023-02-22T20:52:07.913+0000] {dag.py:2690} INFO - Sync 1 DAGs
[2023-02-22T20:52:07.939+0000] {logging_mixin.py:137} INFO - [2023-02-22T20:52:07.939+0000] {dag.py:3441} INFO - Setting next_dagrun for example_bash_operator to 2023-02-21T00:00:00+00:00, run_after=2023-02-22T00:00:00+00:00
[2023-02-22T20:52:07.966+0000] {processor.py:175} INFO - Processing /home/airflow/.local/lib/python3.7/site-packages/airflow/example_dags/example_bash_operator.py took 0.119 seconds
[2023-02-22T20:52:38.831+0000] {processor.py:153} INFO - Started process (PID=1203) to work on /home/airflow/.local/lib/python3.7/site-packages/airflow/example_dags/example_bash_operator.py
[2023-02-22T20:52:38.832+0000] {processor.py:743} INFO - Processing file /home/airflow/.local/lib/python3.7/site-packages/airflow/example_dags/example_bash_operator.py for tasks to queue
[2023-02-22T20:52:38.833+0000] {logging_mixin.py:137} INFO - [2023-02-22T20:52:38.833+0000] {dagbag.py:538} INFO - Filling up the DagBag from /home/airflow/.local/lib/python3.7/site-packages/airflow/example_dags/example_bash_operator.py
[2023-02-22T20:52:38.864+0000] {processor.py:753} INFO - DAG(s) dict_keys(['example_bash_operator']) retrieved from /home/airflow/.local/lib/python3.7/site-packages/airflow/example_dags/example_bash_operator.py
[2023-02-22T20:52:38.912+0000] {logging_mixin.py:137} INFO - [2023-02-22T20:52:38.912+0000] {dag.py:2690} INFO - Sync 1 DAGs
[2023-02-22T20:52:38.939+0000] {logging_mixin.py:137} INFO - [2023-02-22T20:52:38.938+0000] {dag.py:3441} INFO - Setting next_dagrun for example_bash_operator to 2023-02-21T00:00:00+00:00, run_after=2023-02-22T00:00:00+00:00
[2023-02-22T20:52:38.960+0000] {processor.py:175} INFO - Processing /home/airflow/.local/lib/python3.7/site-packages/airflow/example_dags/example_bash_operator.py took 0.133 seconds
[2023-02-22T20:53:09.560+0000] {processor.py:153} INFO - Started process (PID=1274) to work on /home/airflow/.local/lib/python3.7/site-packages/airflow/example_dags/example_bash_operator.py
[2023-02-22T20:53:09.564+0000] {processor.py:743} INFO - Processing file /home/airflow/.local/lib/python3.7/site-packages/airflow/example_dags/example_bash_operator.py for tasks to queue
[2023-02-22T20:53:09.565+0000] {logging_mixin.py:137} INFO - [2023-02-22T20:53:09.565+0000] {dagbag.py:538} INFO - Filling up the DagBag from /home/airflow/.local/lib/python3.7/site-packages/airflow/example_dags/example_bash_operator.py
[2023-02-22T20:53:09.638+0000] {processor.py:753} INFO - DAG(s) dict_keys(['example_bash_operator']) retrieved from /home/airflow/.local/lib/python3.7/site-packages/airflow/example_dags/example_bash_operator.py
[2023-02-22T20:53:09.715+0000] {logging_mixin.py:137} INFO - [2023-02-22T20:53:09.715+0000] {dag.py:2690} INFO - Sync 1 DAGs
[2023-02-22T20:53:09.800+0000] {logging_mixin.py:137} INFO - [2023-02-22T20:53:09.799+0000] {dag.py:3441} INFO - Setting next_dagrun for example_bash_operator to 2023-02-21T00:00:00+00:00, run_after=2023-02-22T00:00:00+00:00
[2023-02-22T20:53:09.991+0000] {processor.py:175} INFO - Processing /home/airflow/.local/lib/python3.7/site-packages/airflow/example_dags/example_bash_operator.py took 0.468 seconds
