[2023-02-22T20:44:20.348+0000] {processor.py:153} INFO - Started process (PID=88) to work on /home/airflow/.local/lib/python3.7/site-packages/airflow/example_dags/example_time_delta_sensor_async.py
[2023-02-22T20:44:20.357+0000] {processor.py:743} INFO - Processing file /home/airflow/.local/lib/python3.7/site-packages/airflow/example_dags/example_time_delta_sensor_async.py for tasks to queue
[2023-02-22T20:44:20.358+0000] {logging_mixin.py:137} INFO - [2023-02-22T20:44:20.358+0000] {dagbag.py:538} INFO - Filling up the DagBag from /home/airflow/.local/lib/python3.7/site-packages/airflow/example_dags/example_time_delta_sensor_async.py
[2023-02-22T20:44:20.402+0000] {processor.py:753} INFO - DAG(s) dict_keys(['example_time_delta_sensor_async']) retrieved from /home/airflow/.local/lib/python3.7/site-packages/airflow/example_dags/example_time_delta_sensor_async.py
[2023-02-22T20:44:20.495+0000] {logging_mixin.py:137} INFO - [2023-02-22T20:44:20.494+0000] {dag.py:2690} INFO - Sync 1 DAGs
[2023-02-22T20:44:20.629+0000] {logging_mixin.py:137} INFO - [2023-02-22T20:44:20.629+0000] {dag.py:3441} INFO - Setting next_dagrun for example_time_delta_sensor_async to None, run_after=None
[2023-02-22T20:44:20.778+0000] {processor.py:175} INFO - Processing /home/airflow/.local/lib/python3.7/site-packages/airflow/example_dags/example_time_delta_sensor_async.py took 0.447 seconds
[2023-02-22T20:44:51.280+0000] {processor.py:153} INFO - Started process (PID=150) to work on /home/airflow/.local/lib/python3.7/site-packages/airflow/example_dags/example_time_delta_sensor_async.py
[2023-02-22T20:44:51.281+0000] {processor.py:743} INFO - Processing file /home/airflow/.local/lib/python3.7/site-packages/airflow/example_dags/example_time_delta_sensor_async.py for tasks to queue
[2023-02-22T20:44:51.282+0000] {logging_mixin.py:137} INFO - [2023-02-22T20:44:51.282+0000] {dagbag.py:538} INFO - Filling up the DagBag from /home/airflow/.local/lib/python3.7/site-packages/airflow/example_dags/example_time_delta_sensor_async.py
[2023-02-22T20:44:51.299+0000] {processor.py:753} INFO - DAG(s) dict_keys(['example_time_delta_sensor_async']) retrieved from /home/airflow/.local/lib/python3.7/site-packages/airflow/example_dags/example_time_delta_sensor_async.py
[2023-02-22T20:44:51.347+0000] {logging_mixin.py:137} INFO - [2023-02-22T20:44:51.347+0000] {dag.py:2690} INFO - Sync 1 DAGs
[2023-02-22T20:44:51.391+0000] {logging_mixin.py:137} INFO - [2023-02-22T20:44:51.391+0000] {dag.py:3441} INFO - Setting next_dagrun for example_time_delta_sensor_async to None, run_after=None
[2023-02-22T20:44:51.426+0000] {processor.py:175} INFO - Processing /home/airflow/.local/lib/python3.7/site-packages/airflow/example_dags/example_time_delta_sensor_async.py took 0.151 seconds
[2023-02-22T20:45:21.604+0000] {processor.py:153} INFO - Started process (PID=222) to work on /home/airflow/.local/lib/python3.7/site-packages/airflow/example_dags/example_time_delta_sensor_async.py
[2023-02-22T20:45:21.607+0000] {processor.py:743} INFO - Processing file /home/airflow/.local/lib/python3.7/site-packages/airflow/example_dags/example_time_delta_sensor_async.py for tasks to queue
[2023-02-22T20:45:21.616+0000] {logging_mixin.py:137} INFO - [2023-02-22T20:45:21.615+0000] {dagbag.py:538} INFO - Filling up the DagBag from /home/airflow/.local/lib/python3.7/site-packages/airflow/example_dags/example_time_delta_sensor_async.py
[2023-02-22T20:45:21.650+0000] {processor.py:753} INFO - DAG(s) dict_keys(['example_time_delta_sensor_async']) retrieved from /home/airflow/.local/lib/python3.7/site-packages/airflow/example_dags/example_time_delta_sensor_async.py
[2023-02-22T20:45:21.702+0000] {logging_mixin.py:137} INFO - [2023-02-22T20:45:21.701+0000] {dag.py:2690} INFO - Sync 1 DAGs
[2023-02-22T20:45:21.769+0000] {logging_mixin.py:137} INFO - [2023-02-22T20:45:21.768+0000] {dag.py:3441} INFO - Setting next_dagrun for example_time_delta_sensor_async to None, run_after=None
[2023-02-22T20:45:21.818+0000] {processor.py:175} INFO - Processing /home/airflow/.local/lib/python3.7/site-packages/airflow/example_dags/example_time_delta_sensor_async.py took 0.219 seconds
[2023-02-22T20:45:52.518+0000] {processor.py:153} INFO - Started process (PID=293) to work on /home/airflow/.local/lib/python3.7/site-packages/airflow/example_dags/example_time_delta_sensor_async.py
[2023-02-22T20:45:52.519+0000] {processor.py:743} INFO - Processing file /home/airflow/.local/lib/python3.7/site-packages/airflow/example_dags/example_time_delta_sensor_async.py for tasks to queue
[2023-02-22T20:45:52.520+0000] {logging_mixin.py:137} INFO - [2023-02-22T20:45:52.520+0000] {dagbag.py:538} INFO - Filling up the DagBag from /home/airflow/.local/lib/python3.7/site-packages/airflow/example_dags/example_time_delta_sensor_async.py
[2023-02-22T20:45:52.540+0000] {processor.py:753} INFO - DAG(s) dict_keys(['example_time_delta_sensor_async']) retrieved from /home/airflow/.local/lib/python3.7/site-packages/airflow/example_dags/example_time_delta_sensor_async.py
[2023-02-22T20:45:52.582+0000] {logging_mixin.py:137} INFO - [2023-02-22T20:45:52.581+0000] {dag.py:2690} INFO - Sync 1 DAGs
[2023-02-22T20:45:52.628+0000] {logging_mixin.py:137} INFO - [2023-02-22T20:45:52.628+0000] {dag.py:3441} INFO - Setting next_dagrun for example_time_delta_sensor_async to None, run_after=None
[2023-02-22T20:45:52.668+0000] {processor.py:175} INFO - Processing /home/airflow/.local/lib/python3.7/site-packages/airflow/example_dags/example_time_delta_sensor_async.py took 0.155 seconds
[2023-02-22T20:46:23.101+0000] {processor.py:153} INFO - Started process (PID=364) to work on /home/airflow/.local/lib/python3.7/site-packages/airflow/example_dags/example_time_delta_sensor_async.py
[2023-02-22T20:46:23.102+0000] {processor.py:743} INFO - Processing file /home/airflow/.local/lib/python3.7/site-packages/airflow/example_dags/example_time_delta_sensor_async.py for tasks to queue
[2023-02-22T20:46:23.103+0000] {logging_mixin.py:137} INFO - [2023-02-22T20:46:23.103+0000] {dagbag.py:538} INFO - Filling up the DagBag from /home/airflow/.local/lib/python3.7/site-packages/airflow/example_dags/example_time_delta_sensor_async.py
[2023-02-22T20:46:23.119+0000] {processor.py:753} INFO - DAG(s) dict_keys(['example_time_delta_sensor_async']) retrieved from /home/airflow/.local/lib/python3.7/site-packages/airflow/example_dags/example_time_delta_sensor_async.py
[2023-02-22T20:46:23.161+0000] {logging_mixin.py:137} INFO - [2023-02-22T20:46:23.161+0000] {dag.py:2690} INFO - Sync 1 DAGs
[2023-02-22T20:46:23.218+0000] {logging_mixin.py:137} INFO - [2023-02-22T20:46:23.218+0000] {dag.py:3441} INFO - Setting next_dagrun for example_time_delta_sensor_async to None, run_after=None
[2023-02-22T20:46:23.249+0000] {processor.py:175} INFO - Processing /home/airflow/.local/lib/python3.7/site-packages/airflow/example_dags/example_time_delta_sensor_async.py took 0.156 seconds
[2023-02-22T20:46:53.393+0000] {processor.py:153} INFO - Started process (PID=435) to work on /home/airflow/.local/lib/python3.7/site-packages/airflow/example_dags/example_time_delta_sensor_async.py
[2023-02-22T20:46:53.394+0000] {processor.py:743} INFO - Processing file /home/airflow/.local/lib/python3.7/site-packages/airflow/example_dags/example_time_delta_sensor_async.py for tasks to queue
[2023-02-22T20:46:53.395+0000] {logging_mixin.py:137} INFO - [2023-02-22T20:46:53.395+0000] {dagbag.py:538} INFO - Filling up the DagBag from /home/airflow/.local/lib/python3.7/site-packages/airflow/example_dags/example_time_delta_sensor_async.py
[2023-02-22T20:46:53.416+0000] {processor.py:753} INFO - DAG(s) dict_keys(['example_time_delta_sensor_async']) retrieved from /home/airflow/.local/lib/python3.7/site-packages/airflow/example_dags/example_time_delta_sensor_async.py
[2023-02-22T20:46:53.511+0000] {logging_mixin.py:137} INFO - [2023-02-22T20:46:53.511+0000] {dag.py:2690} INFO - Sync 1 DAGs
[2023-02-22T20:46:53.578+0000] {logging_mixin.py:137} INFO - [2023-02-22T20:46:53.578+0000] {dag.py:3441} INFO - Setting next_dagrun for example_time_delta_sensor_async to None, run_after=None
[2023-02-22T20:46:53.639+0000] {processor.py:175} INFO - Processing /home/airflow/.local/lib/python3.7/site-packages/airflow/example_dags/example_time_delta_sensor_async.py took 0.260 seconds
[2023-02-22T20:47:26.299+0000] {processor.py:153} INFO - Started process (PID=506) to work on /home/airflow/.local/lib/python3.7/site-packages/airflow/example_dags/example_time_delta_sensor_async.py
[2023-02-22T20:47:26.302+0000] {processor.py:743} INFO - Processing file /home/airflow/.local/lib/python3.7/site-packages/airflow/example_dags/example_time_delta_sensor_async.py for tasks to queue
[2023-02-22T20:47:26.303+0000] {logging_mixin.py:137} INFO - [2023-02-22T20:47:26.303+0000] {dagbag.py:538} INFO - Filling up the DagBag from /home/airflow/.local/lib/python3.7/site-packages/airflow/example_dags/example_time_delta_sensor_async.py
[2023-02-22T20:47:26.331+0000] {processor.py:753} INFO - DAG(s) dict_keys(['example_time_delta_sensor_async']) retrieved from /home/airflow/.local/lib/python3.7/site-packages/airflow/example_dags/example_time_delta_sensor_async.py
[2023-02-22T20:47:26.388+0000] {logging_mixin.py:137} INFO - [2023-02-22T20:47:26.388+0000] {dag.py:2690} INFO - Sync 1 DAGs
[2023-02-22T20:47:26.466+0000] {logging_mixin.py:137} INFO - [2023-02-22T20:47:26.466+0000] {dag.py:3441} INFO - Setting next_dagrun for example_time_delta_sensor_async to None, run_after=None
[2023-02-22T20:47:26.515+0000] {processor.py:175} INFO - Processing /home/airflow/.local/lib/python3.7/site-packages/airflow/example_dags/example_time_delta_sensor_async.py took 0.230 seconds
[2023-02-22T20:47:59.154+0000] {processor.py:153} INFO - Started process (PID=577) to work on /home/airflow/.local/lib/python3.7/site-packages/airflow/example_dags/example_time_delta_sensor_async.py
[2023-02-22T20:47:59.178+0000] {processor.py:743} INFO - Processing file /home/airflow/.local/lib/python3.7/site-packages/airflow/example_dags/example_time_delta_sensor_async.py for tasks to queue
[2023-02-22T20:47:59.179+0000] {logging_mixin.py:137} INFO - [2023-02-22T20:47:59.179+0000] {dagbag.py:538} INFO - Filling up the DagBag from /home/airflow/.local/lib/python3.7/site-packages/airflow/example_dags/example_time_delta_sensor_async.py
[2023-02-22T20:47:59.247+0000] {processor.py:753} INFO - DAG(s) dict_keys(['example_time_delta_sensor_async']) retrieved from /home/airflow/.local/lib/python3.7/site-packages/airflow/example_dags/example_time_delta_sensor_async.py
[2023-02-22T20:47:59.411+0000] {logging_mixin.py:137} INFO - [2023-02-22T20:47:59.410+0000] {dag.py:2690} INFO - Sync 1 DAGs
[2023-02-22T20:47:59.572+0000] {logging_mixin.py:137} INFO - [2023-02-22T20:47:59.572+0000] {dag.py:3441} INFO - Setting next_dagrun for example_time_delta_sensor_async to None, run_after=None
[2023-02-22T20:47:59.735+0000] {processor.py:175} INFO - Processing /home/airflow/.local/lib/python3.7/site-packages/airflow/example_dags/example_time_delta_sensor_async.py took 0.600 seconds
[2023-02-22T20:48:30.465+0000] {processor.py:153} INFO - Started process (PID=639) to work on /home/airflow/.local/lib/python3.7/site-packages/airflow/example_dags/example_time_delta_sensor_async.py
[2023-02-22T20:48:30.493+0000] {processor.py:743} INFO - Processing file /home/airflow/.local/lib/python3.7/site-packages/airflow/example_dags/example_time_delta_sensor_async.py for tasks to queue
[2023-02-22T20:48:30.495+0000] {logging_mixin.py:137} INFO - [2023-02-22T20:48:30.495+0000] {dagbag.py:538} INFO - Filling up the DagBag from /home/airflow/.local/lib/python3.7/site-packages/airflow/example_dags/example_time_delta_sensor_async.py
[2023-02-22T20:48:30.575+0000] {processor.py:753} INFO - DAG(s) dict_keys(['example_time_delta_sensor_async']) retrieved from /home/airflow/.local/lib/python3.7/site-packages/airflow/example_dags/example_time_delta_sensor_async.py
[2023-02-22T20:48:30.702+0000] {logging_mixin.py:137} INFO - [2023-02-22T20:48:30.702+0000] {dag.py:2690} INFO - Sync 1 DAGs
[2023-02-22T20:48:30.848+0000] {logging_mixin.py:137} INFO - [2023-02-22T20:48:30.848+0000] {dag.py:3441} INFO - Setting next_dagrun for example_time_delta_sensor_async to None, run_after=None
[2023-02-22T20:48:30.968+0000] {processor.py:175} INFO - Processing /home/airflow/.local/lib/python3.7/site-packages/airflow/example_dags/example_time_delta_sensor_async.py took 0.521 seconds
[2023-02-22T20:49:02.026+0000] {processor.py:153} INFO - Started process (PID=703) to work on /home/airflow/.local/lib/python3.7/site-packages/airflow/example_dags/example_time_delta_sensor_async.py
[2023-02-22T20:49:02.037+0000] {processor.py:743} INFO - Processing file /home/airflow/.local/lib/python3.7/site-packages/airflow/example_dags/example_time_delta_sensor_async.py for tasks to queue
[2023-02-22T20:49:02.039+0000] {logging_mixin.py:137} INFO - [2023-02-22T20:49:02.038+0000] {dagbag.py:538} INFO - Filling up the DagBag from /home/airflow/.local/lib/python3.7/site-packages/airflow/example_dags/example_time_delta_sensor_async.py
[2023-02-22T20:49:02.287+0000] {processor.py:753} INFO - DAG(s) dict_keys(['example_time_delta_sensor_async']) retrieved from /home/airflow/.local/lib/python3.7/site-packages/airflow/example_dags/example_time_delta_sensor_async.py
[2023-02-22T20:49:02.468+0000] {logging_mixin.py:137} INFO - [2023-02-22T20:49:02.468+0000] {dag.py:2690} INFO - Sync 1 DAGs
[2023-02-22T20:49:02.643+0000] {logging_mixin.py:137} INFO - [2023-02-22T20:49:02.633+0000] {dag.py:3441} INFO - Setting next_dagrun for example_time_delta_sensor_async to None, run_after=None
[2023-02-22T20:49:02.773+0000] {processor.py:175} INFO - Processing /home/airflow/.local/lib/python3.7/site-packages/airflow/example_dags/example_time_delta_sensor_async.py took 0.766 seconds
[2023-02-22T20:49:33.211+0000] {processor.py:153} INFO - Started process (PID=767) to work on /home/airflow/.local/lib/python3.7/site-packages/airflow/example_dags/example_time_delta_sensor_async.py
[2023-02-22T20:49:33.234+0000] {processor.py:743} INFO - Processing file /home/airflow/.local/lib/python3.7/site-packages/airflow/example_dags/example_time_delta_sensor_async.py for tasks to queue
[2023-02-22T20:49:33.235+0000] {logging_mixin.py:137} INFO - [2023-02-22T20:49:33.235+0000] {dagbag.py:538} INFO - Filling up the DagBag from /home/airflow/.local/lib/python3.7/site-packages/airflow/example_dags/example_time_delta_sensor_async.py
[2023-02-22T20:49:33.317+0000] {processor.py:753} INFO - DAG(s) dict_keys(['example_time_delta_sensor_async']) retrieved from /home/airflow/.local/lib/python3.7/site-packages/airflow/example_dags/example_time_delta_sensor_async.py
[2023-02-22T20:49:33.421+0000] {logging_mixin.py:137} INFO - [2023-02-22T20:49:33.411+0000] {dag.py:2690} INFO - Sync 1 DAGs
[2023-02-22T20:49:33.543+0000] {logging_mixin.py:137} INFO - [2023-02-22T20:49:33.542+0000] {dag.py:3441} INFO - Setting next_dagrun for example_time_delta_sensor_async to None, run_after=None
[2023-02-22T20:49:33.666+0000] {processor.py:175} INFO - Processing /home/airflow/.local/lib/python3.7/site-packages/airflow/example_dags/example_time_delta_sensor_async.py took 0.486 seconds
[2023-02-22T20:50:04.257+0000] {processor.py:153} INFO - Started process (PID=830) to work on /home/airflow/.local/lib/python3.7/site-packages/airflow/example_dags/example_time_delta_sensor_async.py
[2023-02-22T20:50:04.274+0000] {processor.py:743} INFO - Processing file /home/airflow/.local/lib/python3.7/site-packages/airflow/example_dags/example_time_delta_sensor_async.py for tasks to queue
[2023-02-22T20:50:04.276+0000] {logging_mixin.py:137} INFO - [2023-02-22T20:50:04.276+0000] {dagbag.py:538} INFO - Filling up the DagBag from /home/airflow/.local/lib/python3.7/site-packages/airflow/example_dags/example_time_delta_sensor_async.py
[2023-02-22T20:50:04.334+0000] {processor.py:753} INFO - DAG(s) dict_keys(['example_time_delta_sensor_async']) retrieved from /home/airflow/.local/lib/python3.7/site-packages/airflow/example_dags/example_time_delta_sensor_async.py
[2023-02-22T20:50:04.463+0000] {logging_mixin.py:137} INFO - [2023-02-22T20:50:04.462+0000] {dag.py:2690} INFO - Sync 1 DAGs
[2023-02-22T20:50:04.562+0000] {logging_mixin.py:137} INFO - [2023-02-22T20:50:04.562+0000] {dag.py:3441} INFO - Setting next_dagrun for example_time_delta_sensor_async to None, run_after=None
[2023-02-22T20:50:04.640+0000] {processor.py:175} INFO - Processing /home/airflow/.local/lib/python3.7/site-packages/airflow/example_dags/example_time_delta_sensor_async.py took 0.399 seconds
[2023-02-22T20:50:34.921+0000] {processor.py:153} INFO - Started process (PID=901) to work on /home/airflow/.local/lib/python3.7/site-packages/airflow/example_dags/example_time_delta_sensor_async.py
[2023-02-22T20:50:34.930+0000] {processor.py:743} INFO - Processing file /home/airflow/.local/lib/python3.7/site-packages/airflow/example_dags/example_time_delta_sensor_async.py for tasks to queue
[2023-02-22T20:50:34.931+0000] {logging_mixin.py:137} INFO - [2023-02-22T20:50:34.931+0000] {dagbag.py:538} INFO - Filling up the DagBag from /home/airflow/.local/lib/python3.7/site-packages/airflow/example_dags/example_time_delta_sensor_async.py
[2023-02-22T20:50:34.986+0000] {processor.py:753} INFO - DAG(s) dict_keys(['example_time_delta_sensor_async']) retrieved from /home/airflow/.local/lib/python3.7/site-packages/airflow/example_dags/example_time_delta_sensor_async.py
[2023-02-22T20:50:35.106+0000] {logging_mixin.py:137} INFO - [2023-02-22T20:50:35.105+0000] {dag.py:2690} INFO - Sync 1 DAGs
[2023-02-22T20:50:35.264+0000] {logging_mixin.py:137} INFO - [2023-02-22T20:50:35.264+0000] {dag.py:3441} INFO - Setting next_dagrun for example_time_delta_sensor_async to None, run_after=None
[2023-02-22T20:50:35.357+0000] {processor.py:175} INFO - Processing /home/airflow/.local/lib/python3.7/site-packages/airflow/example_dags/example_time_delta_sensor_async.py took 0.474 seconds
[2023-02-22T20:51:05.762+0000] {processor.py:153} INFO - Started process (PID=956) to work on /home/airflow/.local/lib/python3.7/site-packages/airflow/example_dags/example_time_delta_sensor_async.py
[2023-02-22T20:51:05.762+0000] {processor.py:743} INFO - Processing file /home/airflow/.local/lib/python3.7/site-packages/airflow/example_dags/example_time_delta_sensor_async.py for tasks to queue
[2023-02-22T20:51:05.763+0000] {logging_mixin.py:137} INFO - [2023-02-22T20:51:05.763+0000] {dagbag.py:538} INFO - Filling up the DagBag from /home/airflow/.local/lib/python3.7/site-packages/airflow/example_dags/example_time_delta_sensor_async.py
[2023-02-22T20:51:05.810+0000] {processor.py:753} INFO - DAG(s) dict_keys(['example_time_delta_sensor_async']) retrieved from /home/airflow/.local/lib/python3.7/site-packages/airflow/example_dags/example_time_delta_sensor_async.py
[2023-02-22T20:51:05.883+0000] {logging_mixin.py:137} INFO - [2023-02-22T20:51:05.883+0000] {dag.py:2690} INFO - Sync 1 DAGs
[2023-02-22T20:51:05.915+0000] {logging_mixin.py:137} INFO - [2023-02-22T20:51:05.914+0000] {dag.py:3441} INFO - Setting next_dagrun for example_time_delta_sensor_async to None, run_after=None
[2023-02-22T20:51:05.942+0000] {processor.py:175} INFO - Processing /home/airflow/.local/lib/python3.7/site-packages/airflow/example_dags/example_time_delta_sensor_async.py took 0.185 seconds
[2023-02-22T20:51:36.438+0000] {processor.py:153} INFO - Started process (PID=1044) to work on /home/airflow/.local/lib/python3.7/site-packages/airflow/example_dags/example_time_delta_sensor_async.py
[2023-02-22T20:51:36.439+0000] {processor.py:743} INFO - Processing file /home/airflow/.local/lib/python3.7/site-packages/airflow/example_dags/example_time_delta_sensor_async.py for tasks to queue
[2023-02-22T20:51:36.439+0000] {logging_mixin.py:137} INFO - [2023-02-22T20:51:36.439+0000] {dagbag.py:538} INFO - Filling up the DagBag from /home/airflow/.local/lib/python3.7/site-packages/airflow/example_dags/example_time_delta_sensor_async.py
[2023-02-22T20:51:36.453+0000] {processor.py:753} INFO - DAG(s) dict_keys(['example_time_delta_sensor_async']) retrieved from /home/airflow/.local/lib/python3.7/site-packages/airflow/example_dags/example_time_delta_sensor_async.py
[2023-02-22T20:51:36.484+0000] {logging_mixin.py:137} INFO - [2023-02-22T20:51:36.483+0000] {dag.py:2690} INFO - Sync 1 DAGs
[2023-02-22T20:51:36.510+0000] {logging_mixin.py:137} INFO - [2023-02-22T20:51:36.510+0000] {dag.py:3441} INFO - Setting next_dagrun for example_time_delta_sensor_async to None, run_after=None
[2023-02-22T20:51:36.530+0000] {processor.py:175} INFO - Processing /home/airflow/.local/lib/python3.7/site-packages/airflow/example_dags/example_time_delta_sensor_async.py took 0.096 seconds
[2023-02-22T20:52:06.829+0000] {processor.py:153} INFO - Started process (PID=1115) to work on /home/airflow/.local/lib/python3.7/site-packages/airflow/example_dags/example_time_delta_sensor_async.py
[2023-02-22T20:52:06.830+0000] {processor.py:743} INFO - Processing file /home/airflow/.local/lib/python3.7/site-packages/airflow/example_dags/example_time_delta_sensor_async.py for tasks to queue
[2023-02-22T20:52:06.831+0000] {logging_mixin.py:137} INFO - [2023-02-22T20:52:06.831+0000] {dagbag.py:538} INFO - Filling up the DagBag from /home/airflow/.local/lib/python3.7/site-packages/airflow/example_dags/example_time_delta_sensor_async.py
[2023-02-22T20:52:06.848+0000] {processor.py:753} INFO - DAG(s) dict_keys(['example_time_delta_sensor_async']) retrieved from /home/airflow/.local/lib/python3.7/site-packages/airflow/example_dags/example_time_delta_sensor_async.py
[2023-02-22T20:52:06.887+0000] {logging_mixin.py:137} INFO - [2023-02-22T20:52:06.887+0000] {dag.py:2690} INFO - Sync 1 DAGs
[2023-02-22T20:52:06.921+0000] {logging_mixin.py:137} INFO - [2023-02-22T20:52:06.921+0000] {dag.py:3441} INFO - Setting next_dagrun for example_time_delta_sensor_async to None, run_after=None
[2023-02-22T20:52:06.960+0000] {processor.py:175} INFO - Processing /home/airflow/.local/lib/python3.7/site-packages/airflow/example_dags/example_time_delta_sensor_async.py took 0.137 seconds
[2023-02-22T20:52:37.765+0000] {processor.py:153} INFO - Started process (PID=1202) to work on /home/airflow/.local/lib/python3.7/site-packages/airflow/example_dags/example_time_delta_sensor_async.py
[2023-02-22T20:52:37.766+0000] {processor.py:743} INFO - Processing file /home/airflow/.local/lib/python3.7/site-packages/airflow/example_dags/example_time_delta_sensor_async.py for tasks to queue
[2023-02-22T20:52:37.767+0000] {logging_mixin.py:137} INFO - [2023-02-22T20:52:37.767+0000] {dagbag.py:538} INFO - Filling up the DagBag from /home/airflow/.local/lib/python3.7/site-packages/airflow/example_dags/example_time_delta_sensor_async.py
[2023-02-22T20:52:37.781+0000] {processor.py:753} INFO - DAG(s) dict_keys(['example_time_delta_sensor_async']) retrieved from /home/airflow/.local/lib/python3.7/site-packages/airflow/example_dags/example_time_delta_sensor_async.py
[2023-02-22T20:52:37.810+0000] {logging_mixin.py:137} INFO - [2023-02-22T20:52:37.809+0000] {dag.py:2690} INFO - Sync 1 DAGs
[2023-02-22T20:52:37.836+0000] {logging_mixin.py:137} INFO - [2023-02-22T20:52:37.836+0000] {dag.py:3441} INFO - Setting next_dagrun for example_time_delta_sensor_async to None, run_after=None
[2023-02-22T20:52:37.856+0000] {processor.py:175} INFO - Processing /home/airflow/.local/lib/python3.7/site-packages/airflow/example_dags/example_time_delta_sensor_async.py took 0.097 seconds
[2023-02-22T20:53:08.472+0000] {processor.py:153} INFO - Started process (PID=1273) to work on /home/airflow/.local/lib/python3.7/site-packages/airflow/example_dags/example_time_delta_sensor_async.py
[2023-02-22T20:53:08.473+0000] {processor.py:743} INFO - Processing file /home/airflow/.local/lib/python3.7/site-packages/airflow/example_dags/example_time_delta_sensor_async.py for tasks to queue
[2023-02-22T20:53:08.474+0000] {logging_mixin.py:137} INFO - [2023-02-22T20:53:08.474+0000] {dagbag.py:538} INFO - Filling up the DagBag from /home/airflow/.local/lib/python3.7/site-packages/airflow/example_dags/example_time_delta_sensor_async.py
[2023-02-22T20:53:08.490+0000] {processor.py:753} INFO - DAG(s) dict_keys(['example_time_delta_sensor_async']) retrieved from /home/airflow/.local/lib/python3.7/site-packages/airflow/example_dags/example_time_delta_sensor_async.py
[2023-02-22T20:53:08.524+0000] {logging_mixin.py:137} INFO - [2023-02-22T20:53:08.524+0000] {dag.py:2690} INFO - Sync 1 DAGs
[2023-02-22T20:53:08.558+0000] {logging_mixin.py:137} INFO - [2023-02-22T20:53:08.557+0000] {dag.py:3441} INFO - Setting next_dagrun for example_time_delta_sensor_async to None, run_after=None
[2023-02-22T20:53:08.581+0000] {processor.py:175} INFO - Processing /home/airflow/.local/lib/python3.7/site-packages/airflow/example_dags/example_time_delta_sensor_async.py took 0.113 seconds
