[2023-02-22T20:44:19.076+0000] {processor.py:153} INFO - Started process (PID=85) to work on /home/airflow/.local/lib/python3.7/site-packages/airflow/example_dags/example_sla_dag.py
[2023-02-22T20:44:19.078+0000] {processor.py:743} INFO - Processing file /home/airflow/.local/lib/python3.7/site-packages/airflow/example_dags/example_sla_dag.py for tasks to queue
[2023-02-22T20:44:19.088+0000] {logging_mixin.py:137} INFO - [2023-02-22T20:44:19.079+0000] {dagbag.py:538} INFO - Filling up the DagBag from /home/airflow/.local/lib/python3.7/site-packages/airflow/example_dags/example_sla_dag.py
[2023-02-22T20:44:19.200+0000] {processor.py:753} INFO - DAG(s) dict_keys(['example_sla_dag']) retrieved from /home/airflow/.local/lib/python3.7/site-packages/airflow/example_dags/example_sla_dag.py
[2023-02-22T20:44:19.305+0000] {logging_mixin.py:137} INFO - [2023-02-22T20:44:19.305+0000] {dag.py:2690} INFO - Sync 1 DAGs
[2023-02-22T20:44:19.452+0000] {logging_mixin.py:137} INFO - [2023-02-22T20:44:19.452+0000] {dag.py:3441} INFO - Setting next_dagrun for example_sla_dag to 2023-02-22T20:42:00+00:00, run_after=2023-02-22T20:44:00+00:00
[2023-02-22T20:44:19.514+0000] {processor.py:175} INFO - Processing /home/airflow/.local/lib/python3.7/site-packages/airflow/example_dags/example_sla_dag.py took 0.455 seconds
[2023-02-22T20:44:49.974+0000] {processor.py:153} INFO - Started process (PID=147) to work on /home/airflow/.local/lib/python3.7/site-packages/airflow/example_dags/example_sla_dag.py
[2023-02-22T20:44:49.977+0000] {processor.py:743} INFO - Processing file /home/airflow/.local/lib/python3.7/site-packages/airflow/example_dags/example_sla_dag.py for tasks to queue
[2023-02-22T20:44:49.980+0000] {logging_mixin.py:137} INFO - [2023-02-22T20:44:49.980+0000] {dagbag.py:538} INFO - Filling up the DagBag from /home/airflow/.local/lib/python3.7/site-packages/airflow/example_dags/example_sla_dag.py
[2023-02-22T20:44:50.036+0000] {processor.py:753} INFO - DAG(s) dict_keys(['example_sla_dag']) retrieved from /home/airflow/.local/lib/python3.7/site-packages/airflow/example_dags/example_sla_dag.py
[2023-02-22T20:44:50.078+0000] {logging_mixin.py:137} INFO - [2023-02-22T20:44:50.077+0000] {dag.py:2690} INFO - Sync 1 DAGs
[2023-02-22T20:44:50.117+0000] {logging_mixin.py:137} INFO - [2023-02-22T20:44:50.116+0000] {dag.py:3441} INFO - Setting next_dagrun for example_sla_dag to 2023-02-22T20:42:00+00:00, run_after=2023-02-22T20:44:00+00:00
[2023-02-22T20:44:50.157+0000] {processor.py:175} INFO - Processing /home/airflow/.local/lib/python3.7/site-packages/airflow/example_dags/example_sla_dag.py took 0.190 seconds
[2023-02-22T20:45:21.277+0000] {processor.py:153} INFO - Started process (PID=219) to work on /home/airflow/.local/lib/python3.7/site-packages/airflow/example_dags/example_sla_dag.py
[2023-02-22T20:45:21.278+0000] {processor.py:743} INFO - Processing file /home/airflow/.local/lib/python3.7/site-packages/airflow/example_dags/example_sla_dag.py for tasks to queue
[2023-02-22T20:45:21.279+0000] {logging_mixin.py:137} INFO - [2023-02-22T20:45:21.279+0000] {dagbag.py:538} INFO - Filling up the DagBag from /home/airflow/.local/lib/python3.7/site-packages/airflow/example_dags/example_sla_dag.py
[2023-02-22T20:45:21.317+0000] {processor.py:753} INFO - DAG(s) dict_keys(['example_sla_dag']) retrieved from /home/airflow/.local/lib/python3.7/site-packages/airflow/example_dags/example_sla_dag.py
[2023-02-22T20:45:21.366+0000] {logging_mixin.py:137} INFO - [2023-02-22T20:45:21.366+0000] {dag.py:2690} INFO - Sync 1 DAGs
[2023-02-22T20:45:21.433+0000] {logging_mixin.py:137} INFO - [2023-02-22T20:45:21.433+0000] {dag.py:3441} INFO - Setting next_dagrun for example_sla_dag to 2023-02-22T20:42:00+00:00, run_after=2023-02-22T20:44:00+00:00
[2023-02-22T20:45:21.488+0000] {processor.py:175} INFO - Processing /home/airflow/.local/lib/python3.7/site-packages/airflow/example_dags/example_sla_dag.py took 0.218 seconds
[2023-02-22T20:45:52.098+0000] {processor.py:153} INFO - Started process (PID=290) to work on /home/airflow/.local/lib/python3.7/site-packages/airflow/example_dags/example_sla_dag.py
[2023-02-22T20:45:52.099+0000] {processor.py:743} INFO - Processing file /home/airflow/.local/lib/python3.7/site-packages/airflow/example_dags/example_sla_dag.py for tasks to queue
[2023-02-22T20:45:52.100+0000] {logging_mixin.py:137} INFO - [2023-02-22T20:45:52.100+0000] {dagbag.py:538} INFO - Filling up the DagBag from /home/airflow/.local/lib/python3.7/site-packages/airflow/example_dags/example_sla_dag.py
[2023-02-22T20:45:52.142+0000] {processor.py:753} INFO - DAG(s) dict_keys(['example_sla_dag']) retrieved from /home/airflow/.local/lib/python3.7/site-packages/airflow/example_dags/example_sla_dag.py
[2023-02-22T20:45:52.181+0000] {logging_mixin.py:137} INFO - [2023-02-22T20:45:52.181+0000] {dag.py:2690} INFO - Sync 1 DAGs
[2023-02-22T20:45:52.233+0000] {logging_mixin.py:137} INFO - [2023-02-22T20:45:52.233+0000] {dag.py:3441} INFO - Setting next_dagrun for example_sla_dag to 2023-02-22T20:42:00+00:00, run_after=2023-02-22T20:44:00+00:00
[2023-02-22T20:45:52.273+0000] {processor.py:175} INFO - Processing /home/airflow/.local/lib/python3.7/site-packages/airflow/example_dags/example_sla_dag.py took 0.183 seconds
[2023-02-22T20:46:22.824+0000] {processor.py:153} INFO - Started process (PID=361) to work on /home/airflow/.local/lib/python3.7/site-packages/airflow/example_dags/example_sla_dag.py
[2023-02-22T20:46:22.826+0000] {processor.py:743} INFO - Processing file /home/airflow/.local/lib/python3.7/site-packages/airflow/example_dags/example_sla_dag.py for tasks to queue
[2023-02-22T20:46:22.827+0000] {logging_mixin.py:137} INFO - [2023-02-22T20:46:22.826+0000] {dagbag.py:538} INFO - Filling up the DagBag from /home/airflow/.local/lib/python3.7/site-packages/airflow/example_dags/example_sla_dag.py
[2023-02-22T20:46:22.867+0000] {processor.py:753} INFO - DAG(s) dict_keys(['example_sla_dag']) retrieved from /home/airflow/.local/lib/python3.7/site-packages/airflow/example_dags/example_sla_dag.py
[2023-02-22T20:46:22.909+0000] {logging_mixin.py:137} INFO - [2023-02-22T20:46:22.909+0000] {dag.py:2690} INFO - Sync 1 DAGs
[2023-02-22T20:46:22.963+0000] {logging_mixin.py:137} INFO - [2023-02-22T20:46:22.963+0000] {dag.py:3441} INFO - Setting next_dagrun for example_sla_dag to 2023-02-22T20:44:00+00:00, run_after=2023-02-22T20:46:00+00:00
[2023-02-22T20:46:23.001+0000] {processor.py:175} INFO - Processing /home/airflow/.local/lib/python3.7/site-packages/airflow/example_dags/example_sla_dag.py took 0.183 seconds
[2023-02-22T20:46:53.105+0000] {processor.py:153} INFO - Started process (PID=432) to work on /home/airflow/.local/lib/python3.7/site-packages/airflow/example_dags/example_sla_dag.py
[2023-02-22T20:46:53.107+0000] {processor.py:743} INFO - Processing file /home/airflow/.local/lib/python3.7/site-packages/airflow/example_dags/example_sla_dag.py for tasks to queue
[2023-02-22T20:46:53.108+0000] {logging_mixin.py:137} INFO - [2023-02-22T20:46:53.107+0000] {dagbag.py:538} INFO - Filling up the DagBag from /home/airflow/.local/lib/python3.7/site-packages/airflow/example_dags/example_sla_dag.py
[2023-02-22T20:46:53.152+0000] {processor.py:753} INFO - DAG(s) dict_keys(['example_sla_dag']) retrieved from /home/airflow/.local/lib/python3.7/site-packages/airflow/example_dags/example_sla_dag.py
[2023-02-22T20:46:53.193+0000] {logging_mixin.py:137} INFO - [2023-02-22T20:46:53.193+0000] {dag.py:2690} INFO - Sync 1 DAGs
[2023-02-22T20:46:53.245+0000] {logging_mixin.py:137} INFO - [2023-02-22T20:46:53.245+0000] {dag.py:3441} INFO - Setting next_dagrun for example_sla_dag to 2023-02-22T20:44:00+00:00, run_after=2023-02-22T20:46:00+00:00
[2023-02-22T20:46:53.278+0000] {processor.py:175} INFO - Processing /home/airflow/.local/lib/python3.7/site-packages/airflow/example_dags/example_sla_dag.py took 0.180 seconds
[2023-02-22T20:47:25.866+0000] {processor.py:153} INFO - Started process (PID=503) to work on /home/airflow/.local/lib/python3.7/site-packages/airflow/example_dags/example_sla_dag.py
[2023-02-22T20:47:25.868+0000] {processor.py:743} INFO - Processing file /home/airflow/.local/lib/python3.7/site-packages/airflow/example_dags/example_sla_dag.py for tasks to queue
[2023-02-22T20:47:25.870+0000] {logging_mixin.py:137} INFO - [2023-02-22T20:47:25.869+0000] {dagbag.py:538} INFO - Filling up the DagBag from /home/airflow/.local/lib/python3.7/site-packages/airflow/example_dags/example_sla_dag.py
[2023-02-22T20:47:25.926+0000] {processor.py:753} INFO - DAG(s) dict_keys(['example_sla_dag']) retrieved from /home/airflow/.local/lib/python3.7/site-packages/airflow/example_dags/example_sla_dag.py
[2023-02-22T20:47:25.977+0000] {logging_mixin.py:137} INFO - [2023-02-22T20:47:25.977+0000] {dag.py:2690} INFO - Sync 1 DAGs
[2023-02-22T20:47:26.044+0000] {logging_mixin.py:137} INFO - [2023-02-22T20:47:26.044+0000] {dag.py:3441} INFO - Setting next_dagrun for example_sla_dag to 2023-02-22T20:44:00+00:00, run_after=2023-02-22T20:46:00+00:00
[2023-02-22T20:47:26.094+0000] {processor.py:175} INFO - Processing /home/airflow/.local/lib/python3.7/site-packages/airflow/example_dags/example_sla_dag.py took 0.234 seconds
[2023-02-22T20:47:58.404+0000] {processor.py:153} INFO - Started process (PID=574) to work on /home/airflow/.local/lib/python3.7/site-packages/airflow/example_dags/example_sla_dag.py
[2023-02-22T20:47:58.407+0000] {processor.py:743} INFO - Processing file /home/airflow/.local/lib/python3.7/site-packages/airflow/example_dags/example_sla_dag.py for tasks to queue
[2023-02-22T20:47:58.408+0000] {logging_mixin.py:137} INFO - [2023-02-22T20:47:58.408+0000] {dagbag.py:538} INFO - Filling up the DagBag from /home/airflow/.local/lib/python3.7/site-packages/airflow/example_dags/example_sla_dag.py
[2023-02-22T20:47:58.559+0000] {processor.py:753} INFO - DAG(s) dict_keys(['example_sla_dag']) retrieved from /home/airflow/.local/lib/python3.7/site-packages/airflow/example_dags/example_sla_dag.py
[2023-02-22T20:47:58.697+0000] {logging_mixin.py:137} INFO - [2023-02-22T20:47:58.697+0000] {dag.py:2690} INFO - Sync 1 DAGs
[2023-02-22T20:47:58.917+0000] {logging_mixin.py:137} INFO - [2023-02-22T20:47:58.917+0000] {dag.py:3441} INFO - Setting next_dagrun for example_sla_dag to 2023-02-22T20:44:00+00:00, run_after=2023-02-22T20:46:00+00:00
[2023-02-22T20:47:59.049+0000] {processor.py:175} INFO - Processing /home/airflow/.local/lib/python3.7/site-packages/airflow/example_dags/example_sla_dag.py took 0.661 seconds
[2023-02-22T20:48:29.556+0000] {processor.py:153} INFO - Started process (PID=629) to work on /home/airflow/.local/lib/python3.7/site-packages/airflow/example_dags/example_sla_dag.py
[2023-02-22T20:48:29.567+0000] {processor.py:743} INFO - Processing file /home/airflow/.local/lib/python3.7/site-packages/airflow/example_dags/example_sla_dag.py for tasks to queue
[2023-02-22T20:48:29.570+0000] {logging_mixin.py:137} INFO - [2023-02-22T20:48:29.569+0000] {dagbag.py:538} INFO - Filling up the DagBag from /home/airflow/.local/lib/python3.7/site-packages/airflow/example_dags/example_sla_dag.py
[2023-02-22T20:48:29.711+0000] {processor.py:753} INFO - DAG(s) dict_keys(['example_sla_dag']) retrieved from /home/airflow/.local/lib/python3.7/site-packages/airflow/example_dags/example_sla_dag.py
[2023-02-22T20:48:29.828+0000] {logging_mixin.py:137} INFO - [2023-02-22T20:48:29.828+0000] {dag.py:2690} INFO - Sync 1 DAGs
[2023-02-22T20:48:30.001+0000] {logging_mixin.py:137} INFO - [2023-02-22T20:48:30.000+0000] {dag.py:3441} INFO - Setting next_dagrun for example_sla_dag to 2023-02-22T20:46:00+00:00, run_after=2023-02-22T20:48:00+00:00
[2023-02-22T20:48:30.101+0000] {processor.py:175} INFO - Processing /home/airflow/.local/lib/python3.7/site-packages/airflow/example_dags/example_sla_dag.py took 0.562 seconds
[2023-02-22T20:49:01.131+0000] {processor.py:153} INFO - Started process (PID=700) to work on /home/airflow/.local/lib/python3.7/site-packages/airflow/example_dags/example_sla_dag.py
[2023-02-22T20:49:01.145+0000] {processor.py:743} INFO - Processing file /home/airflow/.local/lib/python3.7/site-packages/airflow/example_dags/example_sla_dag.py for tasks to queue
[2023-02-22T20:49:01.147+0000] {logging_mixin.py:137} INFO - [2023-02-22T20:49:01.147+0000] {dagbag.py:538} INFO - Filling up the DagBag from /home/airflow/.local/lib/python3.7/site-packages/airflow/example_dags/example_sla_dag.py
[2023-02-22T20:49:01.294+0000] {processor.py:753} INFO - DAG(s) dict_keys(['example_sla_dag']) retrieved from /home/airflow/.local/lib/python3.7/site-packages/airflow/example_dags/example_sla_dag.py
[2023-02-22T20:49:01.420+0000] {logging_mixin.py:137} INFO - [2023-02-22T20:49:01.419+0000] {dag.py:2690} INFO - Sync 1 DAGs
[2023-02-22T20:49:01.593+0000] {logging_mixin.py:137} INFO - [2023-02-22T20:49:01.593+0000] {dag.py:3441} INFO - Setting next_dagrun for example_sla_dag to 2023-02-22T20:46:00+00:00, run_after=2023-02-22T20:48:00+00:00
[2023-02-22T20:49:01.717+0000] {processor.py:175} INFO - Processing /home/airflow/.local/lib/python3.7/site-packages/airflow/example_dags/example_sla_dag.py took 0.601 seconds
[2023-02-22T20:49:32.252+0000] {processor.py:153} INFO - Started process (PID=764) to work on /home/airflow/.local/lib/python3.7/site-packages/airflow/example_dags/example_sla_dag.py
[2023-02-22T20:49:32.253+0000] {processor.py:743} INFO - Processing file /home/airflow/.local/lib/python3.7/site-packages/airflow/example_dags/example_sla_dag.py for tasks to queue
[2023-02-22T20:49:32.255+0000] {logging_mixin.py:137} INFO - [2023-02-22T20:49:32.254+0000] {dagbag.py:538} INFO - Filling up the DagBag from /home/airflow/.local/lib/python3.7/site-packages/airflow/example_dags/example_sla_dag.py
[2023-02-22T20:49:32.389+0000] {processor.py:753} INFO - DAG(s) dict_keys(['example_sla_dag']) retrieved from /home/airflow/.local/lib/python3.7/site-packages/airflow/example_dags/example_sla_dag.py
[2023-02-22T20:49:32.496+0000] {logging_mixin.py:137} INFO - [2023-02-22T20:49:32.496+0000] {dag.py:2690} INFO - Sync 1 DAGs
[2023-02-22T20:49:32.675+0000] {logging_mixin.py:137} INFO - [2023-02-22T20:49:32.675+0000] {dag.py:3441} INFO - Setting next_dagrun for example_sla_dag to 2023-02-22T20:46:00+00:00, run_after=2023-02-22T20:48:00+00:00
[2023-02-22T20:49:32.747+0000] {processor.py:175} INFO - Processing /home/airflow/.local/lib/python3.7/site-packages/airflow/example_dags/example_sla_dag.py took 0.525 seconds
[2023-02-22T20:50:03.146+0000] {processor.py:153} INFO - Started process (PID=827) to work on /home/airflow/.local/lib/python3.7/site-packages/airflow/example_dags/example_sla_dag.py
[2023-02-22T20:50:03.149+0000] {processor.py:743} INFO - Processing file /home/airflow/.local/lib/python3.7/site-packages/airflow/example_dags/example_sla_dag.py for tasks to queue
[2023-02-22T20:50:03.150+0000] {logging_mixin.py:137} INFO - [2023-02-22T20:50:03.150+0000] {dagbag.py:538} INFO - Filling up the DagBag from /home/airflow/.local/lib/python3.7/site-packages/airflow/example_dags/example_sla_dag.py
[2023-02-22T20:50:03.261+0000] {processor.py:753} INFO - DAG(s) dict_keys(['example_sla_dag']) retrieved from /home/airflow/.local/lib/python3.7/site-packages/airflow/example_dags/example_sla_dag.py
[2023-02-22T20:50:03.366+0000] {logging_mixin.py:137} INFO - [2023-02-22T20:50:03.366+0000] {dag.py:2690} INFO - Sync 1 DAGs
[2023-02-22T20:50:03.511+0000] {logging_mixin.py:137} INFO - [2023-02-22T20:50:03.511+0000] {dag.py:3441} INFO - Setting next_dagrun for example_sla_dag to 2023-02-22T20:48:00+00:00, run_after=2023-02-22T20:50:00+00:00
[2023-02-22T20:50:03.623+0000] {processor.py:175} INFO - Processing /home/airflow/.local/lib/python3.7/site-packages/airflow/example_dags/example_sla_dag.py took 0.491 seconds
[2023-02-22T20:50:33.765+0000] {processor.py:153} INFO - Started process (PID=898) to work on /home/airflow/.local/lib/python3.7/site-packages/airflow/example_dags/example_sla_dag.py
[2023-02-22T20:50:33.777+0000] {processor.py:743} INFO - Processing file /home/airflow/.local/lib/python3.7/site-packages/airflow/example_dags/example_sla_dag.py for tasks to queue
[2023-02-22T20:50:33.778+0000] {logging_mixin.py:137} INFO - [2023-02-22T20:50:33.778+0000] {dagbag.py:538} INFO - Filling up the DagBag from /home/airflow/.local/lib/python3.7/site-packages/airflow/example_dags/example_sla_dag.py
[2023-02-22T20:50:33.924+0000] {processor.py:753} INFO - DAG(s) dict_keys(['example_sla_dag']) retrieved from /home/airflow/.local/lib/python3.7/site-packages/airflow/example_dags/example_sla_dag.py
[2023-02-22T20:50:34.072+0000] {logging_mixin.py:137} INFO - [2023-02-22T20:50:34.071+0000] {dag.py:2690} INFO - Sync 1 DAGs
[2023-02-22T20:50:34.209+0000] {logging_mixin.py:137} INFO - [2023-02-22T20:50:34.209+0000] {dag.py:3441} INFO - Setting next_dagrun for example_sla_dag to 2023-02-22T20:48:00+00:00, run_after=2023-02-22T20:50:00+00:00
[2023-02-22T20:50:34.307+0000] {processor.py:175} INFO - Processing /home/airflow/.local/lib/python3.7/site-packages/airflow/example_dags/example_sla_dag.py took 0.558 seconds
[2023-02-22T20:51:04.619+0000] {processor.py:153} INFO - Started process (PID=953) to work on /home/airflow/.local/lib/python3.7/site-packages/airflow/example_dags/example_sla_dag.py
[2023-02-22T20:51:04.621+0000] {processor.py:743} INFO - Processing file /home/airflow/.local/lib/python3.7/site-packages/airflow/example_dags/example_sla_dag.py for tasks to queue
[2023-02-22T20:51:04.622+0000] {logging_mixin.py:137} INFO - [2023-02-22T20:51:04.621+0000] {dagbag.py:538} INFO - Filling up the DagBag from /home/airflow/.local/lib/python3.7/site-packages/airflow/example_dags/example_sla_dag.py
[2023-02-22T20:51:04.663+0000] {processor.py:753} INFO - DAG(s) dict_keys(['example_sla_dag']) retrieved from /home/airflow/.local/lib/python3.7/site-packages/airflow/example_dags/example_sla_dag.py
[2023-02-22T20:51:04.708+0000] {logging_mixin.py:137} INFO - [2023-02-22T20:51:04.708+0000] {dag.py:2690} INFO - Sync 1 DAGs
[2023-02-22T20:51:04.746+0000] {logging_mixin.py:137} INFO - [2023-02-22T20:51:04.746+0000] {dag.py:3441} INFO - Setting next_dagrun for example_sla_dag to 2023-02-22T20:48:00+00:00, run_after=2023-02-22T20:50:00+00:00
[2023-02-22T20:51:04.779+0000] {processor.py:175} INFO - Processing /home/airflow/.local/lib/python3.7/site-packages/airflow/example_dags/example_sla_dag.py took 0.170 seconds
[2023-02-22T20:51:35.193+0000] {processor.py:153} INFO - Started process (PID=1041) to work on /home/airflow/.local/lib/python3.7/site-packages/airflow/example_dags/example_sla_dag.py
[2023-02-22T20:51:35.194+0000] {processor.py:743} INFO - Processing file /home/airflow/.local/lib/python3.7/site-packages/airflow/example_dags/example_sla_dag.py for tasks to queue
[2023-02-22T20:51:35.195+0000] {logging_mixin.py:137} INFO - [2023-02-22T20:51:35.195+0000] {dagbag.py:538} INFO - Filling up the DagBag from /home/airflow/.local/lib/python3.7/site-packages/airflow/example_dags/example_sla_dag.py
[2023-02-22T20:51:35.228+0000] {processor.py:753} INFO - DAG(s) dict_keys(['example_sla_dag']) retrieved from /home/airflow/.local/lib/python3.7/site-packages/airflow/example_dags/example_sla_dag.py
[2023-02-22T20:51:35.260+0000] {logging_mixin.py:137} INFO - [2023-02-22T20:51:35.260+0000] {dag.py:2690} INFO - Sync 1 DAGs
[2023-02-22T20:51:35.292+0000] {logging_mixin.py:137} INFO - [2023-02-22T20:51:35.292+0000] {dag.py:3441} INFO - Setting next_dagrun for example_sla_dag to 2023-02-22T20:48:00+00:00, run_after=2023-02-22T20:50:00+00:00
[2023-02-22T20:51:35.315+0000] {processor.py:175} INFO - Processing /home/airflow/.local/lib/python3.7/site-packages/airflow/example_dags/example_sla_dag.py took 0.127 seconds
[2023-02-22T20:52:05.639+0000] {processor.py:153} INFO - Started process (PID=1112) to work on /home/airflow/.local/lib/python3.7/site-packages/airflow/example_dags/example_sla_dag.py
[2023-02-22T20:52:05.641+0000] {processor.py:743} INFO - Processing file /home/airflow/.local/lib/python3.7/site-packages/airflow/example_dags/example_sla_dag.py for tasks to queue
[2023-02-22T20:52:05.642+0000] {logging_mixin.py:137} INFO - [2023-02-22T20:52:05.641+0000] {dagbag.py:538} INFO - Filling up the DagBag from /home/airflow/.local/lib/python3.7/site-packages/airflow/example_dags/example_sla_dag.py
[2023-02-22T20:52:05.670+0000] {processor.py:753} INFO - DAG(s) dict_keys(['example_sla_dag']) retrieved from /home/airflow/.local/lib/python3.7/site-packages/airflow/example_dags/example_sla_dag.py
[2023-02-22T20:52:05.708+0000] {logging_mixin.py:137} INFO - [2023-02-22T20:52:05.708+0000] {dag.py:2690} INFO - Sync 1 DAGs
[2023-02-22T20:52:05.752+0000] {logging_mixin.py:137} INFO - [2023-02-22T20:52:05.752+0000] {dag.py:3441} INFO - Setting next_dagrun for example_sla_dag to 2023-02-22T20:50:00+00:00, run_after=2023-02-22T20:52:00+00:00
[2023-02-22T20:52:05.783+0000] {processor.py:175} INFO - Processing /home/airflow/.local/lib/python3.7/site-packages/airflow/example_dags/example_sla_dag.py took 0.148 seconds
[2023-02-22T20:52:36.601+0000] {processor.py:153} INFO - Started process (PID=1199) to work on /home/airflow/.local/lib/python3.7/site-packages/airflow/example_dags/example_sla_dag.py
[2023-02-22T20:52:36.603+0000] {processor.py:743} INFO - Processing file /home/airflow/.local/lib/python3.7/site-packages/airflow/example_dags/example_sla_dag.py for tasks to queue
[2023-02-22T20:52:36.603+0000] {logging_mixin.py:137} INFO - [2023-02-22T20:52:36.603+0000] {dagbag.py:538} INFO - Filling up the DagBag from /home/airflow/.local/lib/python3.7/site-packages/airflow/example_dags/example_sla_dag.py
[2023-02-22T20:52:36.635+0000] {processor.py:753} INFO - DAG(s) dict_keys(['example_sla_dag']) retrieved from /home/airflow/.local/lib/python3.7/site-packages/airflow/example_dags/example_sla_dag.py
[2023-02-22T20:52:36.674+0000] {logging_mixin.py:137} INFO - [2023-02-22T20:52:36.673+0000] {dag.py:2690} INFO - Sync 1 DAGs
[2023-02-22T20:52:36.724+0000] {logging_mixin.py:137} INFO - [2023-02-22T20:52:36.724+0000] {dag.py:3441} INFO - Setting next_dagrun for example_sla_dag to 2023-02-22T20:50:00+00:00, run_after=2023-02-22T20:52:00+00:00
[2023-02-22T20:52:36.760+0000] {processor.py:175} INFO - Processing /home/airflow/.local/lib/python3.7/site-packages/airflow/example_dags/example_sla_dag.py took 0.163 seconds
[2023-02-22T20:53:07.279+0000] {processor.py:153} INFO - Started process (PID=1270) to work on /home/airflow/.local/lib/python3.7/site-packages/airflow/example_dags/example_sla_dag.py
[2023-02-22T20:53:07.280+0000] {processor.py:743} INFO - Processing file /home/airflow/.local/lib/python3.7/site-packages/airflow/example_dags/example_sla_dag.py for tasks to queue
[2023-02-22T20:53:07.280+0000] {logging_mixin.py:137} INFO - [2023-02-22T20:53:07.280+0000] {dagbag.py:538} INFO - Filling up the DagBag from /home/airflow/.local/lib/python3.7/site-packages/airflow/example_dags/example_sla_dag.py
[2023-02-22T20:53:07.313+0000] {processor.py:753} INFO - DAG(s) dict_keys(['example_sla_dag']) retrieved from /home/airflow/.local/lib/python3.7/site-packages/airflow/example_dags/example_sla_dag.py
[2023-02-22T20:53:07.349+0000] {logging_mixin.py:137} INFO - [2023-02-22T20:53:07.348+0000] {dag.py:2690} INFO - Sync 1 DAGs
[2023-02-22T20:53:07.389+0000] {logging_mixin.py:137} INFO - [2023-02-22T20:53:07.389+0000] {dag.py:3441} INFO - Setting next_dagrun for example_sla_dag to 2023-02-22T20:50:00+00:00, run_after=2023-02-22T20:52:00+00:00
[2023-02-22T20:53:07.425+0000] {processor.py:175} INFO - Processing /home/airflow/.local/lib/python3.7/site-packages/airflow/example_dags/example_sla_dag.py took 0.151 seconds
