[2023-02-22T20:44:22.071+0000] {processor.py:153} INFO - Started process (PID=100) to work on /home/airflow/.local/lib/python3.7/site-packages/airflow/example_dags/example_local_kubernetes_executor.py
[2023-02-22T20:44:22.073+0000] {processor.py:743} INFO - Processing file /home/airflow/.local/lib/python3.7/site-packages/airflow/example_dags/example_local_kubernetes_executor.py for tasks to queue
[2023-02-22T20:44:22.075+0000] {logging_mixin.py:137} INFO - [2023-02-22T20:44:22.074+0000] {dagbag.py:538} INFO - Filling up the DagBag from /home/airflow/.local/lib/python3.7/site-packages/airflow/example_dags/example_local_kubernetes_executor.py
[2023-02-22T20:44:22.250+0000] {processor.py:753} INFO - DAG(s) dict_keys(['example_local_kubernetes_executor']) retrieved from /home/airflow/.local/lib/python3.7/site-packages/airflow/example_dags/example_local_kubernetes_executor.py
[2023-02-22T20:44:22.903+0000] {logging_mixin.py:137} INFO - [2023-02-22T20:44:22.902+0000] {dag.py:2690} INFO - Sync 1 DAGs
[2023-02-22T20:44:23.510+0000] {logging_mixin.py:137} INFO - [2023-02-22T20:44:23.495+0000] {dag.py:3441} INFO - Setting next_dagrun for example_local_kubernetes_executor to None, run_after=None
[2023-02-22T20:44:23.628+0000] {processor.py:175} INFO - Processing /home/airflow/.local/lib/python3.7/site-packages/airflow/example_dags/example_local_kubernetes_executor.py took 1.568 seconds
[2023-02-22T20:44:53.840+0000] {processor.py:153} INFO - Started process (PID=155) to work on /home/airflow/.local/lib/python3.7/site-packages/airflow/example_dags/example_local_kubernetes_executor.py
[2023-02-22T20:44:53.841+0000] {processor.py:743} INFO - Processing file /home/airflow/.local/lib/python3.7/site-packages/airflow/example_dags/example_local_kubernetes_executor.py for tasks to queue
[2023-02-22T20:44:53.842+0000] {logging_mixin.py:137} INFO - [2023-02-22T20:44:53.841+0000] {dagbag.py:538} INFO - Filling up the DagBag from /home/airflow/.local/lib/python3.7/site-packages/airflow/example_dags/example_local_kubernetes_executor.py
[2023-02-22T20:44:53.872+0000] {processor.py:753} INFO - DAG(s) dict_keys(['example_local_kubernetes_executor']) retrieved from /home/airflow/.local/lib/python3.7/site-packages/airflow/example_dags/example_local_kubernetes_executor.py
[2023-02-22T20:44:53.912+0000] {logging_mixin.py:137} INFO - [2023-02-22T20:44:53.911+0000] {dag.py:2690} INFO - Sync 1 DAGs
[2023-02-22T20:44:53.943+0000] {logging_mixin.py:137} INFO - [2023-02-22T20:44:53.942+0000] {dag.py:3441} INFO - Setting next_dagrun for example_local_kubernetes_executor to None, run_after=None
[2023-02-22T20:44:53.968+0000] {processor.py:175} INFO - Processing /home/airflow/.local/lib/python3.7/site-packages/airflow/example_dags/example_local_kubernetes_executor.py took 0.134 seconds
[2023-02-22T20:45:24.095+0000] {processor.py:153} INFO - Started process (PID=227) to work on /home/airflow/.local/lib/python3.7/site-packages/airflow/example_dags/example_local_kubernetes_executor.py
[2023-02-22T20:45:24.096+0000] {processor.py:743} INFO - Processing file /home/airflow/.local/lib/python3.7/site-packages/airflow/example_dags/example_local_kubernetes_executor.py for tasks to queue
[2023-02-22T20:45:24.097+0000] {logging_mixin.py:137} INFO - [2023-02-22T20:45:24.097+0000] {dagbag.py:538} INFO - Filling up the DagBag from /home/airflow/.local/lib/python3.7/site-packages/airflow/example_dags/example_local_kubernetes_executor.py
[2023-02-22T20:45:24.145+0000] {processor.py:753} INFO - DAG(s) dict_keys(['example_local_kubernetes_executor']) retrieved from /home/airflow/.local/lib/python3.7/site-packages/airflow/example_dags/example_local_kubernetes_executor.py
[2023-02-22T20:45:24.200+0000] {logging_mixin.py:137} INFO - [2023-02-22T20:45:24.199+0000] {dag.py:2690} INFO - Sync 1 DAGs
[2023-02-22T20:45:24.256+0000] {logging_mixin.py:137} INFO - [2023-02-22T20:45:24.256+0000] {dag.py:3441} INFO - Setting next_dagrun for example_local_kubernetes_executor to None, run_after=None
[2023-02-22T20:45:24.298+0000] {processor.py:175} INFO - Processing /home/airflow/.local/lib/python3.7/site-packages/airflow/example_dags/example_local_kubernetes_executor.py took 0.211 seconds
[2023-02-22T20:45:54.729+0000] {processor.py:153} INFO - Started process (PID=298) to work on /home/airflow/.local/lib/python3.7/site-packages/airflow/example_dags/example_local_kubernetes_executor.py
[2023-02-22T20:45:54.730+0000] {processor.py:743} INFO - Processing file /home/airflow/.local/lib/python3.7/site-packages/airflow/example_dags/example_local_kubernetes_executor.py for tasks to queue
[2023-02-22T20:45:54.731+0000] {logging_mixin.py:137} INFO - [2023-02-22T20:45:54.731+0000] {dagbag.py:538} INFO - Filling up the DagBag from /home/airflow/.local/lib/python3.7/site-packages/airflow/example_dags/example_local_kubernetes_executor.py
[2023-02-22T20:45:54.763+0000] {processor.py:753} INFO - DAG(s) dict_keys(['example_local_kubernetes_executor']) retrieved from /home/airflow/.local/lib/python3.7/site-packages/airflow/example_dags/example_local_kubernetes_executor.py
[2023-02-22T20:45:54.797+0000] {logging_mixin.py:137} INFO - [2023-02-22T20:45:54.796+0000] {dag.py:2690} INFO - Sync 1 DAGs
[2023-02-22T20:45:54.827+0000] {logging_mixin.py:137} INFO - [2023-02-22T20:45:54.827+0000] {dag.py:3441} INFO - Setting next_dagrun for example_local_kubernetes_executor to None, run_after=None
[2023-02-22T20:45:54.850+0000] {processor.py:175} INFO - Processing /home/airflow/.local/lib/python3.7/site-packages/airflow/example_dags/example_local_kubernetes_executor.py took 0.126 seconds
[2023-02-22T20:46:25.425+0000] {processor.py:153} INFO - Started process (PID=369) to work on /home/airflow/.local/lib/python3.7/site-packages/airflow/example_dags/example_local_kubernetes_executor.py
[2023-02-22T20:46:25.427+0000] {processor.py:743} INFO - Processing file /home/airflow/.local/lib/python3.7/site-packages/airflow/example_dags/example_local_kubernetes_executor.py for tasks to queue
[2023-02-22T20:46:25.428+0000] {logging_mixin.py:137} INFO - [2023-02-22T20:46:25.428+0000] {dagbag.py:538} INFO - Filling up the DagBag from /home/airflow/.local/lib/python3.7/site-packages/airflow/example_dags/example_local_kubernetes_executor.py
[2023-02-22T20:46:25.459+0000] {processor.py:753} INFO - DAG(s) dict_keys(['example_local_kubernetes_executor']) retrieved from /home/airflow/.local/lib/python3.7/site-packages/airflow/example_dags/example_local_kubernetes_executor.py
[2023-02-22T20:46:25.496+0000] {logging_mixin.py:137} INFO - [2023-02-22T20:46:25.496+0000] {dag.py:2690} INFO - Sync 1 DAGs
[2023-02-22T20:46:25.532+0000] {logging_mixin.py:137} INFO - [2023-02-22T20:46:25.532+0000] {dag.py:3441} INFO - Setting next_dagrun for example_local_kubernetes_executor to None, run_after=None
[2023-02-22T20:46:25.564+0000] {processor.py:175} INFO - Processing /home/airflow/.local/lib/python3.7/site-packages/airflow/example_dags/example_local_kubernetes_executor.py took 0.142 seconds
[2023-02-22T20:46:55.835+0000] {processor.py:153} INFO - Started process (PID=440) to work on /home/airflow/.local/lib/python3.7/site-packages/airflow/example_dags/example_local_kubernetes_executor.py
[2023-02-22T20:46:55.837+0000] {processor.py:743} INFO - Processing file /home/airflow/.local/lib/python3.7/site-packages/airflow/example_dags/example_local_kubernetes_executor.py for tasks to queue
[2023-02-22T20:46:55.837+0000] {logging_mixin.py:137} INFO - [2023-02-22T20:46:55.837+0000] {dagbag.py:538} INFO - Filling up the DagBag from /home/airflow/.local/lib/python3.7/site-packages/airflow/example_dags/example_local_kubernetes_executor.py
[2023-02-22T20:46:55.879+0000] {processor.py:753} INFO - DAG(s) dict_keys(['example_local_kubernetes_executor']) retrieved from /home/airflow/.local/lib/python3.7/site-packages/airflow/example_dags/example_local_kubernetes_executor.py
[2023-02-22T20:46:55.924+0000] {logging_mixin.py:137} INFO - [2023-02-22T20:46:55.923+0000] {dag.py:2690} INFO - Sync 1 DAGs
[2023-02-22T20:46:55.973+0000] {logging_mixin.py:137} INFO - [2023-02-22T20:46:55.972+0000] {dag.py:3441} INFO - Setting next_dagrun for example_local_kubernetes_executor to None, run_after=None
[2023-02-22T20:46:56.010+0000] {processor.py:175} INFO - Processing /home/airflow/.local/lib/python3.7/site-packages/airflow/example_dags/example_local_kubernetes_executor.py took 0.179 seconds
[2023-02-22T20:47:27.250+0000] {processor.py:153} INFO - Started process (PID=511) to work on /home/airflow/.local/lib/python3.7/site-packages/airflow/example_dags/example_local_kubernetes_executor.py
[2023-02-22T20:47:27.253+0000] {processor.py:743} INFO - Processing file /home/airflow/.local/lib/python3.7/site-packages/airflow/example_dags/example_local_kubernetes_executor.py for tasks to queue
[2023-02-22T20:47:27.255+0000] {logging_mixin.py:137} INFO - [2023-02-22T20:47:27.254+0000] {dagbag.py:538} INFO - Filling up the DagBag from /home/airflow/.local/lib/python3.7/site-packages/airflow/example_dags/example_local_kubernetes_executor.py
[2023-02-22T20:47:27.343+0000] {processor.py:753} INFO - DAG(s) dict_keys(['example_local_kubernetes_executor']) retrieved from /home/airflow/.local/lib/python3.7/site-packages/airflow/example_dags/example_local_kubernetes_executor.py
[2023-02-22T20:47:27.439+0000] {logging_mixin.py:137} INFO - [2023-02-22T20:47:27.438+0000] {dag.py:2690} INFO - Sync 1 DAGs
[2023-02-22T20:47:27.516+0000] {logging_mixin.py:137} INFO - [2023-02-22T20:47:27.516+0000] {dag.py:3441} INFO - Setting next_dagrun for example_local_kubernetes_executor to None, run_after=None
[2023-02-22T20:47:27.590+0000] {processor.py:175} INFO - Processing /home/airflow/.local/lib/python3.7/site-packages/airflow/example_dags/example_local_kubernetes_executor.py took 0.351 seconds
[2023-02-22T20:48:01.313+0000] {processor.py:153} INFO - Started process (PID=582) to work on /home/airflow/.local/lib/python3.7/site-packages/airflow/example_dags/example_local_kubernetes_executor.py
[2023-02-22T20:48:01.352+0000] {processor.py:743} INFO - Processing file /home/airflow/.local/lib/python3.7/site-packages/airflow/example_dags/example_local_kubernetes_executor.py for tasks to queue
[2023-02-22T20:48:01.354+0000] {logging_mixin.py:137} INFO - [2023-02-22T20:48:01.353+0000] {dagbag.py:538} INFO - Filling up the DagBag from /home/airflow/.local/lib/python3.7/site-packages/airflow/example_dags/example_local_kubernetes_executor.py
[2023-02-22T20:48:01.489+0000] {processor.py:753} INFO - DAG(s) dict_keys(['example_local_kubernetes_executor']) retrieved from /home/airflow/.local/lib/python3.7/site-packages/airflow/example_dags/example_local_kubernetes_executor.py
[2023-02-22T20:48:01.678+0000] {logging_mixin.py:137} INFO - [2023-02-22T20:48:01.678+0000] {dag.py:2690} INFO - Sync 1 DAGs
[2023-02-22T20:48:01.836+0000] {logging_mixin.py:137} INFO - [2023-02-22T20:48:01.836+0000] {dag.py:3441} INFO - Setting next_dagrun for example_local_kubernetes_executor to None, run_after=None
[2023-02-22T20:48:01.948+0000] {processor.py:175} INFO - Processing /home/airflow/.local/lib/python3.7/site-packages/airflow/example_dags/example_local_kubernetes_executor.py took 0.651 seconds
[2023-02-22T20:48:32.515+0000] {processor.py:153} INFO - Started process (PID=646) to work on /home/airflow/.local/lib/python3.7/site-packages/airflow/example_dags/example_local_kubernetes_executor.py
[2023-02-22T20:48:32.517+0000] {processor.py:743} INFO - Processing file /home/airflow/.local/lib/python3.7/site-packages/airflow/example_dags/example_local_kubernetes_executor.py for tasks to queue
[2023-02-22T20:48:32.518+0000] {logging_mixin.py:137} INFO - [2023-02-22T20:48:32.518+0000] {dagbag.py:538} INFO - Filling up the DagBag from /home/airflow/.local/lib/python3.7/site-packages/airflow/example_dags/example_local_kubernetes_executor.py
[2023-02-22T20:48:32.675+0000] {processor.py:753} INFO - DAG(s) dict_keys(['example_local_kubernetes_executor']) retrieved from /home/airflow/.local/lib/python3.7/site-packages/airflow/example_dags/example_local_kubernetes_executor.py
[2023-02-22T20:48:32.797+0000] {logging_mixin.py:137} INFO - [2023-02-22T20:48:32.797+0000] {dag.py:2690} INFO - Sync 1 DAGs
[2023-02-22T20:48:32.875+0000] {logging_mixin.py:137} INFO - [2023-02-22T20:48:32.875+0000] {dag.py:3441} INFO - Setting next_dagrun for example_local_kubernetes_executor to None, run_after=None
[2023-02-22T20:48:32.961+0000] {processor.py:175} INFO - Processing /home/airflow/.local/lib/python3.7/site-packages/airflow/example_dags/example_local_kubernetes_executor.py took 0.464 seconds
[2023-02-22T20:49:03.975+0000] {processor.py:153} INFO - Started process (PID=708) to work on /home/airflow/.local/lib/python3.7/site-packages/airflow/example_dags/example_local_kubernetes_executor.py
[2023-02-22T20:49:03.982+0000] {processor.py:743} INFO - Processing file /home/airflow/.local/lib/python3.7/site-packages/airflow/example_dags/example_local_kubernetes_executor.py for tasks to queue
[2023-02-22T20:49:03.989+0000] {logging_mixin.py:137} INFO - [2023-02-22T20:49:03.989+0000] {dagbag.py:538} INFO - Filling up the DagBag from /home/airflow/.local/lib/python3.7/site-packages/airflow/example_dags/example_local_kubernetes_executor.py
[2023-02-22T20:49:04.134+0000] {processor.py:753} INFO - DAG(s) dict_keys(['example_local_kubernetes_executor']) retrieved from /home/airflow/.local/lib/python3.7/site-packages/airflow/example_dags/example_local_kubernetes_executor.py
[2023-02-22T20:49:04.266+0000] {logging_mixin.py:137} INFO - [2023-02-22T20:49:04.266+0000] {dag.py:2690} INFO - Sync 1 DAGs
[2023-02-22T20:49:04.389+0000] {logging_mixin.py:137} INFO - [2023-02-22T20:49:04.389+0000] {dag.py:3441} INFO - Setting next_dagrun for example_local_kubernetes_executor to None, run_after=None
[2023-02-22T20:49:04.514+0000] {processor.py:175} INFO - Processing /home/airflow/.local/lib/python3.7/site-packages/airflow/example_dags/example_local_kubernetes_executor.py took 0.557 seconds
[2023-02-22T20:49:35.234+0000] {processor.py:153} INFO - Started process (PID=772) to work on /home/airflow/.local/lib/python3.7/site-packages/airflow/example_dags/example_local_kubernetes_executor.py
[2023-02-22T20:49:35.261+0000] {processor.py:743} INFO - Processing file /home/airflow/.local/lib/python3.7/site-packages/airflow/example_dags/example_local_kubernetes_executor.py for tasks to queue
[2023-02-22T20:49:35.263+0000] {logging_mixin.py:137} INFO - [2023-02-22T20:49:35.263+0000] {dagbag.py:538} INFO - Filling up the DagBag from /home/airflow/.local/lib/python3.7/site-packages/airflow/example_dags/example_local_kubernetes_executor.py
[2023-02-22T20:49:35.437+0000] {processor.py:753} INFO - DAG(s) dict_keys(['example_local_kubernetes_executor']) retrieved from /home/airflow/.local/lib/python3.7/site-packages/airflow/example_dags/example_local_kubernetes_executor.py
[2023-02-22T20:49:35.950+0000] {logging_mixin.py:137} INFO - [2023-02-22T20:49:35.950+0000] {dag.py:2690} INFO - Sync 1 DAGs
[2023-02-22T20:49:36.087+0000] {logging_mixin.py:137} INFO - [2023-02-22T20:49:36.087+0000] {dag.py:3441} INFO - Setting next_dagrun for example_local_kubernetes_executor to None, run_after=None
[2023-02-22T20:49:36.278+0000] {processor.py:175} INFO - Processing /home/airflow/.local/lib/python3.7/site-packages/airflow/example_dags/example_local_kubernetes_executor.py took 1.065 seconds
[2023-02-22T20:50:07.075+0000] {processor.py:153} INFO - Started process (PID=835) to work on /home/airflow/.local/lib/python3.7/site-packages/airflow/example_dags/example_local_kubernetes_executor.py
[2023-02-22T20:50:07.089+0000] {processor.py:743} INFO - Processing file /home/airflow/.local/lib/python3.7/site-packages/airflow/example_dags/example_local_kubernetes_executor.py for tasks to queue
[2023-02-22T20:50:07.090+0000] {logging_mixin.py:137} INFO - [2023-02-22T20:50:07.090+0000] {dagbag.py:538} INFO - Filling up the DagBag from /home/airflow/.local/lib/python3.7/site-packages/airflow/example_dags/example_local_kubernetes_executor.py
[2023-02-22T20:50:07.220+0000] {processor.py:753} INFO - DAG(s) dict_keys(['example_local_kubernetes_executor']) retrieved from /home/airflow/.local/lib/python3.7/site-packages/airflow/example_dags/example_local_kubernetes_executor.py
[2023-02-22T20:50:07.393+0000] {logging_mixin.py:137} INFO - [2023-02-22T20:50:07.392+0000] {dag.py:2690} INFO - Sync 1 DAGs
[2023-02-22T20:50:07.534+0000] {logging_mixin.py:137} INFO - [2023-02-22T20:50:07.533+0000] {dag.py:3441} INFO - Setting next_dagrun for example_local_kubernetes_executor to None, run_after=None
[2023-02-22T20:50:07.612+0000] {processor.py:175} INFO - Processing /home/airflow/.local/lib/python3.7/site-packages/airflow/example_dags/example_local_kubernetes_executor.py took 0.553 seconds
[2023-02-22T20:50:38.129+0000] {processor.py:153} INFO - Started process (PID=907) to work on /home/airflow/.local/lib/python3.7/site-packages/airflow/example_dags/example_local_kubernetes_executor.py
[2023-02-22T20:50:38.131+0000] {processor.py:743} INFO - Processing file /home/airflow/.local/lib/python3.7/site-packages/airflow/example_dags/example_local_kubernetes_executor.py for tasks to queue
[2023-02-22T20:50:38.132+0000] {logging_mixin.py:137} INFO - [2023-02-22T20:50:38.132+0000] {dagbag.py:538} INFO - Filling up the DagBag from /home/airflow/.local/lib/python3.7/site-packages/airflow/example_dags/example_local_kubernetes_executor.py
[2023-02-22T20:50:38.274+0000] {processor.py:753} INFO - DAG(s) dict_keys(['example_local_kubernetes_executor']) retrieved from /home/airflow/.local/lib/python3.7/site-packages/airflow/example_dags/example_local_kubernetes_executor.py
[2023-02-22T20:50:38.394+0000] {logging_mixin.py:137} INFO - [2023-02-22T20:50:38.384+0000] {dag.py:2690} INFO - Sync 1 DAGs
[2023-02-22T20:50:38.511+0000] {logging_mixin.py:137} INFO - [2023-02-22T20:50:38.511+0000] {dag.py:3441} INFO - Setting next_dagrun for example_local_kubernetes_executor to None, run_after=None
[2023-02-22T20:50:38.624+0000] {processor.py:175} INFO - Processing /home/airflow/.local/lib/python3.7/site-packages/airflow/example_dags/example_local_kubernetes_executor.py took 0.524 seconds
[2023-02-22T20:51:08.821+0000] {processor.py:153} INFO - Started process (PID=978) to work on /home/airflow/.local/lib/python3.7/site-packages/airflow/example_dags/example_local_kubernetes_executor.py
[2023-02-22T20:51:08.822+0000] {processor.py:743} INFO - Processing file /home/airflow/.local/lib/python3.7/site-packages/airflow/example_dags/example_local_kubernetes_executor.py for tasks to queue
[2023-02-22T20:51:08.823+0000] {logging_mixin.py:137} INFO - [2023-02-22T20:51:08.823+0000] {dagbag.py:538} INFO - Filling up the DagBag from /home/airflow/.local/lib/python3.7/site-packages/airflow/example_dags/example_local_kubernetes_executor.py
[2023-02-22T20:51:08.856+0000] {processor.py:753} INFO - DAG(s) dict_keys(['example_local_kubernetes_executor']) retrieved from /home/airflow/.local/lib/python3.7/site-packages/airflow/example_dags/example_local_kubernetes_executor.py
[2023-02-22T20:51:08.895+0000] {logging_mixin.py:137} INFO - [2023-02-22T20:51:08.895+0000] {dag.py:2690} INFO - Sync 1 DAGs
[2023-02-22T20:51:08.931+0000] {logging_mixin.py:137} INFO - [2023-02-22T20:51:08.930+0000] {dag.py:3441} INFO - Setting next_dagrun for example_local_kubernetes_executor to None, run_after=None
[2023-02-22T20:51:08.959+0000] {processor.py:175} INFO - Processing /home/airflow/.local/lib/python3.7/site-packages/airflow/example_dags/example_local_kubernetes_executor.py took 0.143 seconds
[2023-02-22T20:51:39.592+0000] {processor.py:153} INFO - Started process (PID=1049) to work on /home/airflow/.local/lib/python3.7/site-packages/airflow/example_dags/example_local_kubernetes_executor.py
[2023-02-22T20:51:39.592+0000] {processor.py:743} INFO - Processing file /home/airflow/.local/lib/python3.7/site-packages/airflow/example_dags/example_local_kubernetes_executor.py for tasks to queue
[2023-02-22T20:51:39.593+0000] {logging_mixin.py:137} INFO - [2023-02-22T20:51:39.593+0000] {dagbag.py:538} INFO - Filling up the DagBag from /home/airflow/.local/lib/python3.7/site-packages/airflow/example_dags/example_local_kubernetes_executor.py
[2023-02-22T20:51:39.616+0000] {processor.py:753} INFO - DAG(s) dict_keys(['example_local_kubernetes_executor']) retrieved from /home/airflow/.local/lib/python3.7/site-packages/airflow/example_dags/example_local_kubernetes_executor.py
[2023-02-22T20:51:39.672+0000] {logging_mixin.py:137} INFO - [2023-02-22T20:51:39.671+0000] {dag.py:2690} INFO - Sync 1 DAGs
[2023-02-22T20:51:39.706+0000] {logging_mixin.py:137} INFO - [2023-02-22T20:51:39.705+0000] {dag.py:3441} INFO - Setting next_dagrun for example_local_kubernetes_executor to None, run_after=None
[2023-02-22T20:51:39.733+0000] {processor.py:175} INFO - Processing /home/airflow/.local/lib/python3.7/site-packages/airflow/example_dags/example_local_kubernetes_executor.py took 0.144 seconds
[2023-02-22T20:52:10.033+0000] {processor.py:153} INFO - Started process (PID=1127) to work on /home/airflow/.local/lib/python3.7/site-packages/airflow/example_dags/example_local_kubernetes_executor.py
[2023-02-22T20:52:10.034+0000] {processor.py:743} INFO - Processing file /home/airflow/.local/lib/python3.7/site-packages/airflow/example_dags/example_local_kubernetes_executor.py for tasks to queue
[2023-02-22T20:52:10.035+0000] {logging_mixin.py:137} INFO - [2023-02-22T20:52:10.035+0000] {dagbag.py:538} INFO - Filling up the DagBag from /home/airflow/.local/lib/python3.7/site-packages/airflow/example_dags/example_local_kubernetes_executor.py
[2023-02-22T20:52:10.059+0000] {processor.py:753} INFO - DAG(s) dict_keys(['example_local_kubernetes_executor']) retrieved from /home/airflow/.local/lib/python3.7/site-packages/airflow/example_dags/example_local_kubernetes_executor.py
[2023-02-22T20:52:10.089+0000] {logging_mixin.py:137} INFO - [2023-02-22T20:52:10.089+0000] {dag.py:2690} INFO - Sync 1 DAGs
[2023-02-22T20:52:10.117+0000] {logging_mixin.py:137} INFO - [2023-02-22T20:52:10.117+0000] {dag.py:3441} INFO - Setting next_dagrun for example_local_kubernetes_executor to None, run_after=None
[2023-02-22T20:52:10.138+0000] {processor.py:175} INFO - Processing /home/airflow/.local/lib/python3.7/site-packages/airflow/example_dags/example_local_kubernetes_executor.py took 0.108 seconds
[2023-02-22T20:52:40.990+0000] {processor.py:153} INFO - Started process (PID=1207) to work on /home/airflow/.local/lib/python3.7/site-packages/airflow/example_dags/example_local_kubernetes_executor.py
[2023-02-22T20:52:40.991+0000] {processor.py:743} INFO - Processing file /home/airflow/.local/lib/python3.7/site-packages/airflow/example_dags/example_local_kubernetes_executor.py for tasks to queue
[2023-02-22T20:52:40.992+0000] {logging_mixin.py:137} INFO - [2023-02-22T20:52:40.992+0000] {dagbag.py:538} INFO - Filling up the DagBag from /home/airflow/.local/lib/python3.7/site-packages/airflow/example_dags/example_local_kubernetes_executor.py
[2023-02-22T20:52:41.012+0000] {processor.py:753} INFO - DAG(s) dict_keys(['example_local_kubernetes_executor']) retrieved from /home/airflow/.local/lib/python3.7/site-packages/airflow/example_dags/example_local_kubernetes_executor.py
[2023-02-22T20:52:41.037+0000] {logging_mixin.py:137} INFO - [2023-02-22T20:52:41.037+0000] {dag.py:2690} INFO - Sync 1 DAGs
[2023-02-22T20:52:41.058+0000] {logging_mixin.py:137} INFO - [2023-02-22T20:52:41.058+0000] {dag.py:3441} INFO - Setting next_dagrun for example_local_kubernetes_executor to None, run_after=None
[2023-02-22T20:52:41.076+0000] {processor.py:175} INFO - Processing /home/airflow/.local/lib/python3.7/site-packages/airflow/example_dags/example_local_kubernetes_executor.py took 0.089 seconds
[2023-02-22T20:53:11.335+0000] {processor.py:153} INFO - Started process (PID=1278) to work on /home/airflow/.local/lib/python3.7/site-packages/airflow/example_dags/example_local_kubernetes_executor.py
[2023-02-22T20:53:11.336+0000] {processor.py:743} INFO - Processing file /home/airflow/.local/lib/python3.7/site-packages/airflow/example_dags/example_local_kubernetes_executor.py for tasks to queue
[2023-02-22T20:53:11.338+0000] {logging_mixin.py:137} INFO - [2023-02-22T20:53:11.337+0000] {dagbag.py:538} INFO - Filling up the DagBag from /home/airflow/.local/lib/python3.7/site-packages/airflow/example_dags/example_local_kubernetes_executor.py
[2023-02-22T20:53:11.378+0000] {processor.py:753} INFO - DAG(s) dict_keys(['example_local_kubernetes_executor']) retrieved from /home/airflow/.local/lib/python3.7/site-packages/airflow/example_dags/example_local_kubernetes_executor.py
[2023-02-22T20:53:11.429+0000] {logging_mixin.py:137} INFO - [2023-02-22T20:53:11.429+0000] {dag.py:2690} INFO - Sync 1 DAGs
[2023-02-22T20:53:11.487+0000] {logging_mixin.py:137} INFO - [2023-02-22T20:53:11.486+0000] {dag.py:3441} INFO - Setting next_dagrun for example_local_kubernetes_executor to None, run_after=None
[2023-02-22T20:53:11.523+0000] {processor.py:175} INFO - Processing /home/airflow/.local/lib/python3.7/site-packages/airflow/example_dags/example_local_kubernetes_executor.py took 0.195 seconds
