[2023-02-22T20:44:21.395+0000] {processor.py:153} INFO - Started process (PID=91) to work on /home/airflow/.local/lib/python3.7/site-packages/airflow/example_dags/example_task_group_decorator.py
[2023-02-22T20:44:21.398+0000] {processor.py:743} INFO - Processing file /home/airflow/.local/lib/python3.7/site-packages/airflow/example_dags/example_task_group_decorator.py for tasks to queue
[2023-02-22T20:44:21.400+0000] {logging_mixin.py:137} INFO - [2023-02-22T20:44:21.400+0000] {dagbag.py:538} INFO - Filling up the DagBag from /home/airflow/.local/lib/python3.7/site-packages/airflow/example_dags/example_task_group_decorator.py
[2023-02-22T20:44:21.651+0000] {processor.py:753} INFO - DAG(s) dict_keys(['example_task_group_decorator']) retrieved from /home/airflow/.local/lib/python3.7/site-packages/airflow/example_dags/example_task_group_decorator.py
[2023-02-22T20:44:21.789+0000] {logging_mixin.py:137} INFO - [2023-02-22T20:44:21.789+0000] {dag.py:2690} INFO - Sync 1 DAGs
[2023-02-22T20:44:21.895+0000] {logging_mixin.py:137} INFO - [2023-02-22T20:44:21.895+0000] {dag.py:3441} INFO - Setting next_dagrun for example_task_group_decorator to 2023-02-21T20:44:21.894878+00:00, run_after=2023-02-22T20:44:21.894878+00:00
[2023-02-22T20:44:21.990+0000] {processor.py:175} INFO - Processing /home/airflow/.local/lib/python3.7/site-packages/airflow/example_dags/example_task_group_decorator.py took 0.628 seconds
[2023-02-22T20:44:52.476+0000] {processor.py:153} INFO - Started process (PID=153) to work on /home/airflow/.local/lib/python3.7/site-packages/airflow/example_dags/example_task_group_decorator.py
[2023-02-22T20:44:52.478+0000] {processor.py:743} INFO - Processing file /home/airflow/.local/lib/python3.7/site-packages/airflow/example_dags/example_task_group_decorator.py for tasks to queue
[2023-02-22T20:44:52.481+0000] {logging_mixin.py:137} INFO - [2023-02-22T20:44:52.481+0000] {dagbag.py:538} INFO - Filling up the DagBag from /home/airflow/.local/lib/python3.7/site-packages/airflow/example_dags/example_task_group_decorator.py
[2023-02-22T20:44:52.562+0000] {processor.py:753} INFO - DAG(s) dict_keys(['example_task_group_decorator']) retrieved from /home/airflow/.local/lib/python3.7/site-packages/airflow/example_dags/example_task_group_decorator.py
[2023-02-22T20:44:52.645+0000] {logging_mixin.py:137} INFO - [2023-02-22T20:44:52.645+0000] {dag.py:2690} INFO - Sync 1 DAGs
[2023-02-22T20:44:52.725+0000] {logging_mixin.py:137} INFO - [2023-02-22T20:44:52.725+0000] {dag.py:3441} INFO - Setting next_dagrun for example_task_group_decorator to 2023-02-21T20:44:52.724461+00:00, run_after=2023-02-22T20:44:52.724461+00:00
[2023-02-22T20:44:52.793+0000] {processor.py:175} INFO - Processing /home/airflow/.local/lib/python3.7/site-packages/airflow/example_dags/example_task_group_decorator.py took 0.322 seconds
[2023-02-22T20:45:22.869+0000] {processor.py:153} INFO - Started process (PID=225) to work on /home/airflow/.local/lib/python3.7/site-packages/airflow/example_dags/example_task_group_decorator.py
[2023-02-22T20:45:22.871+0000] {processor.py:743} INFO - Processing file /home/airflow/.local/lib/python3.7/site-packages/airflow/example_dags/example_task_group_decorator.py for tasks to queue
[2023-02-22T20:45:22.872+0000] {logging_mixin.py:137} INFO - [2023-02-22T20:45:22.872+0000] {dagbag.py:538} INFO - Filling up the DagBag from /home/airflow/.local/lib/python3.7/site-packages/airflow/example_dags/example_task_group_decorator.py
[2023-02-22T20:45:22.943+0000] {processor.py:753} INFO - DAG(s) dict_keys(['example_task_group_decorator']) retrieved from /home/airflow/.local/lib/python3.7/site-packages/airflow/example_dags/example_task_group_decorator.py
[2023-02-22T20:45:22.992+0000] {logging_mixin.py:137} INFO - [2023-02-22T20:45:22.991+0000] {dag.py:2690} INFO - Sync 1 DAGs
[2023-02-22T20:45:23.032+0000] {logging_mixin.py:137} INFO - [2023-02-22T20:45:23.032+0000] {dag.py:3441} INFO - Setting next_dagrun for example_task_group_decorator to 2023-02-21T20:45:23.032218+00:00, run_after=2023-02-22T20:45:23.032218+00:00
[2023-02-22T20:45:23.067+0000] {processor.py:175} INFO - Processing /home/airflow/.local/lib/python3.7/site-packages/airflow/example_dags/example_task_group_decorator.py took 0.205 seconds
[2023-02-22T20:45:53.709+0000] {processor.py:153} INFO - Started process (PID=296) to work on /home/airflow/.local/lib/python3.7/site-packages/airflow/example_dags/example_task_group_decorator.py
[2023-02-22T20:45:53.710+0000] {processor.py:743} INFO - Processing file /home/airflow/.local/lib/python3.7/site-packages/airflow/example_dags/example_task_group_decorator.py for tasks to queue
[2023-02-22T20:45:53.711+0000] {logging_mixin.py:137} INFO - [2023-02-22T20:45:53.711+0000] {dagbag.py:538} INFO - Filling up the DagBag from /home/airflow/.local/lib/python3.7/site-packages/airflow/example_dags/example_task_group_decorator.py
[2023-02-22T20:45:53.749+0000] {processor.py:753} INFO - DAG(s) dict_keys(['example_task_group_decorator']) retrieved from /home/airflow/.local/lib/python3.7/site-packages/airflow/example_dags/example_task_group_decorator.py
[2023-02-22T20:45:53.783+0000] {logging_mixin.py:137} INFO - [2023-02-22T20:45:53.782+0000] {dag.py:2690} INFO - Sync 1 DAGs
[2023-02-22T20:45:53.817+0000] {logging_mixin.py:137} INFO - [2023-02-22T20:45:53.816+0000] {dag.py:3441} INFO - Setting next_dagrun for example_task_group_decorator to 2023-02-21T20:45:53.816698+00:00, run_after=2023-02-22T20:45:53.816698+00:00
[2023-02-22T20:45:53.850+0000] {processor.py:175} INFO - Processing /home/airflow/.local/lib/python3.7/site-packages/airflow/example_dags/example_task_group_decorator.py took 0.144 seconds
[2023-02-22T20:46:24.285+0000] {processor.py:153} INFO - Started process (PID=367) to work on /home/airflow/.local/lib/python3.7/site-packages/airflow/example_dags/example_task_group_decorator.py
[2023-02-22T20:46:24.286+0000] {processor.py:743} INFO - Processing file /home/airflow/.local/lib/python3.7/site-packages/airflow/example_dags/example_task_group_decorator.py for tasks to queue
[2023-02-22T20:46:24.287+0000] {logging_mixin.py:137} INFO - [2023-02-22T20:46:24.287+0000] {dagbag.py:538} INFO - Filling up the DagBag from /home/airflow/.local/lib/python3.7/site-packages/airflow/example_dags/example_task_group_decorator.py
[2023-02-22T20:46:24.323+0000] {processor.py:753} INFO - DAG(s) dict_keys(['example_task_group_decorator']) retrieved from /home/airflow/.local/lib/python3.7/site-packages/airflow/example_dags/example_task_group_decorator.py
[2023-02-22T20:46:24.370+0000] {logging_mixin.py:137} INFO - [2023-02-22T20:46:24.370+0000] {dag.py:2690} INFO - Sync 1 DAGs
[2023-02-22T20:46:24.417+0000] {logging_mixin.py:137} INFO - [2023-02-22T20:46:24.416+0000] {dag.py:3441} INFO - Setting next_dagrun for example_task_group_decorator to 2023-02-21T20:46:24.416572+00:00, run_after=2023-02-22T20:46:24.416572+00:00
[2023-02-22T20:46:24.446+0000] {processor.py:175} INFO - Processing /home/airflow/.local/lib/python3.7/site-packages/airflow/example_dags/example_task_group_decorator.py took 0.164 seconds
[2023-02-22T20:46:54.693+0000] {processor.py:153} INFO - Started process (PID=438) to work on /home/airflow/.local/lib/python3.7/site-packages/airflow/example_dags/example_task_group_decorator.py
[2023-02-22T20:46:54.701+0000] {processor.py:743} INFO - Processing file /home/airflow/.local/lib/python3.7/site-packages/airflow/example_dags/example_task_group_decorator.py for tasks to queue
[2023-02-22T20:46:54.703+0000] {logging_mixin.py:137} INFO - [2023-02-22T20:46:54.703+0000] {dagbag.py:538} INFO - Filling up the DagBag from /home/airflow/.local/lib/python3.7/site-packages/airflow/example_dags/example_task_group_decorator.py
[2023-02-22T20:46:54.765+0000] {processor.py:753} INFO - DAG(s) dict_keys(['example_task_group_decorator']) retrieved from /home/airflow/.local/lib/python3.7/site-packages/airflow/example_dags/example_task_group_decorator.py
[2023-02-22T20:46:54.833+0000] {logging_mixin.py:137} INFO - [2023-02-22T20:46:54.833+0000] {dag.py:2690} INFO - Sync 1 DAGs
[2023-02-22T20:46:54.883+0000] {logging_mixin.py:137} INFO - [2023-02-22T20:46:54.882+0000] {dag.py:3441} INFO - Setting next_dagrun for example_task_group_decorator to 2023-02-21T20:46:54.882255+00:00, run_after=2023-02-22T20:46:54.882255+00:00
[2023-02-22T20:46:54.922+0000] {processor.py:175} INFO - Processing /home/airflow/.local/lib/python3.7/site-packages/airflow/example_dags/example_task_group_decorator.py took 0.234 seconds
[2023-02-22T20:47:26.866+0000] {processor.py:153} INFO - Started process (PID=509) to work on /home/airflow/.local/lib/python3.7/site-packages/airflow/example_dags/example_task_group_decorator.py
[2023-02-22T20:47:26.870+0000] {processor.py:743} INFO - Processing file /home/airflow/.local/lib/python3.7/site-packages/airflow/example_dags/example_task_group_decorator.py for tasks to queue
[2023-02-22T20:47:26.872+0000] {logging_mixin.py:137} INFO - [2023-02-22T20:47:26.871+0000] {dagbag.py:538} INFO - Filling up the DagBag from /home/airflow/.local/lib/python3.7/site-packages/airflow/example_dags/example_task_group_decorator.py
[2023-02-22T20:47:26.982+0000] {processor.py:753} INFO - DAG(s) dict_keys(['example_task_group_decorator']) retrieved from /home/airflow/.local/lib/python3.7/site-packages/airflow/example_dags/example_task_group_decorator.py
[2023-02-22T20:47:27.053+0000] {logging_mixin.py:137} INFO - [2023-02-22T20:47:27.052+0000] {dag.py:2690} INFO - Sync 1 DAGs
[2023-02-22T20:47:27.123+0000] {logging_mixin.py:137} INFO - [2023-02-22T20:47:27.122+0000] {dag.py:3441} INFO - Setting next_dagrun for example_task_group_decorator to 2023-02-21T20:47:27.122385+00:00, run_after=2023-02-22T20:47:27.122385+00:00
[2023-02-22T20:47:27.183+0000] {processor.py:175} INFO - Processing /home/airflow/.local/lib/python3.7/site-packages/airflow/example_dags/example_task_group_decorator.py took 0.328 seconds
[2023-02-22T20:48:00.596+0000] {processor.py:153} INFO - Started process (PID=580) to work on /home/airflow/.local/lib/python3.7/site-packages/airflow/example_dags/example_task_group_decorator.py
[2023-02-22T20:48:00.612+0000] {processor.py:743} INFO - Processing file /home/airflow/.local/lib/python3.7/site-packages/airflow/example_dags/example_task_group_decorator.py for tasks to queue
[2023-02-22T20:48:00.613+0000] {logging_mixin.py:137} INFO - [2023-02-22T20:48:00.613+0000] {dagbag.py:538} INFO - Filling up the DagBag from /home/airflow/.local/lib/python3.7/site-packages/airflow/example_dags/example_task_group_decorator.py
[2023-02-22T20:48:00.807+0000] {processor.py:753} INFO - DAG(s) dict_keys(['example_task_group_decorator']) retrieved from /home/airflow/.local/lib/python3.7/site-packages/airflow/example_dags/example_task_group_decorator.py
[2023-02-22T20:48:00.951+0000] {logging_mixin.py:137} INFO - [2023-02-22T20:48:00.951+0000] {dag.py:2690} INFO - Sync 1 DAGs
[2023-02-22T20:48:01.124+0000] {logging_mixin.py:137} INFO - [2023-02-22T20:48:01.123+0000] {dag.py:3441} INFO - Setting next_dagrun for example_task_group_decorator to 2023-02-21T20:48:01.123251+00:00, run_after=2023-02-22T20:48:01.123251+00:00
[2023-02-22T20:48:01.238+0000] {processor.py:175} INFO - Processing /home/airflow/.local/lib/python3.7/site-packages/airflow/example_dags/example_task_group_decorator.py took 0.670 seconds
[2023-02-22T20:48:31.716+0000] {processor.py:153} INFO - Started process (PID=644) to work on /home/airflow/.local/lib/python3.7/site-packages/airflow/example_dags/example_task_group_decorator.py
[2023-02-22T20:48:31.728+0000] {processor.py:743} INFO - Processing file /home/airflow/.local/lib/python3.7/site-packages/airflow/example_dags/example_task_group_decorator.py for tasks to queue
[2023-02-22T20:48:31.729+0000] {logging_mixin.py:137} INFO - [2023-02-22T20:48:31.729+0000] {dagbag.py:538} INFO - Filling up the DagBag from /home/airflow/.local/lib/python3.7/site-packages/airflow/example_dags/example_task_group_decorator.py
[2023-02-22T20:48:31.919+0000] {processor.py:753} INFO - DAG(s) dict_keys(['example_task_group_decorator']) retrieved from /home/airflow/.local/lib/python3.7/site-packages/airflow/example_dags/example_task_group_decorator.py
[2023-02-22T20:48:32.065+0000] {logging_mixin.py:137} INFO - [2023-02-22T20:48:32.065+0000] {dag.py:2690} INFO - Sync 1 DAGs
[2023-02-22T20:48:32.226+0000] {logging_mixin.py:137} INFO - [2023-02-22T20:48:32.225+0000] {dag.py:3441} INFO - Setting next_dagrun for example_task_group_decorator to 2023-02-21T20:48:32.225273+00:00, run_after=2023-02-22T20:48:32.225273+00:00
[2023-02-22T20:48:32.394+0000] {processor.py:175} INFO - Processing /home/airflow/.local/lib/python3.7/site-packages/airflow/example_dags/example_task_group_decorator.py took 0.683 seconds
[2023-02-22T20:49:03.275+0000] {processor.py:153} INFO - Started process (PID=706) to work on /home/airflow/.local/lib/python3.7/site-packages/airflow/example_dags/example_task_group_decorator.py
[2023-02-22T20:49:03.277+0000] {processor.py:743} INFO - Processing file /home/airflow/.local/lib/python3.7/site-packages/airflow/example_dags/example_task_group_decorator.py for tasks to queue
[2023-02-22T20:49:03.279+0000] {logging_mixin.py:137} INFO - [2023-02-22T20:49:03.278+0000] {dagbag.py:538} INFO - Filling up the DagBag from /home/airflow/.local/lib/python3.7/site-packages/airflow/example_dags/example_task_group_decorator.py
[2023-02-22T20:49:03.466+0000] {processor.py:753} INFO - DAG(s) dict_keys(['example_task_group_decorator']) retrieved from /home/airflow/.local/lib/python3.7/site-packages/airflow/example_dags/example_task_group_decorator.py
[2023-02-22T20:49:03.607+0000] {logging_mixin.py:137} INFO - [2023-02-22T20:49:03.606+0000] {dag.py:2690} INFO - Sync 1 DAGs
[2023-02-22T20:49:03.755+0000] {logging_mixin.py:137} INFO - [2023-02-22T20:49:03.755+0000] {dag.py:3441} INFO - Setting next_dagrun for example_task_group_decorator to 2023-02-21T20:49:03.754562+00:00, run_after=2023-02-22T20:49:03.754562+00:00
[2023-02-22T20:49:03.894+0000] {processor.py:175} INFO - Processing /home/airflow/.local/lib/python3.7/site-packages/airflow/example_dags/example_task_group_decorator.py took 0.636 seconds
[2023-02-22T20:49:34.403+0000] {processor.py:153} INFO - Started process (PID=770) to work on /home/airflow/.local/lib/python3.7/site-packages/airflow/example_dags/example_task_group_decorator.py
[2023-02-22T20:49:34.404+0000] {processor.py:743} INFO - Processing file /home/airflow/.local/lib/python3.7/site-packages/airflow/example_dags/example_task_group_decorator.py for tasks to queue
[2023-02-22T20:49:34.406+0000] {logging_mixin.py:137} INFO - [2023-02-22T20:49:34.405+0000] {dagbag.py:538} INFO - Filling up the DagBag from /home/airflow/.local/lib/python3.7/site-packages/airflow/example_dags/example_task_group_decorator.py
[2023-02-22T20:49:34.638+0000] {processor.py:753} INFO - DAG(s) dict_keys(['example_task_group_decorator']) retrieved from /home/airflow/.local/lib/python3.7/site-packages/airflow/example_dags/example_task_group_decorator.py
[2023-02-22T20:49:34.826+0000] {logging_mixin.py:137} INFO - [2023-02-22T20:49:34.826+0000] {dag.py:2690} INFO - Sync 1 DAGs
[2023-02-22T20:49:34.971+0000] {logging_mixin.py:137} INFO - [2023-02-22T20:49:34.970+0000] {dag.py:3441} INFO - Setting next_dagrun for example_task_group_decorator to 2023-02-21T20:49:34.970270+00:00, run_after=2023-02-22T20:49:34.970270+00:00
[2023-02-22T20:49:35.108+0000] {processor.py:175} INFO - Processing /home/airflow/.local/lib/python3.7/site-packages/airflow/example_dags/example_task_group_decorator.py took 0.734 seconds
[2023-02-22T20:50:05.350+0000] {processor.py:153} INFO - Started process (PID=833) to work on /home/airflow/.local/lib/python3.7/site-packages/airflow/example_dags/example_task_group_decorator.py
[2023-02-22T20:50:05.370+0000] {processor.py:743} INFO - Processing file /home/airflow/.local/lib/python3.7/site-packages/airflow/example_dags/example_task_group_decorator.py for tasks to queue
[2023-02-22T20:50:05.371+0000] {logging_mixin.py:137} INFO - [2023-02-22T20:50:05.371+0000] {dagbag.py:538} INFO - Filling up the DagBag from /home/airflow/.local/lib/python3.7/site-packages/airflow/example_dags/example_task_group_decorator.py
[2023-02-22T20:50:05.556+0000] {processor.py:753} INFO - DAG(s) dict_keys(['example_task_group_decorator']) retrieved from /home/airflow/.local/lib/python3.7/site-packages/airflow/example_dags/example_task_group_decorator.py
[2023-02-22T20:50:05.684+0000] {logging_mixin.py:137} INFO - [2023-02-22T20:50:05.684+0000] {dag.py:2690} INFO - Sync 1 DAGs
[2023-02-22T20:50:05.856+0000] {logging_mixin.py:137} INFO - [2023-02-22T20:50:05.855+0000] {dag.py:3441} INFO - Setting next_dagrun for example_task_group_decorator to 2023-02-21T20:50:05.845030+00:00, run_after=2023-02-22T20:50:05.845030+00:00
[2023-02-22T20:50:05.975+0000] {processor.py:175} INFO - Processing /home/airflow/.local/lib/python3.7/site-packages/airflow/example_dags/example_task_group_decorator.py took 0.643 seconds
[2023-02-22T20:50:37.036+0000] {processor.py:153} INFO - Started process (PID=904) to work on /home/airflow/.local/lib/python3.7/site-packages/airflow/example_dags/example_task_group_decorator.py
[2023-02-22T20:50:37.065+0000] {processor.py:743} INFO - Processing file /home/airflow/.local/lib/python3.7/site-packages/airflow/example_dags/example_task_group_decorator.py for tasks to queue
[2023-02-22T20:50:37.066+0000] {logging_mixin.py:137} INFO - [2023-02-22T20:50:37.066+0000] {dagbag.py:538} INFO - Filling up the DagBag from /home/airflow/.local/lib/python3.7/site-packages/airflow/example_dags/example_task_group_decorator.py
[2023-02-22T20:50:37.213+0000] {processor.py:753} INFO - DAG(s) dict_keys(['example_task_group_decorator']) retrieved from /home/airflow/.local/lib/python3.7/site-packages/airflow/example_dags/example_task_group_decorator.py
[2023-02-22T20:50:37.359+0000] {logging_mixin.py:137} INFO - [2023-02-22T20:50:37.359+0000] {dag.py:2690} INFO - Sync 1 DAGs
[2023-02-22T20:50:37.504+0000] {logging_mixin.py:137} INFO - [2023-02-22T20:50:37.504+0000] {dag.py:3441} INFO - Setting next_dagrun for example_task_group_decorator to 2023-02-21T20:50:37.504071+00:00, run_after=2023-02-22T20:50:37.504071+00:00
[2023-02-22T20:50:37.592+0000] {processor.py:175} INFO - Processing /home/airflow/.local/lib/python3.7/site-packages/airflow/example_dags/example_task_group_decorator.py took 0.570 seconds
[2023-02-22T20:51:07.801+0000] {processor.py:153} INFO - Started process (PID=969) to work on /home/airflow/.local/lib/python3.7/site-packages/airflow/example_dags/example_task_group_decorator.py
[2023-02-22T20:51:07.801+0000] {processor.py:743} INFO - Processing file /home/airflow/.local/lib/python3.7/site-packages/airflow/example_dags/example_task_group_decorator.py for tasks to queue
[2023-02-22T20:51:07.802+0000] {logging_mixin.py:137} INFO - [2023-02-22T20:51:07.802+0000] {dagbag.py:538} INFO - Filling up the DagBag from /home/airflow/.local/lib/python3.7/site-packages/airflow/example_dags/example_task_group_decorator.py
[2023-02-22T20:51:07.838+0000] {processor.py:753} INFO - DAG(s) dict_keys(['example_task_group_decorator']) retrieved from /home/airflow/.local/lib/python3.7/site-packages/airflow/example_dags/example_task_group_decorator.py
[2023-02-22T20:51:07.871+0000] {logging_mixin.py:137} INFO - [2023-02-22T20:51:07.871+0000] {dag.py:2690} INFO - Sync 1 DAGs
[2023-02-22T20:51:07.905+0000] {logging_mixin.py:137} INFO - [2023-02-22T20:51:07.905+0000] {dag.py:3441} INFO - Setting next_dagrun for example_task_group_decorator to 2023-02-21T20:51:07.904923+00:00, run_after=2023-02-22T20:51:07.904923+00:00
[2023-02-22T20:51:07.938+0000] {processor.py:175} INFO - Processing /home/airflow/.local/lib/python3.7/site-packages/airflow/example_dags/example_task_group_decorator.py took 0.141 seconds
[2023-02-22T20:51:38.559+0000] {processor.py:153} INFO - Started process (PID=1047) to work on /home/airflow/.local/lib/python3.7/site-packages/airflow/example_dags/example_task_group_decorator.py
[2023-02-22T20:51:38.560+0000] {processor.py:743} INFO - Processing file /home/airflow/.local/lib/python3.7/site-packages/airflow/example_dags/example_task_group_decorator.py for tasks to queue
[2023-02-22T20:51:38.561+0000] {logging_mixin.py:137} INFO - [2023-02-22T20:51:38.561+0000] {dagbag.py:538} INFO - Filling up the DagBag from /home/airflow/.local/lib/python3.7/site-packages/airflow/example_dags/example_task_group_decorator.py
[2023-02-22T20:51:38.606+0000] {processor.py:753} INFO - DAG(s) dict_keys(['example_task_group_decorator']) retrieved from /home/airflow/.local/lib/python3.7/site-packages/airflow/example_dags/example_task_group_decorator.py
[2023-02-22T20:51:38.641+0000] {logging_mixin.py:137} INFO - [2023-02-22T20:51:38.640+0000] {dag.py:2690} INFO - Sync 1 DAGs
[2023-02-22T20:51:38.686+0000] {logging_mixin.py:137} INFO - [2023-02-22T20:51:38.686+0000] {dag.py:3441} INFO - Setting next_dagrun for example_task_group_decorator to 2023-02-21T20:51:38.685919+00:00, run_after=2023-02-22T20:51:38.685919+00:00
[2023-02-22T20:51:38.727+0000] {processor.py:175} INFO - Processing /home/airflow/.local/lib/python3.7/site-packages/airflow/example_dags/example_task_group_decorator.py took 0.172 seconds
[2023-02-22T20:52:08.996+0000] {processor.py:153} INFO - Started process (PID=1118) to work on /home/airflow/.local/lib/python3.7/site-packages/airflow/example_dags/example_task_group_decorator.py
[2023-02-22T20:52:08.997+0000] {processor.py:743} INFO - Processing file /home/airflow/.local/lib/python3.7/site-packages/airflow/example_dags/example_task_group_decorator.py for tasks to queue
[2023-02-22T20:52:08.998+0000] {logging_mixin.py:137} INFO - [2023-02-22T20:52:08.997+0000] {dagbag.py:538} INFO - Filling up the DagBag from /home/airflow/.local/lib/python3.7/site-packages/airflow/example_dags/example_task_group_decorator.py
[2023-02-22T20:52:09.027+0000] {processor.py:753} INFO - DAG(s) dict_keys(['example_task_group_decorator']) retrieved from /home/airflow/.local/lib/python3.7/site-packages/airflow/example_dags/example_task_group_decorator.py
[2023-02-22T20:52:09.051+0000] {logging_mixin.py:137} INFO - [2023-02-22T20:52:09.051+0000] {dag.py:2690} INFO - Sync 1 DAGs
[2023-02-22T20:52:09.074+0000] {logging_mixin.py:137} INFO - [2023-02-22T20:52:09.074+0000] {dag.py:3441} INFO - Setting next_dagrun for example_task_group_decorator to 2023-02-21T20:52:09.073884+00:00, run_after=2023-02-22T20:52:09.073884+00:00
[2023-02-22T20:52:09.093+0000] {processor.py:175} INFO - Processing /home/airflow/.local/lib/python3.7/site-packages/airflow/example_dags/example_task_group_decorator.py took 0.099 seconds
[2023-02-22T20:52:39.884+0000] {processor.py:153} INFO - Started process (PID=1205) to work on /home/airflow/.local/lib/python3.7/site-packages/airflow/example_dags/example_task_group_decorator.py
[2023-02-22T20:52:39.885+0000] {processor.py:743} INFO - Processing file /home/airflow/.local/lib/python3.7/site-packages/airflow/example_dags/example_task_group_decorator.py for tasks to queue
[2023-02-22T20:52:39.885+0000] {logging_mixin.py:137} INFO - [2023-02-22T20:52:39.885+0000] {dagbag.py:538} INFO - Filling up the DagBag from /home/airflow/.local/lib/python3.7/site-packages/airflow/example_dags/example_task_group_decorator.py
[2023-02-22T20:52:39.908+0000] {processor.py:753} INFO - DAG(s) dict_keys(['example_task_group_decorator']) retrieved from /home/airflow/.local/lib/python3.7/site-packages/airflow/example_dags/example_task_group_decorator.py
[2023-02-22T20:52:39.935+0000] {logging_mixin.py:137} INFO - [2023-02-22T20:52:39.935+0000] {dag.py:2690} INFO - Sync 1 DAGs
[2023-02-22T20:52:39.956+0000] {logging_mixin.py:137} INFO - [2023-02-22T20:52:39.956+0000] {dag.py:3441} INFO - Setting next_dagrun for example_task_group_decorator to 2023-02-21T20:52:39.956298+00:00, run_after=2023-02-22T20:52:39.956298+00:00
[2023-02-22T20:52:39.976+0000] {processor.py:175} INFO - Processing /home/airflow/.local/lib/python3.7/site-packages/airflow/example_dags/example_task_group_decorator.py took 0.095 seconds
[2023-02-22T20:53:10.031+0000] {processor.py:153} INFO - Started process (PID=1276) to work on /home/airflow/.local/lib/python3.7/site-packages/airflow/example_dags/example_task_group_decorator.py
[2023-02-22T20:53:10.036+0000] {processor.py:743} INFO - Processing file /home/airflow/.local/lib/python3.7/site-packages/airflow/example_dags/example_task_group_decorator.py for tasks to queue
[2023-02-22T20:53:10.037+0000] {logging_mixin.py:137} INFO - [2023-02-22T20:53:10.037+0000] {dagbag.py:538} INFO - Filling up the DagBag from /home/airflow/.local/lib/python3.7/site-packages/airflow/example_dags/example_task_group_decorator.py
[2023-02-22T20:53:10.097+0000] {processor.py:753} INFO - DAG(s) dict_keys(['example_task_group_decorator']) retrieved from /home/airflow/.local/lib/python3.7/site-packages/airflow/example_dags/example_task_group_decorator.py
[2023-02-22T20:53:10.212+0000] {logging_mixin.py:137} INFO - [2023-02-22T20:53:10.211+0000] {dag.py:2690} INFO - Sync 1 DAGs
[2023-02-22T20:53:10.273+0000] {logging_mixin.py:137} INFO - [2023-02-22T20:53:10.273+0000] {dag.py:3441} INFO - Setting next_dagrun for example_task_group_decorator to 2023-02-21T20:53:10.273399+00:00, run_after=2023-02-22T20:53:10.273399+00:00
[2023-02-22T20:53:10.298+0000] {processor.py:175} INFO - Processing /home/airflow/.local/lib/python3.7/site-packages/airflow/example_dags/example_task_group_decorator.py took 0.276 seconds
