[2023-02-22T20:44:24.453+0000] {processor.py:153} INFO - Started process (PID=103) to work on /home/airflow/.local/lib/python3.7/site-packages/airflow/example_dags/example_latest_only_with_trigger.py
[2023-02-22T20:44:24.480+0000] {processor.py:743} INFO - Processing file /home/airflow/.local/lib/python3.7/site-packages/airflow/example_dags/example_latest_only_with_trigger.py for tasks to queue
[2023-02-22T20:44:24.489+0000] {logging_mixin.py:137} INFO - [2023-02-22T20:44:24.488+0000] {dagbag.py:538} INFO - Filling up the DagBag from /home/airflow/.local/lib/python3.7/site-packages/airflow/example_dags/example_latest_only_with_trigger.py
[2023-02-22T20:44:24.781+0000] {processor.py:753} INFO - DAG(s) dict_keys(['latest_only_with_trigger']) retrieved from /home/airflow/.local/lib/python3.7/site-packages/airflow/example_dags/example_latest_only_with_trigger.py
[2023-02-22T20:44:25.226+0000] {logging_mixin.py:137} INFO - [2023-02-22T20:44:25.225+0000] {dag.py:2690} INFO - Sync 1 DAGs
[2023-02-22T20:44:25.645+0000] {logging_mixin.py:137} INFO - [2023-02-22T20:44:25.644+0000] {dag.py:3441} INFO - Setting next_dagrun for latest_only_with_trigger to 2023-02-22T16:44:25.644099+00:00, run_after=2023-02-22T20:44:25.644099+00:00
[2023-02-22T20:44:25.783+0000] {processor.py:175} INFO - Processing /home/airflow/.local/lib/python3.7/site-packages/airflow/example_dags/example_latest_only_with_trigger.py took 1.510 seconds
[2023-02-22T20:44:57.005+0000] {processor.py:153} INFO - Started process (PID=166) to work on /home/airflow/.local/lib/python3.7/site-packages/airflow/example_dags/example_latest_only_with_trigger.py
[2023-02-22T20:44:57.010+0000] {processor.py:743} INFO - Processing file /home/airflow/.local/lib/python3.7/site-packages/airflow/example_dags/example_latest_only_with_trigger.py for tasks to queue
[2023-02-22T20:44:57.011+0000] {logging_mixin.py:137} INFO - [2023-02-22T20:44:57.011+0000] {dagbag.py:538} INFO - Filling up the DagBag from /home/airflow/.local/lib/python3.7/site-packages/airflow/example_dags/example_latest_only_with_trigger.py
[2023-02-22T20:44:57.046+0000] {processor.py:753} INFO - DAG(s) dict_keys(['latest_only_with_trigger']) retrieved from /home/airflow/.local/lib/python3.7/site-packages/airflow/example_dags/example_latest_only_with_trigger.py
[2023-02-22T20:44:57.126+0000] {logging_mixin.py:137} INFO - [2023-02-22T20:44:57.126+0000] {dag.py:2690} INFO - Sync 1 DAGs
[2023-02-22T20:44:57.197+0000] {logging_mixin.py:137} INFO - [2023-02-22T20:44:57.197+0000] {dag.py:3441} INFO - Setting next_dagrun for latest_only_with_trigger to 2023-02-22T16:44:57.196814+00:00, run_after=2023-02-22T20:44:57.196814+00:00
[2023-02-22T20:44:57.255+0000] {processor.py:175} INFO - Processing /home/airflow/.local/lib/python3.7/site-packages/airflow/example_dags/example_latest_only_with_trigger.py took 0.265 seconds
[2023-02-22T20:45:27.297+0000] {processor.py:153} INFO - Started process (PID=237) to work on /home/airflow/.local/lib/python3.7/site-packages/airflow/example_dags/example_latest_only_with_trigger.py
[2023-02-22T20:45:27.298+0000] {processor.py:743} INFO - Processing file /home/airflow/.local/lib/python3.7/site-packages/airflow/example_dags/example_latest_only_with_trigger.py for tasks to queue
[2023-02-22T20:45:27.300+0000] {logging_mixin.py:137} INFO - [2023-02-22T20:45:27.299+0000] {dagbag.py:538} INFO - Filling up the DagBag from /home/airflow/.local/lib/python3.7/site-packages/airflow/example_dags/example_latest_only_with_trigger.py
[2023-02-22T20:45:27.326+0000] {processor.py:753} INFO - DAG(s) dict_keys(['latest_only_with_trigger']) retrieved from /home/airflow/.local/lib/python3.7/site-packages/airflow/example_dags/example_latest_only_with_trigger.py
[2023-02-22T20:45:27.401+0000] {logging_mixin.py:137} INFO - [2023-02-22T20:45:27.401+0000] {dag.py:2690} INFO - Sync 1 DAGs
[2023-02-22T20:45:27.481+0000] {logging_mixin.py:137} INFO - [2023-02-22T20:45:27.481+0000] {dag.py:3441} INFO - Setting next_dagrun for latest_only_with_trigger to 2023-02-22T16:45:27.480685+00:00, run_after=2023-02-22T20:45:27.480685+00:00
[2023-02-22T20:45:27.526+0000] {processor.py:175} INFO - Processing /home/airflow/.local/lib/python3.7/site-packages/airflow/example_dags/example_latest_only_with_trigger.py took 0.235 seconds
[2023-02-22T20:45:58.051+0000] {processor.py:153} INFO - Started process (PID=310) to work on /home/airflow/.local/lib/python3.7/site-packages/airflow/example_dags/example_latest_only_with_trigger.py
[2023-02-22T20:45:58.054+0000] {processor.py:743} INFO - Processing file /home/airflow/.local/lib/python3.7/site-packages/airflow/example_dags/example_latest_only_with_trigger.py for tasks to queue
[2023-02-22T20:45:58.059+0000] {logging_mixin.py:137} INFO - [2023-02-22T20:45:58.058+0000] {dagbag.py:538} INFO - Filling up the DagBag from /home/airflow/.local/lib/python3.7/site-packages/airflow/example_dags/example_latest_only_with_trigger.py
[2023-02-22T20:45:58.091+0000] {processor.py:753} INFO - DAG(s) dict_keys(['latest_only_with_trigger']) retrieved from /home/airflow/.local/lib/python3.7/site-packages/airflow/example_dags/example_latest_only_with_trigger.py
[2023-02-22T20:45:58.145+0000] {logging_mixin.py:137} INFO - [2023-02-22T20:45:58.145+0000] {dag.py:2690} INFO - Sync 1 DAGs
[2023-02-22T20:45:58.213+0000] {logging_mixin.py:137} INFO - [2023-02-22T20:45:58.204+0000] {dag.py:3441} INFO - Setting next_dagrun for latest_only_with_trigger to 2023-02-22T16:45:58.203724+00:00, run_after=2023-02-22T20:45:58.203724+00:00
[2023-02-22T20:45:58.300+0000] {processor.py:175} INFO - Processing /home/airflow/.local/lib/python3.7/site-packages/airflow/example_dags/example_latest_only_with_trigger.py took 0.255 seconds
[2023-02-22T20:46:28.784+0000] {processor.py:153} INFO - Started process (PID=381) to work on /home/airflow/.local/lib/python3.7/site-packages/airflow/example_dags/example_latest_only_with_trigger.py
[2023-02-22T20:46:28.789+0000] {processor.py:743} INFO - Processing file /home/airflow/.local/lib/python3.7/site-packages/airflow/example_dags/example_latest_only_with_trigger.py for tasks to queue
[2023-02-22T20:46:28.790+0000] {logging_mixin.py:137} INFO - [2023-02-22T20:46:28.789+0000] {dagbag.py:538} INFO - Filling up the DagBag from /home/airflow/.local/lib/python3.7/site-packages/airflow/example_dags/example_latest_only_with_trigger.py
[2023-02-22T20:46:28.826+0000] {processor.py:753} INFO - DAG(s) dict_keys(['latest_only_with_trigger']) retrieved from /home/airflow/.local/lib/python3.7/site-packages/airflow/example_dags/example_latest_only_with_trigger.py
[2023-02-22T20:46:28.946+0000] {logging_mixin.py:137} INFO - [2023-02-22T20:46:28.946+0000] {dag.py:2690} INFO - Sync 1 DAGs
[2023-02-22T20:46:29.019+0000] {logging_mixin.py:137} INFO - [2023-02-22T20:46:29.018+0000] {dag.py:3441} INFO - Setting next_dagrun for latest_only_with_trigger to 2023-02-22T16:46:29.018083+00:00, run_after=2023-02-22T20:46:29.018083+00:00
[2023-02-22T20:46:29.069+0000] {processor.py:175} INFO - Processing /home/airflow/.local/lib/python3.7/site-packages/airflow/example_dags/example_latest_only_with_trigger.py took 0.293 seconds
[2023-02-22T20:46:59.414+0000] {processor.py:153} INFO - Started process (PID=459) to work on /home/airflow/.local/lib/python3.7/site-packages/airflow/example_dags/example_latest_only_with_trigger.py
[2023-02-22T20:46:59.443+0000] {processor.py:743} INFO - Processing file /home/airflow/.local/lib/python3.7/site-packages/airflow/example_dags/example_latest_only_with_trigger.py for tasks to queue
[2023-02-22T20:46:59.445+0000] {logging_mixin.py:137} INFO - [2023-02-22T20:46:59.444+0000] {dagbag.py:538} INFO - Filling up the DagBag from /home/airflow/.local/lib/python3.7/site-packages/airflow/example_dags/example_latest_only_with_trigger.py
[2023-02-22T20:46:59.529+0000] {processor.py:753} INFO - DAG(s) dict_keys(['latest_only_with_trigger']) retrieved from /home/airflow/.local/lib/python3.7/site-packages/airflow/example_dags/example_latest_only_with_trigger.py
[2023-02-22T20:46:59.623+0000] {logging_mixin.py:137} INFO - [2023-02-22T20:46:59.622+0000] {dag.py:2690} INFO - Sync 1 DAGs
[2023-02-22T20:46:59.732+0000] {logging_mixin.py:137} INFO - [2023-02-22T20:46:59.731+0000] {dag.py:3441} INFO - Setting next_dagrun for latest_only_with_trigger to 2023-02-22T16:46:59.731357+00:00, run_after=2023-02-22T20:46:59.731357+00:00
[2023-02-22T20:46:59.823+0000] {processor.py:175} INFO - Processing /home/airflow/.local/lib/python3.7/site-packages/airflow/example_dags/example_latest_only_with_trigger.py took 0.428 seconds
[2023-02-22T20:47:30.052+0000] {processor.py:153} INFO - Started process (PID=521) to work on /home/airflow/.local/lib/python3.7/site-packages/airflow/example_dags/example_latest_only_with_trigger.py
[2023-02-22T20:47:30.056+0000] {processor.py:743} INFO - Processing file /home/airflow/.local/lib/python3.7/site-packages/airflow/example_dags/example_latest_only_with_trigger.py for tasks to queue
[2023-02-22T20:47:30.064+0000] {logging_mixin.py:137} INFO - [2023-02-22T20:47:30.063+0000] {dagbag.py:538} INFO - Filling up the DagBag from /home/airflow/.local/lib/python3.7/site-packages/airflow/example_dags/example_latest_only_with_trigger.py
[2023-02-22T20:47:30.120+0000] {processor.py:753} INFO - DAG(s) dict_keys(['latest_only_with_trigger']) retrieved from /home/airflow/.local/lib/python3.7/site-packages/airflow/example_dags/example_latest_only_with_trigger.py
[2023-02-22T20:47:30.214+0000] {logging_mixin.py:137} INFO - [2023-02-22T20:47:30.214+0000] {dag.py:2690} INFO - Sync 1 DAGs
[2023-02-22T20:47:30.316+0000] {logging_mixin.py:137} INFO - [2023-02-22T20:47:30.316+0000] {dag.py:3441} INFO - Setting next_dagrun for latest_only_with_trigger to 2023-02-22T16:47:30.315578+00:00, run_after=2023-02-22T20:47:30.315578+00:00
[2023-02-22T20:47:30.399+0000] {processor.py:175} INFO - Processing /home/airflow/.local/lib/python3.7/site-packages/airflow/example_dags/example_latest_only_with_trigger.py took 0.364 seconds
[2023-02-22T20:48:02.231+0000] {processor.py:153} INFO - Started process (PID=585) to work on /home/airflow/.local/lib/python3.7/site-packages/airflow/example_dags/example_latest_only_with_trigger.py
[2023-02-22T20:48:02.242+0000] {processor.py:743} INFO - Processing file /home/airflow/.local/lib/python3.7/site-packages/airflow/example_dags/example_latest_only_with_trigger.py for tasks to queue
[2023-02-22T20:48:02.243+0000] {logging_mixin.py:137} INFO - [2023-02-22T20:48:02.243+0000] {dagbag.py:538} INFO - Filling up the DagBag from /home/airflow/.local/lib/python3.7/site-packages/airflow/example_dags/example_latest_only_with_trigger.py
[2023-02-22T20:48:02.324+0000] {processor.py:753} INFO - DAG(s) dict_keys(['latest_only_with_trigger']) retrieved from /home/airflow/.local/lib/python3.7/site-packages/airflow/example_dags/example_latest_only_with_trigger.py
[2023-02-22T20:48:02.488+0000] {logging_mixin.py:137} INFO - [2023-02-22T20:48:02.487+0000] {dag.py:2690} INFO - Sync 1 DAGs
[2023-02-22T20:48:02.664+0000] {logging_mixin.py:137} INFO - [2023-02-22T20:48:02.664+0000] {dag.py:3441} INFO - Setting next_dagrun for latest_only_with_trigger to 2023-02-22T16:48:02.664200+00:00, run_after=2023-02-22T20:48:02.664200+00:00
[2023-02-22T20:48:02.777+0000] {processor.py:175} INFO - Processing /home/airflow/.local/lib/python3.7/site-packages/airflow/example_dags/example_latest_only_with_trigger.py took 0.562 seconds
[2023-02-22T20:48:33.171+0000] {processor.py:153} INFO - Started process (PID=649) to work on /home/airflow/.local/lib/python3.7/site-packages/airflow/example_dags/example_latest_only_with_trigger.py
[2023-02-22T20:48:33.172+0000] {processor.py:743} INFO - Processing file /home/airflow/.local/lib/python3.7/site-packages/airflow/example_dags/example_latest_only_with_trigger.py for tasks to queue
[2023-02-22T20:48:33.185+0000] {logging_mixin.py:137} INFO - [2023-02-22T20:48:33.184+0000] {dagbag.py:538} INFO - Filling up the DagBag from /home/airflow/.local/lib/python3.7/site-packages/airflow/example_dags/example_latest_only_with_trigger.py
[2023-02-22T20:48:33.280+0000] {processor.py:753} INFO - DAG(s) dict_keys(['latest_only_with_trigger']) retrieved from /home/airflow/.local/lib/python3.7/site-packages/airflow/example_dags/example_latest_only_with_trigger.py
[2023-02-22T20:48:33.422+0000] {logging_mixin.py:137} INFO - [2023-02-22T20:48:33.422+0000] {dag.py:2690} INFO - Sync 1 DAGs
[2023-02-22T20:48:33.560+0000] {logging_mixin.py:137} INFO - [2023-02-22T20:48:33.560+0000] {dag.py:3441} INFO - Setting next_dagrun for latest_only_with_trigger to 2023-02-22T16:48:33.560108+00:00, run_after=2023-02-22T20:48:33.560108+00:00
[2023-02-22T20:48:33.657+0000] {processor.py:175} INFO - Processing /home/airflow/.local/lib/python3.7/site-packages/airflow/example_dags/example_latest_only_with_trigger.py took 0.503 seconds
[2023-02-22T20:49:05.032+0000] {processor.py:153} INFO - Started process (PID=711) to work on /home/airflow/.local/lib/python3.7/site-packages/airflow/example_dags/example_latest_only_with_trigger.py
[2023-02-22T20:49:05.036+0000] {processor.py:743} INFO - Processing file /home/airflow/.local/lib/python3.7/site-packages/airflow/example_dags/example_latest_only_with_trigger.py for tasks to queue
[2023-02-22T20:49:05.047+0000] {logging_mixin.py:137} INFO - [2023-02-22T20:49:05.046+0000] {dagbag.py:538} INFO - Filling up the DagBag from /home/airflow/.local/lib/python3.7/site-packages/airflow/example_dags/example_latest_only_with_trigger.py
[2023-02-22T20:49:05.142+0000] {processor.py:753} INFO - DAG(s) dict_keys(['latest_only_with_trigger']) retrieved from /home/airflow/.local/lib/python3.7/site-packages/airflow/example_dags/example_latest_only_with_trigger.py
[2023-02-22T20:49:05.274+0000] {logging_mixin.py:137} INFO - [2023-02-22T20:49:05.274+0000] {dag.py:2690} INFO - Sync 1 DAGs
[2023-02-22T20:49:05.432+0000] {logging_mixin.py:137} INFO - [2023-02-22T20:49:05.431+0000] {dag.py:3441} INFO - Setting next_dagrun for latest_only_with_trigger to 2023-02-22T16:49:05.431527+00:00, run_after=2023-02-22T20:49:05.431527+00:00
[2023-02-22T20:49:05.540+0000] {processor.py:175} INFO - Processing /home/airflow/.local/lib/python3.7/site-packages/airflow/example_dags/example_latest_only_with_trigger.py took 0.526 seconds
[2023-02-22T20:49:36.380+0000] {processor.py:153} INFO - Started process (PID=775) to work on /home/airflow/.local/lib/python3.7/site-packages/airflow/example_dags/example_latest_only_with_trigger.py
[2023-02-22T20:49:36.392+0000] {processor.py:743} INFO - Processing file /home/airflow/.local/lib/python3.7/site-packages/airflow/example_dags/example_latest_only_with_trigger.py for tasks to queue
[2023-02-22T20:49:36.393+0000] {logging_mixin.py:137} INFO - [2023-02-22T20:49:36.393+0000] {dagbag.py:538} INFO - Filling up the DagBag from /home/airflow/.local/lib/python3.7/site-packages/airflow/example_dags/example_latest_only_with_trigger.py
[2023-02-22T20:49:36.473+0000] {processor.py:753} INFO - DAG(s) dict_keys(['latest_only_with_trigger']) retrieved from /home/airflow/.local/lib/python3.7/site-packages/airflow/example_dags/example_latest_only_with_trigger.py
[2023-02-22T20:49:36.701+0000] {logging_mixin.py:137} INFO - [2023-02-22T20:49:36.701+0000] {dag.py:2690} INFO - Sync 1 DAGs
[2023-02-22T20:49:36.851+0000] {logging_mixin.py:137} INFO - [2023-02-22T20:49:36.850+0000] {dag.py:3441} INFO - Setting next_dagrun for latest_only_with_trigger to 2023-02-22T16:49:36.850537+00:00, run_after=2023-02-22T20:49:36.850537+00:00
[2023-02-22T20:49:37.059+0000] {processor.py:175} INFO - Processing /home/airflow/.local/lib/python3.7/site-packages/airflow/example_dags/example_latest_only_with_trigger.py took 0.696 seconds
[2023-02-22T20:50:07.721+0000] {processor.py:153} INFO - Started process (PID=838) to work on /home/airflow/.local/lib/python3.7/site-packages/airflow/example_dags/example_latest_only_with_trigger.py
[2023-02-22T20:50:07.722+0000] {processor.py:743} INFO - Processing file /home/airflow/.local/lib/python3.7/site-packages/airflow/example_dags/example_latest_only_with_trigger.py for tasks to queue
[2023-02-22T20:50:07.724+0000] {logging_mixin.py:137} INFO - [2023-02-22T20:50:07.723+0000] {dagbag.py:538} INFO - Filling up the DagBag from /home/airflow/.local/lib/python3.7/site-packages/airflow/example_dags/example_latest_only_with_trigger.py
[2023-02-22T20:50:07.780+0000] {processor.py:753} INFO - DAG(s) dict_keys(['latest_only_with_trigger']) retrieved from /home/airflow/.local/lib/python3.7/site-packages/airflow/example_dags/example_latest_only_with_trigger.py
[2023-02-22T20:50:07.854+0000] {logging_mixin.py:137} INFO - [2023-02-22T20:50:07.854+0000] {dag.py:2690} INFO - Sync 1 DAGs
[2023-02-22T20:50:07.949+0000] {logging_mixin.py:137} INFO - [2023-02-22T20:50:07.949+0000] {dag.py:3441} INFO - Setting next_dagrun for latest_only_with_trigger to 2023-02-22T16:50:07.948938+00:00, run_after=2023-02-22T20:50:07.948938+00:00
[2023-02-22T20:50:08.052+0000] {processor.py:175} INFO - Processing /home/airflow/.local/lib/python3.7/site-packages/airflow/example_dags/example_latest_only_with_trigger.py took 0.347 seconds
[2023-02-22T20:50:38.167+0000] {processor.py:153} INFO - Started process (PID=908) to work on /home/airflow/.local/lib/python3.7/site-packages/airflow/example_dags/example_latest_only_with_trigger.py
[2023-02-22T20:50:38.170+0000] {processor.py:743} INFO - Processing file /home/airflow/.local/lib/python3.7/site-packages/airflow/example_dags/example_latest_only_with_trigger.py for tasks to queue
[2023-02-22T20:50:38.172+0000] {logging_mixin.py:137} INFO - [2023-02-22T20:50:38.171+0000] {dagbag.py:538} INFO - Filling up the DagBag from /home/airflow/.local/lib/python3.7/site-packages/airflow/example_dags/example_latest_only_with_trigger.py
[2023-02-22T20:50:38.251+0000] {processor.py:753} INFO - DAG(s) dict_keys(['latest_only_with_trigger']) retrieved from /home/airflow/.local/lib/python3.7/site-packages/airflow/example_dags/example_latest_only_with_trigger.py
[2023-02-22T20:50:38.386+0000] {logging_mixin.py:137} INFO - [2023-02-22T20:50:38.386+0000] {dag.py:2690} INFO - Sync 1 DAGs
[2023-02-22T20:50:38.563+0000] {logging_mixin.py:137} INFO - [2023-02-22T20:50:38.563+0000] {dag.py:3441} INFO - Setting next_dagrun for latest_only_with_trigger to 2023-02-22T16:50:38.562806+00:00, run_after=2023-02-22T20:50:38.562806+00:00
[2023-02-22T20:50:38.654+0000] {processor.py:175} INFO - Processing /home/airflow/.local/lib/python3.7/site-packages/airflow/example_dags/example_latest_only_with_trigger.py took 0.514 seconds
[2023-02-22T20:51:08.963+0000] {processor.py:153} INFO - Started process (PID=980) to work on /home/airflow/.local/lib/python3.7/site-packages/airflow/example_dags/example_latest_only_with_trigger.py
[2023-02-22T20:51:08.964+0000] {processor.py:743} INFO - Processing file /home/airflow/.local/lib/python3.7/site-packages/airflow/example_dags/example_latest_only_with_trigger.py for tasks to queue
[2023-02-22T20:51:08.965+0000] {logging_mixin.py:137} INFO - [2023-02-22T20:51:08.965+0000] {dagbag.py:538} INFO - Filling up the DagBag from /home/airflow/.local/lib/python3.7/site-packages/airflow/example_dags/example_latest_only_with_trigger.py
[2023-02-22T20:51:08.987+0000] {processor.py:753} INFO - DAG(s) dict_keys(['latest_only_with_trigger']) retrieved from /home/airflow/.local/lib/python3.7/site-packages/airflow/example_dags/example_latest_only_with_trigger.py
[2023-02-22T20:51:09.015+0000] {logging_mixin.py:137} INFO - [2023-02-22T20:51:09.015+0000] {dag.py:2690} INFO - Sync 1 DAGs
[2023-02-22T20:51:09.047+0000] {logging_mixin.py:137} INFO - [2023-02-22T20:51:09.047+0000] {dag.py:3441} INFO - Setting next_dagrun for latest_only_with_trigger to 2023-02-22T16:51:09.047477+00:00, run_after=2023-02-22T20:51:09.047477+00:00
[2023-02-22T20:51:09.072+0000] {processor.py:175} INFO - Processing /home/airflow/.local/lib/python3.7/site-packages/airflow/example_dags/example_latest_only_with_trigger.py took 0.114 seconds
[2023-02-22T20:51:39.744+0000] {processor.py:153} INFO - Started process (PID=1051) to work on /home/airflow/.local/lib/python3.7/site-packages/airflow/example_dags/example_latest_only_with_trigger.py
[2023-02-22T20:51:39.746+0000] {processor.py:743} INFO - Processing file /home/airflow/.local/lib/python3.7/site-packages/airflow/example_dags/example_latest_only_with_trigger.py for tasks to queue
[2023-02-22T20:51:39.747+0000] {logging_mixin.py:137} INFO - [2023-02-22T20:51:39.747+0000] {dagbag.py:538} INFO - Filling up the DagBag from /home/airflow/.local/lib/python3.7/site-packages/airflow/example_dags/example_latest_only_with_trigger.py
[2023-02-22T20:51:39.769+0000] {processor.py:753} INFO - DAG(s) dict_keys(['latest_only_with_trigger']) retrieved from /home/airflow/.local/lib/python3.7/site-packages/airflow/example_dags/example_latest_only_with_trigger.py
[2023-02-22T20:51:39.796+0000] {logging_mixin.py:137} INFO - [2023-02-22T20:51:39.795+0000] {dag.py:2690} INFO - Sync 1 DAGs
[2023-02-22T20:51:39.831+0000] {logging_mixin.py:137} INFO - [2023-02-22T20:51:39.831+0000] {dag.py:3441} INFO - Setting next_dagrun for latest_only_with_trigger to 2023-02-22T16:51:39.830990+00:00, run_after=2023-02-22T20:51:39.830990+00:00
[2023-02-22T20:51:39.853+0000] {processor.py:175} INFO - Processing /home/airflow/.local/lib/python3.7/site-packages/airflow/example_dags/example_latest_only_with_trigger.py took 0.114 seconds
[2023-02-22T20:52:10.149+0000] {processor.py:153} INFO - Started process (PID=1131) to work on /home/airflow/.local/lib/python3.7/site-packages/airflow/example_dags/example_latest_only_with_trigger.py
[2023-02-22T20:52:10.149+0000] {processor.py:743} INFO - Processing file /home/airflow/.local/lib/python3.7/site-packages/airflow/example_dags/example_latest_only_with_trigger.py for tasks to queue
[2023-02-22T20:52:10.150+0000] {logging_mixin.py:137} INFO - [2023-02-22T20:52:10.150+0000] {dagbag.py:538} INFO - Filling up the DagBag from /home/airflow/.local/lib/python3.7/site-packages/airflow/example_dags/example_latest_only_with_trigger.py
[2023-02-22T20:52:10.164+0000] {processor.py:753} INFO - DAG(s) dict_keys(['latest_only_with_trigger']) retrieved from /home/airflow/.local/lib/python3.7/site-packages/airflow/example_dags/example_latest_only_with_trigger.py
[2023-02-22T20:52:10.186+0000] {logging_mixin.py:137} INFO - [2023-02-22T20:52:10.186+0000] {dag.py:2690} INFO - Sync 1 DAGs
[2023-02-22T20:52:10.210+0000] {logging_mixin.py:137} INFO - [2023-02-22T20:52:10.210+0000] {dag.py:3441} INFO - Setting next_dagrun for latest_only_with_trigger to 2023-02-22T16:52:10.210442+00:00, run_after=2023-02-22T20:52:10.210442+00:00
[2023-02-22T20:52:10.230+0000] {processor.py:175} INFO - Processing /home/airflow/.local/lib/python3.7/site-packages/airflow/example_dags/example_latest_only_with_trigger.py took 0.085 seconds
[2023-02-22T20:52:41.084+0000] {processor.py:153} INFO - Started process (PID=1209) to work on /home/airflow/.local/lib/python3.7/site-packages/airflow/example_dags/example_latest_only_with_trigger.py
[2023-02-22T20:52:41.085+0000] {processor.py:743} INFO - Processing file /home/airflow/.local/lib/python3.7/site-packages/airflow/example_dags/example_latest_only_with_trigger.py for tasks to queue
[2023-02-22T20:52:41.085+0000] {logging_mixin.py:137} INFO - [2023-02-22T20:52:41.085+0000] {dagbag.py:538} INFO - Filling up the DagBag from /home/airflow/.local/lib/python3.7/site-packages/airflow/example_dags/example_latest_only_with_trigger.py
[2023-02-22T20:52:41.096+0000] {processor.py:753} INFO - DAG(s) dict_keys(['latest_only_with_trigger']) retrieved from /home/airflow/.local/lib/python3.7/site-packages/airflow/example_dags/example_latest_only_with_trigger.py
[2023-02-22T20:52:41.117+0000] {logging_mixin.py:137} INFO - [2023-02-22T20:52:41.117+0000] {dag.py:2690} INFO - Sync 1 DAGs
[2023-02-22T20:52:41.138+0000] {logging_mixin.py:137} INFO - [2023-02-22T20:52:41.138+0000] {dag.py:3441} INFO - Setting next_dagrun for latest_only_with_trigger to 2023-02-22T16:52:41.138450+00:00, run_after=2023-02-22T20:52:41.138450+00:00
[2023-02-22T20:52:41.156+0000] {processor.py:175} INFO - Processing /home/airflow/.local/lib/python3.7/site-packages/airflow/example_dags/example_latest_only_with_trigger.py took 0.075 seconds
[2023-02-22T20:53:11.544+0000] {processor.py:153} INFO - Started process (PID=1280) to work on /home/airflow/.local/lib/python3.7/site-packages/airflow/example_dags/example_latest_only_with_trigger.py
[2023-02-22T20:53:11.545+0000] {processor.py:743} INFO - Processing file /home/airflow/.local/lib/python3.7/site-packages/airflow/example_dags/example_latest_only_with_trigger.py for tasks to queue
[2023-02-22T20:53:11.546+0000] {logging_mixin.py:137} INFO - [2023-02-22T20:53:11.546+0000] {dagbag.py:538} INFO - Filling up the DagBag from /home/airflow/.local/lib/python3.7/site-packages/airflow/example_dags/example_latest_only_with_trigger.py
[2023-02-22T20:53:11.567+0000] {processor.py:753} INFO - DAG(s) dict_keys(['latest_only_with_trigger']) retrieved from /home/airflow/.local/lib/python3.7/site-packages/airflow/example_dags/example_latest_only_with_trigger.py
[2023-02-22T20:53:11.610+0000] {logging_mixin.py:137} INFO - [2023-02-22T20:53:11.610+0000] {dag.py:2690} INFO - Sync 1 DAGs
[2023-02-22T20:53:11.670+0000] {logging_mixin.py:137} INFO - [2023-02-22T20:53:11.669+0000] {dag.py:3441} INFO - Setting next_dagrun for latest_only_with_trigger to 2023-02-22T16:53:11.669490+00:00, run_after=2023-02-22T20:53:11.669490+00:00
[2023-02-22T20:53:11.748+0000] {processor.py:175} INFO - Processing /home/airflow/.local/lib/python3.7/site-packages/airflow/example_dags/example_latest_only_with_trigger.py took 0.210 seconds
