[2023-02-22T20:44:18.262+0000] {processor.py:153} INFO - Started process (PID=79) to work on /home/airflow/.local/lib/python3.7/site-packages/airflow/example_dags/example_branch_day_of_week_operator.py
[2023-02-22T20:44:18.264+0000] {processor.py:743} INFO - Processing file /home/airflow/.local/lib/python3.7/site-packages/airflow/example_dags/example_branch_day_of_week_operator.py for tasks to queue
[2023-02-22T20:44:18.265+0000] {logging_mixin.py:137} INFO - [2023-02-22T20:44:18.265+0000] {dagbag.py:538} INFO - Filling up the DagBag from /home/airflow/.local/lib/python3.7/site-packages/airflow/example_dags/example_branch_day_of_week_operator.py
[2023-02-22T20:44:18.301+0000] {processor.py:753} INFO - DAG(s) dict_keys(['example_weekday_branch_operator']) retrieved from /home/airflow/.local/lib/python3.7/site-packages/airflow/example_dags/example_branch_day_of_week_operator.py
[2023-02-22T20:44:18.382+0000] {logging_mixin.py:137} INFO - [2023-02-22T20:44:18.380+0000] {dag.py:2690} INFO - Sync 1 DAGs
[2023-02-22T20:44:18.495+0000] {logging_mixin.py:137} INFO - [2023-02-22T20:44:18.494+0000] {dag.py:3441} INFO - Setting next_dagrun for example_weekday_branch_operator to 2023-02-21T00:00:00+00:00, run_after=2023-02-22T00:00:00+00:00
[2023-02-22T20:44:18.580+0000] {processor.py:175} INFO - Processing /home/airflow/.local/lib/python3.7/site-packages/airflow/example_dags/example_branch_day_of_week_operator.py took 0.324 seconds
[2023-02-22T20:44:49.526+0000] {processor.py:153} INFO - Started process (PID=143) to work on /home/airflow/.local/lib/python3.7/site-packages/airflow/example_dags/example_branch_day_of_week_operator.py
[2023-02-22T20:44:49.528+0000] {processor.py:743} INFO - Processing file /home/airflow/.local/lib/python3.7/site-packages/airflow/example_dags/example_branch_day_of_week_operator.py for tasks to queue
[2023-02-22T20:44:49.529+0000] {logging_mixin.py:137} INFO - [2023-02-22T20:44:49.529+0000] {dagbag.py:538} INFO - Filling up the DagBag from /home/airflow/.local/lib/python3.7/site-packages/airflow/example_dags/example_branch_day_of_week_operator.py
[2023-02-22T20:44:49.558+0000] {processor.py:753} INFO - DAG(s) dict_keys(['example_weekday_branch_operator']) retrieved from /home/airflow/.local/lib/python3.7/site-packages/airflow/example_dags/example_branch_day_of_week_operator.py
[2023-02-22T20:44:49.599+0000] {logging_mixin.py:137} INFO - [2023-02-22T20:44:49.599+0000] {dag.py:2690} INFO - Sync 1 DAGs
[2023-02-22T20:44:49.662+0000] {logging_mixin.py:137} INFO - [2023-02-22T20:44:49.662+0000] {dag.py:3441} INFO - Setting next_dagrun for example_weekday_branch_operator to 2023-02-21T00:00:00+00:00, run_after=2023-02-22T00:00:00+00:00
[2023-02-22T20:44:49.711+0000] {processor.py:175} INFO - Processing /home/airflow/.local/lib/python3.7/site-packages/airflow/example_dags/example_branch_day_of_week_operator.py took 0.190 seconds
[2023-02-22T20:45:20.906+0000] {processor.py:153} INFO - Started process (PID=215) to work on /home/airflow/.local/lib/python3.7/site-packages/airflow/example_dags/example_branch_day_of_week_operator.py
[2023-02-22T20:45:20.907+0000] {processor.py:743} INFO - Processing file /home/airflow/.local/lib/python3.7/site-packages/airflow/example_dags/example_branch_day_of_week_operator.py for tasks to queue
[2023-02-22T20:45:20.908+0000] {logging_mixin.py:137} INFO - [2023-02-22T20:45:20.908+0000] {dagbag.py:538} INFO - Filling up the DagBag from /home/airflow/.local/lib/python3.7/site-packages/airflow/example_dags/example_branch_day_of_week_operator.py
[2023-02-22T20:45:20.936+0000] {processor.py:753} INFO - DAG(s) dict_keys(['example_weekday_branch_operator']) retrieved from /home/airflow/.local/lib/python3.7/site-packages/airflow/example_dags/example_branch_day_of_week_operator.py
[2023-02-22T20:45:20.976+0000] {logging_mixin.py:137} INFO - [2023-02-22T20:45:20.976+0000] {dag.py:2690} INFO - Sync 1 DAGs
[2023-02-22T20:45:21.022+0000] {logging_mixin.py:137} INFO - [2023-02-22T20:45:21.022+0000] {dag.py:3441} INFO - Setting next_dagrun for example_weekday_branch_operator to 2023-02-21T00:00:00+00:00, run_after=2023-02-22T00:00:00+00:00
[2023-02-22T20:45:21.058+0000] {processor.py:175} INFO - Processing /home/airflow/.local/lib/python3.7/site-packages/airflow/example_dags/example_branch_day_of_week_operator.py took 0.159 seconds
[2023-02-22T20:45:51.468+0000] {processor.py:153} INFO - Started process (PID=286) to work on /home/airflow/.local/lib/python3.7/site-packages/airflow/example_dags/example_branch_day_of_week_operator.py
[2023-02-22T20:45:51.470+0000] {processor.py:743} INFO - Processing file /home/airflow/.local/lib/python3.7/site-packages/airflow/example_dags/example_branch_day_of_week_operator.py for tasks to queue
[2023-02-22T20:45:51.471+0000] {logging_mixin.py:137} INFO - [2023-02-22T20:45:51.471+0000] {dagbag.py:538} INFO - Filling up the DagBag from /home/airflow/.local/lib/python3.7/site-packages/airflow/example_dags/example_branch_day_of_week_operator.py
[2023-02-22T20:45:51.501+0000] {processor.py:753} INFO - DAG(s) dict_keys(['example_weekday_branch_operator']) retrieved from /home/airflow/.local/lib/python3.7/site-packages/airflow/example_dags/example_branch_day_of_week_operator.py
[2023-02-22T20:45:51.552+0000] {logging_mixin.py:137} INFO - [2023-02-22T20:45:51.551+0000] {dag.py:2690} INFO - Sync 1 DAGs
[2023-02-22T20:45:51.611+0000] {logging_mixin.py:137} INFO - [2023-02-22T20:45:51.611+0000] {dag.py:3441} INFO - Setting next_dagrun for example_weekday_branch_operator to 2023-02-21T00:00:00+00:00, run_after=2023-02-22T00:00:00+00:00
[2023-02-22T20:45:51.652+0000] {processor.py:175} INFO - Processing /home/airflow/.local/lib/python3.7/site-packages/airflow/example_dags/example_branch_day_of_week_operator.py took 0.190 seconds
[2023-02-22T20:46:22.403+0000] {processor.py:153} INFO - Started process (PID=357) to work on /home/airflow/.local/lib/python3.7/site-packages/airflow/example_dags/example_branch_day_of_week_operator.py
[2023-02-22T20:46:22.408+0000] {processor.py:743} INFO - Processing file /home/airflow/.local/lib/python3.7/site-packages/airflow/example_dags/example_branch_day_of_week_operator.py for tasks to queue
[2023-02-22T20:46:22.411+0000] {logging_mixin.py:137} INFO - [2023-02-22T20:46:22.409+0000] {dagbag.py:538} INFO - Filling up the DagBag from /home/airflow/.local/lib/python3.7/site-packages/airflow/example_dags/example_branch_day_of_week_operator.py
[2023-02-22T20:46:22.444+0000] {processor.py:753} INFO - DAG(s) dict_keys(['example_weekday_branch_operator']) retrieved from /home/airflow/.local/lib/python3.7/site-packages/airflow/example_dags/example_branch_day_of_week_operator.py
[2023-02-22T20:46:22.503+0000] {logging_mixin.py:137} INFO - [2023-02-22T20:46:22.503+0000] {dag.py:2690} INFO - Sync 1 DAGs
[2023-02-22T20:46:22.546+0000] {logging_mixin.py:137} INFO - [2023-02-22T20:46:22.546+0000] {dag.py:3441} INFO - Setting next_dagrun for example_weekday_branch_operator to 2023-02-21T00:00:00+00:00, run_after=2023-02-22T00:00:00+00:00
[2023-02-22T20:46:22.591+0000] {processor.py:175} INFO - Processing /home/airflow/.local/lib/python3.7/site-packages/airflow/example_dags/example_branch_day_of_week_operator.py took 0.199 seconds
[2023-02-22T20:46:52.724+0000] {processor.py:153} INFO - Started process (PID=428) to work on /home/airflow/.local/lib/python3.7/site-packages/airflow/example_dags/example_branch_day_of_week_operator.py
[2023-02-22T20:46:52.725+0000] {processor.py:743} INFO - Processing file /home/airflow/.local/lib/python3.7/site-packages/airflow/example_dags/example_branch_day_of_week_operator.py for tasks to queue
[2023-02-22T20:46:52.726+0000] {logging_mixin.py:137} INFO - [2023-02-22T20:46:52.726+0000] {dagbag.py:538} INFO - Filling up the DagBag from /home/airflow/.local/lib/python3.7/site-packages/airflow/example_dags/example_branch_day_of_week_operator.py
[2023-02-22T20:46:52.749+0000] {processor.py:753} INFO - DAG(s) dict_keys(['example_weekday_branch_operator']) retrieved from /home/airflow/.local/lib/python3.7/site-packages/airflow/example_dags/example_branch_day_of_week_operator.py
[2023-02-22T20:46:52.789+0000] {logging_mixin.py:137} INFO - [2023-02-22T20:46:52.789+0000] {dag.py:2690} INFO - Sync 1 DAGs
[2023-02-22T20:46:52.837+0000] {logging_mixin.py:137} INFO - [2023-02-22T20:46:52.836+0000] {dag.py:3441} INFO - Setting next_dagrun for example_weekday_branch_operator to 2023-02-21T00:00:00+00:00, run_after=2023-02-22T00:00:00+00:00
[2023-02-22T20:46:52.875+0000] {processor.py:175} INFO - Processing /home/airflow/.local/lib/python3.7/site-packages/airflow/example_dags/example_branch_day_of_week_operator.py took 0.156 seconds
[2023-02-22T20:47:25.203+0000] {processor.py:153} INFO - Started process (PID=499) to work on /home/airflow/.local/lib/python3.7/site-packages/airflow/example_dags/example_branch_day_of_week_operator.py
[2023-02-22T20:47:25.214+0000] {processor.py:743} INFO - Processing file /home/airflow/.local/lib/python3.7/site-packages/airflow/example_dags/example_branch_day_of_week_operator.py for tasks to queue
[2023-02-22T20:47:25.215+0000] {logging_mixin.py:137} INFO - [2023-02-22T20:47:25.215+0000] {dagbag.py:538} INFO - Filling up the DagBag from /home/airflow/.local/lib/python3.7/site-packages/airflow/example_dags/example_branch_day_of_week_operator.py
[2023-02-22T20:47:25.285+0000] {processor.py:753} INFO - DAG(s) dict_keys(['example_weekday_branch_operator']) retrieved from /home/airflow/.local/lib/python3.7/site-packages/airflow/example_dags/example_branch_day_of_week_operator.py
[2023-02-22T20:47:25.372+0000] {logging_mixin.py:137} INFO - [2023-02-22T20:47:25.371+0000] {dag.py:2690} INFO - Sync 1 DAGs
[2023-02-22T20:47:25.465+0000] {logging_mixin.py:137} INFO - [2023-02-22T20:47:25.464+0000] {dag.py:3441} INFO - Setting next_dagrun for example_weekday_branch_operator to 2023-02-21T00:00:00+00:00, run_after=2023-02-22T00:00:00+00:00
[2023-02-22T20:47:25.547+0000] {processor.py:175} INFO - Processing /home/airflow/.local/lib/python3.7/site-packages/airflow/example_dags/example_branch_day_of_week_operator.py took 0.360 seconds
[2023-02-22T20:47:57.041+0000] {processor.py:153} INFO - Started process (PID=570) to work on /home/airflow/.local/lib/python3.7/site-packages/airflow/example_dags/example_branch_day_of_week_operator.py
[2023-02-22T20:47:57.094+0000] {processor.py:743} INFO - Processing file /home/airflow/.local/lib/python3.7/site-packages/airflow/example_dags/example_branch_day_of_week_operator.py for tasks to queue
[2023-02-22T20:47:57.101+0000] {logging_mixin.py:137} INFO - [2023-02-22T20:47:57.101+0000] {dagbag.py:538} INFO - Filling up the DagBag from /home/airflow/.local/lib/python3.7/site-packages/airflow/example_dags/example_branch_day_of_week_operator.py
[2023-02-22T20:47:57.176+0000] {processor.py:753} INFO - DAG(s) dict_keys(['example_weekday_branch_operator']) retrieved from /home/airflow/.local/lib/python3.7/site-packages/airflow/example_dags/example_branch_day_of_week_operator.py
[2023-02-22T20:47:57.351+0000] {logging_mixin.py:137} INFO - [2023-02-22T20:47:57.350+0000] {dag.py:2690} INFO - Sync 1 DAGs
[2023-02-22T20:47:57.524+0000] {logging_mixin.py:137} INFO - [2023-02-22T20:47:57.524+0000] {dag.py:3441} INFO - Setting next_dagrun for example_weekday_branch_operator to 2023-02-21T00:00:00+00:00, run_after=2023-02-22T00:00:00+00:00
[2023-02-22T20:47:57.659+0000] {processor.py:175} INFO - Processing /home/airflow/.local/lib/python3.7/site-packages/airflow/example_dags/example_branch_day_of_week_operator.py took 0.635 seconds
[2023-02-22T20:48:28.446+0000] {processor.py:153} INFO - Started process (PID=626) to work on /home/airflow/.local/lib/python3.7/site-packages/airflow/example_dags/example_branch_day_of_week_operator.py
[2023-02-22T20:48:28.450+0000] {processor.py:743} INFO - Processing file /home/airflow/.local/lib/python3.7/site-packages/airflow/example_dags/example_branch_day_of_week_operator.py for tasks to queue
[2023-02-22T20:48:28.460+0000] {logging_mixin.py:137} INFO - [2023-02-22T20:48:28.451+0000] {dagbag.py:538} INFO - Filling up the DagBag from /home/airflow/.local/lib/python3.7/site-packages/airflow/example_dags/example_branch_day_of_week_operator.py
[2023-02-22T20:48:28.556+0000] {processor.py:753} INFO - DAG(s) dict_keys(['example_weekday_branch_operator']) retrieved from /home/airflow/.local/lib/python3.7/site-packages/airflow/example_dags/example_branch_day_of_week_operator.py
[2023-02-22T20:48:28.670+0000] {logging_mixin.py:137} INFO - [2023-02-22T20:48:28.670+0000] {dag.py:2690} INFO - Sync 1 DAGs
[2023-02-22T20:48:28.844+0000] {logging_mixin.py:137} INFO - [2023-02-22T20:48:28.843+0000] {dag.py:3441} INFO - Setting next_dagrun for example_weekday_branch_operator to 2023-02-21T00:00:00+00:00, run_after=2023-02-22T00:00:00+00:00
[2023-02-22T20:48:28.960+0000] {processor.py:175} INFO - Processing /home/airflow/.local/lib/python3.7/site-packages/airflow/example_dags/example_branch_day_of_week_operator.py took 0.543 seconds
[2023-02-22T20:48:59.424+0000] {processor.py:153} INFO - Started process (PID=696) to work on /home/airflow/.local/lib/python3.7/site-packages/airflow/example_dags/example_branch_day_of_week_operator.py
[2023-02-22T20:48:59.426+0000] {processor.py:743} INFO - Processing file /home/airflow/.local/lib/python3.7/site-packages/airflow/example_dags/example_branch_day_of_week_operator.py for tasks to queue
[2023-02-22T20:48:59.440+0000] {logging_mixin.py:137} INFO - [2023-02-22T20:48:59.439+0000] {dagbag.py:538} INFO - Filling up the DagBag from /home/airflow/.local/lib/python3.7/site-packages/airflow/example_dags/example_branch_day_of_week_operator.py
[2023-02-22T20:48:59.527+0000] {processor.py:753} INFO - DAG(s) dict_keys(['example_weekday_branch_operator']) retrieved from /home/airflow/.local/lib/python3.7/site-packages/airflow/example_dags/example_branch_day_of_week_operator.py
[2023-02-22T20:48:59.682+0000] {logging_mixin.py:137} INFO - [2023-02-22T20:48:59.682+0000] {dag.py:2690} INFO - Sync 1 DAGs
[2023-02-22T20:48:59.845+0000] {logging_mixin.py:137} INFO - [2023-02-22T20:48:59.845+0000] {dag.py:3441} INFO - Setting next_dagrun for example_weekday_branch_operator to 2023-02-21T00:00:00+00:00, run_after=2023-02-22T00:00:00+00:00
[2023-02-22T20:49:00.000+0000] {processor.py:175} INFO - Processing /home/airflow/.local/lib/python3.7/site-packages/airflow/example_dags/example_branch_day_of_week_operator.py took 0.607 seconds
[2023-02-22T20:49:30.641+0000] {processor.py:153} INFO - Started process (PID=758) to work on /home/airflow/.local/lib/python3.7/site-packages/airflow/example_dags/example_branch_day_of_week_operator.py
[2023-02-22T20:49:30.643+0000] {processor.py:743} INFO - Processing file /home/airflow/.local/lib/python3.7/site-packages/airflow/example_dags/example_branch_day_of_week_operator.py for tasks to queue
[2023-02-22T20:49:30.645+0000] {logging_mixin.py:137} INFO - [2023-02-22T20:49:30.644+0000] {dagbag.py:538} INFO - Filling up the DagBag from /home/airflow/.local/lib/python3.7/site-packages/airflow/example_dags/example_branch_day_of_week_operator.py
[2023-02-22T20:49:30.757+0000] {processor.py:753} INFO - DAG(s) dict_keys(['example_weekday_branch_operator']) retrieved from /home/airflow/.local/lib/python3.7/site-packages/airflow/example_dags/example_branch_day_of_week_operator.py
[2023-02-22T20:49:30.886+0000] {logging_mixin.py:137} INFO - [2023-02-22T20:49:30.885+0000] {dag.py:2690} INFO - Sync 1 DAGs
[2023-02-22T20:49:31.031+0000] {logging_mixin.py:137} INFO - [2023-02-22T20:49:31.030+0000] {dag.py:3441} INFO - Setting next_dagrun for example_weekday_branch_operator to 2023-02-21T00:00:00+00:00, run_after=2023-02-22T00:00:00+00:00
[2023-02-22T20:49:31.122+0000] {processor.py:175} INFO - Processing /home/airflow/.local/lib/python3.7/site-packages/airflow/example_dags/example_branch_day_of_week_operator.py took 0.498 seconds
[2023-02-22T20:50:01.460+0000] {processor.py:153} INFO - Started process (PID=823) to work on /home/airflow/.local/lib/python3.7/site-packages/airflow/example_dags/example_branch_day_of_week_operator.py
[2023-02-22T20:50:01.461+0000] {processor.py:743} INFO - Processing file /home/airflow/.local/lib/python3.7/site-packages/airflow/example_dags/example_branch_day_of_week_operator.py for tasks to queue
[2023-02-22T20:50:01.462+0000] {logging_mixin.py:137} INFO - [2023-02-22T20:50:01.462+0000] {dagbag.py:538} INFO - Filling up the DagBag from /home/airflow/.local/lib/python3.7/site-packages/airflow/example_dags/example_branch_day_of_week_operator.py
[2023-02-22T20:50:01.556+0000] {processor.py:753} INFO - DAG(s) dict_keys(['example_weekday_branch_operator']) retrieved from /home/airflow/.local/lib/python3.7/site-packages/airflow/example_dags/example_branch_day_of_week_operator.py
[2023-02-22T20:50:01.667+0000] {logging_mixin.py:137} INFO - [2023-02-22T20:50:01.667+0000] {dag.py:2690} INFO - Sync 1 DAGs
[2023-02-22T20:50:01.810+0000] {logging_mixin.py:137} INFO - [2023-02-22T20:50:01.801+0000] {dag.py:3441} INFO - Setting next_dagrun for example_weekday_branch_operator to 2023-02-21T00:00:00+00:00, run_after=2023-02-22T00:00:00+00:00
[2023-02-22T20:50:01.939+0000] {processor.py:175} INFO - Processing /home/airflow/.local/lib/python3.7/site-packages/airflow/example_dags/example_branch_day_of_week_operator.py took 0.495 seconds
[2023-02-22T20:50:32.203+0000] {processor.py:153} INFO - Started process (PID=887) to work on /home/airflow/.local/lib/python3.7/site-packages/airflow/example_dags/example_branch_day_of_week_operator.py
[2023-02-22T20:50:32.218+0000] {processor.py:743} INFO - Processing file /home/airflow/.local/lib/python3.7/site-packages/airflow/example_dags/example_branch_day_of_week_operator.py for tasks to queue
[2023-02-22T20:50:32.219+0000] {logging_mixin.py:137} INFO - [2023-02-22T20:50:32.219+0000] {dagbag.py:538} INFO - Filling up the DagBag from /home/airflow/.local/lib/python3.7/site-packages/airflow/example_dags/example_branch_day_of_week_operator.py
[2023-02-22T20:50:32.285+0000] {processor.py:753} INFO - DAG(s) dict_keys(['example_weekday_branch_operator']) retrieved from /home/airflow/.local/lib/python3.7/site-packages/airflow/example_dags/example_branch_day_of_week_operator.py
[2023-02-22T20:50:32.380+0000] {logging_mixin.py:137} INFO - [2023-02-22T20:50:32.375+0000] {dag.py:2690} INFO - Sync 1 DAGs
[2023-02-22T20:50:32.559+0000] {logging_mixin.py:137} INFO - [2023-02-22T20:50:32.548+0000] {dag.py:3441} INFO - Setting next_dagrun for example_weekday_branch_operator to 2023-02-21T00:00:00+00:00, run_after=2023-02-22T00:00:00+00:00
[2023-02-22T20:50:32.675+0000] {processor.py:175} INFO - Processing /home/airflow/.local/lib/python3.7/site-packages/airflow/example_dags/example_branch_day_of_week_operator.py took 0.489 seconds
[2023-02-22T20:51:02.800+0000] {processor.py:153} INFO - Started process (PID=949) to work on /home/airflow/.local/lib/python3.7/site-packages/airflow/example_dags/example_branch_day_of_week_operator.py
[2023-02-22T20:51:02.805+0000] {processor.py:743} INFO - Processing file /home/airflow/.local/lib/python3.7/site-packages/airflow/example_dags/example_branch_day_of_week_operator.py for tasks to queue
[2023-02-22T20:51:02.807+0000] {logging_mixin.py:137} INFO - [2023-02-22T20:51:02.806+0000] {dagbag.py:538} INFO - Filling up the DagBag from /home/airflow/.local/lib/python3.7/site-packages/airflow/example_dags/example_branch_day_of_week_operator.py
[2023-02-22T20:51:02.858+0000] {processor.py:753} INFO - DAG(s) dict_keys(['example_weekday_branch_operator']) retrieved from /home/airflow/.local/lib/python3.7/site-packages/airflow/example_dags/example_branch_day_of_week_operator.py
[2023-02-22T20:51:02.958+0000] {logging_mixin.py:137} INFO - [2023-02-22T20:51:02.957+0000] {dag.py:2690} INFO - Sync 1 DAGs
[2023-02-22T20:51:03.055+0000] {logging_mixin.py:137} INFO - [2023-02-22T20:51:03.054+0000] {dag.py:3441} INFO - Setting next_dagrun for example_weekday_branch_operator to 2023-02-21T00:00:00+00:00, run_after=2023-02-22T00:00:00+00:00
[2023-02-22T20:51:03.105+0000] {processor.py:175} INFO - Processing /home/airflow/.local/lib/python3.7/site-packages/airflow/example_dags/example_branch_day_of_week_operator.py took 0.316 seconds
[2023-02-22T20:51:33.858+0000] {processor.py:153} INFO - Started process (PID=1037) to work on /home/airflow/.local/lib/python3.7/site-packages/airflow/example_dags/example_branch_day_of_week_operator.py
[2023-02-22T20:51:33.859+0000] {processor.py:743} INFO - Processing file /home/airflow/.local/lib/python3.7/site-packages/airflow/example_dags/example_branch_day_of_week_operator.py for tasks to queue
[2023-02-22T20:51:33.861+0000] {logging_mixin.py:137} INFO - [2023-02-22T20:51:33.860+0000] {dagbag.py:538} INFO - Filling up the DagBag from /home/airflow/.local/lib/python3.7/site-packages/airflow/example_dags/example_branch_day_of_week_operator.py
[2023-02-22T20:51:33.884+0000] {processor.py:753} INFO - DAG(s) dict_keys(['example_weekday_branch_operator']) retrieved from /home/airflow/.local/lib/python3.7/site-packages/airflow/example_dags/example_branch_day_of_week_operator.py
[2023-02-22T20:51:33.923+0000] {logging_mixin.py:137} INFO - [2023-02-22T20:51:33.922+0000] {dag.py:2690} INFO - Sync 1 DAGs
[2023-02-22T20:51:33.973+0000] {logging_mixin.py:137} INFO - [2023-02-22T20:51:33.973+0000] {dag.py:3441} INFO - Setting next_dagrun for example_weekday_branch_operator to 2023-02-21T00:00:00+00:00, run_after=2023-02-22T00:00:00+00:00
[2023-02-22T20:51:34.010+0000] {processor.py:175} INFO - Processing /home/airflow/.local/lib/python3.7/site-packages/airflow/example_dags/example_branch_day_of_week_operator.py took 0.158 seconds
[2023-02-22T20:52:04.277+0000] {processor.py:153} INFO - Started process (PID=1108) to work on /home/airflow/.local/lib/python3.7/site-packages/airflow/example_dags/example_branch_day_of_week_operator.py
[2023-02-22T20:52:04.278+0000] {processor.py:743} INFO - Processing file /home/airflow/.local/lib/python3.7/site-packages/airflow/example_dags/example_branch_day_of_week_operator.py for tasks to queue
[2023-02-22T20:52:04.279+0000] {logging_mixin.py:137} INFO - [2023-02-22T20:52:04.279+0000] {dagbag.py:538} INFO - Filling up the DagBag from /home/airflow/.local/lib/python3.7/site-packages/airflow/example_dags/example_branch_day_of_week_operator.py
[2023-02-22T20:52:04.300+0000] {processor.py:753} INFO - DAG(s) dict_keys(['example_weekday_branch_operator']) retrieved from /home/airflow/.local/lib/python3.7/site-packages/airflow/example_dags/example_branch_day_of_week_operator.py
[2023-02-22T20:52:04.333+0000] {logging_mixin.py:137} INFO - [2023-02-22T20:52:04.333+0000] {dag.py:2690} INFO - Sync 1 DAGs
[2023-02-22T20:52:04.367+0000] {logging_mixin.py:137} INFO - [2023-02-22T20:52:04.367+0000] {dag.py:3441} INFO - Setting next_dagrun for example_weekday_branch_operator to 2023-02-21T00:00:00+00:00, run_after=2023-02-22T00:00:00+00:00
[2023-02-22T20:52:04.395+0000] {processor.py:175} INFO - Processing /home/airflow/.local/lib/python3.7/site-packages/airflow/example_dags/example_branch_day_of_week_operator.py took 0.122 seconds
[2023-02-22T20:52:34.446+0000] {processor.py:153} INFO - Started process (PID=1179) to work on /home/airflow/.local/lib/python3.7/site-packages/airflow/example_dags/example_branch_day_of_week_operator.py
[2023-02-22T20:52:34.447+0000] {processor.py:743} INFO - Processing file /home/airflow/.local/lib/python3.7/site-packages/airflow/example_dags/example_branch_day_of_week_operator.py for tasks to queue
[2023-02-22T20:52:34.448+0000] {logging_mixin.py:137} INFO - [2023-02-22T20:52:34.448+0000] {dagbag.py:538} INFO - Filling up the DagBag from /home/airflow/.local/lib/python3.7/site-packages/airflow/example_dags/example_branch_day_of_week_operator.py
[2023-02-22T20:52:34.463+0000] {processor.py:753} INFO - DAG(s) dict_keys(['example_weekday_branch_operator']) retrieved from /home/airflow/.local/lib/python3.7/site-packages/airflow/example_dags/example_branch_day_of_week_operator.py
[2023-02-22T20:52:34.492+0000] {logging_mixin.py:137} INFO - [2023-02-22T20:52:34.492+0000] {dag.py:2690} INFO - Sync 1 DAGs
[2023-02-22T20:52:34.521+0000] {logging_mixin.py:137} INFO - [2023-02-22T20:52:34.521+0000] {dag.py:3441} INFO - Setting next_dagrun for example_weekday_branch_operator to 2023-02-21T00:00:00+00:00, run_after=2023-02-22T00:00:00+00:00
[2023-02-22T20:52:34.545+0000] {processor.py:175} INFO - Processing /home/airflow/.local/lib/python3.7/site-packages/airflow/example_dags/example_branch_day_of_week_operator.py took 0.103 seconds
[2023-02-22T20:53:05.159+0000] {processor.py:153} INFO - Started process (PID=1266) to work on /home/airflow/.local/lib/python3.7/site-packages/airflow/example_dags/example_branch_day_of_week_operator.py
[2023-02-22T20:53:05.160+0000] {processor.py:743} INFO - Processing file /home/airflow/.local/lib/python3.7/site-packages/airflow/example_dags/example_branch_day_of_week_operator.py for tasks to queue
[2023-02-22T20:53:05.161+0000] {logging_mixin.py:137} INFO - [2023-02-22T20:53:05.161+0000] {dagbag.py:538} INFO - Filling up the DagBag from /home/airflow/.local/lib/python3.7/site-packages/airflow/example_dags/example_branch_day_of_week_operator.py
[2023-02-22T20:53:05.182+0000] {processor.py:753} INFO - DAG(s) dict_keys(['example_weekday_branch_operator']) retrieved from /home/airflow/.local/lib/python3.7/site-packages/airflow/example_dags/example_branch_day_of_week_operator.py
[2023-02-22T20:53:05.223+0000] {logging_mixin.py:137} INFO - [2023-02-22T20:53:05.223+0000] {dag.py:2690} INFO - Sync 1 DAGs
[2023-02-22T20:53:05.266+0000] {logging_mixin.py:137} INFO - [2023-02-22T20:53:05.266+0000] {dag.py:3441} INFO - Setting next_dagrun for example_weekday_branch_operator to 2023-02-21T00:00:00+00:00, run_after=2023-02-22T00:00:00+00:00
[2023-02-22T20:53:05.295+0000] {processor.py:175} INFO - Processing /home/airflow/.local/lib/python3.7/site-packages/airflow/example_dags/example_branch_day_of_week_operator.py took 0.139 seconds
