[2023-02-22T20:44:26.780+0000] {processor.py:153} INFO - Started process (PID=106) to work on /home/airflow/.local/lib/python3.7/site-packages/airflow/example_dags/example_external_task_marker_dag.py
[2023-02-22T20:44:26.781+0000] {processor.py:743} INFO - Processing file /home/airflow/.local/lib/python3.7/site-packages/airflow/example_dags/example_external_task_marker_dag.py for tasks to queue
[2023-02-22T20:44:26.783+0000] {logging_mixin.py:137} INFO - [2023-02-22T20:44:26.782+0000] {dagbag.py:538} INFO - Filling up the DagBag from /home/airflow/.local/lib/python3.7/site-packages/airflow/example_dags/example_external_task_marker_dag.py
[2023-02-22T20:44:26.938+0000] {processor.py:753} INFO - DAG(s) dict_keys(['example_external_task_marker_parent', 'example_external_task_marker_child']) retrieved from /home/airflow/.local/lib/python3.7/site-packages/airflow/example_dags/example_external_task_marker_dag.py
[2023-02-22T20:44:27.419+0000] {logging_mixin.py:137} INFO - [2023-02-22T20:44:27.418+0000] {dag.py:2690} INFO - Sync 2 DAGs
[2023-02-22T20:44:27.686+0000] {logging_mixin.py:137} INFO - [2023-02-22T20:44:27.685+0000] {dag.py:3441} INFO - Setting next_dagrun for example_external_task_marker_child to None, run_after=None
[2023-02-22T20:44:27.711+0000] {logging_mixin.py:137} INFO - [2023-02-22T20:44:27.710+0000] {dag.py:3441} INFO - Setting next_dagrun for example_external_task_marker_parent to None, run_after=None
[2023-02-22T20:44:27.834+0000] {processor.py:175} INFO - Processing /home/airflow/.local/lib/python3.7/site-packages/airflow/example_dags/example_external_task_marker_dag.py took 1.089 seconds
[2023-02-22T20:44:58.364+0000] {processor.py:153} INFO - Started process (PID=171) to work on /home/airflow/.local/lib/python3.7/site-packages/airflow/example_dags/example_external_task_marker_dag.py
[2023-02-22T20:44:58.367+0000] {processor.py:743} INFO - Processing file /home/airflow/.local/lib/python3.7/site-packages/airflow/example_dags/example_external_task_marker_dag.py for tasks to queue
[2023-02-22T20:44:58.368+0000] {logging_mixin.py:137} INFO - [2023-02-22T20:44:58.368+0000] {dagbag.py:538} INFO - Filling up the DagBag from /home/airflow/.local/lib/python3.7/site-packages/airflow/example_dags/example_external_task_marker_dag.py
[2023-02-22T20:44:58.401+0000] {processor.py:753} INFO - DAG(s) dict_keys(['example_external_task_marker_child', 'example_external_task_marker_parent']) retrieved from /home/airflow/.local/lib/python3.7/site-packages/airflow/example_dags/example_external_task_marker_dag.py
[2023-02-22T20:44:58.476+0000] {logging_mixin.py:137} INFO - [2023-02-22T20:44:58.476+0000] {dag.py:2690} INFO - Sync 2 DAGs
[2023-02-22T20:44:58.539+0000] {logging_mixin.py:137} INFO - [2023-02-22T20:44:58.539+0000] {dag.py:3441} INFO - Setting next_dagrun for example_external_task_marker_child to None, run_after=None
[2023-02-22T20:44:58.547+0000] {logging_mixin.py:137} INFO - [2023-02-22T20:44:58.547+0000] {dag.py:3441} INFO - Setting next_dagrun for example_external_task_marker_parent to None, run_after=None
[2023-02-22T20:44:58.594+0000] {processor.py:175} INFO - Processing /home/airflow/.local/lib/python3.7/site-packages/airflow/example_dags/example_external_task_marker_dag.py took 0.247 seconds
[2023-02-22T20:45:29.588+0000] {processor.py:153} INFO - Started process (PID=249) to work on /home/airflow/.local/lib/python3.7/site-packages/airflow/example_dags/example_external_task_marker_dag.py
[2023-02-22T20:45:29.590+0000] {processor.py:743} INFO - Processing file /home/airflow/.local/lib/python3.7/site-packages/airflow/example_dags/example_external_task_marker_dag.py for tasks to queue
[2023-02-22T20:45:29.592+0000] {logging_mixin.py:137} INFO - [2023-02-22T20:45:29.592+0000] {dagbag.py:538} INFO - Filling up the DagBag from /home/airflow/.local/lib/python3.7/site-packages/airflow/example_dags/example_external_task_marker_dag.py
[2023-02-22T20:45:29.629+0000] {processor.py:753} INFO - DAG(s) dict_keys(['example_external_task_marker_child', 'example_external_task_marker_parent']) retrieved from /home/airflow/.local/lib/python3.7/site-packages/airflow/example_dags/example_external_task_marker_dag.py
[2023-02-22T20:45:29.696+0000] {logging_mixin.py:137} INFO - [2023-02-22T20:45:29.696+0000] {dag.py:2690} INFO - Sync 2 DAGs
[2023-02-22T20:45:29.841+0000] {logging_mixin.py:137} INFO - [2023-02-22T20:45:29.841+0000] {dag.py:3441} INFO - Setting next_dagrun for example_external_task_marker_child to None, run_after=None
[2023-02-22T20:45:29.854+0000] {logging_mixin.py:137} INFO - [2023-02-22T20:45:29.854+0000] {dag.py:3441} INFO - Setting next_dagrun for example_external_task_marker_parent to None, run_after=None
[2023-02-22T20:45:29.910+0000] {processor.py:175} INFO - Processing /home/airflow/.local/lib/python3.7/site-packages/airflow/example_dags/example_external_task_marker_dag.py took 0.330 seconds
[2023-02-22T20:46:00.125+0000] {processor.py:153} INFO - Started process (PID=320) to work on /home/airflow/.local/lib/python3.7/site-packages/airflow/example_dags/example_external_task_marker_dag.py
[2023-02-22T20:46:00.126+0000] {processor.py:743} INFO - Processing file /home/airflow/.local/lib/python3.7/site-packages/airflow/example_dags/example_external_task_marker_dag.py for tasks to queue
[2023-02-22T20:46:00.128+0000] {logging_mixin.py:137} INFO - [2023-02-22T20:46:00.127+0000] {dagbag.py:538} INFO - Filling up the DagBag from /home/airflow/.local/lib/python3.7/site-packages/airflow/example_dags/example_external_task_marker_dag.py
[2023-02-22T20:46:00.153+0000] {processor.py:753} INFO - DAG(s) dict_keys(['example_external_task_marker_child', 'example_external_task_marker_parent']) retrieved from /home/airflow/.local/lib/python3.7/site-packages/airflow/example_dags/example_external_task_marker_dag.py
[2023-02-22T20:46:00.231+0000] {logging_mixin.py:137} INFO - [2023-02-22T20:46:00.231+0000] {dag.py:2690} INFO - Sync 2 DAGs
[2023-02-22T20:46:00.297+0000] {logging_mixin.py:137} INFO - [2023-02-22T20:46:00.297+0000] {dag.py:3441} INFO - Setting next_dagrun for example_external_task_marker_child to None, run_after=None
[2023-02-22T20:46:00.307+0000] {logging_mixin.py:137} INFO - [2023-02-22T20:46:00.307+0000] {dag.py:3441} INFO - Setting next_dagrun for example_external_task_marker_parent to None, run_after=None
[2023-02-22T20:46:00.344+0000] {processor.py:175} INFO - Processing /home/airflow/.local/lib/python3.7/site-packages/airflow/example_dags/example_external_task_marker_dag.py took 0.232 seconds
[2023-02-22T20:46:31.232+0000] {processor.py:153} INFO - Started process (PID=391) to work on /home/airflow/.local/lib/python3.7/site-packages/airflow/example_dags/example_external_task_marker_dag.py
[2023-02-22T20:46:31.243+0000] {processor.py:743} INFO - Processing file /home/airflow/.local/lib/python3.7/site-packages/airflow/example_dags/example_external_task_marker_dag.py for tasks to queue
[2023-02-22T20:46:31.246+0000] {logging_mixin.py:137} INFO - [2023-02-22T20:46:31.245+0000] {dagbag.py:538} INFO - Filling up the DagBag from /home/airflow/.local/lib/python3.7/site-packages/airflow/example_dags/example_external_task_marker_dag.py
[2023-02-22T20:46:31.286+0000] {processor.py:753} INFO - DAG(s) dict_keys(['example_external_task_marker_child', 'example_external_task_marker_parent']) retrieved from /home/airflow/.local/lib/python3.7/site-packages/airflow/example_dags/example_external_task_marker_dag.py
[2023-02-22T20:46:31.557+0000] {logging_mixin.py:137} INFO - [2023-02-22T20:46:31.554+0000] {dag.py:2690} INFO - Sync 2 DAGs
[2023-02-22T20:46:31.806+0000] {logging_mixin.py:137} INFO - [2023-02-22T20:46:31.806+0000] {dag.py:3441} INFO - Setting next_dagrun for example_external_task_marker_child to None, run_after=None
[2023-02-22T20:46:31.819+0000] {logging_mixin.py:137} INFO - [2023-02-22T20:46:31.819+0000] {dag.py:3441} INFO - Setting next_dagrun for example_external_task_marker_parent to None, run_after=None
[2023-02-22T20:46:31.913+0000] {processor.py:175} INFO - Processing /home/airflow/.local/lib/python3.7/site-packages/airflow/example_dags/example_external_task_marker_dag.py took 0.702 seconds
[2023-02-22T20:47:02.039+0000] {processor.py:153} INFO - Started process (PID=462) to work on /home/airflow/.local/lib/python3.7/site-packages/airflow/example_dags/example_external_task_marker_dag.py
[2023-02-22T20:47:02.041+0000] {processor.py:743} INFO - Processing file /home/airflow/.local/lib/python3.7/site-packages/airflow/example_dags/example_external_task_marker_dag.py for tasks to queue
[2023-02-22T20:47:02.042+0000] {logging_mixin.py:137} INFO - [2023-02-22T20:47:02.042+0000] {dagbag.py:538} INFO - Filling up the DagBag from /home/airflow/.local/lib/python3.7/site-packages/airflow/example_dags/example_external_task_marker_dag.py
[2023-02-22T20:47:02.074+0000] {processor.py:753} INFO - DAG(s) dict_keys(['example_external_task_marker_child', 'example_external_task_marker_parent']) retrieved from /home/airflow/.local/lib/python3.7/site-packages/airflow/example_dags/example_external_task_marker_dag.py
[2023-02-22T20:47:02.192+0000] {logging_mixin.py:137} INFO - [2023-02-22T20:47:02.192+0000] {dag.py:2690} INFO - Sync 2 DAGs
[2023-02-22T20:47:02.301+0000] {logging_mixin.py:137} INFO - [2023-02-22T20:47:02.301+0000] {dag.py:3441} INFO - Setting next_dagrun for example_external_task_marker_child to None, run_after=None
[2023-02-22T20:47:02.317+0000] {logging_mixin.py:137} INFO - [2023-02-22T20:47:02.317+0000] {dag.py:3441} INFO - Setting next_dagrun for example_external_task_marker_parent to None, run_after=None
[2023-02-22T20:47:02.429+0000] {processor.py:175} INFO - Processing /home/airflow/.local/lib/python3.7/site-packages/airflow/example_dags/example_external_task_marker_dag.py took 0.401 seconds
[2023-02-22T20:47:33.116+0000] {processor.py:153} INFO - Started process (PID=526) to work on /home/airflow/.local/lib/python3.7/site-packages/airflow/example_dags/example_external_task_marker_dag.py
[2023-02-22T20:47:33.131+0000] {processor.py:743} INFO - Processing file /home/airflow/.local/lib/python3.7/site-packages/airflow/example_dags/example_external_task_marker_dag.py for tasks to queue
[2023-02-22T20:47:33.132+0000] {logging_mixin.py:137} INFO - [2023-02-22T20:47:33.132+0000] {dagbag.py:538} INFO - Filling up the DagBag from /home/airflow/.local/lib/python3.7/site-packages/airflow/example_dags/example_external_task_marker_dag.py
[2023-02-22T20:47:33.208+0000] {processor.py:753} INFO - DAG(s) dict_keys(['example_external_task_marker_child', 'example_external_task_marker_parent']) retrieved from /home/airflow/.local/lib/python3.7/site-packages/airflow/example_dags/example_external_task_marker_dag.py
[2023-02-22T20:47:33.391+0000] {logging_mixin.py:137} INFO - [2023-02-22T20:47:33.390+0000] {dag.py:2690} INFO - Sync 2 DAGs
[2023-02-22T20:47:33.505+0000] {logging_mixin.py:137} INFO - [2023-02-22T20:47:33.504+0000] {dag.py:3441} INFO - Setting next_dagrun for example_external_task_marker_child to None, run_after=None
[2023-02-22T20:47:33.513+0000] {logging_mixin.py:137} INFO - [2023-02-22T20:47:33.512+0000] {dag.py:3441} INFO - Setting next_dagrun for example_external_task_marker_parent to None, run_after=None
[2023-02-22T20:47:33.759+0000] {processor.py:175} INFO - Processing /home/airflow/.local/lib/python3.7/site-packages/airflow/example_dags/example_external_task_marker_dag.py took 0.660 seconds
[2023-02-22T20:48:03.941+0000] {processor.py:153} INFO - Started process (PID=588) to work on /home/airflow/.local/lib/python3.7/site-packages/airflow/example_dags/example_external_task_marker_dag.py
[2023-02-22T20:48:03.976+0000] {processor.py:743} INFO - Processing file /home/airflow/.local/lib/python3.7/site-packages/airflow/example_dags/example_external_task_marker_dag.py for tasks to queue
[2023-02-22T20:48:03.977+0000] {logging_mixin.py:137} INFO - [2023-02-22T20:48:03.977+0000] {dagbag.py:538} INFO - Filling up the DagBag from /home/airflow/.local/lib/python3.7/site-packages/airflow/example_dags/example_external_task_marker_dag.py
[2023-02-22T20:48:04.044+0000] {processor.py:753} INFO - DAG(s) dict_keys(['example_external_task_marker_child', 'example_external_task_marker_parent']) retrieved from /home/airflow/.local/lib/python3.7/site-packages/airflow/example_dags/example_external_task_marker_dag.py
[2023-02-22T20:48:04.180+0000] {logging_mixin.py:137} INFO - [2023-02-22T20:48:04.179+0000] {dag.py:2690} INFO - Sync 2 DAGs
[2023-02-22T20:48:04.339+0000] {logging_mixin.py:137} INFO - [2023-02-22T20:48:04.339+0000] {dag.py:3441} INFO - Setting next_dagrun for example_external_task_marker_child to None, run_after=None
[2023-02-22T20:48:04.368+0000] {logging_mixin.py:137} INFO - [2023-02-22T20:48:04.368+0000] {dag.py:3441} INFO - Setting next_dagrun for example_external_task_marker_parent to None, run_after=None
[2023-02-22T20:48:04.463+0000] {processor.py:175} INFO - Processing /home/airflow/.local/lib/python3.7/site-packages/airflow/example_dags/example_external_task_marker_dag.py took 0.550 seconds
[2023-02-22T20:48:34.777+0000] {processor.py:153} INFO - Started process (PID=652) to work on /home/airflow/.local/lib/python3.7/site-packages/airflow/example_dags/example_external_task_marker_dag.py
[2023-02-22T20:48:34.791+0000] {processor.py:743} INFO - Processing file /home/airflow/.local/lib/python3.7/site-packages/airflow/example_dags/example_external_task_marker_dag.py for tasks to queue
[2023-02-22T20:48:34.793+0000] {logging_mixin.py:137} INFO - [2023-02-22T20:48:34.793+0000] {dagbag.py:538} INFO - Filling up the DagBag from /home/airflow/.local/lib/python3.7/site-packages/airflow/example_dags/example_external_task_marker_dag.py
[2023-02-22T20:48:34.888+0000] {processor.py:753} INFO - DAG(s) dict_keys(['example_external_task_marker_child', 'example_external_task_marker_parent']) retrieved from /home/airflow/.local/lib/python3.7/site-packages/airflow/example_dags/example_external_task_marker_dag.py
[2023-02-22T20:48:35.046+0000] {logging_mixin.py:137} INFO - [2023-02-22T20:48:35.036+0000] {dag.py:2690} INFO - Sync 2 DAGs
[2023-02-22T20:48:35.207+0000] {logging_mixin.py:137} INFO - [2023-02-22T20:48:35.207+0000] {dag.py:3441} INFO - Setting next_dagrun for example_external_task_marker_child to None, run_after=None
[2023-02-22T20:48:35.225+0000] {logging_mixin.py:137} INFO - [2023-02-22T20:48:35.225+0000] {dag.py:3441} INFO - Setting next_dagrun for example_external_task_marker_parent to None, run_after=None
[2023-02-22T20:48:35.317+0000] {processor.py:175} INFO - Processing /home/airflow/.local/lib/python3.7/site-packages/airflow/example_dags/example_external_task_marker_dag.py took 0.569 seconds
[2023-02-22T20:49:05.826+0000] {processor.py:153} INFO - Started process (PID=714) to work on /home/airflow/.local/lib/python3.7/site-packages/airflow/example_dags/example_external_task_marker_dag.py
[2023-02-22T20:49:05.843+0000] {processor.py:743} INFO - Processing file /home/airflow/.local/lib/python3.7/site-packages/airflow/example_dags/example_external_task_marker_dag.py for tasks to queue
[2023-02-22T20:49:05.844+0000] {logging_mixin.py:137} INFO - [2023-02-22T20:49:05.844+0000] {dagbag.py:538} INFO - Filling up the DagBag from /home/airflow/.local/lib/python3.7/site-packages/airflow/example_dags/example_external_task_marker_dag.py
[2023-02-22T20:49:05.885+0000] {processor.py:753} INFO - DAG(s) dict_keys(['example_external_task_marker_child', 'example_external_task_marker_parent']) retrieved from /home/airflow/.local/lib/python3.7/site-packages/airflow/example_dags/example_external_task_marker_dag.py
[2023-02-22T20:49:06.106+0000] {logging_mixin.py:137} INFO - [2023-02-22T20:49:06.106+0000] {dag.py:2690} INFO - Sync 2 DAGs
[2023-02-22T20:49:06.194+0000] {logging_mixin.py:137} INFO - [2023-02-22T20:49:06.193+0000] {dag.py:3441} INFO - Setting next_dagrun for example_external_task_marker_child to None, run_after=None
[2023-02-22T20:49:06.207+0000] {logging_mixin.py:137} INFO - [2023-02-22T20:49:06.207+0000] {dag.py:3441} INFO - Setting next_dagrun for example_external_task_marker_parent to None, run_after=None
[2023-02-22T20:49:06.280+0000] {processor.py:175} INFO - Processing /home/airflow/.local/lib/python3.7/site-packages/airflow/example_dags/example_external_task_marker_dag.py took 0.471 seconds
[2023-02-22T20:49:37.557+0000] {processor.py:153} INFO - Started process (PID=785) to work on /home/airflow/.local/lib/python3.7/site-packages/airflow/example_dags/example_external_task_marker_dag.py
[2023-02-22T20:49:37.586+0000] {processor.py:743} INFO - Processing file /home/airflow/.local/lib/python3.7/site-packages/airflow/example_dags/example_external_task_marker_dag.py for tasks to queue
[2023-02-22T20:49:37.587+0000] {logging_mixin.py:137} INFO - [2023-02-22T20:49:37.587+0000] {dagbag.py:538} INFO - Filling up the DagBag from /home/airflow/.local/lib/python3.7/site-packages/airflow/example_dags/example_external_task_marker_dag.py
[2023-02-22T20:49:37.684+0000] {processor.py:753} INFO - DAG(s) dict_keys(['example_external_task_marker_parent', 'example_external_task_marker_child']) retrieved from /home/airflow/.local/lib/python3.7/site-packages/airflow/example_dags/example_external_task_marker_dag.py
[2023-02-22T20:49:37.877+0000] {logging_mixin.py:137} INFO - [2023-02-22T20:49:37.877+0000] {dag.py:2690} INFO - Sync 2 DAGs
[2023-02-22T20:49:38.072+0000] {logging_mixin.py:137} INFO - [2023-02-22T20:49:38.072+0000] {dag.py:3441} INFO - Setting next_dagrun for example_external_task_marker_child to None, run_after=None
[2023-02-22T20:49:38.089+0000] {logging_mixin.py:137} INFO - [2023-02-22T20:49:38.089+0000] {dag.py:3441} INFO - Setting next_dagrun for example_external_task_marker_parent to None, run_after=None
[2023-02-22T20:49:38.164+0000] {processor.py:175} INFO - Processing /home/airflow/.local/lib/python3.7/site-packages/airflow/example_dags/example_external_task_marker_dag.py took 0.617 seconds
[2023-02-22T20:50:08.530+0000] {processor.py:153} INFO - Started process (PID=841) to work on /home/airflow/.local/lib/python3.7/site-packages/airflow/example_dags/example_external_task_marker_dag.py
[2023-02-22T20:50:08.540+0000] {processor.py:743} INFO - Processing file /home/airflow/.local/lib/python3.7/site-packages/airflow/example_dags/example_external_task_marker_dag.py for tasks to queue
[2023-02-22T20:50:08.542+0000] {logging_mixin.py:137} INFO - [2023-02-22T20:50:08.542+0000] {dagbag.py:538} INFO - Filling up the DagBag from /home/airflow/.local/lib/python3.7/site-packages/airflow/example_dags/example_external_task_marker_dag.py
[2023-02-22T20:50:08.596+0000] {processor.py:753} INFO - DAG(s) dict_keys(['example_external_task_marker_parent', 'example_external_task_marker_child']) retrieved from /home/airflow/.local/lib/python3.7/site-packages/airflow/example_dags/example_external_task_marker_dag.py
[2023-02-22T20:50:08.749+0000] {logging_mixin.py:137} INFO - [2023-02-22T20:50:08.739+0000] {dag.py:2690} INFO - Sync 2 DAGs
[2023-02-22T20:50:08.926+0000] {logging_mixin.py:137} INFO - [2023-02-22T20:50:08.926+0000] {dag.py:3441} INFO - Setting next_dagrun for example_external_task_marker_child to None, run_after=None
[2023-02-22T20:50:08.955+0000] {logging_mixin.py:137} INFO - [2023-02-22T20:50:08.943+0000] {dag.py:3441} INFO - Setting next_dagrun for example_external_task_marker_parent to None, run_after=None
[2023-02-22T20:50:09.099+0000] {processor.py:175} INFO - Processing /home/airflow/.local/lib/python3.7/site-packages/airflow/example_dags/example_external_task_marker_dag.py took 0.602 seconds
[2023-02-22T20:50:40.177+0000] {processor.py:153} INFO - Started process (PID=912) to work on /home/airflow/.local/lib/python3.7/site-packages/airflow/example_dags/example_external_task_marker_dag.py
[2023-02-22T20:50:40.178+0000] {processor.py:743} INFO - Processing file /home/airflow/.local/lib/python3.7/site-packages/airflow/example_dags/example_external_task_marker_dag.py for tasks to queue
[2023-02-22T20:50:40.179+0000] {logging_mixin.py:137} INFO - [2023-02-22T20:50:40.179+0000] {dagbag.py:538} INFO - Filling up the DagBag from /home/airflow/.local/lib/python3.7/site-packages/airflow/example_dags/example_external_task_marker_dag.py
[2023-02-22T20:50:40.242+0000] {processor.py:753} INFO - DAG(s) dict_keys(['example_external_task_marker_parent', 'example_external_task_marker_child']) retrieved from /home/airflow/.local/lib/python3.7/site-packages/airflow/example_dags/example_external_task_marker_dag.py
[2023-02-22T20:50:40.395+0000] {logging_mixin.py:137} INFO - [2023-02-22T20:50:40.395+0000] {dag.py:2690} INFO - Sync 2 DAGs
[2023-02-22T20:50:40.572+0000] {logging_mixin.py:137} INFO - [2023-02-22T20:50:40.571+0000] {dag.py:3441} INFO - Setting next_dagrun for example_external_task_marker_child to None, run_after=None
[2023-02-22T20:50:40.589+0000] {logging_mixin.py:137} INFO - [2023-02-22T20:50:40.588+0000] {dag.py:3441} INFO - Setting next_dagrun for example_external_task_marker_parent to None, run_after=None
[2023-02-22T20:50:40.737+0000] {processor.py:175} INFO - Processing /home/airflow/.local/lib/python3.7/site-packages/airflow/example_dags/example_external_task_marker_dag.py took 0.574 seconds
[2023-02-22T20:51:11.217+0000] {processor.py:153} INFO - Started process (PID=984) to work on /home/airflow/.local/lib/python3.7/site-packages/airflow/example_dags/example_external_task_marker_dag.py
[2023-02-22T20:51:11.218+0000] {processor.py:743} INFO - Processing file /home/airflow/.local/lib/python3.7/site-packages/airflow/example_dags/example_external_task_marker_dag.py for tasks to queue
[2023-02-22T20:51:11.218+0000] {logging_mixin.py:137} INFO - [2023-02-22T20:51:11.218+0000] {dagbag.py:538} INFO - Filling up the DagBag from /home/airflow/.local/lib/python3.7/site-packages/airflow/example_dags/example_external_task_marker_dag.py
[2023-02-22T20:51:11.231+0000] {processor.py:753} INFO - DAG(s) dict_keys(['example_external_task_marker_child', 'example_external_task_marker_parent']) retrieved from /home/airflow/.local/lib/python3.7/site-packages/airflow/example_dags/example_external_task_marker_dag.py
[2023-02-22T20:51:11.259+0000] {logging_mixin.py:137} INFO - [2023-02-22T20:51:11.259+0000] {dag.py:2690} INFO - Sync 2 DAGs
[2023-02-22T20:51:11.283+0000] {logging_mixin.py:137} INFO - [2023-02-22T20:51:11.283+0000] {dag.py:3441} INFO - Setting next_dagrun for example_external_task_marker_child to None, run_after=None
[2023-02-22T20:51:11.287+0000] {logging_mixin.py:137} INFO - [2023-02-22T20:51:11.287+0000] {dag.py:3441} INFO - Setting next_dagrun for example_external_task_marker_parent to None, run_after=None
[2023-02-22T20:51:11.304+0000] {processor.py:175} INFO - Processing /home/airflow/.local/lib/python3.7/site-packages/airflow/example_dags/example_external_task_marker_dag.py took 0.091 seconds
[2023-02-22T20:51:42.097+0000] {processor.py:153} INFO - Started process (PID=1055) to work on /home/airflow/.local/lib/python3.7/site-packages/airflow/example_dags/example_external_task_marker_dag.py
[2023-02-22T20:51:42.098+0000] {processor.py:743} INFO - Processing file /home/airflow/.local/lib/python3.7/site-packages/airflow/example_dags/example_external_task_marker_dag.py for tasks to queue
[2023-02-22T20:51:42.099+0000] {logging_mixin.py:137} INFO - [2023-02-22T20:51:42.099+0000] {dagbag.py:538} INFO - Filling up the DagBag from /home/airflow/.local/lib/python3.7/site-packages/airflow/example_dags/example_external_task_marker_dag.py
[2023-02-22T20:51:42.123+0000] {processor.py:753} INFO - DAG(s) dict_keys(['example_external_task_marker_parent', 'example_external_task_marker_child']) retrieved from /home/airflow/.local/lib/python3.7/site-packages/airflow/example_dags/example_external_task_marker_dag.py
[2023-02-22T20:51:42.167+0000] {logging_mixin.py:137} INFO - [2023-02-22T20:51:42.166+0000] {dag.py:2690} INFO - Sync 2 DAGs
[2023-02-22T20:51:42.204+0000] {logging_mixin.py:137} INFO - [2023-02-22T20:51:42.203+0000] {dag.py:3441} INFO - Setting next_dagrun for example_external_task_marker_child to None, run_after=None
[2023-02-22T20:51:42.208+0000] {logging_mixin.py:137} INFO - [2023-02-22T20:51:42.208+0000] {dag.py:3441} INFO - Setting next_dagrun for example_external_task_marker_parent to None, run_after=None
[2023-02-22T20:51:42.232+0000] {processor.py:175} INFO - Processing /home/airflow/.local/lib/python3.7/site-packages/airflow/example_dags/example_external_task_marker_dag.py took 0.142 seconds
[2023-02-22T20:52:12.503+0000] {processor.py:153} INFO - Started process (PID=1142) to work on /home/airflow/.local/lib/python3.7/site-packages/airflow/example_dags/example_external_task_marker_dag.py
[2023-02-22T20:52:12.505+0000] {processor.py:743} INFO - Processing file /home/airflow/.local/lib/python3.7/site-packages/airflow/example_dags/example_external_task_marker_dag.py for tasks to queue
[2023-02-22T20:52:12.506+0000] {logging_mixin.py:137} INFO - [2023-02-22T20:52:12.506+0000] {dagbag.py:538} INFO - Filling up the DagBag from /home/airflow/.local/lib/python3.7/site-packages/airflow/example_dags/example_external_task_marker_dag.py
[2023-02-22T20:52:12.527+0000] {processor.py:753} INFO - DAG(s) dict_keys(['example_external_task_marker_child', 'example_external_task_marker_parent']) retrieved from /home/airflow/.local/lib/python3.7/site-packages/airflow/example_dags/example_external_task_marker_dag.py
[2023-02-22T20:52:12.563+0000] {logging_mixin.py:137} INFO - [2023-02-22T20:52:12.563+0000] {dag.py:2690} INFO - Sync 2 DAGs
[2023-02-22T20:52:12.596+0000] {logging_mixin.py:137} INFO - [2023-02-22T20:52:12.596+0000] {dag.py:3441} INFO - Setting next_dagrun for example_external_task_marker_child to None, run_after=None
[2023-02-22T20:52:12.600+0000] {logging_mixin.py:137} INFO - [2023-02-22T20:52:12.600+0000] {dag.py:3441} INFO - Setting next_dagrun for example_external_task_marker_parent to None, run_after=None
[2023-02-22T20:52:12.624+0000] {processor.py:175} INFO - Processing /home/airflow/.local/lib/python3.7/site-packages/airflow/example_dags/example_external_task_marker_dag.py took 0.130 seconds
[2023-02-22T20:52:43.362+0000] {processor.py:153} INFO - Started process (PID=1213) to work on /home/airflow/.local/lib/python3.7/site-packages/airflow/example_dags/example_external_task_marker_dag.py
[2023-02-22T20:52:43.364+0000] {processor.py:743} INFO - Processing file /home/airflow/.local/lib/python3.7/site-packages/airflow/example_dags/example_external_task_marker_dag.py for tasks to queue
[2023-02-22T20:52:43.365+0000] {logging_mixin.py:137} INFO - [2023-02-22T20:52:43.365+0000] {dagbag.py:538} INFO - Filling up the DagBag from /home/airflow/.local/lib/python3.7/site-packages/airflow/example_dags/example_external_task_marker_dag.py
[2023-02-22T20:52:43.388+0000] {processor.py:753} INFO - DAG(s) dict_keys(['example_external_task_marker_child', 'example_external_task_marker_parent']) retrieved from /home/airflow/.local/lib/python3.7/site-packages/airflow/example_dags/example_external_task_marker_dag.py
[2023-02-22T20:52:43.431+0000] {logging_mixin.py:137} INFO - [2023-02-22T20:52:43.431+0000] {dag.py:2690} INFO - Sync 2 DAGs
[2023-02-22T20:52:43.475+0000] {logging_mixin.py:137} INFO - [2023-02-22T20:52:43.474+0000] {dag.py:3441} INFO - Setting next_dagrun for example_external_task_marker_child to None, run_after=None
[2023-02-22T20:52:43.481+0000] {logging_mixin.py:137} INFO - [2023-02-22T20:52:43.481+0000] {dag.py:3441} INFO - Setting next_dagrun for example_external_task_marker_parent to None, run_after=None
[2023-02-22T20:52:43.511+0000] {processor.py:175} INFO - Processing /home/airflow/.local/lib/python3.7/site-packages/airflow/example_dags/example_external_task_marker_dag.py took 0.156 seconds
[2023-02-22T20:53:13.745+0000] {processor.py:153} INFO - Started process (PID=1293) to work on /home/airflow/.local/lib/python3.7/site-packages/airflow/example_dags/example_external_task_marker_dag.py
[2023-02-22T20:53:13.746+0000] {processor.py:743} INFO - Processing file /home/airflow/.local/lib/python3.7/site-packages/airflow/example_dags/example_external_task_marker_dag.py for tasks to queue
[2023-02-22T20:53:13.746+0000] {logging_mixin.py:137} INFO - [2023-02-22T20:53:13.746+0000] {dagbag.py:538} INFO - Filling up the DagBag from /home/airflow/.local/lib/python3.7/site-packages/airflow/example_dags/example_external_task_marker_dag.py
[2023-02-22T20:53:13.762+0000] {processor.py:753} INFO - DAG(s) dict_keys(['example_external_task_marker_parent', 'example_external_task_marker_child']) retrieved from /home/airflow/.local/lib/python3.7/site-packages/airflow/example_dags/example_external_task_marker_dag.py
[2023-02-22T20:53:13.801+0000] {logging_mixin.py:137} INFO - [2023-02-22T20:53:13.801+0000] {dag.py:2690} INFO - Sync 2 DAGs
[2023-02-22T20:53:13.832+0000] {logging_mixin.py:137} INFO - [2023-02-22T20:53:13.832+0000] {dag.py:3441} INFO - Setting next_dagrun for example_external_task_marker_child to None, run_after=None
[2023-02-22T20:53:13.838+0000] {logging_mixin.py:137} INFO - [2023-02-22T20:53:13.838+0000] {dag.py:3441} INFO - Setting next_dagrun for example_external_task_marker_parent to None, run_after=None
[2023-02-22T20:53:13.872+0000] {processor.py:175} INFO - Processing /home/airflow/.local/lib/python3.7/site-packages/airflow/example_dags/example_external_task_marker_dag.py took 0.133 seconds
