[2023-02-22T20:44:16.896+0000] {processor.py:153} INFO - Started process (PID=64) to work on /home/airflow/.local/lib/python3.7/site-packages/airflow/example_dags/example_datasets.py
[2023-02-22T20:44:16.897+0000] {processor.py:743} INFO - Processing file /home/airflow/.local/lib/python3.7/site-packages/airflow/example_dags/example_datasets.py for tasks to queue
[2023-02-22T20:44:16.899+0000] {logging_mixin.py:137} INFO - [2023-02-22T20:44:16.899+0000] {dagbag.py:538} INFO - Filling up the DagBag from /home/airflow/.local/lib/python3.7/site-packages/airflow/example_dags/example_datasets.py
[2023-02-22T20:44:16.936+0000] {processor.py:753} INFO - DAG(s) dict_keys(['dataset_produces_2', 'dataset_produces_1', 'dataset_consumes_1_never_scheduled', 'dataset_consumes_1', 'dataset_consumes_unknown_never_scheduled', 'dataset_consumes_1_and_2']) retrieved from /home/airflow/.local/lib/python3.7/site-packages/airflow/example_dags/example_datasets.py
[2023-02-22T20:44:17.168+0000] {logging_mixin.py:137} INFO - [2023-02-22T20:44:17.168+0000] {dag.py:2690} INFO - Sync 6 DAGs
[2023-02-22T20:44:17.221+0000] {logging_mixin.py:137} INFO - [2023-02-22T20:44:17.221+0000] {dag.py:3441} INFO - Setting next_dagrun for dataset_consumes_1 to None, run_after=None
[2023-02-22T20:44:17.227+0000] {logging_mixin.py:137} INFO - [2023-02-22T20:44:17.227+0000] {dag.py:3441} INFO - Setting next_dagrun for dataset_consumes_1_and_2 to None, run_after=None
[2023-02-22T20:44:17.230+0000] {logging_mixin.py:137} INFO - [2023-02-22T20:44:17.230+0000] {dag.py:3441} INFO - Setting next_dagrun for dataset_consumes_1_never_scheduled to None, run_after=None
[2023-02-22T20:44:17.233+0000] {logging_mixin.py:137} INFO - [2023-02-22T20:44:17.233+0000] {dag.py:3441} INFO - Setting next_dagrun for dataset_consumes_unknown_never_scheduled to None, run_after=None
[2023-02-22T20:44:17.239+0000] {logging_mixin.py:137} INFO - [2023-02-22T20:44:17.239+0000] {dag.py:3441} INFO - Setting next_dagrun for dataset_produces_1 to 2023-02-21T00:00:00+00:00, run_after=2023-02-22T00:00:00+00:00
[2023-02-22T20:44:17.242+0000] {logging_mixin.py:137} INFO - [2023-02-22T20:44:17.242+0000] {dag.py:3441} INFO - Setting next_dagrun for dataset_produces_2 to None, run_after=None
[2023-02-22T20:44:17.353+0000] {processor.py:175} INFO - Processing /home/airflow/.local/lib/python3.7/site-packages/airflow/example_dags/example_datasets.py took 0.464 seconds
[2023-02-22T20:44:48.679+0000] {processor.py:153} INFO - Started process (PID=135) to work on /home/airflow/.local/lib/python3.7/site-packages/airflow/example_dags/example_datasets.py
[2023-02-22T20:44:48.681+0000] {processor.py:743} INFO - Processing file /home/airflow/.local/lib/python3.7/site-packages/airflow/example_dags/example_datasets.py for tasks to queue
[2023-02-22T20:44:48.681+0000] {logging_mixin.py:137} INFO - [2023-02-22T20:44:48.681+0000] {dagbag.py:538} INFO - Filling up the DagBag from /home/airflow/.local/lib/python3.7/site-packages/airflow/example_dags/example_datasets.py
[2023-02-22T20:44:48.717+0000] {processor.py:753} INFO - DAG(s) dict_keys(['dataset_produces_1', 'dataset_consumes_unknown_never_scheduled', 'dataset_consumes_1', 'dataset_consumes_1_never_scheduled', 'dataset_consumes_1_and_2', 'dataset_produces_2']) retrieved from /home/airflow/.local/lib/python3.7/site-packages/airflow/example_dags/example_datasets.py
[2023-02-22T20:44:48.819+0000] {logging_mixin.py:137} INFO - [2023-02-22T20:44:48.819+0000] {dag.py:2690} INFO - Sync 6 DAGs
[2023-02-22T20:44:48.875+0000] {logging_mixin.py:137} INFO - [2023-02-22T20:44:48.874+0000] {dag.py:3441} INFO - Setting next_dagrun for dataset_consumes_1 to None, run_after=None
[2023-02-22T20:44:48.882+0000] {logging_mixin.py:137} INFO - [2023-02-22T20:44:48.882+0000] {dag.py:3441} INFO - Setting next_dagrun for dataset_consumes_1_and_2 to None, run_after=None
[2023-02-22T20:44:48.884+0000] {logging_mixin.py:137} INFO - [2023-02-22T20:44:48.884+0000] {dag.py:3441} INFO - Setting next_dagrun for dataset_consumes_1_never_scheduled to None, run_after=None
[2023-02-22T20:44:48.886+0000] {logging_mixin.py:137} INFO - [2023-02-22T20:44:48.886+0000] {dag.py:3441} INFO - Setting next_dagrun for dataset_consumes_unknown_never_scheduled to None, run_after=None
[2023-02-22T20:44:48.891+0000] {logging_mixin.py:137} INFO - [2023-02-22T20:44:48.890+0000] {dag.py:3441} INFO - Setting next_dagrun for dataset_produces_1 to 2023-02-21T00:00:00+00:00, run_after=2023-02-22T00:00:00+00:00
[2023-02-22T20:44:48.893+0000] {logging_mixin.py:137} INFO - [2023-02-22T20:44:48.893+0000] {dag.py:3441} INFO - Setting next_dagrun for dataset_produces_2 to None, run_after=None
[2023-02-22T20:44:48.946+0000] {processor.py:175} INFO - Processing /home/airflow/.local/lib/python3.7/site-packages/airflow/example_dags/example_datasets.py took 0.275 seconds
[2023-02-22T20:45:19.798+0000] {processor.py:153} INFO - Started process (PID=207) to work on /home/airflow/.local/lib/python3.7/site-packages/airflow/example_dags/example_datasets.py
[2023-02-22T20:45:19.799+0000] {processor.py:743} INFO - Processing file /home/airflow/.local/lib/python3.7/site-packages/airflow/example_dags/example_datasets.py for tasks to queue
[2023-02-22T20:45:19.801+0000] {logging_mixin.py:137} INFO - [2023-02-22T20:45:19.801+0000] {dagbag.py:538} INFO - Filling up the DagBag from /home/airflow/.local/lib/python3.7/site-packages/airflow/example_dags/example_datasets.py
[2023-02-22T20:45:19.836+0000] {processor.py:753} INFO - DAG(s) dict_keys(['dataset_consumes_1_and_2', 'dataset_produces_1', 'dataset_produces_2', 'dataset_consumes_unknown_never_scheduled', 'dataset_consumes_1_never_scheduled', 'dataset_consumes_1']) retrieved from /home/airflow/.local/lib/python3.7/site-packages/airflow/example_dags/example_datasets.py
[2023-02-22T20:45:20.016+0000] {logging_mixin.py:137} INFO - [2023-02-22T20:45:20.016+0000] {dag.py:2690} INFO - Sync 6 DAGs
[2023-02-22T20:45:20.075+0000] {logging_mixin.py:137} INFO - [2023-02-22T20:45:20.075+0000] {dag.py:3441} INFO - Setting next_dagrun for dataset_consumes_1 to None, run_after=None
[2023-02-22T20:45:20.082+0000] {logging_mixin.py:137} INFO - [2023-02-22T20:45:20.082+0000] {dag.py:3441} INFO - Setting next_dagrun for dataset_consumes_1_and_2 to None, run_after=None
[2023-02-22T20:45:20.084+0000] {logging_mixin.py:137} INFO - [2023-02-22T20:45:20.083+0000] {dag.py:3441} INFO - Setting next_dagrun for dataset_consumes_1_never_scheduled to None, run_after=None
[2023-02-22T20:45:20.085+0000] {logging_mixin.py:137} INFO - [2023-02-22T20:45:20.085+0000] {dag.py:3441} INFO - Setting next_dagrun for dataset_consumes_unknown_never_scheduled to None, run_after=None
[2023-02-22T20:45:20.089+0000] {logging_mixin.py:137} INFO - [2023-02-22T20:45:20.089+0000] {dag.py:3441} INFO - Setting next_dagrun for dataset_produces_1 to 2023-02-21T00:00:00+00:00, run_after=2023-02-22T00:00:00+00:00
[2023-02-22T20:45:20.092+0000] {logging_mixin.py:137} INFO - [2023-02-22T20:45:20.091+0000] {dag.py:3441} INFO - Setting next_dagrun for dataset_produces_2 to None, run_after=None
[2023-02-22T20:45:20.158+0000] {processor.py:175} INFO - Processing /home/airflow/.local/lib/python3.7/site-packages/airflow/example_dags/example_datasets.py took 0.367 seconds
[2023-02-22T20:45:50.284+0000] {processor.py:153} INFO - Started process (PID=278) to work on /home/airflow/.local/lib/python3.7/site-packages/airflow/example_dags/example_datasets.py
[2023-02-22T20:45:50.291+0000] {processor.py:743} INFO - Processing file /home/airflow/.local/lib/python3.7/site-packages/airflow/example_dags/example_datasets.py for tasks to queue
[2023-02-22T20:45:50.292+0000] {logging_mixin.py:137} INFO - [2023-02-22T20:45:50.292+0000] {dagbag.py:538} INFO - Filling up the DagBag from /home/airflow/.local/lib/python3.7/site-packages/airflow/example_dags/example_datasets.py
[2023-02-22T20:45:50.318+0000] {processor.py:753} INFO - DAG(s) dict_keys(['dataset_consumes_1', 'dataset_consumes_unknown_never_scheduled', 'dataset_produces_1', 'dataset_consumes_1_never_scheduled', 'dataset_consumes_1_and_2', 'dataset_produces_2']) retrieved from /home/airflow/.local/lib/python3.7/site-packages/airflow/example_dags/example_datasets.py
[2023-02-22T20:45:50.383+0000] {logging_mixin.py:137} INFO - [2023-02-22T20:45:50.383+0000] {dag.py:2690} INFO - Sync 6 DAGs
[2023-02-22T20:45:50.422+0000] {logging_mixin.py:137} INFO - [2023-02-22T20:45:50.422+0000] {dag.py:3441} INFO - Setting next_dagrun for dataset_consumes_1 to None, run_after=None
[2023-02-22T20:45:50.429+0000] {logging_mixin.py:137} INFO - [2023-02-22T20:45:50.429+0000] {dag.py:3441} INFO - Setting next_dagrun for dataset_consumes_1_and_2 to None, run_after=None
[2023-02-22T20:45:50.431+0000] {logging_mixin.py:137} INFO - [2023-02-22T20:45:50.431+0000] {dag.py:3441} INFO - Setting next_dagrun for dataset_consumes_1_never_scheduled to None, run_after=None
[2023-02-22T20:45:50.433+0000] {logging_mixin.py:137} INFO - [2023-02-22T20:45:50.433+0000] {dag.py:3441} INFO - Setting next_dagrun for dataset_consumes_unknown_never_scheduled to None, run_after=None
[2023-02-22T20:45:50.436+0000] {logging_mixin.py:137} INFO - [2023-02-22T20:45:50.436+0000] {dag.py:3441} INFO - Setting next_dagrun for dataset_produces_1 to 2023-02-21T00:00:00+00:00, run_after=2023-02-22T00:00:00+00:00
[2023-02-22T20:45:50.438+0000] {logging_mixin.py:137} INFO - [2023-02-22T20:45:50.438+0000] {dag.py:3441} INFO - Setting next_dagrun for dataset_produces_2 to None, run_after=None
[2023-02-22T20:45:50.495+0000] {processor.py:175} INFO - Processing /home/airflow/.local/lib/python3.7/site-packages/airflow/example_dags/example_datasets.py took 0.219 seconds
[2023-02-22T20:46:20.524+0000] {processor.py:153} INFO - Started process (PID=349) to work on /home/airflow/.local/lib/python3.7/site-packages/airflow/example_dags/example_datasets.py
[2023-02-22T20:46:20.525+0000] {processor.py:743} INFO - Processing file /home/airflow/.local/lib/python3.7/site-packages/airflow/example_dags/example_datasets.py for tasks to queue
[2023-02-22T20:46:20.526+0000] {logging_mixin.py:137} INFO - [2023-02-22T20:46:20.526+0000] {dagbag.py:538} INFO - Filling up the DagBag from /home/airflow/.local/lib/python3.7/site-packages/airflow/example_dags/example_datasets.py
[2023-02-22T20:46:20.544+0000] {processor.py:753} INFO - DAG(s) dict_keys(['dataset_consumes_1_and_2', 'dataset_consumes_1', 'dataset_produces_1', 'dataset_produces_2', 'dataset_consumes_1_never_scheduled', 'dataset_consumes_unknown_never_scheduled']) retrieved from /home/airflow/.local/lib/python3.7/site-packages/airflow/example_dags/example_datasets.py
[2023-02-22T20:46:20.599+0000] {logging_mixin.py:137} INFO - [2023-02-22T20:46:20.598+0000] {dag.py:2690} INFO - Sync 6 DAGs
[2023-02-22T20:46:20.635+0000] {logging_mixin.py:137} INFO - [2023-02-22T20:46:20.635+0000] {dag.py:3441} INFO - Setting next_dagrun for dataset_consumes_1 to None, run_after=None
[2023-02-22T20:46:20.640+0000] {logging_mixin.py:137} INFO - [2023-02-22T20:46:20.640+0000] {dag.py:3441} INFO - Setting next_dagrun for dataset_consumes_1_and_2 to None, run_after=None
[2023-02-22T20:46:20.641+0000] {logging_mixin.py:137} INFO - [2023-02-22T20:46:20.641+0000] {dag.py:3441} INFO - Setting next_dagrun for dataset_consumes_1_never_scheduled to None, run_after=None
[2023-02-22T20:46:20.643+0000] {logging_mixin.py:137} INFO - [2023-02-22T20:46:20.643+0000] {dag.py:3441} INFO - Setting next_dagrun for dataset_consumes_unknown_never_scheduled to None, run_after=None
[2023-02-22T20:46:20.646+0000] {logging_mixin.py:137} INFO - [2023-02-22T20:46:20.646+0000] {dag.py:3441} INFO - Setting next_dagrun for dataset_produces_1 to 2023-02-21T00:00:00+00:00, run_after=2023-02-22T00:00:00+00:00
[2023-02-22T20:46:20.648+0000] {logging_mixin.py:137} INFO - [2023-02-22T20:46:20.648+0000] {dag.py:3441} INFO - Setting next_dagrun for dataset_produces_2 to None, run_after=None
[2023-02-22T20:46:20.707+0000] {processor.py:175} INFO - Processing /home/airflow/.local/lib/python3.7/site-packages/airflow/example_dags/example_datasets.py took 0.188 seconds
[2023-02-22T20:46:50.965+0000] {processor.py:153} INFO - Started process (PID=420) to work on /home/airflow/.local/lib/python3.7/site-packages/airflow/example_dags/example_datasets.py
[2023-02-22T20:46:50.967+0000] {processor.py:743} INFO - Processing file /home/airflow/.local/lib/python3.7/site-packages/airflow/example_dags/example_datasets.py for tasks to queue
[2023-02-22T20:46:50.969+0000] {logging_mixin.py:137} INFO - [2023-02-22T20:46:50.969+0000] {dagbag.py:538} INFO - Filling up the DagBag from /home/airflow/.local/lib/python3.7/site-packages/airflow/example_dags/example_datasets.py
[2023-02-22T20:46:50.989+0000] {processor.py:753} INFO - DAG(s) dict_keys(['dataset_consumes_1_and_2', 'dataset_consumes_unknown_never_scheduled', 'dataset_consumes_1', 'dataset_produces_2', 'dataset_consumes_1_never_scheduled', 'dataset_produces_1']) retrieved from /home/airflow/.local/lib/python3.7/site-packages/airflow/example_dags/example_datasets.py
[2023-02-22T20:46:51.047+0000] {logging_mixin.py:137} INFO - [2023-02-22T20:46:51.047+0000] {dag.py:2690} INFO - Sync 6 DAGs
[2023-02-22T20:46:51.105+0000] {logging_mixin.py:137} INFO - [2023-02-22T20:46:51.105+0000] {dag.py:3441} INFO - Setting next_dagrun for dataset_consumes_1 to None, run_after=None
[2023-02-22T20:46:51.111+0000] {logging_mixin.py:137} INFO - [2023-02-22T20:46:51.111+0000] {dag.py:3441} INFO - Setting next_dagrun for dataset_consumes_1_and_2 to None, run_after=None
[2023-02-22T20:46:51.113+0000] {logging_mixin.py:137} INFO - [2023-02-22T20:46:51.113+0000] {dag.py:3441} INFO - Setting next_dagrun for dataset_consumes_1_never_scheduled to None, run_after=None
[2023-02-22T20:46:51.116+0000] {logging_mixin.py:137} INFO - [2023-02-22T20:46:51.116+0000] {dag.py:3441} INFO - Setting next_dagrun for dataset_consumes_unknown_never_scheduled to None, run_after=None
[2023-02-22T20:46:51.126+0000] {logging_mixin.py:137} INFO - [2023-02-22T20:46:51.126+0000] {dag.py:3441} INFO - Setting next_dagrun for dataset_produces_1 to 2023-02-21T00:00:00+00:00, run_after=2023-02-22T00:00:00+00:00
[2023-02-22T20:46:51.130+0000] {logging_mixin.py:137} INFO - [2023-02-22T20:46:51.130+0000] {dag.py:3441} INFO - Setting next_dagrun for dataset_produces_2 to None, run_after=None
[2023-02-22T20:46:51.185+0000] {processor.py:175} INFO - Processing /home/airflow/.local/lib/python3.7/site-packages/airflow/example_dags/example_datasets.py took 0.224 seconds
[2023-02-22T20:47:22.788+0000] {processor.py:153} INFO - Started process (PID=491) to work on /home/airflow/.local/lib/python3.7/site-packages/airflow/example_dags/example_datasets.py
[2023-02-22T20:47:23.713+0000] {processor.py:743} INFO - Processing file /home/airflow/.local/lib/python3.7/site-packages/airflow/example_dags/example_datasets.py for tasks to queue
[2023-02-22T20:47:23.714+0000] {logging_mixin.py:137} INFO - [2023-02-22T20:47:23.714+0000] {dagbag.py:538} INFO - Filling up the DagBag from /home/airflow/.local/lib/python3.7/site-packages/airflow/example_dags/example_datasets.py
[2023-02-22T20:47:23.784+0000] {processor.py:753} INFO - DAG(s) dict_keys(['dataset_consumes_1_and_2', 'dataset_consumes_unknown_never_scheduled', 'dataset_consumes_1_never_scheduled', 'dataset_produces_1', 'dataset_produces_2', 'dataset_consumes_1']) retrieved from /home/airflow/.local/lib/python3.7/site-packages/airflow/example_dags/example_datasets.py
[2023-02-22T20:47:23.931+0000] {logging_mixin.py:137} INFO - [2023-02-22T20:47:23.930+0000] {dag.py:2690} INFO - Sync 6 DAGs
[2023-02-22T20:47:24.029+0000] {logging_mixin.py:137} INFO - [2023-02-22T20:47:24.029+0000] {dag.py:3441} INFO - Setting next_dagrun for dataset_consumes_1 to None, run_after=None
[2023-02-22T20:47:24.043+0000] {logging_mixin.py:137} INFO - [2023-02-22T20:47:24.043+0000] {dag.py:3441} INFO - Setting next_dagrun for dataset_consumes_1_and_2 to None, run_after=None
[2023-02-22T20:47:24.045+0000] {logging_mixin.py:137} INFO - [2023-02-22T20:47:24.045+0000] {dag.py:3441} INFO - Setting next_dagrun for dataset_consumes_1_never_scheduled to None, run_after=None
[2023-02-22T20:47:24.051+0000] {logging_mixin.py:137} INFO - [2023-02-22T20:47:24.051+0000] {dag.py:3441} INFO - Setting next_dagrun for dataset_consumes_unknown_never_scheduled to None, run_after=None
[2023-02-22T20:47:24.058+0000] {logging_mixin.py:137} INFO - [2023-02-22T20:47:24.058+0000] {dag.py:3441} INFO - Setting next_dagrun for dataset_produces_1 to 2023-02-21T00:00:00+00:00, run_after=2023-02-22T00:00:00+00:00
[2023-02-22T20:47:24.060+0000] {logging_mixin.py:137} INFO - [2023-02-22T20:47:24.060+0000] {dag.py:3441} INFO - Setting next_dagrun for dataset_produces_2 to None, run_after=None
[2023-02-22T20:47:24.193+0000] {processor.py:175} INFO - Processing /home/airflow/.local/lib/python3.7/site-packages/airflow/example_dags/example_datasets.py took 1.422 seconds
[2023-02-22T20:47:54.324+0000] {processor.py:153} INFO - Started process (PID=555) to work on /home/airflow/.local/lib/python3.7/site-packages/airflow/example_dags/example_datasets.py
[2023-02-22T20:47:54.332+0000] {processor.py:743} INFO - Processing file /home/airflow/.local/lib/python3.7/site-packages/airflow/example_dags/example_datasets.py for tasks to queue
[2023-02-22T20:47:54.333+0000] {logging_mixin.py:137} INFO - [2023-02-22T20:47:54.333+0000] {dagbag.py:538} INFO - Filling up the DagBag from /home/airflow/.local/lib/python3.7/site-packages/airflow/example_dags/example_datasets.py
[2023-02-22T20:47:54.435+0000] {processor.py:753} INFO - DAG(s) dict_keys(['dataset_consumes_1_and_2', 'dataset_produces_1', 'dataset_produces_2', 'dataset_consumes_unknown_never_scheduled', 'dataset_consumes_1_never_scheduled', 'dataset_consumes_1']) retrieved from /home/airflow/.local/lib/python3.7/site-packages/airflow/example_dags/example_datasets.py
[2023-02-22T20:47:54.669+0000] {logging_mixin.py:137} INFO - [2023-02-22T20:47:54.668+0000] {dag.py:2690} INFO - Sync 6 DAGs
[2023-02-22T20:47:54.827+0000] {logging_mixin.py:137} INFO - [2023-02-22T20:47:54.827+0000] {dag.py:3441} INFO - Setting next_dagrun for dataset_consumes_1 to None, run_after=None
[2023-02-22T20:47:54.864+0000] {logging_mixin.py:137} INFO - [2023-02-22T20:47:54.859+0000] {dag.py:3441} INFO - Setting next_dagrun for dataset_consumes_1_and_2 to None, run_after=None
[2023-02-22T20:47:54.872+0000] {logging_mixin.py:137} INFO - [2023-02-22T20:47:54.872+0000] {dag.py:3441} INFO - Setting next_dagrun for dataset_consumes_1_never_scheduled to None, run_after=None
[2023-02-22T20:47:54.875+0000] {logging_mixin.py:137} INFO - [2023-02-22T20:47:54.875+0000] {dag.py:3441} INFO - Setting next_dagrun for dataset_consumes_unknown_never_scheduled to None, run_after=None
[2023-02-22T20:47:54.890+0000] {logging_mixin.py:137} INFO - [2023-02-22T20:47:54.890+0000] {dag.py:3441} INFO - Setting next_dagrun for dataset_produces_1 to 2023-02-21T00:00:00+00:00, run_after=2023-02-22T00:00:00+00:00
[2023-02-22T20:47:54.893+0000] {logging_mixin.py:137} INFO - [2023-02-22T20:47:54.893+0000] {dag.py:3441} INFO - Setting next_dagrun for dataset_produces_2 to None, run_after=None
[2023-02-22T20:47:55.123+0000] {processor.py:175} INFO - Processing /home/airflow/.local/lib/python3.7/site-packages/airflow/example_dags/example_datasets.py took 0.815 seconds
[2023-02-22T20:48:25.330+0000] {processor.py:153} INFO - Started process (PID=617) to work on /home/airflow/.local/lib/python3.7/site-packages/airflow/example_dags/example_datasets.py
[2023-02-22T20:48:25.343+0000] {processor.py:743} INFO - Processing file /home/airflow/.local/lib/python3.7/site-packages/airflow/example_dags/example_datasets.py for tasks to queue
[2023-02-22T20:48:25.344+0000] {logging_mixin.py:137} INFO - [2023-02-22T20:48:25.344+0000] {dagbag.py:538} INFO - Filling up the DagBag from /home/airflow/.local/lib/python3.7/site-packages/airflow/example_dags/example_datasets.py
[2023-02-22T20:48:25.460+0000] {processor.py:753} INFO - DAG(s) dict_keys(['dataset_produces_1', 'dataset_produces_2', 'dataset_consumes_unknown_never_scheduled', 'dataset_consumes_1_and_2', 'dataset_consumes_1_never_scheduled', 'dataset_consumes_1']) retrieved from /home/airflow/.local/lib/python3.7/site-packages/airflow/example_dags/example_datasets.py
[2023-02-22T20:48:25.716+0000] {logging_mixin.py:137} INFO - [2023-02-22T20:48:25.716+0000] {dag.py:2690} INFO - Sync 6 DAGs
[2023-02-22T20:48:25.927+0000] {logging_mixin.py:137} INFO - [2023-02-22T20:48:25.927+0000] {dag.py:3441} INFO - Setting next_dagrun for dataset_consumes_1 to None, run_after=None
[2023-02-22T20:48:25.941+0000] {logging_mixin.py:137} INFO - [2023-02-22T20:48:25.941+0000] {dag.py:3441} INFO - Setting next_dagrun for dataset_consumes_1_and_2 to None, run_after=None
[2023-02-22T20:48:25.954+0000] {logging_mixin.py:137} INFO - [2023-02-22T20:48:25.954+0000] {dag.py:3441} INFO - Setting next_dagrun for dataset_consumes_1_never_scheduled to None, run_after=None
[2023-02-22T20:48:25.967+0000] {logging_mixin.py:137} INFO - [2023-02-22T20:48:25.967+0000] {dag.py:3441} INFO - Setting next_dagrun for dataset_consumes_unknown_never_scheduled to None, run_after=None
[2023-02-22T20:48:25.986+0000] {logging_mixin.py:137} INFO - [2023-02-22T20:48:25.985+0000] {dag.py:3441} INFO - Setting next_dagrun for dataset_produces_1 to 2023-02-21T00:00:00+00:00, run_after=2023-02-22T00:00:00+00:00
[2023-02-22T20:48:25.999+0000] {logging_mixin.py:137} INFO - [2023-02-22T20:48:25.999+0000] {dag.py:3441} INFO - Setting next_dagrun for dataset_produces_2 to None, run_after=None
[2023-02-22T20:48:26.268+0000] {processor.py:175} INFO - Processing /home/airflow/.local/lib/python3.7/site-packages/airflow/example_dags/example_datasets.py took 0.954 seconds
[2023-02-22T20:48:56.535+0000] {processor.py:153} INFO - Started process (PID=681) to work on /home/airflow/.local/lib/python3.7/site-packages/airflow/example_dags/example_datasets.py
[2023-02-22T20:48:56.547+0000] {processor.py:743} INFO - Processing file /home/airflow/.local/lib/python3.7/site-packages/airflow/example_dags/example_datasets.py for tasks to queue
[2023-02-22T20:48:56.563+0000] {logging_mixin.py:137} INFO - [2023-02-22T20:48:56.563+0000] {dagbag.py:538} INFO - Filling up the DagBag from /home/airflow/.local/lib/python3.7/site-packages/airflow/example_dags/example_datasets.py
[2023-02-22T20:48:56.690+0000] {processor.py:753} INFO - DAG(s) dict_keys(['dataset_produces_1', 'dataset_consumes_unknown_never_scheduled', 'dataset_consumes_1_and_2', 'dataset_consumes_1', 'dataset_consumes_1_never_scheduled', 'dataset_produces_2']) retrieved from /home/airflow/.local/lib/python3.7/site-packages/airflow/example_dags/example_datasets.py
[2023-02-22T20:48:57.061+0000] {logging_mixin.py:137} INFO - [2023-02-22T20:48:57.061+0000] {dag.py:2690} INFO - Sync 6 DAGs
[2023-02-22T20:48:57.267+0000] {logging_mixin.py:137} INFO - [2023-02-22T20:48:57.266+0000] {dag.py:3441} INFO - Setting next_dagrun for dataset_consumes_1 to None, run_after=None
[2023-02-22T20:48:57.298+0000] {logging_mixin.py:137} INFO - [2023-02-22T20:48:57.297+0000] {dag.py:3441} INFO - Setting next_dagrun for dataset_consumes_1_and_2 to None, run_after=None
[2023-02-22T20:48:57.311+0000] {logging_mixin.py:137} INFO - [2023-02-22T20:48:57.311+0000] {dag.py:3441} INFO - Setting next_dagrun for dataset_consumes_1_never_scheduled to None, run_after=None
[2023-02-22T20:48:57.327+0000] {logging_mixin.py:137} INFO - [2023-02-22T20:48:57.326+0000] {dag.py:3441} INFO - Setting next_dagrun for dataset_consumes_unknown_never_scheduled to None, run_after=None
[2023-02-22T20:48:57.343+0000] {logging_mixin.py:137} INFO - [2023-02-22T20:48:57.343+0000] {dag.py:3441} INFO - Setting next_dagrun for dataset_produces_1 to 2023-02-21T00:00:00+00:00, run_after=2023-02-22T00:00:00+00:00
[2023-02-22T20:48:57.347+0000] {logging_mixin.py:137} INFO - [2023-02-22T20:48:57.346+0000] {dag.py:3441} INFO - Setting next_dagrun for dataset_produces_2 to None, run_after=None
[2023-02-22T20:48:57.659+0000] {processor.py:175} INFO - Processing /home/airflow/.local/lib/python3.7/site-packages/airflow/example_dags/example_datasets.py took 1.200 seconds
[2023-02-22T20:49:28.060+0000] {processor.py:153} INFO - Started process (PID=743) to work on /home/airflow/.local/lib/python3.7/site-packages/airflow/example_dags/example_datasets.py
[2023-02-22T20:49:28.069+0000] {processor.py:743} INFO - Processing file /home/airflow/.local/lib/python3.7/site-packages/airflow/example_dags/example_datasets.py for tasks to queue
[2023-02-22T20:49:28.070+0000] {logging_mixin.py:137} INFO - [2023-02-22T20:49:28.070+0000] {dagbag.py:538} INFO - Filling up the DagBag from /home/airflow/.local/lib/python3.7/site-packages/airflow/example_dags/example_datasets.py
[2023-02-22T20:49:28.145+0000] {processor.py:753} INFO - DAG(s) dict_keys(['dataset_consumes_1_and_2', 'dataset_produces_1', 'dataset_produces_2', 'dataset_consumes_1_never_scheduled', 'dataset_consumes_1', 'dataset_consumes_unknown_never_scheduled']) retrieved from /home/airflow/.local/lib/python3.7/site-packages/airflow/example_dags/example_datasets.py
[2023-02-22T20:49:28.370+0000] {logging_mixin.py:137} INFO - [2023-02-22T20:49:28.369+0000] {dag.py:2690} INFO - Sync 6 DAGs
[2023-02-22T20:49:28.544+0000] {logging_mixin.py:137} INFO - [2023-02-22T20:49:28.543+0000] {dag.py:3441} INFO - Setting next_dagrun for dataset_consumes_1 to None, run_after=None
[2023-02-22T20:49:28.561+0000] {logging_mixin.py:137} INFO - [2023-02-22T20:49:28.561+0000] {dag.py:3441} INFO - Setting next_dagrun for dataset_consumes_1_and_2 to None, run_after=None
[2023-02-22T20:49:28.573+0000] {logging_mixin.py:137} INFO - [2023-02-22T20:49:28.573+0000] {dag.py:3441} INFO - Setting next_dagrun for dataset_consumes_1_never_scheduled to None, run_after=None
[2023-02-22T20:49:28.576+0000] {logging_mixin.py:137} INFO - [2023-02-22T20:49:28.576+0000] {dag.py:3441} INFO - Setting next_dagrun for dataset_consumes_unknown_never_scheduled to None, run_after=None
[2023-02-22T20:49:28.593+0000] {logging_mixin.py:137} INFO - [2023-02-22T20:49:28.593+0000] {dag.py:3441} INFO - Setting next_dagrun for dataset_produces_1 to 2023-02-21T00:00:00+00:00, run_after=2023-02-22T00:00:00+00:00
[2023-02-22T20:49:28.607+0000] {logging_mixin.py:137} INFO - [2023-02-22T20:49:28.606+0000] {dag.py:3441} INFO - Setting next_dagrun for dataset_produces_2 to None, run_after=None
[2023-02-22T20:49:28.801+0000] {processor.py:175} INFO - Processing /home/airflow/.local/lib/python3.7/site-packages/airflow/example_dags/example_datasets.py took 0.791 seconds
[2023-02-22T20:49:59.034+0000] {processor.py:153} INFO - Started process (PID=815) to work on /home/airflow/.local/lib/python3.7/site-packages/airflow/example_dags/example_datasets.py
[2023-02-22T20:49:59.037+0000] {processor.py:743} INFO - Processing file /home/airflow/.local/lib/python3.7/site-packages/airflow/example_dags/example_datasets.py for tasks to queue
[2023-02-22T20:49:59.038+0000] {logging_mixin.py:137} INFO - [2023-02-22T20:49:59.038+0000] {dagbag.py:538} INFO - Filling up the DagBag from /home/airflow/.local/lib/python3.7/site-packages/airflow/example_dags/example_datasets.py
[2023-02-22T20:49:59.081+0000] {processor.py:753} INFO - DAG(s) dict_keys(['dataset_consumes_1_never_scheduled', 'dataset_consumes_unknown_never_scheduled', 'dataset_consumes_1_and_2', 'dataset_produces_2', 'dataset_consumes_1', 'dataset_produces_1']) retrieved from /home/airflow/.local/lib/python3.7/site-packages/airflow/example_dags/example_datasets.py
[2023-02-22T20:49:59.223+0000] {logging_mixin.py:137} INFO - [2023-02-22T20:49:59.223+0000] {dag.py:2690} INFO - Sync 6 DAGs
[2023-02-22T20:49:59.360+0000] {logging_mixin.py:137} INFO - [2023-02-22T20:49:59.360+0000] {dag.py:3441} INFO - Setting next_dagrun for dataset_consumes_1 to None, run_after=None
[2023-02-22T20:49:59.375+0000] {logging_mixin.py:137} INFO - [2023-02-22T20:49:59.375+0000] {dag.py:3441} INFO - Setting next_dagrun for dataset_consumes_1_and_2 to None, run_after=None
[2023-02-22T20:49:59.378+0000] {logging_mixin.py:137} INFO - [2023-02-22T20:49:59.378+0000] {dag.py:3441} INFO - Setting next_dagrun for dataset_consumes_1_never_scheduled to None, run_after=None
[2023-02-22T20:49:59.381+0000] {logging_mixin.py:137} INFO - [2023-02-22T20:49:59.380+0000] {dag.py:3441} INFO - Setting next_dagrun for dataset_consumes_unknown_never_scheduled to None, run_after=None
[2023-02-22T20:49:59.392+0000] {logging_mixin.py:137} INFO - [2023-02-22T20:49:59.391+0000] {dag.py:3441} INFO - Setting next_dagrun for dataset_produces_1 to 2023-02-21T00:00:00+00:00, run_after=2023-02-22T00:00:00+00:00
[2023-02-22T20:49:59.396+0000] {logging_mixin.py:137} INFO - [2023-02-22T20:49:59.396+0000] {dag.py:3441} INFO - Setting next_dagrun for dataset_produces_2 to None, run_after=None
[2023-02-22T20:49:59.642+0000] {processor.py:175} INFO - Processing /home/airflow/.local/lib/python3.7/site-packages/airflow/example_dags/example_datasets.py took 0.617 seconds
[2023-02-22T20:50:29.782+0000] {processor.py:153} INFO - Started process (PID=879) to work on /home/airflow/.local/lib/python3.7/site-packages/airflow/example_dags/example_datasets.py
[2023-02-22T20:50:29.805+0000] {processor.py:743} INFO - Processing file /home/airflow/.local/lib/python3.7/site-packages/airflow/example_dags/example_datasets.py for tasks to queue
[2023-02-22T20:50:29.807+0000] {logging_mixin.py:137} INFO - [2023-02-22T20:50:29.806+0000] {dagbag.py:538} INFO - Filling up the DagBag from /home/airflow/.local/lib/python3.7/site-packages/airflow/example_dags/example_datasets.py
[2023-02-22T20:50:29.870+0000] {processor.py:753} INFO - DAG(s) dict_keys(['dataset_consumes_unknown_never_scheduled', 'dataset_consumes_1_never_scheduled', 'dataset_consumes_1', 'dataset_produces_1', 'dataset_consumes_1_and_2', 'dataset_produces_2']) retrieved from /home/airflow/.local/lib/python3.7/site-packages/airflow/example_dags/example_datasets.py
[2023-02-22T20:50:30.044+0000] {logging_mixin.py:137} INFO - [2023-02-22T20:50:30.044+0000] {dag.py:2690} INFO - Sync 6 DAGs
[2023-02-22T20:50:30.150+0000] {logging_mixin.py:137} INFO - [2023-02-22T20:50:30.150+0000] {dag.py:3441} INFO - Setting next_dagrun for dataset_consumes_1 to None, run_after=None
[2023-02-22T20:50:30.176+0000] {logging_mixin.py:137} INFO - [2023-02-22T20:50:30.176+0000] {dag.py:3441} INFO - Setting next_dagrun for dataset_consumes_1_and_2 to None, run_after=None
[2023-02-22T20:50:30.179+0000] {logging_mixin.py:137} INFO - [2023-02-22T20:50:30.179+0000] {dag.py:3441} INFO - Setting next_dagrun for dataset_consumes_1_never_scheduled to None, run_after=None
[2023-02-22T20:50:30.193+0000] {logging_mixin.py:137} INFO - [2023-02-22T20:50:30.192+0000] {dag.py:3441} INFO - Setting next_dagrun for dataset_consumes_unknown_never_scheduled to None, run_after=None
[2023-02-22T20:50:30.208+0000] {logging_mixin.py:137} INFO - [2023-02-22T20:50:30.208+0000] {dag.py:3441} INFO - Setting next_dagrun for dataset_produces_1 to 2023-02-21T00:00:00+00:00, run_after=2023-02-22T00:00:00+00:00
[2023-02-22T20:50:30.211+0000] {logging_mixin.py:137} INFO - [2023-02-22T20:50:30.211+0000] {dag.py:3441} INFO - Setting next_dagrun for dataset_produces_2 to None, run_after=None
[2023-02-22T20:50:30.369+0000] {processor.py:175} INFO - Processing /home/airflow/.local/lib/python3.7/site-packages/airflow/example_dags/example_datasets.py took 0.592 seconds
[2023-02-22T20:51:00.827+0000] {processor.py:153} INFO - Started process (PID=941) to work on /home/airflow/.local/lib/python3.7/site-packages/airflow/example_dags/example_datasets.py
[2023-02-22T20:51:00.839+0000] {processor.py:743} INFO - Processing file /home/airflow/.local/lib/python3.7/site-packages/airflow/example_dags/example_datasets.py for tasks to queue
[2023-02-22T20:51:00.840+0000] {logging_mixin.py:137} INFO - [2023-02-22T20:51:00.840+0000] {dagbag.py:538} INFO - Filling up the DagBag from /home/airflow/.local/lib/python3.7/site-packages/airflow/example_dags/example_datasets.py
[2023-02-22T20:51:00.925+0000] {processor.py:753} INFO - DAG(s) dict_keys(['dataset_consumes_1_and_2', 'dataset_produces_2', 'dataset_consumes_1_never_scheduled', 'dataset_consumes_unknown_never_scheduled', 'dataset_produces_1', 'dataset_consumes_1']) retrieved from /home/airflow/.local/lib/python3.7/site-packages/airflow/example_dags/example_datasets.py
[2023-02-22T20:51:01.173+0000] {logging_mixin.py:137} INFO - [2023-02-22T20:51:01.172+0000] {dag.py:2690} INFO - Sync 6 DAGs
[2023-02-22T20:51:01.361+0000] {logging_mixin.py:137} INFO - [2023-02-22T20:51:01.361+0000] {dag.py:3441} INFO - Setting next_dagrun for dataset_consumes_1 to None, run_after=None
[2023-02-22T20:51:01.378+0000] {logging_mixin.py:137} INFO - [2023-02-22T20:51:01.378+0000] {dag.py:3441} INFO - Setting next_dagrun for dataset_consumes_1_and_2 to None, run_after=None
[2023-02-22T20:51:01.390+0000] {logging_mixin.py:137} INFO - [2023-02-22T20:51:01.390+0000] {dag.py:3441} INFO - Setting next_dagrun for dataset_consumes_1_never_scheduled to None, run_after=None
[2023-02-22T20:51:01.393+0000] {logging_mixin.py:137} INFO - [2023-02-22T20:51:01.393+0000] {dag.py:3441} INFO - Setting next_dagrun for dataset_consumes_unknown_never_scheduled to None, run_after=None
[2023-02-22T20:51:01.407+0000] {logging_mixin.py:137} INFO - [2023-02-22T20:51:01.407+0000] {dag.py:3441} INFO - Setting next_dagrun for dataset_produces_1 to 2023-02-21T00:00:00+00:00, run_after=2023-02-22T00:00:00+00:00
[2023-02-22T20:51:01.421+0000] {logging_mixin.py:137} INFO - [2023-02-22T20:51:01.421+0000] {dag.py:3441} INFO - Setting next_dagrun for dataset_produces_2 to None, run_after=None
[2023-02-22T20:51:01.583+0000] {processor.py:175} INFO - Processing /home/airflow/.local/lib/python3.7/site-packages/airflow/example_dags/example_datasets.py took 0.772 seconds
[2023-02-22T20:51:32.122+0000] {processor.py:153} INFO - Started process (PID=1013) to work on /home/airflow/.local/lib/python3.7/site-packages/airflow/example_dags/example_datasets.py
[2023-02-22T20:51:32.123+0000] {processor.py:743} INFO - Processing file /home/airflow/.local/lib/python3.7/site-packages/airflow/example_dags/example_datasets.py for tasks to queue
[2023-02-22T20:51:32.123+0000] {logging_mixin.py:137} INFO - [2023-02-22T20:51:32.123+0000] {dagbag.py:538} INFO - Filling up the DagBag from /home/airflow/.local/lib/python3.7/site-packages/airflow/example_dags/example_datasets.py
[2023-02-22T20:51:32.140+0000] {processor.py:753} INFO - DAG(s) dict_keys(['dataset_produces_2', 'dataset_consumes_unknown_never_scheduled', 'dataset_consumes_1_and_2', 'dataset_consumes_1', 'dataset_produces_1', 'dataset_consumes_1_never_scheduled']) retrieved from /home/airflow/.local/lib/python3.7/site-packages/airflow/example_dags/example_datasets.py
[2023-02-22T20:51:32.215+0000] {logging_mixin.py:137} INFO - [2023-02-22T20:51:32.215+0000] {dag.py:2690} INFO - Sync 6 DAGs
[2023-02-22T20:51:32.242+0000] {logging_mixin.py:137} INFO - [2023-02-22T20:51:32.242+0000] {dag.py:3441} INFO - Setting next_dagrun for dataset_consumes_1 to None, run_after=None
[2023-02-22T20:51:32.246+0000] {logging_mixin.py:137} INFO - [2023-02-22T20:51:32.245+0000] {dag.py:3441} INFO - Setting next_dagrun for dataset_consumes_1_and_2 to None, run_after=None
[2023-02-22T20:51:32.247+0000] {logging_mixin.py:137} INFO - [2023-02-22T20:51:32.247+0000] {dag.py:3441} INFO - Setting next_dagrun for dataset_consumes_1_never_scheduled to None, run_after=None
[2023-02-22T20:51:32.248+0000] {logging_mixin.py:137} INFO - [2023-02-22T20:51:32.248+0000] {dag.py:3441} INFO - Setting next_dagrun for dataset_consumes_unknown_never_scheduled to None, run_after=None
[2023-02-22T20:51:32.250+0000] {logging_mixin.py:137} INFO - [2023-02-22T20:51:32.250+0000] {dag.py:3441} INFO - Setting next_dagrun for dataset_produces_1 to 2023-02-21T00:00:00+00:00, run_after=2023-02-22T00:00:00+00:00
[2023-02-22T20:51:32.251+0000] {logging_mixin.py:137} INFO - [2023-02-22T20:51:32.251+0000] {dag.py:3441} INFO - Setting next_dagrun for dataset_produces_2 to None, run_after=None
[2023-02-22T20:51:32.290+0000] {processor.py:175} INFO - Processing /home/airflow/.local/lib/python3.7/site-packages/airflow/example_dags/example_datasets.py took 0.172 seconds
[2023-02-22T20:52:03.088+0000] {processor.py:153} INFO - Started process (PID=1100) to work on /home/airflow/.local/lib/python3.7/site-packages/airflow/example_dags/example_datasets.py
[2023-02-22T20:52:03.088+0000] {processor.py:743} INFO - Processing file /home/airflow/.local/lib/python3.7/site-packages/airflow/example_dags/example_datasets.py for tasks to queue
[2023-02-22T20:52:03.089+0000] {logging_mixin.py:137} INFO - [2023-02-22T20:52:03.089+0000] {dagbag.py:538} INFO - Filling up the DagBag from /home/airflow/.local/lib/python3.7/site-packages/airflow/example_dags/example_datasets.py
[2023-02-22T20:52:03.102+0000] {processor.py:753} INFO - DAG(s) dict_keys(['dataset_produces_2', 'dataset_consumes_1_and_2', 'dataset_produces_1', 'dataset_consumes_unknown_never_scheduled', 'dataset_consumes_1', 'dataset_consumes_1_never_scheduled']) retrieved from /home/airflow/.local/lib/python3.7/site-packages/airflow/example_dags/example_datasets.py
[2023-02-22T20:52:03.156+0000] {logging_mixin.py:137} INFO - [2023-02-22T20:52:03.156+0000] {dag.py:2690} INFO - Sync 6 DAGs
[2023-02-22T20:52:03.186+0000] {logging_mixin.py:137} INFO - [2023-02-22T20:52:03.185+0000] {dag.py:3441} INFO - Setting next_dagrun for dataset_consumes_1 to None, run_after=None
[2023-02-22T20:52:03.191+0000] {logging_mixin.py:137} INFO - [2023-02-22T20:52:03.191+0000] {dag.py:3441} INFO - Setting next_dagrun for dataset_consumes_1_and_2 to None, run_after=None
[2023-02-22T20:52:03.193+0000] {logging_mixin.py:137} INFO - [2023-02-22T20:52:03.193+0000] {dag.py:3441} INFO - Setting next_dagrun for dataset_consumes_1_never_scheduled to None, run_after=None
[2023-02-22T20:52:03.195+0000] {logging_mixin.py:137} INFO - [2023-02-22T20:52:03.195+0000] {dag.py:3441} INFO - Setting next_dagrun for dataset_consumes_unknown_never_scheduled to None, run_after=None
[2023-02-22T20:52:03.199+0000] {logging_mixin.py:137} INFO - [2023-02-22T20:52:03.199+0000] {dag.py:3441} INFO - Setting next_dagrun for dataset_produces_1 to 2023-02-21T00:00:00+00:00, run_after=2023-02-22T00:00:00+00:00
[2023-02-22T20:52:03.202+0000] {logging_mixin.py:137} INFO - [2023-02-22T20:52:03.201+0000] {dag.py:3441} INFO - Setting next_dagrun for dataset_produces_2 to None, run_after=None
[2023-02-22T20:52:03.250+0000] {processor.py:175} INFO - Processing /home/airflow/.local/lib/python3.7/site-packages/airflow/example_dags/example_datasets.py took 0.165 seconds
[2023-02-22T20:52:33.551+0000] {processor.py:153} INFO - Started process (PID=1171) to work on /home/airflow/.local/lib/python3.7/site-packages/airflow/example_dags/example_datasets.py
[2023-02-22T20:52:33.552+0000] {processor.py:743} INFO - Processing file /home/airflow/.local/lib/python3.7/site-packages/airflow/example_dags/example_datasets.py for tasks to queue
[2023-02-22T20:52:33.552+0000] {logging_mixin.py:137} INFO - [2023-02-22T20:52:33.552+0000] {dagbag.py:538} INFO - Filling up the DagBag from /home/airflow/.local/lib/python3.7/site-packages/airflow/example_dags/example_datasets.py
[2023-02-22T20:52:33.567+0000] {processor.py:753} INFO - DAG(s) dict_keys(['dataset_produces_2', 'dataset_consumes_1_and_2', 'dataset_consumes_unknown_never_scheduled', 'dataset_consumes_1', 'dataset_consumes_1_never_scheduled', 'dataset_produces_1']) retrieved from /home/airflow/.local/lib/python3.7/site-packages/airflow/example_dags/example_datasets.py
[2023-02-22T20:52:33.619+0000] {logging_mixin.py:137} INFO - [2023-02-22T20:52:33.619+0000] {dag.py:2690} INFO - Sync 6 DAGs
[2023-02-22T20:52:33.653+0000] {logging_mixin.py:137} INFO - [2023-02-22T20:52:33.652+0000] {dag.py:3441} INFO - Setting next_dagrun for dataset_consumes_1 to None, run_after=None
[2023-02-22T20:52:33.666+0000] {logging_mixin.py:137} INFO - [2023-02-22T20:52:33.666+0000] {dag.py:3441} INFO - Setting next_dagrun for dataset_consumes_1_and_2 to None, run_after=None
[2023-02-22T20:52:33.668+0000] {logging_mixin.py:137} INFO - [2023-02-22T20:52:33.668+0000] {dag.py:3441} INFO - Setting next_dagrun for dataset_consumes_1_never_scheduled to None, run_after=None
[2023-02-22T20:52:33.670+0000] {logging_mixin.py:137} INFO - [2023-02-22T20:52:33.670+0000] {dag.py:3441} INFO - Setting next_dagrun for dataset_consumes_unknown_never_scheduled to None, run_after=None
[2023-02-22T20:52:33.674+0000] {logging_mixin.py:137} INFO - [2023-02-22T20:52:33.674+0000] {dag.py:3441} INFO - Setting next_dagrun for dataset_produces_1 to 2023-02-21T00:00:00+00:00, run_after=2023-02-22T00:00:00+00:00
[2023-02-22T20:52:33.677+0000] {logging_mixin.py:137} INFO - [2023-02-22T20:52:33.677+0000] {dag.py:3441} INFO - Setting next_dagrun for dataset_produces_2 to None, run_after=None
[2023-02-22T20:52:33.759+0000] {processor.py:175} INFO - Processing /home/airflow/.local/lib/python3.7/site-packages/airflow/example_dags/example_datasets.py took 0.211 seconds
[2023-02-22T20:53:04.217+0000] {processor.py:153} INFO - Started process (PID=1258) to work on /home/airflow/.local/lib/python3.7/site-packages/airflow/example_dags/example_datasets.py
[2023-02-22T20:53:04.217+0000] {processor.py:743} INFO - Processing file /home/airflow/.local/lib/python3.7/site-packages/airflow/example_dags/example_datasets.py for tasks to queue
[2023-02-22T20:53:04.218+0000] {logging_mixin.py:137} INFO - [2023-02-22T20:53:04.218+0000] {dagbag.py:538} INFO - Filling up the DagBag from /home/airflow/.local/lib/python3.7/site-packages/airflow/example_dags/example_datasets.py
[2023-02-22T20:53:04.235+0000] {processor.py:753} INFO - DAG(s) dict_keys(['dataset_consumes_unknown_never_scheduled', 'dataset_produces_1', 'dataset_consumes_1_never_scheduled', 'dataset_consumes_1', 'dataset_produces_2', 'dataset_consumes_1_and_2']) retrieved from /home/airflow/.local/lib/python3.7/site-packages/airflow/example_dags/example_datasets.py
[2023-02-22T20:53:04.279+0000] {logging_mixin.py:137} INFO - [2023-02-22T20:53:04.279+0000] {dag.py:2690} INFO - Sync 6 DAGs
[2023-02-22T20:53:04.306+0000] {logging_mixin.py:137} INFO - [2023-02-22T20:53:04.306+0000] {dag.py:3441} INFO - Setting next_dagrun for dataset_consumes_1 to None, run_after=None
[2023-02-22T20:53:04.310+0000] {logging_mixin.py:137} INFO - [2023-02-22T20:53:04.309+0000] {dag.py:3441} INFO - Setting next_dagrun for dataset_consumes_1_and_2 to None, run_after=None
[2023-02-22T20:53:04.311+0000] {logging_mixin.py:137} INFO - [2023-02-22T20:53:04.311+0000] {dag.py:3441} INFO - Setting next_dagrun for dataset_consumes_1_never_scheduled to None, run_after=None
[2023-02-22T20:53:04.312+0000] {logging_mixin.py:137} INFO - [2023-02-22T20:53:04.312+0000] {dag.py:3441} INFO - Setting next_dagrun for dataset_consumes_unknown_never_scheduled to None, run_after=None
[2023-02-22T20:53:04.315+0000] {logging_mixin.py:137} INFO - [2023-02-22T20:53:04.315+0000] {dag.py:3441} INFO - Setting next_dagrun for dataset_produces_1 to 2023-02-21T00:00:00+00:00, run_after=2023-02-22T00:00:00+00:00
[2023-02-22T20:53:04.316+0000] {logging_mixin.py:137} INFO - [2023-02-22T20:53:04.316+0000] {dag.py:3441} INFO - Setting next_dagrun for dataset_produces_2 to None, run_after=None
[2023-02-22T20:53:04.358+0000] {processor.py:175} INFO - Processing /home/airflow/.local/lib/python3.7/site-packages/airflow/example_dags/example_datasets.py took 0.145 seconds
