[2023-02-22T20:44:17.213+0000] {processor.py:153} INFO - Started process (PID=66) to work on /home/airflow/.local/lib/python3.7/site-packages/airflow/example_dags/example_skip_dag.py
[2023-02-22T20:44:17.215+0000] {processor.py:743} INFO - Processing file /home/airflow/.local/lib/python3.7/site-packages/airflow/example_dags/example_skip_dag.py for tasks to queue
[2023-02-22T20:44:17.216+0000] {logging_mixin.py:137} INFO - [2023-02-22T20:44:17.216+0000] {dagbag.py:538} INFO - Filling up the DagBag from /home/airflow/.local/lib/python3.7/site-packages/airflow/example_dags/example_skip_dag.py
[2023-02-22T20:44:17.244+0000] {processor.py:753} INFO - DAG(s) dict_keys(['example_skip_dag']) retrieved from /home/airflow/.local/lib/python3.7/site-packages/airflow/example_dags/example_skip_dag.py
[2023-02-22T20:44:17.314+0000] {logging_mixin.py:137} INFO - [2023-02-22T20:44:17.313+0000] {dag.py:2690} INFO - Sync 1 DAGs
[2023-02-22T20:44:17.396+0000] {logging_mixin.py:137} INFO - [2023-02-22T20:44:17.396+0000] {dag.py:3441} INFO - Setting next_dagrun for example_skip_dag to 2023-02-21T20:44:17.395800+00:00, run_after=2023-02-22T20:44:17.395800+00:00
[2023-02-22T20:44:17.469+0000] {processor.py:175} INFO - Processing /home/airflow/.local/lib/python3.7/site-packages/airflow/example_dags/example_skip_dag.py took 0.262 seconds
[2023-02-22T20:44:48.974+0000] {processor.py:153} INFO - Started process (PID=137) to work on /home/airflow/.local/lib/python3.7/site-packages/airflow/example_dags/example_skip_dag.py
[2023-02-22T20:44:48.975+0000] {processor.py:743} INFO - Processing file /home/airflow/.local/lib/python3.7/site-packages/airflow/example_dags/example_skip_dag.py for tasks to queue
[2023-02-22T20:44:48.976+0000] {logging_mixin.py:137} INFO - [2023-02-22T20:44:48.976+0000] {dagbag.py:538} INFO - Filling up the DagBag from /home/airflow/.local/lib/python3.7/site-packages/airflow/example_dags/example_skip_dag.py
[2023-02-22T20:44:48.995+0000] {processor.py:753} INFO - DAG(s) dict_keys(['example_skip_dag']) retrieved from /home/airflow/.local/lib/python3.7/site-packages/airflow/example_dags/example_skip_dag.py
[2023-02-22T20:44:49.031+0000] {logging_mixin.py:137} INFO - [2023-02-22T20:44:49.031+0000] {dag.py:2690} INFO - Sync 1 DAGs
[2023-02-22T20:44:49.072+0000] {logging_mixin.py:137} INFO - [2023-02-22T20:44:49.072+0000] {dag.py:3441} INFO - Setting next_dagrun for example_skip_dag to 2023-02-21T20:44:49.071881+00:00, run_after=2023-02-22T20:44:49.071881+00:00
[2023-02-22T20:44:49.103+0000] {processor.py:175} INFO - Processing /home/airflow/.local/lib/python3.7/site-packages/airflow/example_dags/example_skip_dag.py took 0.134 seconds
[2023-02-22T20:45:20.219+0000] {processor.py:153} INFO - Started process (PID=209) to work on /home/airflow/.local/lib/python3.7/site-packages/airflow/example_dags/example_skip_dag.py
[2023-02-22T20:45:20.221+0000] {processor.py:743} INFO - Processing file /home/airflow/.local/lib/python3.7/site-packages/airflow/example_dags/example_skip_dag.py for tasks to queue
[2023-02-22T20:45:20.222+0000] {logging_mixin.py:137} INFO - [2023-02-22T20:45:20.222+0000] {dagbag.py:538} INFO - Filling up the DagBag from /home/airflow/.local/lib/python3.7/site-packages/airflow/example_dags/example_skip_dag.py
[2023-02-22T20:45:20.249+0000] {processor.py:753} INFO - DAG(s) dict_keys(['example_skip_dag']) retrieved from /home/airflow/.local/lib/python3.7/site-packages/airflow/example_dags/example_skip_dag.py
[2023-02-22T20:45:20.295+0000] {logging_mixin.py:137} INFO - [2023-02-22T20:45:20.294+0000] {dag.py:2690} INFO - Sync 1 DAGs
[2023-02-22T20:45:20.335+0000] {logging_mixin.py:137} INFO - [2023-02-22T20:45:20.335+0000] {dag.py:3441} INFO - Setting next_dagrun for example_skip_dag to 2023-02-21T20:45:20.334892+00:00, run_after=2023-02-22T20:45:20.334892+00:00
[2023-02-22T20:45:20.363+0000] {processor.py:175} INFO - Processing /home/airflow/.local/lib/python3.7/site-packages/airflow/example_dags/example_skip_dag.py took 0.153 seconds
[2023-02-22T20:45:50.529+0000] {processor.py:153} INFO - Started process (PID=280) to work on /home/airflow/.local/lib/python3.7/site-packages/airflow/example_dags/example_skip_dag.py
[2023-02-22T20:45:50.531+0000] {processor.py:743} INFO - Processing file /home/airflow/.local/lib/python3.7/site-packages/airflow/example_dags/example_skip_dag.py for tasks to queue
[2023-02-22T20:45:50.532+0000] {logging_mixin.py:137} INFO - [2023-02-22T20:45:50.532+0000] {dagbag.py:538} INFO - Filling up the DagBag from /home/airflow/.local/lib/python3.7/site-packages/airflow/example_dags/example_skip_dag.py
[2023-02-22T20:45:50.554+0000] {processor.py:753} INFO - DAG(s) dict_keys(['example_skip_dag']) retrieved from /home/airflow/.local/lib/python3.7/site-packages/airflow/example_dags/example_skip_dag.py
[2023-02-22T20:45:50.593+0000] {logging_mixin.py:137} INFO - [2023-02-22T20:45:50.592+0000] {dag.py:2690} INFO - Sync 1 DAGs
[2023-02-22T20:45:50.630+0000] {logging_mixin.py:137} INFO - [2023-02-22T20:45:50.630+0000] {dag.py:3441} INFO - Setting next_dagrun for example_skip_dag to 2023-02-21T20:45:50.629841+00:00, run_after=2023-02-22T20:45:50.629841+00:00
[2023-02-22T20:45:50.671+0000] {processor.py:175} INFO - Processing /home/airflow/.local/lib/python3.7/site-packages/airflow/example_dags/example_skip_dag.py took 0.148 seconds
[2023-02-22T20:46:20.778+0000] {processor.py:153} INFO - Started process (PID=351) to work on /home/airflow/.local/lib/python3.7/site-packages/airflow/example_dags/example_skip_dag.py
[2023-02-22T20:46:20.792+0000] {processor.py:743} INFO - Processing file /home/airflow/.local/lib/python3.7/site-packages/airflow/example_dags/example_skip_dag.py for tasks to queue
[2023-02-22T20:46:20.793+0000] {logging_mixin.py:137} INFO - [2023-02-22T20:46:20.792+0000] {dagbag.py:538} INFO - Filling up the DagBag from /home/airflow/.local/lib/python3.7/site-packages/airflow/example_dags/example_skip_dag.py
[2023-02-22T20:46:20.823+0000] {processor.py:753} INFO - DAG(s) dict_keys(['example_skip_dag']) retrieved from /home/airflow/.local/lib/python3.7/site-packages/airflow/example_dags/example_skip_dag.py
[2023-02-22T20:46:20.866+0000] {logging_mixin.py:137} INFO - [2023-02-22T20:46:20.866+0000] {dag.py:2690} INFO - Sync 1 DAGs
[2023-02-22T20:46:20.910+0000] {logging_mixin.py:137} INFO - [2023-02-22T20:46:20.910+0000] {dag.py:3441} INFO - Setting next_dagrun for example_skip_dag to 2023-02-21T20:46:20.909614+00:00, run_after=2023-02-22T20:46:20.909614+00:00
[2023-02-22T20:46:20.943+0000] {processor.py:175} INFO - Processing /home/airflow/.local/lib/python3.7/site-packages/airflow/example_dags/example_skip_dag.py took 0.175 seconds
[2023-02-22T20:46:51.209+0000] {processor.py:153} INFO - Started process (PID=422) to work on /home/airflow/.local/lib/python3.7/site-packages/airflow/example_dags/example_skip_dag.py
[2023-02-22T20:46:51.210+0000] {processor.py:743} INFO - Processing file /home/airflow/.local/lib/python3.7/site-packages/airflow/example_dags/example_skip_dag.py for tasks to queue
[2023-02-22T20:46:51.211+0000] {logging_mixin.py:137} INFO - [2023-02-22T20:46:51.211+0000] {dagbag.py:538} INFO - Filling up the DagBag from /home/airflow/.local/lib/python3.7/site-packages/airflow/example_dags/example_skip_dag.py
[2023-02-22T20:46:51.230+0000] {processor.py:753} INFO - DAG(s) dict_keys(['example_skip_dag']) retrieved from /home/airflow/.local/lib/python3.7/site-packages/airflow/example_dags/example_skip_dag.py
[2023-02-22T20:46:51.264+0000] {logging_mixin.py:137} INFO - [2023-02-22T20:46:51.264+0000] {dag.py:2690} INFO - Sync 1 DAGs
[2023-02-22T20:46:51.300+0000] {logging_mixin.py:137} INFO - [2023-02-22T20:46:51.299+0000] {dag.py:3441} INFO - Setting next_dagrun for example_skip_dag to 2023-02-21T20:46:51.299614+00:00, run_after=2023-02-22T20:46:51.299614+00:00
[2023-02-22T20:46:51.340+0000] {processor.py:175} INFO - Processing /home/airflow/.local/lib/python3.7/site-packages/airflow/example_dags/example_skip_dag.py took 0.135 seconds
[2023-02-22T20:47:24.125+0000] {processor.py:153} INFO - Started process (PID=493) to work on /home/airflow/.local/lib/python3.7/site-packages/airflow/example_dags/example_skip_dag.py
[2023-02-22T20:47:24.128+0000] {processor.py:743} INFO - Processing file /home/airflow/.local/lib/python3.7/site-packages/airflow/example_dags/example_skip_dag.py for tasks to queue
[2023-02-22T20:47:24.129+0000] {logging_mixin.py:137} INFO - [2023-02-22T20:47:24.129+0000] {dagbag.py:538} INFO - Filling up the DagBag from /home/airflow/.local/lib/python3.7/site-packages/airflow/example_dags/example_skip_dag.py
[2023-02-22T20:47:24.182+0000] {processor.py:753} INFO - DAG(s) dict_keys(['example_skip_dag']) retrieved from /home/airflow/.local/lib/python3.7/site-packages/airflow/example_dags/example_skip_dag.py
[2023-02-22T20:47:24.257+0000] {logging_mixin.py:137} INFO - [2023-02-22T20:47:24.256+0000] {dag.py:2690} INFO - Sync 1 DAGs
[2023-02-22T20:47:24.334+0000] {logging_mixin.py:137} INFO - [2023-02-22T20:47:24.333+0000] {dag.py:3441} INFO - Setting next_dagrun for example_skip_dag to 2023-02-21T20:47:24.333423+00:00, run_after=2023-02-22T20:47:24.333423+00:00
[2023-02-22T20:47:24.418+0000] {processor.py:175} INFO - Processing /home/airflow/.local/lib/python3.7/site-packages/airflow/example_dags/example_skip_dag.py took 0.309 seconds
[2023-02-22T20:47:55.080+0000] {processor.py:153} INFO - Started process (PID=557) to work on /home/airflow/.local/lib/python3.7/site-packages/airflow/example_dags/example_skip_dag.py
[2023-02-22T20:47:55.092+0000] {processor.py:743} INFO - Processing file /home/airflow/.local/lib/python3.7/site-packages/airflow/example_dags/example_skip_dag.py for tasks to queue
[2023-02-22T20:47:55.094+0000] {logging_mixin.py:137} INFO - [2023-02-22T20:47:55.094+0000] {dagbag.py:538} INFO - Filling up the DagBag from /home/airflow/.local/lib/python3.7/site-packages/airflow/example_dags/example_skip_dag.py
[2023-02-22T20:47:55.190+0000] {processor.py:753} INFO - DAG(s) dict_keys(['example_skip_dag']) retrieved from /home/airflow/.local/lib/python3.7/site-packages/airflow/example_dags/example_skip_dag.py
[2023-02-22T20:47:55.346+0000] {logging_mixin.py:137} INFO - [2023-02-22T20:47:55.335+0000] {dag.py:2690} INFO - Sync 1 DAGs
[2023-02-22T20:47:55.508+0000] {logging_mixin.py:137} INFO - [2023-02-22T20:47:55.507+0000] {dag.py:3441} INFO - Setting next_dagrun for example_skip_dag to 2023-02-21T20:47:55.507365+00:00, run_after=2023-02-22T20:47:55.507365+00:00
[2023-02-22T20:47:55.665+0000] {processor.py:175} INFO - Processing /home/airflow/.local/lib/python3.7/site-packages/airflow/example_dags/example_skip_dag.py took 0.602 seconds
[2023-02-22T20:48:26.478+0000] {processor.py:153} INFO - Started process (PID=619) to work on /home/airflow/.local/lib/python3.7/site-packages/airflow/example_dags/example_skip_dag.py
[2023-02-22T20:48:26.482+0000] {processor.py:743} INFO - Processing file /home/airflow/.local/lib/python3.7/site-packages/airflow/example_dags/example_skip_dag.py for tasks to queue
[2023-02-22T20:48:26.484+0000] {logging_mixin.py:137} INFO - [2023-02-22T20:48:26.483+0000] {dagbag.py:538} INFO - Filling up the DagBag from /home/airflow/.local/lib/python3.7/site-packages/airflow/example_dags/example_skip_dag.py
[2023-02-22T20:48:26.548+0000] {processor.py:753} INFO - DAG(s) dict_keys(['example_skip_dag']) retrieved from /home/airflow/.local/lib/python3.7/site-packages/airflow/example_dags/example_skip_dag.py
[2023-02-22T20:48:26.684+0000] {logging_mixin.py:137} INFO - [2023-02-22T20:48:26.684+0000] {dag.py:2690} INFO - Sync 1 DAGs
[2023-02-22T20:48:26.822+0000] {logging_mixin.py:137} INFO - [2023-02-22T20:48:26.821+0000] {dag.py:3441} INFO - Setting next_dagrun for example_skip_dag to 2023-02-21T20:48:26.821483+00:00, run_after=2023-02-22T20:48:26.821483+00:00
[2023-02-22T20:48:26.936+0000] {processor.py:175} INFO - Processing /home/airflow/.local/lib/python3.7/site-packages/airflow/example_dags/example_skip_dag.py took 0.474 seconds
[2023-02-22T20:48:57.752+0000] {processor.py:153} INFO - Started process (PID=690) to work on /home/airflow/.local/lib/python3.7/site-packages/airflow/example_dags/example_skip_dag.py
[2023-02-22T20:48:57.753+0000] {processor.py:743} INFO - Processing file /home/airflow/.local/lib/python3.7/site-packages/airflow/example_dags/example_skip_dag.py for tasks to queue
[2023-02-22T20:48:57.754+0000] {logging_mixin.py:137} INFO - [2023-02-22T20:48:57.754+0000] {dagbag.py:538} INFO - Filling up the DagBag from /home/airflow/.local/lib/python3.7/site-packages/airflow/example_dags/example_skip_dag.py
[2023-02-22T20:48:57.800+0000] {processor.py:753} INFO - DAG(s) dict_keys(['example_skip_dag']) retrieved from /home/airflow/.local/lib/python3.7/site-packages/airflow/example_dags/example_skip_dag.py
[2023-02-22T20:48:57.889+0000] {logging_mixin.py:137} INFO - [2023-02-22T20:48:57.888+0000] {dag.py:2690} INFO - Sync 1 DAGs
[2023-02-22T20:48:57.989+0000] {logging_mixin.py:137} INFO - [2023-02-22T20:48:57.989+0000] {dag.py:3441} INFO - Setting next_dagrun for example_skip_dag to 2023-02-21T20:48:57.988834+00:00, run_after=2023-02-22T20:48:57.988834+00:00
[2023-02-22T20:48:58.067+0000] {processor.py:175} INFO - Processing /home/airflow/.local/lib/python3.7/site-packages/airflow/example_dags/example_skip_dag.py took 0.331 seconds
[2023-02-22T20:49:28.882+0000] {processor.py:153} INFO - Started process (PID=745) to work on /home/airflow/.local/lib/python3.7/site-packages/airflow/example_dags/example_skip_dag.py
[2023-02-22T20:49:28.890+0000] {processor.py:743} INFO - Processing file /home/airflow/.local/lib/python3.7/site-packages/airflow/example_dags/example_skip_dag.py for tasks to queue
[2023-02-22T20:49:28.891+0000] {logging_mixin.py:137} INFO - [2023-02-22T20:49:28.891+0000] {dagbag.py:538} INFO - Filling up the DagBag from /home/airflow/.local/lib/python3.7/site-packages/airflow/example_dags/example_skip_dag.py
[2023-02-22T20:49:28.963+0000] {processor.py:753} INFO - DAG(s) dict_keys(['example_skip_dag']) retrieved from /home/airflow/.local/lib/python3.7/site-packages/airflow/example_dags/example_skip_dag.py
[2023-02-22T20:49:29.109+0000] {logging_mixin.py:137} INFO - [2023-02-22T20:49:29.109+0000] {dag.py:2690} INFO - Sync 1 DAGs
[2023-02-22T20:49:29.268+0000] {logging_mixin.py:137} INFO - [2023-02-22T20:49:29.267+0000] {dag.py:3441} INFO - Setting next_dagrun for example_skip_dag to 2023-02-21T20:49:29.267102+00:00, run_after=2023-02-22T20:49:29.267102+00:00
[2023-02-22T20:49:29.417+0000] {processor.py:175} INFO - Processing /home/airflow/.local/lib/python3.7/site-packages/airflow/example_dags/example_skip_dag.py took 0.553 seconds
[2023-02-22T20:49:59.743+0000] {processor.py:153} INFO - Started process (PID=817) to work on /home/airflow/.local/lib/python3.7/site-packages/airflow/example_dags/example_skip_dag.py
[2023-02-22T20:49:59.760+0000] {processor.py:743} INFO - Processing file /home/airflow/.local/lib/python3.7/site-packages/airflow/example_dags/example_skip_dag.py for tasks to queue
[2023-02-22T20:49:59.761+0000] {logging_mixin.py:137} INFO - [2023-02-22T20:49:59.761+0000] {dagbag.py:538} INFO - Filling up the DagBag from /home/airflow/.local/lib/python3.7/site-packages/airflow/example_dags/example_skip_dag.py
[2023-02-22T20:49:59.843+0000] {processor.py:753} INFO - DAG(s) dict_keys(['example_skip_dag']) retrieved from /home/airflow/.local/lib/python3.7/site-packages/airflow/example_dags/example_skip_dag.py
[2023-02-22T20:49:59.972+0000] {logging_mixin.py:137} INFO - [2023-02-22T20:49:59.972+0000] {dag.py:2690} INFO - Sync 1 DAGs
[2023-02-22T20:50:00.134+0000] {logging_mixin.py:137} INFO - [2023-02-22T20:50:00.134+0000] {dag.py:3441} INFO - Setting next_dagrun for example_skip_dag to 2023-02-21T20:50:00.133448+00:00, run_after=2023-02-22T20:50:00.133448+00:00
[2023-02-22T20:50:00.195+0000] {processor.py:175} INFO - Processing /home/airflow/.local/lib/python3.7/site-packages/airflow/example_dags/example_skip_dag.py took 0.483 seconds
[2023-02-22T20:50:30.449+0000] {processor.py:153} INFO - Started process (PID=881) to work on /home/airflow/.local/lib/python3.7/site-packages/airflow/example_dags/example_skip_dag.py
[2023-02-22T20:50:30.534+0000] {processor.py:743} INFO - Processing file /home/airflow/.local/lib/python3.7/site-packages/airflow/example_dags/example_skip_dag.py for tasks to queue
[2023-02-22T20:50:30.535+0000] {logging_mixin.py:137} INFO - [2023-02-22T20:50:30.535+0000] {dagbag.py:538} INFO - Filling up the DagBag from /home/airflow/.local/lib/python3.7/site-packages/airflow/example_dags/example_skip_dag.py
[2023-02-22T20:50:30.578+0000] {processor.py:753} INFO - DAG(s) dict_keys(['example_skip_dag']) retrieved from /home/airflow/.local/lib/python3.7/site-packages/airflow/example_dags/example_skip_dag.py
[2023-02-22T20:50:30.684+0000] {logging_mixin.py:137} INFO - [2023-02-22T20:50:30.683+0000] {dag.py:2690} INFO - Sync 1 DAGs
[2023-02-22T20:50:30.799+0000] {logging_mixin.py:137} INFO - [2023-02-22T20:50:30.799+0000] {dag.py:3441} INFO - Setting next_dagrun for example_skip_dag to 2023-02-21T20:50:30.798644+00:00, run_after=2023-02-22T20:50:30.798644+00:00
[2023-02-22T20:50:30.924+0000] {processor.py:175} INFO - Processing /home/airflow/.local/lib/python3.7/site-packages/airflow/example_dags/example_skip_dag.py took 0.481 seconds
[2023-02-22T20:51:01.744+0000] {processor.py:153} INFO - Started process (PID=943) to work on /home/airflow/.local/lib/python3.7/site-packages/airflow/example_dags/example_skip_dag.py
[2023-02-22T20:51:01.747+0000] {processor.py:743} INFO - Processing file /home/airflow/.local/lib/python3.7/site-packages/airflow/example_dags/example_skip_dag.py for tasks to queue
[2023-02-22T20:51:01.748+0000] {logging_mixin.py:137} INFO - [2023-02-22T20:51:01.748+0000] {dagbag.py:538} INFO - Filling up the DagBag from /home/airflow/.local/lib/python3.7/site-packages/airflow/example_dags/example_skip_dag.py
[2023-02-22T20:51:01.788+0000] {processor.py:753} INFO - DAG(s) dict_keys(['example_skip_dag']) retrieved from /home/airflow/.local/lib/python3.7/site-packages/airflow/example_dags/example_skip_dag.py
[2023-02-22T20:51:01.864+0000] {logging_mixin.py:137} INFO - [2023-02-22T20:51:01.864+0000] {dag.py:2690} INFO - Sync 1 DAGs
[2023-02-22T20:51:01.947+0000] {logging_mixin.py:137} INFO - [2023-02-22T20:51:01.947+0000] {dag.py:3441} INFO - Setting next_dagrun for example_skip_dag to 2023-02-21T20:51:01.946571+00:00, run_after=2023-02-22T20:51:01.946571+00:00
[2023-02-22T20:51:02.038+0000] {processor.py:175} INFO - Processing /home/airflow/.local/lib/python3.7/site-packages/airflow/example_dags/example_skip_dag.py took 0.305 seconds
[2023-02-22T20:51:32.313+0000] {processor.py:153} INFO - Started process (PID=1022) to work on /home/airflow/.local/lib/python3.7/site-packages/airflow/example_dags/example_skip_dag.py
[2023-02-22T20:51:32.314+0000] {processor.py:743} INFO - Processing file /home/airflow/.local/lib/python3.7/site-packages/airflow/example_dags/example_skip_dag.py for tasks to queue
[2023-02-22T20:51:32.315+0000] {logging_mixin.py:137} INFO - [2023-02-22T20:51:32.315+0000] {dagbag.py:538} INFO - Filling up the DagBag from /home/airflow/.local/lib/python3.7/site-packages/airflow/example_dags/example_skip_dag.py
[2023-02-22T20:51:32.334+0000] {processor.py:753} INFO - DAG(s) dict_keys(['example_skip_dag']) retrieved from /home/airflow/.local/lib/python3.7/site-packages/airflow/example_dags/example_skip_dag.py
[2023-02-22T20:51:32.361+0000] {logging_mixin.py:137} INFO - [2023-02-22T20:51:32.361+0000] {dag.py:2690} INFO - Sync 1 DAGs
[2023-02-22T20:51:32.397+0000] {logging_mixin.py:137} INFO - [2023-02-22T20:51:32.397+0000] {dag.py:3441} INFO - Setting next_dagrun for example_skip_dag to 2023-02-21T20:51:32.397186+00:00, run_after=2023-02-22T20:51:32.397186+00:00
[2023-02-22T20:51:32.425+0000] {processor.py:175} INFO - Processing /home/airflow/.local/lib/python3.7/site-packages/airflow/example_dags/example_skip_dag.py took 0.116 seconds
[2023-02-22T20:52:03.537+0000] {processor.py:153} INFO - Started process (PID=1102) to work on /home/airflow/.local/lib/python3.7/site-packages/airflow/example_dags/example_skip_dag.py
[2023-02-22T20:52:03.538+0000] {processor.py:743} INFO - Processing file /home/airflow/.local/lib/python3.7/site-packages/airflow/example_dags/example_skip_dag.py for tasks to queue
[2023-02-22T20:52:03.539+0000] {logging_mixin.py:137} INFO - [2023-02-22T20:52:03.539+0000] {dagbag.py:538} INFO - Filling up the DagBag from /home/airflow/.local/lib/python3.7/site-packages/airflow/example_dags/example_skip_dag.py
[2023-02-22T20:52:03.565+0000] {processor.py:753} INFO - DAG(s) dict_keys(['example_skip_dag']) retrieved from /home/airflow/.local/lib/python3.7/site-packages/airflow/example_dags/example_skip_dag.py
[2023-02-22T20:52:03.611+0000] {logging_mixin.py:137} INFO - [2023-02-22T20:52:03.611+0000] {dag.py:2690} INFO - Sync 1 DAGs
[2023-02-22T20:52:03.654+0000] {logging_mixin.py:137} INFO - [2023-02-22T20:52:03.654+0000] {dag.py:3441} INFO - Setting next_dagrun for example_skip_dag to 2023-02-21T20:52:03.653926+00:00, run_after=2023-02-22T20:52:03.653926+00:00
[2023-02-22T20:52:03.689+0000] {processor.py:175} INFO - Processing /home/airflow/.local/lib/python3.7/site-packages/airflow/example_dags/example_skip_dag.py took 0.157 seconds
[2023-02-22T20:52:33.872+0000] {processor.py:153} INFO - Started process (PID=1173) to work on /home/airflow/.local/lib/python3.7/site-packages/airflow/example_dags/example_skip_dag.py
[2023-02-22T20:52:33.874+0000] {processor.py:743} INFO - Processing file /home/airflow/.local/lib/python3.7/site-packages/airflow/example_dags/example_skip_dag.py for tasks to queue
[2023-02-22T20:52:33.875+0000] {logging_mixin.py:137} INFO - [2023-02-22T20:52:33.875+0000] {dagbag.py:538} INFO - Filling up the DagBag from /home/airflow/.local/lib/python3.7/site-packages/airflow/example_dags/example_skip_dag.py
[2023-02-22T20:52:33.897+0000] {processor.py:753} INFO - DAG(s) dict_keys(['example_skip_dag']) retrieved from /home/airflow/.local/lib/python3.7/site-packages/airflow/example_dags/example_skip_dag.py
[2023-02-22T20:52:33.933+0000] {logging_mixin.py:137} INFO - [2023-02-22T20:52:33.933+0000] {dag.py:2690} INFO - Sync 1 DAGs
[2023-02-22T20:52:33.969+0000] {logging_mixin.py:137} INFO - [2023-02-22T20:52:33.969+0000] {dag.py:3441} INFO - Setting next_dagrun for example_skip_dag to 2023-02-21T20:52:33.969052+00:00, run_after=2023-02-22T20:52:33.969052+00:00
[2023-02-22T20:52:34.000+0000] {processor.py:175} INFO - Processing /home/airflow/.local/lib/python3.7/site-packages/airflow/example_dags/example_skip_dag.py took 0.134 seconds
[2023-02-22T20:53:04.425+0000] {processor.py:153} INFO - Started process (PID=1260) to work on /home/airflow/.local/lib/python3.7/site-packages/airflow/example_dags/example_skip_dag.py
[2023-02-22T20:53:04.426+0000] {processor.py:743} INFO - Processing file /home/airflow/.local/lib/python3.7/site-packages/airflow/example_dags/example_skip_dag.py for tasks to queue
[2023-02-22T20:53:04.427+0000] {logging_mixin.py:137} INFO - [2023-02-22T20:53:04.426+0000] {dagbag.py:538} INFO - Filling up the DagBag from /home/airflow/.local/lib/python3.7/site-packages/airflow/example_dags/example_skip_dag.py
[2023-02-22T20:53:04.449+0000] {processor.py:753} INFO - DAG(s) dict_keys(['example_skip_dag']) retrieved from /home/airflow/.local/lib/python3.7/site-packages/airflow/example_dags/example_skip_dag.py
[2023-02-22T20:53:04.478+0000] {logging_mixin.py:137} INFO - [2023-02-22T20:53:04.478+0000] {dag.py:2690} INFO - Sync 1 DAGs
[2023-02-22T20:53:04.506+0000] {logging_mixin.py:137} INFO - [2023-02-22T20:53:04.506+0000] {dag.py:3441} INFO - Setting next_dagrun for example_skip_dag to 2023-02-21T20:53:04.506442+00:00, run_after=2023-02-22T20:53:04.506442+00:00
[2023-02-22T20:53:04.542+0000] {processor.py:175} INFO - Processing /home/airflow/.local/lib/python3.7/site-packages/airflow/example_dags/example_skip_dag.py took 0.121 seconds
