[2023-02-22T20:44:19.614+0000] {processor.py:153} INFO - Started process (PID=86) to work on /home/airflow/.local/lib/python3.7/site-packages/airflow/example_dags/example_branch_operator.py
[2023-02-22T20:44:19.617+0000] {processor.py:743} INFO - Processing file /home/airflow/.local/lib/python3.7/site-packages/airflow/example_dags/example_branch_operator.py for tasks to queue
[2023-02-22T20:44:19.618+0000] {logging_mixin.py:137} INFO - [2023-02-22T20:44:19.618+0000] {dagbag.py:538} INFO - Filling up the DagBag from /home/airflow/.local/lib/python3.7/site-packages/airflow/example_dags/example_branch_operator.py
[2023-02-22T20:44:19.749+0000] {processor.py:753} INFO - DAG(s) dict_keys(['example_branch_operator']) retrieved from /home/airflow/.local/lib/python3.7/site-packages/airflow/example_dags/example_branch_operator.py
[2023-02-22T20:44:19.848+0000] {logging_mixin.py:137} INFO - [2023-02-22T20:44:19.848+0000] {dag.py:2690} INFO - Sync 1 DAGs
[2023-02-22T20:44:20.003+0000] {logging_mixin.py:137} INFO - [2023-02-22T20:44:20.002+0000] {dag.py:3441} INFO - Setting next_dagrun for example_branch_operator to 2023-02-21T00:00:00+00:00, run_after=2023-02-22T00:00:00+00:00
[2023-02-22T20:44:20.148+0000] {processor.py:175} INFO - Processing /home/airflow/.local/lib/python3.7/site-packages/airflow/example_dags/example_branch_operator.py took 0.555 seconds
[2023-02-22T20:44:51.133+0000] {processor.py:153} INFO - Started process (PID=148) to work on /home/airflow/.local/lib/python3.7/site-packages/airflow/example_dags/example_branch_operator.py
[2023-02-22T20:44:51.134+0000] {processor.py:743} INFO - Processing file /home/airflow/.local/lib/python3.7/site-packages/airflow/example_dags/example_branch_operator.py for tasks to queue
[2023-02-22T20:44:51.135+0000] {logging_mixin.py:137} INFO - [2023-02-22T20:44:51.135+0000] {dagbag.py:538} INFO - Filling up the DagBag from /home/airflow/.local/lib/python3.7/site-packages/airflow/example_dags/example_branch_operator.py
[2023-02-22T20:44:51.159+0000] {processor.py:753} INFO - DAG(s) dict_keys(['example_branch_operator']) retrieved from /home/airflow/.local/lib/python3.7/site-packages/airflow/example_dags/example_branch_operator.py
[2023-02-22T20:44:51.200+0000] {logging_mixin.py:137} INFO - [2023-02-22T20:44:51.200+0000] {dag.py:2690} INFO - Sync 1 DAGs
[2023-02-22T20:44:51.234+0000] {logging_mixin.py:137} INFO - [2023-02-22T20:44:51.234+0000] {dag.py:3441} INFO - Setting next_dagrun for example_branch_operator to 2023-02-21T00:00:00+00:00, run_after=2023-02-22T00:00:00+00:00
[2023-02-22T20:44:51.259+0000] {processor.py:175} INFO - Processing /home/airflow/.local/lib/python3.7/site-packages/airflow/example_dags/example_branch_operator.py took 0.131 seconds
[2023-02-22T20:45:21.352+0000] {processor.py:153} INFO - Started process (PID=220) to work on /home/airflow/.local/lib/python3.7/site-packages/airflow/example_dags/example_branch_operator.py
[2023-02-22T20:45:21.353+0000] {processor.py:743} INFO - Processing file /home/airflow/.local/lib/python3.7/site-packages/airflow/example_dags/example_branch_operator.py for tasks to queue
[2023-02-22T20:45:21.354+0000] {logging_mixin.py:137} INFO - [2023-02-22T20:45:21.354+0000] {dagbag.py:538} INFO - Filling up the DagBag from /home/airflow/.local/lib/python3.7/site-packages/airflow/example_dags/example_branch_operator.py
[2023-02-22T20:45:21.387+0000] {processor.py:753} INFO - DAG(s) dict_keys(['example_branch_operator']) retrieved from /home/airflow/.local/lib/python3.7/site-packages/airflow/example_dags/example_branch_operator.py
[2023-02-22T20:45:21.452+0000] {logging_mixin.py:137} INFO - [2023-02-22T20:45:21.451+0000] {dag.py:2690} INFO - Sync 1 DAGs
[2023-02-22T20:45:21.515+0000] {logging_mixin.py:137} INFO - [2023-02-22T20:45:21.515+0000] {dag.py:3441} INFO - Setting next_dagrun for example_branch_operator to 2023-02-21T00:00:00+00:00, run_after=2023-02-22T00:00:00+00:00
[2023-02-22T20:45:21.554+0000] {processor.py:175} INFO - Processing /home/airflow/.local/lib/python3.7/site-packages/airflow/example_dags/example_branch_operator.py took 0.210 seconds
[2023-02-22T20:45:52.104+0000] {processor.py:153} INFO - Started process (PID=291) to work on /home/airflow/.local/lib/python3.7/site-packages/airflow/example_dags/example_branch_operator.py
[2023-02-22T20:45:52.108+0000] {processor.py:743} INFO - Processing file /home/airflow/.local/lib/python3.7/site-packages/airflow/example_dags/example_branch_operator.py for tasks to queue
[2023-02-22T20:45:52.110+0000] {logging_mixin.py:137} INFO - [2023-02-22T20:45:52.109+0000] {dagbag.py:538} INFO - Filling up the DagBag from /home/airflow/.local/lib/python3.7/site-packages/airflow/example_dags/example_branch_operator.py
[2023-02-22T20:45:52.140+0000] {processor.py:753} INFO - DAG(s) dict_keys(['example_branch_operator']) retrieved from /home/airflow/.local/lib/python3.7/site-packages/airflow/example_dags/example_branch_operator.py
[2023-02-22T20:45:52.181+0000] {logging_mixin.py:137} INFO - [2023-02-22T20:45:52.181+0000] {dag.py:2690} INFO - Sync 1 DAGs
[2023-02-22T20:45:52.229+0000] {logging_mixin.py:137} INFO - [2023-02-22T20:45:52.229+0000] {dag.py:3441} INFO - Setting next_dagrun for example_branch_operator to 2023-02-21T00:00:00+00:00, run_after=2023-02-22T00:00:00+00:00
[2023-02-22T20:45:52.268+0000] {processor.py:175} INFO - Processing /home/airflow/.local/lib/python3.7/site-packages/airflow/example_dags/example_branch_operator.py took 0.168 seconds
[2023-02-22T20:46:22.912+0000] {processor.py:153} INFO - Started process (PID=362) to work on /home/airflow/.local/lib/python3.7/site-packages/airflow/example_dags/example_branch_operator.py
[2023-02-22T20:46:22.913+0000] {processor.py:743} INFO - Processing file /home/airflow/.local/lib/python3.7/site-packages/airflow/example_dags/example_branch_operator.py for tasks to queue
[2023-02-22T20:46:22.915+0000] {logging_mixin.py:137} INFO - [2023-02-22T20:46:22.914+0000] {dagbag.py:538} INFO - Filling up the DagBag from /home/airflow/.local/lib/python3.7/site-packages/airflow/example_dags/example_branch_operator.py
[2023-02-22T20:46:22.945+0000] {processor.py:753} INFO - DAG(s) dict_keys(['example_branch_operator']) retrieved from /home/airflow/.local/lib/python3.7/site-packages/airflow/example_dags/example_branch_operator.py
[2023-02-22T20:46:22.993+0000] {logging_mixin.py:137} INFO - [2023-02-22T20:46:22.993+0000] {dag.py:2690} INFO - Sync 1 DAGs
[2023-02-22T20:46:23.041+0000] {logging_mixin.py:137} INFO - [2023-02-22T20:46:23.041+0000] {dag.py:3441} INFO - Setting next_dagrun for example_branch_operator to 2023-02-21T00:00:00+00:00, run_after=2023-02-22T00:00:00+00:00
[2023-02-22T20:46:23.073+0000] {processor.py:175} INFO - Processing /home/airflow/.local/lib/python3.7/site-packages/airflow/example_dags/example_branch_operator.py took 0.167 seconds
[2023-02-22T20:46:53.196+0000] {processor.py:153} INFO - Started process (PID=433) to work on /home/airflow/.local/lib/python3.7/site-packages/airflow/example_dags/example_branch_operator.py
[2023-02-22T20:46:53.198+0000] {processor.py:743} INFO - Processing file /home/airflow/.local/lib/python3.7/site-packages/airflow/example_dags/example_branch_operator.py for tasks to queue
[2023-02-22T20:46:53.199+0000] {logging_mixin.py:137} INFO - [2023-02-22T20:46:53.198+0000] {dagbag.py:538} INFO - Filling up the DagBag from /home/airflow/.local/lib/python3.7/site-packages/airflow/example_dags/example_branch_operator.py
[2023-02-22T20:46:53.232+0000] {processor.py:753} INFO - DAG(s) dict_keys(['example_branch_operator']) retrieved from /home/airflow/.local/lib/python3.7/site-packages/airflow/example_dags/example_branch_operator.py
[2023-02-22T20:46:53.279+0000] {logging_mixin.py:137} INFO - [2023-02-22T20:46:53.279+0000] {dag.py:2690} INFO - Sync 1 DAGs
[2023-02-22T20:46:53.320+0000] {logging_mixin.py:137} INFO - [2023-02-22T20:46:53.320+0000] {dag.py:3441} INFO - Setting next_dagrun for example_branch_operator to 2023-02-21T00:00:00+00:00, run_after=2023-02-22T00:00:00+00:00
[2023-02-22T20:46:53.354+0000] {processor.py:175} INFO - Processing /home/airflow/.local/lib/python3.7/site-packages/airflow/example_dags/example_branch_operator.py took 0.164 seconds
[2023-02-22T20:47:25.992+0000] {processor.py:153} INFO - Started process (PID=504) to work on /home/airflow/.local/lib/python3.7/site-packages/airflow/example_dags/example_branch_operator.py
[2023-02-22T20:47:25.993+0000] {processor.py:743} INFO - Processing file /home/airflow/.local/lib/python3.7/site-packages/airflow/example_dags/example_branch_operator.py for tasks to queue
[2023-02-22T20:47:25.995+0000] {logging_mixin.py:137} INFO - [2023-02-22T20:47:25.994+0000] {dagbag.py:538} INFO - Filling up the DagBag from /home/airflow/.local/lib/python3.7/site-packages/airflow/example_dags/example_branch_operator.py
[2023-02-22T20:47:26.036+0000] {processor.py:753} INFO - DAG(s) dict_keys(['example_branch_operator']) retrieved from /home/airflow/.local/lib/python3.7/site-packages/airflow/example_dags/example_branch_operator.py
[2023-02-22T20:47:26.104+0000] {logging_mixin.py:137} INFO - [2023-02-22T20:47:26.104+0000] {dag.py:2690} INFO - Sync 1 DAGs
[2023-02-22T20:47:26.194+0000] {logging_mixin.py:137} INFO - [2023-02-22T20:47:26.193+0000] {dag.py:3441} INFO - Setting next_dagrun for example_branch_operator to 2023-02-21T00:00:00+00:00, run_after=2023-02-22T00:00:00+00:00
[2023-02-22T20:47:26.255+0000] {processor.py:175} INFO - Processing /home/airflow/.local/lib/python3.7/site-packages/airflow/example_dags/example_branch_operator.py took 0.269 seconds
[2023-02-22T20:47:58.453+0000] {processor.py:153} INFO - Started process (PID=575) to work on /home/airflow/.local/lib/python3.7/site-packages/airflow/example_dags/example_branch_operator.py
[2023-02-22T20:47:58.467+0000] {processor.py:743} INFO - Processing file /home/airflow/.local/lib/python3.7/site-packages/airflow/example_dags/example_branch_operator.py for tasks to queue
[2023-02-22T20:47:58.468+0000] {logging_mixin.py:137} INFO - [2023-02-22T20:47:58.468+0000] {dagbag.py:538} INFO - Filling up the DagBag from /home/airflow/.local/lib/python3.7/site-packages/airflow/example_dags/example_branch_operator.py
[2023-02-22T20:47:58.556+0000] {processor.py:753} INFO - DAG(s) dict_keys(['example_branch_operator']) retrieved from /home/airflow/.local/lib/python3.7/site-packages/airflow/example_dags/example_branch_operator.py
[2023-02-22T20:47:58.697+0000] {logging_mixin.py:137} INFO - [2023-02-22T20:47:58.696+0000] {dag.py:2690} INFO - Sync 1 DAGs
[2023-02-22T20:47:58.887+0000] {logging_mixin.py:137} INFO - [2023-02-22T20:47:58.887+0000] {dag.py:3441} INFO - Setting next_dagrun for example_branch_operator to 2023-02-21T00:00:00+00:00, run_after=2023-02-22T00:00:00+00:00
[2023-02-22T20:47:59.016+0000] {processor.py:175} INFO - Processing /home/airflow/.local/lib/python3.7/site-packages/airflow/example_dags/example_branch_operator.py took 0.582 seconds
[2023-02-22T20:48:29.817+0000] {processor.py:153} INFO - Started process (PID=630) to work on /home/airflow/.local/lib/python3.7/site-packages/airflow/example_dags/example_branch_operator.py
[2023-02-22T20:48:29.820+0000] {processor.py:743} INFO - Processing file /home/airflow/.local/lib/python3.7/site-packages/airflow/example_dags/example_branch_operator.py for tasks to queue
[2023-02-22T20:48:29.821+0000] {logging_mixin.py:137} INFO - [2023-02-22T20:48:29.821+0000] {dagbag.py:538} INFO - Filling up the DagBag from /home/airflow/.local/lib/python3.7/site-packages/airflow/example_dags/example_branch_operator.py
[2023-02-22T20:48:29.909+0000] {processor.py:753} INFO - DAG(s) dict_keys(['example_branch_operator']) retrieved from /home/airflow/.local/lib/python3.7/site-packages/airflow/example_dags/example_branch_operator.py
[2023-02-22T20:48:30.045+0000] {logging_mixin.py:137} INFO - [2023-02-22T20:48:30.045+0000] {dag.py:2690} INFO - Sync 1 DAGs
[2023-02-22T20:48:30.219+0000] {logging_mixin.py:137} INFO - [2023-02-22T20:48:30.219+0000] {dag.py:3441} INFO - Setting next_dagrun for example_branch_operator to 2023-02-21T00:00:00+00:00, run_after=2023-02-22T00:00:00+00:00
[2023-02-22T20:48:30.349+0000] {processor.py:175} INFO - Processing /home/airflow/.local/lib/python3.7/site-packages/airflow/example_dags/example_branch_operator.py took 0.564 seconds
[2023-02-22T20:49:01.327+0000] {processor.py:153} INFO - Started process (PID=701) to work on /home/airflow/.local/lib/python3.7/site-packages/airflow/example_dags/example_branch_operator.py
[2023-02-22T20:49:01.330+0000] {processor.py:743} INFO - Processing file /home/airflow/.local/lib/python3.7/site-packages/airflow/example_dags/example_branch_operator.py for tasks to queue
[2023-02-22T20:49:01.331+0000] {logging_mixin.py:137} INFO - [2023-02-22T20:49:01.331+0000] {dagbag.py:538} INFO - Filling up the DagBag from /home/airflow/.local/lib/python3.7/site-packages/airflow/example_dags/example_branch_operator.py
[2023-02-22T20:49:01.427+0000] {processor.py:753} INFO - DAG(s) dict_keys(['example_branch_operator']) retrieved from /home/airflow/.local/lib/python3.7/site-packages/airflow/example_dags/example_branch_operator.py
[2023-02-22T20:49:01.578+0000] {logging_mixin.py:137} INFO - [2023-02-22T20:49:01.578+0000] {dag.py:2690} INFO - Sync 1 DAGs
[2023-02-22T20:49:01.692+0000] {logging_mixin.py:137} INFO - [2023-02-22T20:49:01.692+0000] {dag.py:3441} INFO - Setting next_dagrun for example_branch_operator to 2023-02-21T00:00:00+00:00, run_after=2023-02-22T00:00:00+00:00
[2023-02-22T20:49:01.879+0000] {processor.py:175} INFO - Processing /home/airflow/.local/lib/python3.7/site-packages/airflow/example_dags/example_branch_operator.py took 0.568 seconds
[2023-02-22T20:49:32.464+0000] {processor.py:153} INFO - Started process (PID=765) to work on /home/airflow/.local/lib/python3.7/site-packages/airflow/example_dags/example_branch_operator.py
[2023-02-22T20:49:32.477+0000] {processor.py:743} INFO - Processing file /home/airflow/.local/lib/python3.7/site-packages/airflow/example_dags/example_branch_operator.py for tasks to queue
[2023-02-22T20:49:32.478+0000] {logging_mixin.py:137} INFO - [2023-02-22T20:49:32.478+0000] {dagbag.py:538} INFO - Filling up the DagBag from /home/airflow/.local/lib/python3.7/site-packages/airflow/example_dags/example_branch_operator.py
[2023-02-22T20:49:32.591+0000] {processor.py:753} INFO - DAG(s) dict_keys(['example_branch_operator']) retrieved from /home/airflow/.local/lib/python3.7/site-packages/airflow/example_dags/example_branch_operator.py
[2023-02-22T20:49:32.725+0000] {logging_mixin.py:137} INFO - [2023-02-22T20:49:32.725+0000] {dag.py:2690} INFO - Sync 1 DAGs
[2023-02-22T20:49:32.931+0000] {logging_mixin.py:137} INFO - [2023-02-22T20:49:32.931+0000] {dag.py:3441} INFO - Setting next_dagrun for example_branch_operator to 2023-02-21T00:00:00+00:00, run_after=2023-02-22T00:00:00+00:00
[2023-02-22T20:49:33.073+0000] {processor.py:175} INFO - Processing /home/airflow/.local/lib/python3.7/site-packages/airflow/example_dags/example_branch_operator.py took 0.627 seconds
[2023-02-22T20:50:03.592+0000] {processor.py:153} INFO - Started process (PID=828) to work on /home/airflow/.local/lib/python3.7/site-packages/airflow/example_dags/example_branch_operator.py
[2023-02-22T20:50:03.604+0000] {processor.py:743} INFO - Processing file /home/airflow/.local/lib/python3.7/site-packages/airflow/example_dags/example_branch_operator.py for tasks to queue
[2023-02-22T20:50:03.605+0000] {logging_mixin.py:137} INFO - [2023-02-22T20:50:03.605+0000] {dagbag.py:538} INFO - Filling up the DagBag from /home/airflow/.local/lib/python3.7/site-packages/airflow/example_dags/example_branch_operator.py
[2023-02-22T20:50:03.693+0000] {processor.py:753} INFO - DAG(s) dict_keys(['example_branch_operator']) retrieved from /home/airflow/.local/lib/python3.7/site-packages/airflow/example_dags/example_branch_operator.py
[2023-02-22T20:50:03.768+0000] {logging_mixin.py:137} INFO - [2023-02-22T20:50:03.767+0000] {dag.py:2690} INFO - Sync 1 DAGs
[2023-02-22T20:50:03.973+0000] {logging_mixin.py:137} INFO - [2023-02-22T20:50:03.972+0000] {dag.py:3441} INFO - Setting next_dagrun for example_branch_operator to 2023-02-21T00:00:00+00:00, run_after=2023-02-22T00:00:00+00:00
[2023-02-22T20:50:04.181+0000] {processor.py:175} INFO - Processing /home/airflow/.local/lib/python3.7/site-packages/airflow/example_dags/example_branch_operator.py took 0.606 seconds
[2023-02-22T20:50:34.358+0000] {processor.py:153} INFO - Started process (PID=899) to work on /home/airflow/.local/lib/python3.7/site-packages/airflow/example_dags/example_branch_operator.py
[2023-02-22T20:50:34.359+0000] {processor.py:743} INFO - Processing file /home/airflow/.local/lib/python3.7/site-packages/airflow/example_dags/example_branch_operator.py for tasks to queue
[2023-02-22T20:50:34.371+0000] {logging_mixin.py:137} INFO - [2023-02-22T20:50:34.371+0000] {dagbag.py:538} INFO - Filling up the DagBag from /home/airflow/.local/lib/python3.7/site-packages/airflow/example_dags/example_branch_operator.py
[2023-02-22T20:50:34.455+0000] {processor.py:753} INFO - DAG(s) dict_keys(['example_branch_operator']) retrieved from /home/airflow/.local/lib/python3.7/site-packages/airflow/example_dags/example_branch_operator.py
[2023-02-22T20:50:34.581+0000] {logging_mixin.py:137} INFO - [2023-02-22T20:50:34.581+0000] {dag.py:2690} INFO - Sync 1 DAGs
[2023-02-22T20:50:34.725+0000] {logging_mixin.py:137} INFO - [2023-02-22T20:50:34.724+0000] {dag.py:3441} INFO - Setting next_dagrun for example_branch_operator to 2023-02-21T00:00:00+00:00, run_after=2023-02-22T00:00:00+00:00
[2023-02-22T20:50:34.821+0000] {processor.py:175} INFO - Processing /home/airflow/.local/lib/python3.7/site-packages/airflow/example_dags/example_branch_operator.py took 0.468 seconds
[2023-02-22T20:51:05.622+0000] {processor.py:153} INFO - Started process (PID=954) to work on /home/airflow/.local/lib/python3.7/site-packages/airflow/example_dags/example_branch_operator.py
[2023-02-22T20:51:05.624+0000] {processor.py:743} INFO - Processing file /home/airflow/.local/lib/python3.7/site-packages/airflow/example_dags/example_branch_operator.py for tasks to queue
[2023-02-22T20:51:05.626+0000] {logging_mixin.py:137} INFO - [2023-02-22T20:51:05.626+0000] {dagbag.py:538} INFO - Filling up the DagBag from /home/airflow/.local/lib/python3.7/site-packages/airflow/example_dags/example_branch_operator.py
[2023-02-22T20:51:05.650+0000] {processor.py:753} INFO - DAG(s) dict_keys(['example_branch_operator']) retrieved from /home/airflow/.local/lib/python3.7/site-packages/airflow/example_dags/example_branch_operator.py
[2023-02-22T20:51:05.680+0000] {logging_mixin.py:137} INFO - [2023-02-22T20:51:05.680+0000] {dag.py:2690} INFO - Sync 1 DAGs
[2023-02-22T20:51:05.714+0000] {logging_mixin.py:137} INFO - [2023-02-22T20:51:05.714+0000] {dag.py:3441} INFO - Setting next_dagrun for example_branch_operator to 2023-02-21T00:00:00+00:00, run_after=2023-02-22T00:00:00+00:00
[2023-02-22T20:51:05.738+0000] {processor.py:175} INFO - Processing /home/airflow/.local/lib/python3.7/site-packages/airflow/example_dags/example_branch_operator.py took 0.120 seconds
[2023-02-22T20:51:36.319+0000] {processor.py:153} INFO - Started process (PID=1042) to work on /home/airflow/.local/lib/python3.7/site-packages/airflow/example_dags/example_branch_operator.py
[2023-02-22T20:51:36.323+0000] {processor.py:743} INFO - Processing file /home/airflow/.local/lib/python3.7/site-packages/airflow/example_dags/example_branch_operator.py for tasks to queue
[2023-02-22T20:51:36.324+0000] {logging_mixin.py:137} INFO - [2023-02-22T20:51:36.323+0000] {dagbag.py:538} INFO - Filling up the DagBag from /home/airflow/.local/lib/python3.7/site-packages/airflow/example_dags/example_branch_operator.py
[2023-02-22T20:51:36.344+0000] {processor.py:753} INFO - DAG(s) dict_keys(['example_branch_operator']) retrieved from /home/airflow/.local/lib/python3.7/site-packages/airflow/example_dags/example_branch_operator.py
[2023-02-22T20:51:36.373+0000] {logging_mixin.py:137} INFO - [2023-02-22T20:51:36.373+0000] {dag.py:2690} INFO - Sync 1 DAGs
[2023-02-22T20:51:36.400+0000] {logging_mixin.py:137} INFO - [2023-02-22T20:51:36.400+0000] {dag.py:3441} INFO - Setting next_dagrun for example_branch_operator to 2023-02-21T00:00:00+00:00, run_after=2023-02-22T00:00:00+00:00
[2023-02-22T20:51:36.419+0000] {processor.py:175} INFO - Processing /home/airflow/.local/lib/python3.7/site-packages/airflow/example_dags/example_branch_operator.py took 0.103 seconds
[2023-02-22T20:52:06.651+0000] {processor.py:153} INFO - Started process (PID=1113) to work on /home/airflow/.local/lib/python3.7/site-packages/airflow/example_dags/example_branch_operator.py
[2023-02-22T20:52:06.652+0000] {processor.py:743} INFO - Processing file /home/airflow/.local/lib/python3.7/site-packages/airflow/example_dags/example_branch_operator.py for tasks to queue
[2023-02-22T20:52:06.653+0000] {logging_mixin.py:137} INFO - [2023-02-22T20:52:06.653+0000] {dagbag.py:538} INFO - Filling up the DagBag from /home/airflow/.local/lib/python3.7/site-packages/airflow/example_dags/example_branch_operator.py
[2023-02-22T20:52:06.680+0000] {processor.py:753} INFO - DAG(s) dict_keys(['example_branch_operator']) retrieved from /home/airflow/.local/lib/python3.7/site-packages/airflow/example_dags/example_branch_operator.py
[2023-02-22T20:52:06.722+0000] {logging_mixin.py:137} INFO - [2023-02-22T20:52:06.721+0000] {dag.py:2690} INFO - Sync 1 DAGs
[2023-02-22T20:52:06.769+0000] {logging_mixin.py:137} INFO - [2023-02-22T20:52:06.769+0000] {dag.py:3441} INFO - Setting next_dagrun for example_branch_operator to 2023-02-21T00:00:00+00:00, run_after=2023-02-22T00:00:00+00:00
[2023-02-22T20:52:06.799+0000] {processor.py:175} INFO - Processing /home/airflow/.local/lib/python3.7/site-packages/airflow/example_dags/example_branch_operator.py took 0.153 seconds
[2023-02-22T20:52:37.622+0000] {processor.py:153} INFO - Started process (PID=1200) to work on /home/airflow/.local/lib/python3.7/site-packages/airflow/example_dags/example_branch_operator.py
[2023-02-22T20:52:37.623+0000] {processor.py:743} INFO - Processing file /home/airflow/.local/lib/python3.7/site-packages/airflow/example_dags/example_branch_operator.py for tasks to queue
[2023-02-22T20:52:37.624+0000] {logging_mixin.py:137} INFO - [2023-02-22T20:52:37.624+0000] {dagbag.py:538} INFO - Filling up the DagBag from /home/airflow/.local/lib/python3.7/site-packages/airflow/example_dags/example_branch_operator.py
[2023-02-22T20:52:37.650+0000] {processor.py:753} INFO - DAG(s) dict_keys(['example_branch_operator']) retrieved from /home/airflow/.local/lib/python3.7/site-packages/airflow/example_dags/example_branch_operator.py
[2023-02-22T20:52:37.684+0000] {logging_mixin.py:137} INFO - [2023-02-22T20:52:37.684+0000] {dag.py:2690} INFO - Sync 1 DAGs
[2023-02-22T20:52:37.717+0000] {logging_mixin.py:137} INFO - [2023-02-22T20:52:37.717+0000] {dag.py:3441} INFO - Setting next_dagrun for example_branch_operator to 2023-02-21T00:00:00+00:00, run_after=2023-02-22T00:00:00+00:00
[2023-02-22T20:52:37.740+0000] {processor.py:175} INFO - Processing /home/airflow/.local/lib/python3.7/site-packages/airflow/example_dags/example_branch_operator.py took 0.122 seconds
[2023-02-22T20:53:08.294+0000] {processor.py:153} INFO - Started process (PID=1271) to work on /home/airflow/.local/lib/python3.7/site-packages/airflow/example_dags/example_branch_operator.py
[2023-02-22T20:53:08.295+0000] {processor.py:743} INFO - Processing file /home/airflow/.local/lib/python3.7/site-packages/airflow/example_dags/example_branch_operator.py for tasks to queue
[2023-02-22T20:53:08.296+0000] {logging_mixin.py:137} INFO - [2023-02-22T20:53:08.296+0000] {dagbag.py:538} INFO - Filling up the DagBag from /home/airflow/.local/lib/python3.7/site-packages/airflow/example_dags/example_branch_operator.py
[2023-02-22T20:53:08.321+0000] {processor.py:753} INFO - DAG(s) dict_keys(['example_branch_operator']) retrieved from /home/airflow/.local/lib/python3.7/site-packages/airflow/example_dags/example_branch_operator.py
[2023-02-22T20:53:08.359+0000] {logging_mixin.py:137} INFO - [2023-02-22T20:53:08.359+0000] {dag.py:2690} INFO - Sync 1 DAGs
[2023-02-22T20:53:08.400+0000] {logging_mixin.py:137} INFO - [2023-02-22T20:53:08.399+0000] {dag.py:3441} INFO - Setting next_dagrun for example_branch_operator to 2023-02-21T00:00:00+00:00, run_after=2023-02-22T00:00:00+00:00
[2023-02-22T20:53:08.422+0000] {processor.py:175} INFO - Processing /home/airflow/.local/lib/python3.7/site-packages/airflow/example_dags/example_branch_operator.py took 0.132 seconds
