[2023-02-22T20:44:23.088+0000] {processor.py:153} INFO - Started process (PID=101) to work on /home/airflow/.local/lib/python3.7/site-packages/airflow/example_dags/example_trigger_controller_dag.py
[2023-02-22T20:44:23.119+0000] {processor.py:743} INFO - Processing file /home/airflow/.local/lib/python3.7/site-packages/airflow/example_dags/example_trigger_controller_dag.py for tasks to queue
[2023-02-22T20:44:23.136+0000] {logging_mixin.py:137} INFO - [2023-02-22T20:44:23.131+0000] {dagbag.py:538} INFO - Filling up the DagBag from /home/airflow/.local/lib/python3.7/site-packages/airflow/example_dags/example_trigger_controller_dag.py
[2023-02-22T20:44:23.562+0000] {processor.py:753} INFO - DAG(s) dict_keys(['example_trigger_controller_dag']) retrieved from /home/airflow/.local/lib/python3.7/site-packages/airflow/example_dags/example_trigger_controller_dag.py
[2023-02-22T20:44:23.813+0000] {logging_mixin.py:137} INFO - [2023-02-22T20:44:23.813+0000] {dag.py:2690} INFO - Sync 1 DAGs
[2023-02-22T20:44:24.058+0000] {logging_mixin.py:137} INFO - [2023-02-22T20:44:24.057+0000] {dag.py:3441} INFO - Setting next_dagrun for example_trigger_controller_dag to 2021-01-01T00:00:00+00:00, run_after=2021-01-01T00:00:00+00:00
[2023-02-22T20:44:24.172+0000] {processor.py:175} INFO - Processing /home/airflow/.local/lib/python3.7/site-packages/airflow/example_dags/example_trigger_controller_dag.py took 1.568 seconds
[2023-02-22T20:44:54.849+0000] {processor.py:153} INFO - Started process (PID=156) to work on /home/airflow/.local/lib/python3.7/site-packages/airflow/example_dags/example_trigger_controller_dag.py
[2023-02-22T20:44:54.850+0000] {processor.py:743} INFO - Processing file /home/airflow/.local/lib/python3.7/site-packages/airflow/example_dags/example_trigger_controller_dag.py for tasks to queue
[2023-02-22T20:44:54.851+0000] {logging_mixin.py:137} INFO - [2023-02-22T20:44:54.851+0000] {dagbag.py:538} INFO - Filling up the DagBag from /home/airflow/.local/lib/python3.7/site-packages/airflow/example_dags/example_trigger_controller_dag.py
[2023-02-22T20:44:54.864+0000] {processor.py:753} INFO - DAG(s) dict_keys(['example_trigger_controller_dag']) retrieved from /home/airflow/.local/lib/python3.7/site-packages/airflow/example_dags/example_trigger_controller_dag.py
[2023-02-22T20:44:54.899+0000] {logging_mixin.py:137} INFO - [2023-02-22T20:44:54.898+0000] {dag.py:2690} INFO - Sync 1 DAGs
[2023-02-22T20:44:54.932+0000] {logging_mixin.py:137} INFO - [2023-02-22T20:44:54.931+0000] {dag.py:3441} INFO - Setting next_dagrun for example_trigger_controller_dag to 2021-01-01T00:00:00+00:00, run_after=2021-01-01T00:00:00+00:00
[2023-02-22T20:44:54.958+0000] {processor.py:175} INFO - Processing /home/airflow/.local/lib/python3.7/site-packages/airflow/example_dags/example_trigger_controller_dag.py took 0.114 seconds
[2023-02-22T20:45:25.109+0000] {processor.py:153} INFO - Started process (PID=228) to work on /home/airflow/.local/lib/python3.7/site-packages/airflow/example_dags/example_trigger_controller_dag.py
[2023-02-22T20:45:25.111+0000] {processor.py:743} INFO - Processing file /home/airflow/.local/lib/python3.7/site-packages/airflow/example_dags/example_trigger_controller_dag.py for tasks to queue
[2023-02-22T20:45:25.112+0000] {logging_mixin.py:137} INFO - [2023-02-22T20:45:25.111+0000] {dagbag.py:538} INFO - Filling up the DagBag from /home/airflow/.local/lib/python3.7/site-packages/airflow/example_dags/example_trigger_controller_dag.py
[2023-02-22T20:45:25.132+0000] {processor.py:753} INFO - DAG(s) dict_keys(['example_trigger_controller_dag']) retrieved from /home/airflow/.local/lib/python3.7/site-packages/airflow/example_dags/example_trigger_controller_dag.py
[2023-02-22T20:45:25.175+0000] {logging_mixin.py:137} INFO - [2023-02-22T20:45:25.175+0000] {dag.py:2690} INFO - Sync 1 DAGs
[2023-02-22T20:45:25.225+0000] {logging_mixin.py:137} INFO - [2023-02-22T20:45:25.225+0000] {dag.py:3441} INFO - Setting next_dagrun for example_trigger_controller_dag to 2021-01-01T00:00:00+00:00, run_after=2021-01-01T00:00:00+00:00
[2023-02-22T20:45:25.258+0000] {processor.py:175} INFO - Processing /home/airflow/.local/lib/python3.7/site-packages/airflow/example_dags/example_trigger_controller_dag.py took 0.156 seconds
[2023-02-22T20:45:55.875+0000] {processor.py:153} INFO - Started process (PID=299) to work on /home/airflow/.local/lib/python3.7/site-packages/airflow/example_dags/example_trigger_controller_dag.py
[2023-02-22T20:45:55.876+0000] {processor.py:743} INFO - Processing file /home/airflow/.local/lib/python3.7/site-packages/airflow/example_dags/example_trigger_controller_dag.py for tasks to queue
[2023-02-22T20:45:55.877+0000] {logging_mixin.py:137} INFO - [2023-02-22T20:45:55.877+0000] {dagbag.py:538} INFO - Filling up the DagBag from /home/airflow/.local/lib/python3.7/site-packages/airflow/example_dags/example_trigger_controller_dag.py
[2023-02-22T20:45:55.895+0000] {processor.py:753} INFO - DAG(s) dict_keys(['example_trigger_controller_dag']) retrieved from /home/airflow/.local/lib/python3.7/site-packages/airflow/example_dags/example_trigger_controller_dag.py
[2023-02-22T20:45:55.944+0000] {logging_mixin.py:137} INFO - [2023-02-22T20:45:55.943+0000] {dag.py:2690} INFO - Sync 1 DAGs
[2023-02-22T20:45:55.982+0000] {logging_mixin.py:137} INFO - [2023-02-22T20:45:55.982+0000] {dag.py:3441} INFO - Setting next_dagrun for example_trigger_controller_dag to 2021-01-01T00:00:00+00:00, run_after=2021-01-01T00:00:00+00:00
[2023-02-22T20:45:56.010+0000] {processor.py:175} INFO - Processing /home/airflow/.local/lib/python3.7/site-packages/airflow/example_dags/example_trigger_controller_dag.py took 0.140 seconds
[2023-02-22T20:46:26.584+0000] {processor.py:153} INFO - Started process (PID=370) to work on /home/airflow/.local/lib/python3.7/site-packages/airflow/example_dags/example_trigger_controller_dag.py
[2023-02-22T20:46:26.586+0000] {processor.py:743} INFO - Processing file /home/airflow/.local/lib/python3.7/site-packages/airflow/example_dags/example_trigger_controller_dag.py for tasks to queue
[2023-02-22T20:46:26.587+0000] {logging_mixin.py:137} INFO - [2023-02-22T20:46:26.587+0000] {dagbag.py:538} INFO - Filling up the DagBag from /home/airflow/.local/lib/python3.7/site-packages/airflow/example_dags/example_trigger_controller_dag.py
[2023-02-22T20:46:26.604+0000] {processor.py:753} INFO - DAG(s) dict_keys(['example_trigger_controller_dag']) retrieved from /home/airflow/.local/lib/python3.7/site-packages/airflow/example_dags/example_trigger_controller_dag.py
[2023-02-22T20:46:26.641+0000] {logging_mixin.py:137} INFO - [2023-02-22T20:46:26.641+0000] {dag.py:2690} INFO - Sync 1 DAGs
[2023-02-22T20:46:26.686+0000] {logging_mixin.py:137} INFO - [2023-02-22T20:46:26.686+0000] {dag.py:3441} INFO - Setting next_dagrun for example_trigger_controller_dag to 2021-01-01T00:00:00+00:00, run_after=2021-01-01T00:00:00+00:00
[2023-02-22T20:46:26.735+0000] {processor.py:175} INFO - Processing /home/airflow/.local/lib/python3.7/site-packages/airflow/example_dags/example_trigger_controller_dag.py took 0.155 seconds
[2023-02-22T20:46:57.052+0000] {processor.py:153} INFO - Started process (PID=448) to work on /home/airflow/.local/lib/python3.7/site-packages/airflow/example_dags/example_trigger_controller_dag.py
[2023-02-22T20:46:57.066+0000] {processor.py:743} INFO - Processing file /home/airflow/.local/lib/python3.7/site-packages/airflow/example_dags/example_trigger_controller_dag.py for tasks to queue
[2023-02-22T20:46:57.068+0000] {logging_mixin.py:137} INFO - [2023-02-22T20:46:57.067+0000] {dagbag.py:538} INFO - Filling up the DagBag from /home/airflow/.local/lib/python3.7/site-packages/airflow/example_dags/example_trigger_controller_dag.py
[2023-02-22T20:46:57.107+0000] {processor.py:753} INFO - DAG(s) dict_keys(['example_trigger_controller_dag']) retrieved from /home/airflow/.local/lib/python3.7/site-packages/airflow/example_dags/example_trigger_controller_dag.py
[2023-02-22T20:46:57.173+0000] {logging_mixin.py:137} INFO - [2023-02-22T20:46:57.173+0000] {dag.py:2690} INFO - Sync 1 DAGs
[2023-02-22T20:46:57.232+0000] {logging_mixin.py:137} INFO - [2023-02-22T20:46:57.232+0000] {dag.py:3441} INFO - Setting next_dagrun for example_trigger_controller_dag to 2021-01-01T00:00:00+00:00, run_after=2021-01-01T00:00:00+00:00
[2023-02-22T20:46:57.289+0000] {processor.py:175} INFO - Processing /home/airflow/.local/lib/python3.7/site-packages/airflow/example_dags/example_trigger_controller_dag.py took 0.249 seconds
[2023-02-22T20:47:27.378+0000] {processor.py:153} INFO - Started process (PID=512) to work on /home/airflow/.local/lib/python3.7/site-packages/airflow/example_dags/example_trigger_controller_dag.py
[2023-02-22T20:47:27.394+0000] {processor.py:743} INFO - Processing file /home/airflow/.local/lib/python3.7/site-packages/airflow/example_dags/example_trigger_controller_dag.py for tasks to queue
[2023-02-22T20:47:27.396+0000] {logging_mixin.py:137} INFO - [2023-02-22T20:47:27.395+0000] {dagbag.py:538} INFO - Filling up the DagBag from /home/airflow/.local/lib/python3.7/site-packages/airflow/example_dags/example_trigger_controller_dag.py
[2023-02-22T20:47:27.425+0000] {processor.py:753} INFO - DAG(s) dict_keys(['example_trigger_controller_dag']) retrieved from /home/airflow/.local/lib/python3.7/site-packages/airflow/example_dags/example_trigger_controller_dag.py
[2023-02-22T20:47:27.501+0000] {logging_mixin.py:137} INFO - [2023-02-22T20:47:27.501+0000] {dag.py:2690} INFO - Sync 1 DAGs
[2023-02-22T20:47:27.587+0000] {logging_mixin.py:137} INFO - [2023-02-22T20:47:27.587+0000] {dag.py:3441} INFO - Setting next_dagrun for example_trigger_controller_dag to 2021-01-01T00:00:00+00:00, run_after=2021-01-01T00:00:00+00:00
[2023-02-22T20:47:27.652+0000] {processor.py:175} INFO - Processing /home/airflow/.local/lib/python3.7/site-packages/airflow/example_dags/example_trigger_controller_dag.py took 0.283 seconds
[2023-02-22T20:48:01.606+0000] {processor.py:153} INFO - Started process (PID=583) to work on /home/airflow/.local/lib/python3.7/site-packages/airflow/example_dags/example_trigger_controller_dag.py
[2023-02-22T20:48:01.635+0000] {processor.py:743} INFO - Processing file /home/airflow/.local/lib/python3.7/site-packages/airflow/example_dags/example_trigger_controller_dag.py for tasks to queue
[2023-02-22T20:48:01.636+0000] {logging_mixin.py:137} INFO - [2023-02-22T20:48:01.636+0000] {dagbag.py:538} INFO - Filling up the DagBag from /home/airflow/.local/lib/python3.7/site-packages/airflow/example_dags/example_trigger_controller_dag.py
[2023-02-22T20:48:01.688+0000] {processor.py:753} INFO - DAG(s) dict_keys(['example_trigger_controller_dag']) retrieved from /home/airflow/.local/lib/python3.7/site-packages/airflow/example_dags/example_trigger_controller_dag.py
[2023-02-22T20:48:01.837+0000] {logging_mixin.py:137} INFO - [2023-02-22T20:48:01.836+0000] {dag.py:2690} INFO - Sync 1 DAGs
[2023-02-22T20:48:02.003+0000] {logging_mixin.py:137} INFO - [2023-02-22T20:48:02.003+0000] {dag.py:3441} INFO - Setting next_dagrun for example_trigger_controller_dag to 2021-01-01T00:00:00+00:00, run_after=2021-01-01T00:00:00+00:00
[2023-02-22T20:48:02.142+0000] {processor.py:175} INFO - Processing /home/airflow/.local/lib/python3.7/site-packages/airflow/example_dags/example_trigger_controller_dag.py took 0.542 seconds
[2023-02-22T20:48:32.612+0000] {processor.py:153} INFO - Started process (PID=647) to work on /home/airflow/.local/lib/python3.7/site-packages/airflow/example_dags/example_trigger_controller_dag.py
[2023-02-22T20:48:32.614+0000] {processor.py:743} INFO - Processing file /home/airflow/.local/lib/python3.7/site-packages/airflow/example_dags/example_trigger_controller_dag.py for tasks to queue
[2023-02-22T20:48:32.626+0000] {logging_mixin.py:137} INFO - [2023-02-22T20:48:32.625+0000] {dagbag.py:538} INFO - Filling up the DagBag from /home/airflow/.local/lib/python3.7/site-packages/airflow/example_dags/example_trigger_controller_dag.py
[2023-02-22T20:48:32.691+0000] {processor.py:753} INFO - DAG(s) dict_keys(['example_trigger_controller_dag']) retrieved from /home/airflow/.local/lib/python3.7/site-packages/airflow/example_dags/example_trigger_controller_dag.py
[2023-02-22T20:48:32.819+0000] {logging_mixin.py:137} INFO - [2023-02-22T20:48:32.819+0000] {dag.py:2690} INFO - Sync 1 DAGs
[2023-02-22T20:48:32.979+0000] {logging_mixin.py:137} INFO - [2023-02-22T20:48:32.978+0000] {dag.py:3441} INFO - Setting next_dagrun for example_trigger_controller_dag to 2021-01-01T00:00:00+00:00, run_after=2021-01-01T00:00:00+00:00
[2023-02-22T20:48:33.099+0000] {processor.py:175} INFO - Processing /home/airflow/.local/lib/python3.7/site-packages/airflow/example_dags/example_trigger_controller_dag.py took 0.505 seconds
[2023-02-22T20:49:04.481+0000] {processor.py:153} INFO - Started process (PID=709) to work on /home/airflow/.local/lib/python3.7/site-packages/airflow/example_dags/example_trigger_controller_dag.py
[2023-02-22T20:49:04.508+0000] {processor.py:743} INFO - Processing file /home/airflow/.local/lib/python3.7/site-packages/airflow/example_dags/example_trigger_controller_dag.py for tasks to queue
[2023-02-22T20:49:04.510+0000] {logging_mixin.py:137} INFO - [2023-02-22T20:49:04.509+0000] {dagbag.py:538} INFO - Filling up the DagBag from /home/airflow/.local/lib/python3.7/site-packages/airflow/example_dags/example_trigger_controller_dag.py
[2023-02-22T20:49:04.578+0000] {processor.py:753} INFO - DAG(s) dict_keys(['example_trigger_controller_dag']) retrieved from /home/airflow/.local/lib/python3.7/site-packages/airflow/example_dags/example_trigger_controller_dag.py
[2023-02-22T20:49:04.705+0000] {logging_mixin.py:137} INFO - [2023-02-22T20:49:04.693+0000] {dag.py:2690} INFO - Sync 1 DAGs
[2023-02-22T20:49:04.856+0000] {logging_mixin.py:137} INFO - [2023-02-22T20:49:04.856+0000] {dag.py:3441} INFO - Setting next_dagrun for example_trigger_controller_dag to 2021-01-01T00:00:00+00:00, run_after=2021-01-01T00:00:00+00:00
[2023-02-22T20:49:04.961+0000] {processor.py:175} INFO - Processing /home/airflow/.local/lib/python3.7/site-packages/airflow/example_dags/example_trigger_controller_dag.py took 0.495 seconds
[2023-02-22T20:49:35.370+0000] {processor.py:153} INFO - Started process (PID=773) to work on /home/airflow/.local/lib/python3.7/site-packages/airflow/example_dags/example_trigger_controller_dag.py
[2023-02-22T20:49:35.383+0000] {processor.py:743} INFO - Processing file /home/airflow/.local/lib/python3.7/site-packages/airflow/example_dags/example_trigger_controller_dag.py for tasks to queue
[2023-02-22T20:49:35.385+0000] {logging_mixin.py:137} INFO - [2023-02-22T20:49:35.384+0000] {dagbag.py:538} INFO - Filling up the DagBag from /home/airflow/.local/lib/python3.7/site-packages/airflow/example_dags/example_trigger_controller_dag.py
[2023-02-22T20:49:35.481+0000] {processor.py:753} INFO - DAG(s) dict_keys(['example_trigger_controller_dag']) retrieved from /home/airflow/.local/lib/python3.7/site-packages/airflow/example_dags/example_trigger_controller_dag.py
[2023-02-22T20:49:35.876+0000] {logging_mixin.py:137} INFO - [2023-02-22T20:49:35.876+0000] {dag.py:2690} INFO - Sync 1 DAGs
[2023-02-22T20:49:36.040+0000] {logging_mixin.py:137} INFO - [2023-02-22T20:49:36.039+0000] {dag.py:3441} INFO - Setting next_dagrun for example_trigger_controller_dag to 2021-01-01T00:00:00+00:00, run_after=2021-01-01T00:00:00+00:00
[2023-02-22T20:49:36.210+0000] {processor.py:175} INFO - Processing /home/airflow/.local/lib/python3.7/site-packages/airflow/example_dags/example_trigger_controller_dag.py took 0.869 seconds
[2023-02-22T20:50:07.088+0000] {processor.py:153} INFO - Started process (PID=836) to work on /home/airflow/.local/lib/python3.7/site-packages/airflow/example_dags/example_trigger_controller_dag.py
[2023-02-22T20:50:07.104+0000] {processor.py:743} INFO - Processing file /home/airflow/.local/lib/python3.7/site-packages/airflow/example_dags/example_trigger_controller_dag.py for tasks to queue
[2023-02-22T20:50:07.105+0000] {logging_mixin.py:137} INFO - [2023-02-22T20:50:07.105+0000] {dagbag.py:538} INFO - Filling up the DagBag from /home/airflow/.local/lib/python3.7/site-packages/airflow/example_dags/example_trigger_controller_dag.py
[2023-02-22T20:50:07.155+0000] {processor.py:753} INFO - DAG(s) dict_keys(['example_trigger_controller_dag']) retrieved from /home/airflow/.local/lib/python3.7/site-packages/airflow/example_dags/example_trigger_controller_dag.py
[2023-02-22T20:50:07.292+0000] {logging_mixin.py:137} INFO - [2023-02-22T20:50:07.292+0000] {dag.py:2690} INFO - Sync 1 DAGs
[2023-02-22T20:50:07.440+0000] {logging_mixin.py:137} INFO - [2023-02-22T20:50:07.439+0000] {dag.py:3441} INFO - Setting next_dagrun for example_trigger_controller_dag to 2021-01-01T00:00:00+00:00, run_after=2021-01-01T00:00:00+00:00
[2023-02-22T20:50:07.546+0000] {processor.py:175} INFO - Processing /home/airflow/.local/lib/python3.7/site-packages/airflow/example_dags/example_trigger_controller_dag.py took 0.472 seconds
[2023-02-22T20:50:37.676+0000] {processor.py:153} INFO - Started process (PID=906) to work on /home/airflow/.local/lib/python3.7/site-packages/airflow/example_dags/example_trigger_controller_dag.py
[2023-02-22T20:50:37.678+0000] {processor.py:743} INFO - Processing file /home/airflow/.local/lib/python3.7/site-packages/airflow/example_dags/example_trigger_controller_dag.py for tasks to queue
[2023-02-22T20:50:37.679+0000] {logging_mixin.py:137} INFO - [2023-02-22T20:50:37.679+0000] {dagbag.py:538} INFO - Filling up the DagBag from /home/airflow/.local/lib/python3.7/site-packages/airflow/example_dags/example_trigger_controller_dag.py
[2023-02-22T20:50:37.718+0000] {processor.py:753} INFO - DAG(s) dict_keys(['example_trigger_controller_dag']) retrieved from /home/airflow/.local/lib/python3.7/site-packages/airflow/example_dags/example_trigger_controller_dag.py
[2023-02-22T20:50:37.860+0000] {logging_mixin.py:137} INFO - [2023-02-22T20:50:37.860+0000] {dag.py:2690} INFO - Sync 1 DAGs
[2023-02-22T20:50:37.984+0000] {logging_mixin.py:137} INFO - [2023-02-22T20:50:37.984+0000] {dag.py:3441} INFO - Setting next_dagrun for example_trigger_controller_dag to 2021-01-01T00:00:00+00:00, run_after=2021-01-01T00:00:00+00:00
[2023-02-22T20:50:38.080+0000] {processor.py:175} INFO - Processing /home/airflow/.local/lib/python3.7/site-packages/airflow/example_dags/example_trigger_controller_dag.py took 0.433 seconds
[2023-02-22T20:51:08.829+0000] {processor.py:153} INFO - Started process (PID=979) to work on /home/airflow/.local/lib/python3.7/site-packages/airflow/example_dags/example_trigger_controller_dag.py
[2023-02-22T20:51:08.830+0000] {processor.py:743} INFO - Processing file /home/airflow/.local/lib/python3.7/site-packages/airflow/example_dags/example_trigger_controller_dag.py for tasks to queue
[2023-02-22T20:51:08.831+0000] {logging_mixin.py:137} INFO - [2023-02-22T20:51:08.831+0000] {dagbag.py:538} INFO - Filling up the DagBag from /home/airflow/.local/lib/python3.7/site-packages/airflow/example_dags/example_trigger_controller_dag.py
[2023-02-22T20:51:08.848+0000] {processor.py:753} INFO - DAG(s) dict_keys(['example_trigger_controller_dag']) retrieved from /home/airflow/.local/lib/python3.7/site-packages/airflow/example_dags/example_trigger_controller_dag.py
[2023-02-22T20:51:08.882+0000] {logging_mixin.py:137} INFO - [2023-02-22T20:51:08.881+0000] {dag.py:2690} INFO - Sync 1 DAGs
[2023-02-22T20:51:08.914+0000] {logging_mixin.py:137} INFO - [2023-02-22T20:51:08.914+0000] {dag.py:3441} INFO - Setting next_dagrun for example_trigger_controller_dag to 2021-01-01T00:00:00+00:00, run_after=2021-01-01T00:00:00+00:00
[2023-02-22T20:51:08.940+0000] {processor.py:175} INFO - Processing /home/airflow/.local/lib/python3.7/site-packages/airflow/example_dags/example_trigger_controller_dag.py took 0.116 seconds
[2023-02-22T20:51:39.595+0000] {processor.py:153} INFO - Started process (PID=1050) to work on /home/airflow/.local/lib/python3.7/site-packages/airflow/example_dags/example_trigger_controller_dag.py
[2023-02-22T20:51:39.596+0000] {processor.py:743} INFO - Processing file /home/airflow/.local/lib/python3.7/site-packages/airflow/example_dags/example_trigger_controller_dag.py for tasks to queue
[2023-02-22T20:51:39.597+0000] {logging_mixin.py:137} INFO - [2023-02-22T20:51:39.596+0000] {dagbag.py:538} INFO - Filling up the DagBag from /home/airflow/.local/lib/python3.7/site-packages/airflow/example_dags/example_trigger_controller_dag.py
[2023-02-22T20:51:39.606+0000] {processor.py:753} INFO - DAG(s) dict_keys(['example_trigger_controller_dag']) retrieved from /home/airflow/.local/lib/python3.7/site-packages/airflow/example_dags/example_trigger_controller_dag.py
[2023-02-22T20:51:39.651+0000] {logging_mixin.py:137} INFO - [2023-02-22T20:51:39.650+0000] {dag.py:2690} INFO - Sync 1 DAGs
[2023-02-22T20:51:39.690+0000] {logging_mixin.py:137} INFO - [2023-02-22T20:51:39.689+0000] {dag.py:3441} INFO - Setting next_dagrun for example_trigger_controller_dag to 2021-01-01T00:00:00+00:00, run_after=2021-01-01T00:00:00+00:00
[2023-02-22T20:51:39.718+0000] {processor.py:175} INFO - Processing /home/airflow/.local/lib/python3.7/site-packages/airflow/example_dags/example_trigger_controller_dag.py took 0.126 seconds
[2023-02-22T20:52:10.038+0000] {processor.py:153} INFO - Started process (PID=1128) to work on /home/airflow/.local/lib/python3.7/site-packages/airflow/example_dags/example_trigger_controller_dag.py
[2023-02-22T20:52:10.039+0000] {processor.py:743} INFO - Processing file /home/airflow/.local/lib/python3.7/site-packages/airflow/example_dags/example_trigger_controller_dag.py for tasks to queue
[2023-02-22T20:52:10.040+0000] {logging_mixin.py:137} INFO - [2023-02-22T20:52:10.039+0000] {dagbag.py:538} INFO - Filling up the DagBag from /home/airflow/.local/lib/python3.7/site-packages/airflow/example_dags/example_trigger_controller_dag.py
[2023-02-22T20:52:10.050+0000] {processor.py:753} INFO - DAG(s) dict_keys(['example_trigger_controller_dag']) retrieved from /home/airflow/.local/lib/python3.7/site-packages/airflow/example_dags/example_trigger_controller_dag.py
[2023-02-22T20:52:10.080+0000] {logging_mixin.py:137} INFO - [2023-02-22T20:52:10.079+0000] {dag.py:2690} INFO - Sync 1 DAGs
[2023-02-22T20:52:10.108+0000] {logging_mixin.py:137} INFO - [2023-02-22T20:52:10.108+0000] {dag.py:3441} INFO - Setting next_dagrun for example_trigger_controller_dag to 2021-01-01T00:00:00+00:00, run_after=2021-01-01T00:00:00+00:00
[2023-02-22T20:52:10.130+0000] {processor.py:175} INFO - Processing /home/airflow/.local/lib/python3.7/site-packages/airflow/example_dags/example_trigger_controller_dag.py took 0.096 seconds
[2023-02-22T20:52:40.994+0000] {processor.py:153} INFO - Started process (PID=1208) to work on /home/airflow/.local/lib/python3.7/site-packages/airflow/example_dags/example_trigger_controller_dag.py
[2023-02-22T20:52:40.995+0000] {processor.py:743} INFO - Processing file /home/airflow/.local/lib/python3.7/site-packages/airflow/example_dags/example_trigger_controller_dag.py for tasks to queue
[2023-02-22T20:52:40.995+0000] {logging_mixin.py:137} INFO - [2023-02-22T20:52:40.995+0000] {dagbag.py:538} INFO - Filling up the DagBag from /home/airflow/.local/lib/python3.7/site-packages/airflow/example_dags/example_trigger_controller_dag.py
[2023-02-22T20:52:41.004+0000] {processor.py:753} INFO - DAG(s) dict_keys(['example_trigger_controller_dag']) retrieved from /home/airflow/.local/lib/python3.7/site-packages/airflow/example_dags/example_trigger_controller_dag.py
[2023-02-22T20:52:41.028+0000] {logging_mixin.py:137} INFO - [2023-02-22T20:52:41.027+0000] {dag.py:2690} INFO - Sync 1 DAGs
[2023-02-22T20:52:41.049+0000] {logging_mixin.py:137} INFO - [2023-02-22T20:52:41.049+0000] {dag.py:3441} INFO - Setting next_dagrun for example_trigger_controller_dag to 2021-01-01T00:00:00+00:00, run_after=2021-01-01T00:00:00+00:00
[2023-02-22T20:52:41.068+0000] {processor.py:175} INFO - Processing /home/airflow/.local/lib/python3.7/site-packages/airflow/example_dags/example_trigger_controller_dag.py took 0.077 seconds
[2023-02-22T20:53:11.341+0000] {processor.py:153} INFO - Started process (PID=1279) to work on /home/airflow/.local/lib/python3.7/site-packages/airflow/example_dags/example_trigger_controller_dag.py
[2023-02-22T20:53:11.342+0000] {processor.py:743} INFO - Processing file /home/airflow/.local/lib/python3.7/site-packages/airflow/example_dags/example_trigger_controller_dag.py for tasks to queue
[2023-02-22T20:53:11.343+0000] {logging_mixin.py:137} INFO - [2023-02-22T20:53:11.343+0000] {dagbag.py:538} INFO - Filling up the DagBag from /home/airflow/.local/lib/python3.7/site-packages/airflow/example_dags/example_trigger_controller_dag.py
[2023-02-22T20:53:11.366+0000] {processor.py:753} INFO - DAG(s) dict_keys(['example_trigger_controller_dag']) retrieved from /home/airflow/.local/lib/python3.7/site-packages/airflow/example_dags/example_trigger_controller_dag.py
[2023-02-22T20:53:11.423+0000] {logging_mixin.py:137} INFO - [2023-02-22T20:53:11.422+0000] {dag.py:2690} INFO - Sync 1 DAGs
[2023-02-22T20:53:11.482+0000] {logging_mixin.py:137} INFO - [2023-02-22T20:53:11.481+0000] {dag.py:3441} INFO - Setting next_dagrun for example_trigger_controller_dag to 2021-01-01T00:00:00+00:00, run_after=2021-01-01T00:00:00+00:00
[2023-02-22T20:53:11.516+0000] {processor.py:175} INFO - Processing /home/airflow/.local/lib/python3.7/site-packages/airflow/example_dags/example_trigger_controller_dag.py took 0.180 seconds
