[2023-02-22T20:44:17.532+0000] {processor.py:153} INFO - Started process (PID=74) to work on /home/airflow/.local/lib/python3.7/site-packages/airflow/example_dags/example_sensor_decorator.py
[2023-02-22T20:44:17.534+0000] {processor.py:743} INFO - Processing file /home/airflow/.local/lib/python3.7/site-packages/airflow/example_dags/example_sensor_decorator.py for tasks to queue
[2023-02-22T20:44:17.535+0000] {logging_mixin.py:137} INFO - [2023-02-22T20:44:17.535+0000] {dagbag.py:538} INFO - Filling up the DagBag from /home/airflow/.local/lib/python3.7/site-packages/airflow/example_dags/example_sensor_decorator.py
[2023-02-22T20:44:17.593+0000] {processor.py:753} INFO - DAG(s) dict_keys(['example_sensor_decorator']) retrieved from /home/airflow/.local/lib/python3.7/site-packages/airflow/example_dags/example_sensor_decorator.py
[2023-02-22T20:44:17.686+0000] {logging_mixin.py:137} INFO - [2023-02-22T20:44:17.685+0000] {dag.py:2690} INFO - Sync 1 DAGs
[2023-02-22T20:44:17.783+0000] {logging_mixin.py:137} INFO - [2023-02-22T20:44:17.783+0000] {dag.py:3441} INFO - Setting next_dagrun for example_sensor_decorator to None, run_after=None
[2023-02-22T20:44:17.875+0000] {processor.py:175} INFO - Processing /home/airflow/.local/lib/python3.7/site-packages/airflow/example_dags/example_sensor_decorator.py took 0.354 seconds
[2023-02-22T20:44:49.131+0000] {processor.py:153} INFO - Started process (PID=139) to work on /home/airflow/.local/lib/python3.7/site-packages/airflow/example_dags/example_sensor_decorator.py
[2023-02-22T20:44:49.133+0000] {processor.py:743} INFO - Processing file /home/airflow/.local/lib/python3.7/site-packages/airflow/example_dags/example_sensor_decorator.py for tasks to queue
[2023-02-22T20:44:49.134+0000] {logging_mixin.py:137} INFO - [2023-02-22T20:44:49.134+0000] {dagbag.py:538} INFO - Filling up the DagBag from /home/airflow/.local/lib/python3.7/site-packages/airflow/example_dags/example_sensor_decorator.py
[2023-02-22T20:44:49.170+0000] {processor.py:753} INFO - DAG(s) dict_keys(['example_sensor_decorator']) retrieved from /home/airflow/.local/lib/python3.7/site-packages/airflow/example_dags/example_sensor_decorator.py
[2023-02-22T20:44:49.209+0000] {logging_mixin.py:137} INFO - [2023-02-22T20:44:49.209+0000] {dag.py:2690} INFO - Sync 1 DAGs
[2023-02-22T20:44:49.254+0000] {logging_mixin.py:137} INFO - [2023-02-22T20:44:49.254+0000] {dag.py:3441} INFO - Setting next_dagrun for example_sensor_decorator to None, run_after=None
[2023-02-22T20:44:49.289+0000] {processor.py:175} INFO - Processing /home/airflow/.local/lib/python3.7/site-packages/airflow/example_dags/example_sensor_decorator.py took 0.163 seconds
[2023-02-22T20:45:20.393+0000] {processor.py:153} INFO - Started process (PID=211) to work on /home/airflow/.local/lib/python3.7/site-packages/airflow/example_dags/example_sensor_decorator.py
[2023-02-22T20:45:20.394+0000] {processor.py:743} INFO - Processing file /home/airflow/.local/lib/python3.7/site-packages/airflow/example_dags/example_sensor_decorator.py for tasks to queue
[2023-02-22T20:45:20.395+0000] {logging_mixin.py:137} INFO - [2023-02-22T20:45:20.395+0000] {dagbag.py:538} INFO - Filling up the DagBag from /home/airflow/.local/lib/python3.7/site-packages/airflow/example_dags/example_sensor_decorator.py
[2023-02-22T20:45:20.431+0000] {processor.py:753} INFO - DAG(s) dict_keys(['example_sensor_decorator']) retrieved from /home/airflow/.local/lib/python3.7/site-packages/airflow/example_dags/example_sensor_decorator.py
[2023-02-22T20:45:20.468+0000] {logging_mixin.py:137} INFO - [2023-02-22T20:45:20.467+0000] {dag.py:2690} INFO - Sync 1 DAGs
[2023-02-22T20:45:20.503+0000] {logging_mixin.py:137} INFO - [2023-02-22T20:45:20.503+0000] {dag.py:3441} INFO - Setting next_dagrun for example_sensor_decorator to None, run_after=None
[2023-02-22T20:45:20.531+0000] {processor.py:175} INFO - Processing /home/airflow/.local/lib/python3.7/site-packages/airflow/example_dags/example_sensor_decorator.py took 0.143 seconds
[2023-02-22T20:45:50.744+0000] {processor.py:153} INFO - Started process (PID=282) to work on /home/airflow/.local/lib/python3.7/site-packages/airflow/example_dags/example_sensor_decorator.py
[2023-02-22T20:45:50.747+0000] {processor.py:743} INFO - Processing file /home/airflow/.local/lib/python3.7/site-packages/airflow/example_dags/example_sensor_decorator.py for tasks to queue
[2023-02-22T20:45:50.748+0000] {logging_mixin.py:137} INFO - [2023-02-22T20:45:50.748+0000] {dagbag.py:538} INFO - Filling up the DagBag from /home/airflow/.local/lib/python3.7/site-packages/airflow/example_dags/example_sensor_decorator.py
[2023-02-22T20:45:50.824+0000] {processor.py:753} INFO - DAG(s) dict_keys(['example_sensor_decorator']) retrieved from /home/airflow/.local/lib/python3.7/site-packages/airflow/example_dags/example_sensor_decorator.py
[2023-02-22T20:45:50.874+0000] {logging_mixin.py:137} INFO - [2023-02-22T20:45:50.874+0000] {dag.py:2690} INFO - Sync 1 DAGs
[2023-02-22T20:45:50.920+0000] {logging_mixin.py:137} INFO - [2023-02-22T20:45:50.919+0000] {dag.py:3441} INFO - Setting next_dagrun for example_sensor_decorator to None, run_after=None
[2023-02-22T20:45:50.959+0000] {processor.py:175} INFO - Processing /home/airflow/.local/lib/python3.7/site-packages/airflow/example_dags/example_sensor_decorator.py took 0.221 seconds
[2023-02-22T20:46:21.985+0000] {processor.py:153} INFO - Started process (PID=353) to work on /home/airflow/.local/lib/python3.7/site-packages/airflow/example_dags/example_sensor_decorator.py
[2023-02-22T20:46:21.992+0000] {processor.py:743} INFO - Processing file /home/airflow/.local/lib/python3.7/site-packages/airflow/example_dags/example_sensor_decorator.py for tasks to queue
[2023-02-22T20:46:21.993+0000] {logging_mixin.py:137} INFO - [2023-02-22T20:46:21.993+0000] {dagbag.py:538} INFO - Filling up the DagBag from /home/airflow/.local/lib/python3.7/site-packages/airflow/example_dags/example_sensor_decorator.py
[2023-02-22T20:46:22.046+0000] {processor.py:753} INFO - DAG(s) dict_keys(['example_sensor_decorator']) retrieved from /home/airflow/.local/lib/python3.7/site-packages/airflow/example_dags/example_sensor_decorator.py
[2023-02-22T20:46:22.088+0000] {logging_mixin.py:137} INFO - [2023-02-22T20:46:22.088+0000] {dag.py:2690} INFO - Sync 1 DAGs
[2023-02-22T20:46:22.133+0000] {logging_mixin.py:137} INFO - [2023-02-22T20:46:22.132+0000] {dag.py:3441} INFO - Setting next_dagrun for example_sensor_decorator to None, run_after=None
[2023-02-22T20:46:22.175+0000] {processor.py:175} INFO - Processing /home/airflow/.local/lib/python3.7/site-packages/airflow/example_dags/example_sensor_decorator.py took 0.198 seconds
[2023-02-22T20:46:52.376+0000] {processor.py:153} INFO - Started process (PID=424) to work on /home/airflow/.local/lib/python3.7/site-packages/airflow/example_dags/example_sensor_decorator.py
[2023-02-22T20:46:52.378+0000] {processor.py:743} INFO - Processing file /home/airflow/.local/lib/python3.7/site-packages/airflow/example_dags/example_sensor_decorator.py for tasks to queue
[2023-02-22T20:46:52.378+0000] {logging_mixin.py:137} INFO - [2023-02-22T20:46:52.378+0000] {dagbag.py:538} INFO - Filling up the DagBag from /home/airflow/.local/lib/python3.7/site-packages/airflow/example_dags/example_sensor_decorator.py
[2023-02-22T20:46:52.424+0000] {processor.py:753} INFO - DAG(s) dict_keys(['example_sensor_decorator']) retrieved from /home/airflow/.local/lib/python3.7/site-packages/airflow/example_dags/example_sensor_decorator.py
[2023-02-22T20:46:52.462+0000] {logging_mixin.py:137} INFO - [2023-02-22T20:46:52.462+0000] {dag.py:2690} INFO - Sync 1 DAGs
[2023-02-22T20:46:52.512+0000] {logging_mixin.py:137} INFO - [2023-02-22T20:46:52.512+0000] {dag.py:3441} INFO - Setting next_dagrun for example_sensor_decorator to None, run_after=None
[2023-02-22T20:46:52.550+0000] {processor.py:175} INFO - Processing /home/airflow/.local/lib/python3.7/site-packages/airflow/example_dags/example_sensor_decorator.py took 0.180 seconds
[2023-02-22T20:47:24.479+0000] {processor.py:153} INFO - Started process (PID=495) to work on /home/airflow/.local/lib/python3.7/site-packages/airflow/example_dags/example_sensor_decorator.py
[2023-02-22T20:47:24.482+0000] {processor.py:743} INFO - Processing file /home/airflow/.local/lib/python3.7/site-packages/airflow/example_dags/example_sensor_decorator.py for tasks to queue
[2023-02-22T20:47:24.483+0000] {logging_mixin.py:137} INFO - [2023-02-22T20:47:24.483+0000] {dagbag.py:538} INFO - Filling up the DagBag from /home/airflow/.local/lib/python3.7/site-packages/airflow/example_dags/example_sensor_decorator.py
[2023-02-22T20:47:24.542+0000] {processor.py:753} INFO - DAG(s) dict_keys(['example_sensor_decorator']) retrieved from /home/airflow/.local/lib/python3.7/site-packages/airflow/example_dags/example_sensor_decorator.py
[2023-02-22T20:47:24.598+0000] {logging_mixin.py:137} INFO - [2023-02-22T20:47:24.598+0000] {dag.py:2690} INFO - Sync 1 DAGs
[2023-02-22T20:47:24.675+0000] {logging_mixin.py:137} INFO - [2023-02-22T20:47:24.675+0000] {dag.py:3441} INFO - Setting next_dagrun for example_sensor_decorator to None, run_after=None
[2023-02-22T20:47:24.735+0000] {processor.py:175} INFO - Processing /home/airflow/.local/lib/python3.7/site-packages/airflow/example_dags/example_sensor_decorator.py took 0.266 seconds
[2023-02-22T20:47:55.743+0000] {processor.py:153} INFO - Started process (PID=559) to work on /home/airflow/.local/lib/python3.7/site-packages/airflow/example_dags/example_sensor_decorator.py
[2023-02-22T20:47:55.835+0000] {processor.py:743} INFO - Processing file /home/airflow/.local/lib/python3.7/site-packages/airflow/example_dags/example_sensor_decorator.py for tasks to queue
[2023-02-22T20:47:55.837+0000] {logging_mixin.py:137} INFO - [2023-02-22T20:47:55.837+0000] {dagbag.py:538} INFO - Filling up the DagBag from /home/airflow/.local/lib/python3.7/site-packages/airflow/example_dags/example_sensor_decorator.py
[2023-02-22T20:47:56.013+0000] {processor.py:753} INFO - DAG(s) dict_keys(['example_sensor_decorator']) retrieved from /home/airflow/.local/lib/python3.7/site-packages/airflow/example_dags/example_sensor_decorator.py
[2023-02-22T20:47:56.121+0000] {logging_mixin.py:137} INFO - [2023-02-22T20:47:56.121+0000] {dag.py:2690} INFO - Sync 1 DAGs
[2023-02-22T20:47:56.287+0000] {logging_mixin.py:137} INFO - [2023-02-22T20:47:56.276+0000] {dag.py:3441} INFO - Setting next_dagrun for example_sensor_decorator to None, run_after=None
[2023-02-22T20:47:56.379+0000] {processor.py:175} INFO - Processing /home/airflow/.local/lib/python3.7/site-packages/airflow/example_dags/example_sensor_decorator.py took 0.652 seconds
[2023-02-22T20:48:27.016+0000] {processor.py:153} INFO - Started process (PID=621) to work on /home/airflow/.local/lib/python3.7/site-packages/airflow/example_dags/example_sensor_decorator.py
[2023-02-22T20:48:27.035+0000] {processor.py:743} INFO - Processing file /home/airflow/.local/lib/python3.7/site-packages/airflow/example_dags/example_sensor_decorator.py for tasks to queue
[2023-02-22T20:48:27.036+0000] {logging_mixin.py:137} INFO - [2023-02-22T20:48:27.036+0000] {dagbag.py:538} INFO - Filling up the DagBag from /home/airflow/.local/lib/python3.7/site-packages/airflow/example_dags/example_sensor_decorator.py
[2023-02-22T20:48:27.175+0000] {processor.py:753} INFO - DAG(s) dict_keys(['example_sensor_decorator']) retrieved from /home/airflow/.local/lib/python3.7/site-packages/airflow/example_dags/example_sensor_decorator.py
[2023-02-22T20:48:27.301+0000] {logging_mixin.py:137} INFO - [2023-02-22T20:48:27.301+0000] {dag.py:2690} INFO - Sync 1 DAGs
[2023-02-22T20:48:27.455+0000] {logging_mixin.py:137} INFO - [2023-02-22T20:48:27.454+0000] {dag.py:3441} INFO - Setting next_dagrun for example_sensor_decorator to None, run_after=None
[2023-02-22T20:48:27.609+0000] {processor.py:175} INFO - Processing /home/airflow/.local/lib/python3.7/site-packages/airflow/example_dags/example_sensor_decorator.py took 0.611 seconds
[2023-02-22T20:48:58.167+0000] {processor.py:153} INFO - Started process (PID=692) to work on /home/airflow/.local/lib/python3.7/site-packages/airflow/example_dags/example_sensor_decorator.py
[2023-02-22T20:48:58.179+0000] {processor.py:743} INFO - Processing file /home/airflow/.local/lib/python3.7/site-packages/airflow/example_dags/example_sensor_decorator.py for tasks to queue
[2023-02-22T20:48:58.181+0000] {logging_mixin.py:137} INFO - [2023-02-22T20:48:58.180+0000] {dagbag.py:538} INFO - Filling up the DagBag from /home/airflow/.local/lib/python3.7/site-packages/airflow/example_dags/example_sensor_decorator.py
[2023-02-22T20:48:58.308+0000] {processor.py:753} INFO - DAG(s) dict_keys(['example_sensor_decorator']) retrieved from /home/airflow/.local/lib/python3.7/site-packages/airflow/example_dags/example_sensor_decorator.py
[2023-02-22T20:48:58.397+0000] {logging_mixin.py:137} INFO - [2023-02-22T20:48:58.396+0000] {dag.py:2690} INFO - Sync 1 DAGs
[2023-02-22T20:48:58.509+0000] {logging_mixin.py:137} INFO - [2023-02-22T20:48:58.509+0000] {dag.py:3441} INFO - Setting next_dagrun for example_sensor_decorator to None, run_after=None
[2023-02-22T20:48:58.635+0000] {processor.py:175} INFO - Processing /home/airflow/.local/lib/python3.7/site-packages/airflow/example_dags/example_sensor_decorator.py took 0.486 seconds
[2023-02-22T20:49:29.510+0000] {processor.py:153} INFO - Started process (PID=747) to work on /home/airflow/.local/lib/python3.7/site-packages/airflow/example_dags/example_sensor_decorator.py
[2023-02-22T20:49:29.516+0000] {processor.py:743} INFO - Processing file /home/airflow/.local/lib/python3.7/site-packages/airflow/example_dags/example_sensor_decorator.py for tasks to queue
[2023-02-22T20:49:29.517+0000] {logging_mixin.py:137} INFO - [2023-02-22T20:49:29.517+0000] {dagbag.py:538} INFO - Filling up the DagBag from /home/airflow/.local/lib/python3.7/site-packages/airflow/example_dags/example_sensor_decorator.py
[2023-02-22T20:49:29.668+0000] {processor.py:753} INFO - DAG(s) dict_keys(['example_sensor_decorator']) retrieved from /home/airflow/.local/lib/python3.7/site-packages/airflow/example_dags/example_sensor_decorator.py
[2023-02-22T20:49:29.782+0000] {logging_mixin.py:137} INFO - [2023-02-22T20:49:29.781+0000] {dag.py:2690} INFO - Sync 1 DAGs
[2023-02-22T20:49:29.933+0000] {logging_mixin.py:137} INFO - [2023-02-22T20:49:29.933+0000] {dag.py:3441} INFO - Setting next_dagrun for example_sensor_decorator to None, run_after=None
[2023-02-22T20:49:30.036+0000] {processor.py:175} INFO - Processing /home/airflow/.local/lib/python3.7/site-packages/airflow/example_dags/example_sensor_decorator.py took 0.558 seconds
[2023-02-22T20:50:00.277+0000] {processor.py:153} INFO - Started process (PID=819) to work on /home/airflow/.local/lib/python3.7/site-packages/airflow/example_dags/example_sensor_decorator.py
[2023-02-22T20:50:00.279+0000] {processor.py:743} INFO - Processing file /home/airflow/.local/lib/python3.7/site-packages/airflow/example_dags/example_sensor_decorator.py for tasks to queue
[2023-02-22T20:50:00.280+0000] {logging_mixin.py:137} INFO - [2023-02-22T20:50:00.279+0000] {dagbag.py:538} INFO - Filling up the DagBag from /home/airflow/.local/lib/python3.7/site-packages/airflow/example_dags/example_sensor_decorator.py
[2023-02-22T20:50:00.397+0000] {processor.py:753} INFO - DAG(s) dict_keys(['example_sensor_decorator']) retrieved from /home/airflow/.local/lib/python3.7/site-packages/airflow/example_dags/example_sensor_decorator.py
[2023-02-22T20:50:00.550+0000] {logging_mixin.py:137} INFO - [2023-02-22T20:50:00.550+0000] {dag.py:2690} INFO - Sync 1 DAGs
[2023-02-22T20:50:00.731+0000] {logging_mixin.py:137} INFO - [2023-02-22T20:50:00.730+0000] {dag.py:3441} INFO - Setting next_dagrun for example_sensor_decorator to None, run_after=None
[2023-02-22T20:50:00.825+0000] {processor.py:175} INFO - Processing /home/airflow/.local/lib/python3.7/site-packages/airflow/example_dags/example_sensor_decorator.py took 0.565 seconds
[2023-02-22T20:50:31.030+0000] {processor.py:153} INFO - Started process (PID=883) to work on /home/airflow/.local/lib/python3.7/site-packages/airflow/example_dags/example_sensor_decorator.py
[2023-02-22T20:50:31.043+0000] {processor.py:743} INFO - Processing file /home/airflow/.local/lib/python3.7/site-packages/airflow/example_dags/example_sensor_decorator.py for tasks to queue
[2023-02-22T20:50:31.044+0000] {logging_mixin.py:137} INFO - [2023-02-22T20:50:31.044+0000] {dagbag.py:538} INFO - Filling up the DagBag from /home/airflow/.local/lib/python3.7/site-packages/airflow/example_dags/example_sensor_decorator.py
[2023-02-22T20:50:31.185+0000] {processor.py:753} INFO - DAG(s) dict_keys(['example_sensor_decorator']) retrieved from /home/airflow/.local/lib/python3.7/site-packages/airflow/example_dags/example_sensor_decorator.py
[2023-02-22T20:50:31.308+0000] {logging_mixin.py:137} INFO - [2023-02-22T20:50:31.308+0000] {dag.py:2690} INFO - Sync 1 DAGs
[2023-02-22T20:50:31.468+0000] {logging_mixin.py:137} INFO - [2023-02-22T20:50:31.468+0000] {dag.py:3441} INFO - Setting next_dagrun for example_sensor_decorator to None, run_after=None
[2023-02-22T20:50:31.608+0000] {processor.py:175} INFO - Processing /home/airflow/.local/lib/python3.7/site-packages/airflow/example_dags/example_sensor_decorator.py took 0.594 seconds
[2023-02-22T20:51:02.106+0000] {processor.py:153} INFO - Started process (PID=945) to work on /home/airflow/.local/lib/python3.7/site-packages/airflow/example_dags/example_sensor_decorator.py
[2023-02-22T20:51:02.109+0000] {processor.py:743} INFO - Processing file /home/airflow/.local/lib/python3.7/site-packages/airflow/example_dags/example_sensor_decorator.py for tasks to queue
[2023-02-22T20:51:02.110+0000] {logging_mixin.py:137} INFO - [2023-02-22T20:51:02.110+0000] {dagbag.py:538} INFO - Filling up the DagBag from /home/airflow/.local/lib/python3.7/site-packages/airflow/example_dags/example_sensor_decorator.py
[2023-02-22T20:51:02.183+0000] {processor.py:753} INFO - DAG(s) dict_keys(['example_sensor_decorator']) retrieved from /home/airflow/.local/lib/python3.7/site-packages/airflow/example_dags/example_sensor_decorator.py
[2023-02-22T20:51:02.261+0000] {logging_mixin.py:137} INFO - [2023-02-22T20:51:02.261+0000] {dag.py:2690} INFO - Sync 1 DAGs
[2023-02-22T20:51:02.341+0000] {logging_mixin.py:137} INFO - [2023-02-22T20:51:02.341+0000] {dag.py:3441} INFO - Setting next_dagrun for example_sensor_decorator to None, run_after=None
[2023-02-22T20:51:02.386+0000] {processor.py:175} INFO - Processing /home/airflow/.local/lib/python3.7/site-packages/airflow/example_dags/example_sensor_decorator.py took 0.289 seconds
[2023-02-22T20:51:32.450+0000] {processor.py:153} INFO - Started process (PID=1024) to work on /home/airflow/.local/lib/python3.7/site-packages/airflow/example_dags/example_sensor_decorator.py
[2023-02-22T20:51:32.452+0000] {processor.py:743} INFO - Processing file /home/airflow/.local/lib/python3.7/site-packages/airflow/example_dags/example_sensor_decorator.py for tasks to queue
[2023-02-22T20:51:32.452+0000] {logging_mixin.py:137} INFO - [2023-02-22T20:51:32.452+0000] {dagbag.py:538} INFO - Filling up the DagBag from /home/airflow/.local/lib/python3.7/site-packages/airflow/example_dags/example_sensor_decorator.py
[2023-02-22T20:51:32.484+0000] {processor.py:753} INFO - DAG(s) dict_keys(['example_sensor_decorator']) retrieved from /home/airflow/.local/lib/python3.7/site-packages/airflow/example_dags/example_sensor_decorator.py
[2023-02-22T20:51:32.524+0000] {logging_mixin.py:137} INFO - [2023-02-22T20:51:32.524+0000] {dag.py:2690} INFO - Sync 1 DAGs
[2023-02-22T20:51:32.570+0000] {logging_mixin.py:137} INFO - [2023-02-22T20:51:32.569+0000] {dag.py:3441} INFO - Setting next_dagrun for example_sensor_decorator to None, run_after=None
[2023-02-22T20:51:32.601+0000] {processor.py:175} INFO - Processing /home/airflow/.local/lib/python3.7/site-packages/airflow/example_dags/example_sensor_decorator.py took 0.155 seconds
[2023-02-22T20:52:03.716+0000] {processor.py:153} INFO - Started process (PID=1104) to work on /home/airflow/.local/lib/python3.7/site-packages/airflow/example_dags/example_sensor_decorator.py
[2023-02-22T20:52:03.717+0000] {processor.py:743} INFO - Processing file /home/airflow/.local/lib/python3.7/site-packages/airflow/example_dags/example_sensor_decorator.py for tasks to queue
[2023-02-22T20:52:03.718+0000] {logging_mixin.py:137} INFO - [2023-02-22T20:52:03.718+0000] {dagbag.py:538} INFO - Filling up the DagBag from /home/airflow/.local/lib/python3.7/site-packages/airflow/example_dags/example_sensor_decorator.py
[2023-02-22T20:52:03.751+0000] {processor.py:753} INFO - DAG(s) dict_keys(['example_sensor_decorator']) retrieved from /home/airflow/.local/lib/python3.7/site-packages/airflow/example_dags/example_sensor_decorator.py
[2023-02-22T20:52:03.816+0000] {logging_mixin.py:137} INFO - [2023-02-22T20:52:03.816+0000] {dag.py:2690} INFO - Sync 1 DAGs
[2023-02-22T20:52:03.852+0000] {logging_mixin.py:137} INFO - [2023-02-22T20:52:03.852+0000] {dag.py:3441} INFO - Setting next_dagrun for example_sensor_decorator to None, run_after=None
[2023-02-22T20:52:03.889+0000] {processor.py:175} INFO - Processing /home/airflow/.local/lib/python3.7/site-packages/airflow/example_dags/example_sensor_decorator.py took 0.178 seconds
[2023-02-22T20:52:34.032+0000] {processor.py:153} INFO - Started process (PID=1175) to work on /home/airflow/.local/lib/python3.7/site-packages/airflow/example_dags/example_sensor_decorator.py
[2023-02-22T20:52:34.034+0000] {processor.py:743} INFO - Processing file /home/airflow/.local/lib/python3.7/site-packages/airflow/example_dags/example_sensor_decorator.py for tasks to queue
[2023-02-22T20:52:34.035+0000] {logging_mixin.py:137} INFO - [2023-02-22T20:52:34.035+0000] {dagbag.py:538} INFO - Filling up the DagBag from /home/airflow/.local/lib/python3.7/site-packages/airflow/example_dags/example_sensor_decorator.py
[2023-02-22T20:52:34.069+0000] {processor.py:753} INFO - DAG(s) dict_keys(['example_sensor_decorator']) retrieved from /home/airflow/.local/lib/python3.7/site-packages/airflow/example_dags/example_sensor_decorator.py
[2023-02-22T20:52:34.097+0000] {logging_mixin.py:137} INFO - [2023-02-22T20:52:34.097+0000] {dag.py:2690} INFO - Sync 1 DAGs
[2023-02-22T20:52:34.152+0000] {logging_mixin.py:137} INFO - [2023-02-22T20:52:34.152+0000] {dag.py:3441} INFO - Setting next_dagrun for example_sensor_decorator to None, run_after=None
[2023-02-22T20:52:34.176+0000] {processor.py:175} INFO - Processing /home/airflow/.local/lib/python3.7/site-packages/airflow/example_dags/example_sensor_decorator.py took 0.148 seconds
[2023-02-22T20:53:04.776+0000] {processor.py:153} INFO - Started process (PID=1262) to work on /home/airflow/.local/lib/python3.7/site-packages/airflow/example_dags/example_sensor_decorator.py
[2023-02-22T20:53:04.777+0000] {processor.py:743} INFO - Processing file /home/airflow/.local/lib/python3.7/site-packages/airflow/example_dags/example_sensor_decorator.py for tasks to queue
[2023-02-22T20:53:04.777+0000] {logging_mixin.py:137} INFO - [2023-02-22T20:53:04.777+0000] {dagbag.py:538} INFO - Filling up the DagBag from /home/airflow/.local/lib/python3.7/site-packages/airflow/example_dags/example_sensor_decorator.py
[2023-02-22T20:53:04.815+0000] {processor.py:753} INFO - DAG(s) dict_keys(['example_sensor_decorator']) retrieved from /home/airflow/.local/lib/python3.7/site-packages/airflow/example_dags/example_sensor_decorator.py
[2023-02-22T20:53:04.845+0000] {logging_mixin.py:137} INFO - [2023-02-22T20:53:04.845+0000] {dag.py:2690} INFO - Sync 1 DAGs
[2023-02-22T20:53:04.872+0000] {logging_mixin.py:137} INFO - [2023-02-22T20:53:04.872+0000] {dag.py:3441} INFO - Setting next_dagrun for example_sensor_decorator to None, run_after=None
[2023-02-22T20:53:04.898+0000] {processor.py:175} INFO - Processing /home/airflow/.local/lib/python3.7/site-packages/airflow/example_dags/example_sensor_decorator.py took 0.128 seconds
