[2023-02-22T20:44:16.959+0000] {processor.py:153} INFO - Started process (PID=65) to work on /home/airflow/.local/lib/python3.7/site-packages/airflow/example_dags/example_complex.py
[2023-02-22T20:44:16.960+0000] {processor.py:743} INFO - Processing file /home/airflow/.local/lib/python3.7/site-packages/airflow/example_dags/example_complex.py for tasks to queue
[2023-02-22T20:44:16.962+0000] {logging_mixin.py:137} INFO - [2023-02-22T20:44:16.961+0000] {dagbag.py:538} INFO - Filling up the DagBag from /home/airflow/.local/lib/python3.7/site-packages/airflow/example_dags/example_complex.py
[2023-02-22T20:44:16.988+0000] {logging_mixin.py:137} INFO - [2023-02-22T20:44:16.988+0000] {taskmixin.py:205} WARNING - Dependency <Task(BashOperator): create_entry_group>, delete_entry_group already registered for DAG: example_complex
[2023-02-22T20:44:16.989+0000] {logging_mixin.py:137} INFO - [2023-02-22T20:44:16.989+0000] {taskmixin.py:205} WARNING - Dependency <Task(BashOperator): delete_entry_group>, create_entry_group already registered for DAG: example_complex
[2023-02-22T20:44:16.989+0000] {logging_mixin.py:137} INFO - [2023-02-22T20:44:16.989+0000] {taskmixin.py:205} WARNING - Dependency <Task(BashOperator): create_entry_gcs>, delete_entry already registered for DAG: example_complex
[2023-02-22T20:44:16.990+0000] {logging_mixin.py:137} INFO - [2023-02-22T20:44:16.990+0000] {taskmixin.py:205} WARNING - Dependency <Task(BashOperator): delete_entry>, create_entry_gcs already registered for DAG: example_complex
[2023-02-22T20:44:16.990+0000] {logging_mixin.py:137} INFO - [2023-02-22T20:44:16.990+0000] {taskmixin.py:205} WARNING - Dependency <Task(BashOperator): create_tag>, delete_tag already registered for DAG: example_complex
[2023-02-22T20:44:16.991+0000] {logging_mixin.py:137} INFO - [2023-02-22T20:44:16.991+0000] {taskmixin.py:205} WARNING - Dependency <Task(BashOperator): delete_tag>, create_tag already registered for DAG: example_complex
[2023-02-22T20:44:17.005+0000] {processor.py:753} INFO - DAG(s) dict_keys(['example_complex']) retrieved from /home/airflow/.local/lib/python3.7/site-packages/airflow/example_dags/example_complex.py
[2023-02-22T20:44:17.077+0000] {logging_mixin.py:137} INFO - [2023-02-22T20:44:17.077+0000] {dag.py:2690} INFO - Sync 1 DAGs
[2023-02-22T20:44:17.138+0000] {logging_mixin.py:137} INFO - [2023-02-22T20:44:17.138+0000] {dag.py:3441} INFO - Setting next_dagrun for example_complex to None, run_after=None
[2023-02-22T20:44:17.179+0000] {processor.py:175} INFO - Processing /home/airflow/.local/lib/python3.7/site-packages/airflow/example_dags/example_complex.py took 0.227 seconds
[2023-02-22T20:44:48.858+0000] {processor.py:153} INFO - Started process (PID=136) to work on /home/airflow/.local/lib/python3.7/site-packages/airflow/example_dags/example_complex.py
[2023-02-22T20:44:48.860+0000] {processor.py:743} INFO - Processing file /home/airflow/.local/lib/python3.7/site-packages/airflow/example_dags/example_complex.py for tasks to queue
[2023-02-22T20:44:48.861+0000] {logging_mixin.py:137} INFO - [2023-02-22T20:44:48.861+0000] {dagbag.py:538} INFO - Filling up the DagBag from /home/airflow/.local/lib/python3.7/site-packages/airflow/example_dags/example_complex.py
[2023-02-22T20:44:48.881+0000] {logging_mixin.py:137} INFO - [2023-02-22T20:44:48.881+0000] {taskmixin.py:205} WARNING - Dependency <Task(BashOperator): create_entry_group>, delete_entry_group already registered for DAG: example_complex
[2023-02-22T20:44:48.882+0000] {logging_mixin.py:137} INFO - [2023-02-22T20:44:48.881+0000] {taskmixin.py:205} WARNING - Dependency <Task(BashOperator): delete_entry_group>, create_entry_group already registered for DAG: example_complex
[2023-02-22T20:44:48.882+0000] {logging_mixin.py:137} INFO - [2023-02-22T20:44:48.882+0000] {taskmixin.py:205} WARNING - Dependency <Task(BashOperator): create_entry_gcs>, delete_entry already registered for DAG: example_complex
[2023-02-22T20:44:48.882+0000] {logging_mixin.py:137} INFO - [2023-02-22T20:44:48.882+0000] {taskmixin.py:205} WARNING - Dependency <Task(BashOperator): delete_entry>, create_entry_gcs already registered for DAG: example_complex
[2023-02-22T20:44:48.883+0000] {logging_mixin.py:137} INFO - [2023-02-22T20:44:48.883+0000] {taskmixin.py:205} WARNING - Dependency <Task(BashOperator): create_tag>, delete_tag already registered for DAG: example_complex
[2023-02-22T20:44:48.883+0000] {logging_mixin.py:137} INFO - [2023-02-22T20:44:48.883+0000] {taskmixin.py:205} WARNING - Dependency <Task(BashOperator): delete_tag>, create_tag already registered for DAG: example_complex
[2023-02-22T20:44:48.895+0000] {processor.py:753} INFO - DAG(s) dict_keys(['example_complex']) retrieved from /home/airflow/.local/lib/python3.7/site-packages/airflow/example_dags/example_complex.py
[2023-02-22T20:44:48.941+0000] {logging_mixin.py:137} INFO - [2023-02-22T20:44:48.941+0000] {dag.py:2690} INFO - Sync 1 DAGs
[2023-02-22T20:44:48.980+0000] {logging_mixin.py:137} INFO - [2023-02-22T20:44:48.980+0000] {dag.py:3441} INFO - Setting next_dagrun for example_complex to None, run_after=None
[2023-02-22T20:44:49.008+0000] {processor.py:175} INFO - Processing /home/airflow/.local/lib/python3.7/site-packages/airflow/example_dags/example_complex.py took 0.154 seconds
[2023-02-22T20:45:19.942+0000] {processor.py:153} INFO - Started process (PID=208) to work on /home/airflow/.local/lib/python3.7/site-packages/airflow/example_dags/example_complex.py
[2023-02-22T20:45:19.944+0000] {processor.py:743} INFO - Processing file /home/airflow/.local/lib/python3.7/site-packages/airflow/example_dags/example_complex.py for tasks to queue
[2023-02-22T20:45:19.945+0000] {logging_mixin.py:137} INFO - [2023-02-22T20:45:19.945+0000] {dagbag.py:538} INFO - Filling up the DagBag from /home/airflow/.local/lib/python3.7/site-packages/airflow/example_dags/example_complex.py
[2023-02-22T20:45:19.983+0000] {logging_mixin.py:137} INFO - [2023-02-22T20:45:19.983+0000] {taskmixin.py:205} WARNING - Dependency <Task(BashOperator): create_entry_group>, delete_entry_group already registered for DAG: example_complex
[2023-02-22T20:45:19.984+0000] {logging_mixin.py:137} INFO - [2023-02-22T20:45:19.984+0000] {taskmixin.py:205} WARNING - Dependency <Task(BashOperator): delete_entry_group>, create_entry_group already registered for DAG: example_complex
[2023-02-22T20:45:19.984+0000] {logging_mixin.py:137} INFO - [2023-02-22T20:45:19.984+0000] {taskmixin.py:205} WARNING - Dependency <Task(BashOperator): create_entry_gcs>, delete_entry already registered for DAG: example_complex
[2023-02-22T20:45:19.984+0000] {logging_mixin.py:137} INFO - [2023-02-22T20:45:19.984+0000] {taskmixin.py:205} WARNING - Dependency <Task(BashOperator): delete_entry>, create_entry_gcs already registered for DAG: example_complex
[2023-02-22T20:45:19.985+0000] {logging_mixin.py:137} INFO - [2023-02-22T20:45:19.985+0000] {taskmixin.py:205} WARNING - Dependency <Task(BashOperator): create_tag>, delete_tag already registered for DAG: example_complex
[2023-02-22T20:45:19.985+0000] {logging_mixin.py:137} INFO - [2023-02-22T20:45:19.985+0000] {taskmixin.py:205} WARNING - Dependency <Task(BashOperator): delete_tag>, create_tag already registered for DAG: example_complex
[2023-02-22T20:45:20.006+0000] {processor.py:753} INFO - DAG(s) dict_keys(['example_complex']) retrieved from /home/airflow/.local/lib/python3.7/site-packages/airflow/example_dags/example_complex.py
[2023-02-22T20:45:20.067+0000] {logging_mixin.py:137} INFO - [2023-02-22T20:45:20.066+0000] {dag.py:2690} INFO - Sync 1 DAGs
[2023-02-22T20:45:20.110+0000] {logging_mixin.py:137} INFO - [2023-02-22T20:45:20.110+0000] {dag.py:3441} INFO - Setting next_dagrun for example_complex to None, run_after=None
[2023-02-22T20:45:20.154+0000] {processor.py:175} INFO - Processing /home/airflow/.local/lib/python3.7/site-packages/airflow/example_dags/example_complex.py took 0.220 seconds
[2023-02-22T20:45:50.378+0000] {processor.py:153} INFO - Started process (PID=279) to work on /home/airflow/.local/lib/python3.7/site-packages/airflow/example_dags/example_complex.py
[2023-02-22T20:45:50.379+0000] {processor.py:743} INFO - Processing file /home/airflow/.local/lib/python3.7/site-packages/airflow/example_dags/example_complex.py for tasks to queue
[2023-02-22T20:45:50.381+0000] {logging_mixin.py:137} INFO - [2023-02-22T20:45:50.380+0000] {dagbag.py:538} INFO - Filling up the DagBag from /home/airflow/.local/lib/python3.7/site-packages/airflow/example_dags/example_complex.py
[2023-02-22T20:45:50.398+0000] {logging_mixin.py:137} INFO - [2023-02-22T20:45:50.397+0000] {taskmixin.py:205} WARNING - Dependency <Task(BashOperator): create_entry_group>, delete_entry_group already registered for DAG: example_complex
[2023-02-22T20:45:50.398+0000] {logging_mixin.py:137} INFO - [2023-02-22T20:45:50.398+0000] {taskmixin.py:205} WARNING - Dependency <Task(BashOperator): delete_entry_group>, create_entry_group already registered for DAG: example_complex
[2023-02-22T20:45:50.398+0000] {logging_mixin.py:137} INFO - [2023-02-22T20:45:50.398+0000] {taskmixin.py:205} WARNING - Dependency <Task(BashOperator): create_entry_gcs>, delete_entry already registered for DAG: example_complex
[2023-02-22T20:45:50.398+0000] {logging_mixin.py:137} INFO - [2023-02-22T20:45:50.398+0000] {taskmixin.py:205} WARNING - Dependency <Task(BashOperator): delete_entry>, create_entry_gcs already registered for DAG: example_complex
[2023-02-22T20:45:50.399+0000] {logging_mixin.py:137} INFO - [2023-02-22T20:45:50.399+0000] {taskmixin.py:205} WARNING - Dependency <Task(BashOperator): create_tag>, delete_tag already registered for DAG: example_complex
[2023-02-22T20:45:50.399+0000] {logging_mixin.py:137} INFO - [2023-02-22T20:45:50.399+0000] {taskmixin.py:205} WARNING - Dependency <Task(BashOperator): delete_tag>, create_tag already registered for DAG: example_complex
[2023-02-22T20:45:50.410+0000] {processor.py:753} INFO - DAG(s) dict_keys(['example_complex']) retrieved from /home/airflow/.local/lib/python3.7/site-packages/airflow/example_dags/example_complex.py
[2023-02-22T20:45:50.454+0000] {logging_mixin.py:137} INFO - [2023-02-22T20:45:50.453+0000] {dag.py:2690} INFO - Sync 1 DAGs
[2023-02-22T20:45:50.491+0000] {logging_mixin.py:137} INFO - [2023-02-22T20:45:50.491+0000] {dag.py:3441} INFO - Setting next_dagrun for example_complex to None, run_after=None
[2023-02-22T20:45:50.534+0000] {processor.py:175} INFO - Processing /home/airflow/.local/lib/python3.7/site-packages/airflow/example_dags/example_complex.py took 0.161 seconds
[2023-02-22T20:46:20.591+0000] {processor.py:153} INFO - Started process (PID=350) to work on /home/airflow/.local/lib/python3.7/site-packages/airflow/example_dags/example_complex.py
[2023-02-22T20:46:20.592+0000] {processor.py:743} INFO - Processing file /home/airflow/.local/lib/python3.7/site-packages/airflow/example_dags/example_complex.py for tasks to queue
[2023-02-22T20:46:20.593+0000] {logging_mixin.py:137} INFO - [2023-02-22T20:46:20.593+0000] {dagbag.py:538} INFO - Filling up the DagBag from /home/airflow/.local/lib/python3.7/site-packages/airflow/example_dags/example_complex.py
[2023-02-22T20:46:20.607+0000] {logging_mixin.py:137} INFO - [2023-02-22T20:46:20.607+0000] {taskmixin.py:205} WARNING - Dependency <Task(BashOperator): create_entry_group>, delete_entry_group already registered for DAG: example_complex
[2023-02-22T20:46:20.607+0000] {logging_mixin.py:137} INFO - [2023-02-22T20:46:20.607+0000] {taskmixin.py:205} WARNING - Dependency <Task(BashOperator): delete_entry_group>, create_entry_group already registered for DAG: example_complex
[2023-02-22T20:46:20.608+0000] {logging_mixin.py:137} INFO - [2023-02-22T20:46:20.608+0000] {taskmixin.py:205} WARNING - Dependency <Task(BashOperator): create_entry_gcs>, delete_entry already registered for DAG: example_complex
[2023-02-22T20:46:20.608+0000] {logging_mixin.py:137} INFO - [2023-02-22T20:46:20.608+0000] {taskmixin.py:205} WARNING - Dependency <Task(BashOperator): delete_entry>, create_entry_gcs already registered for DAG: example_complex
[2023-02-22T20:46:20.608+0000] {logging_mixin.py:137} INFO - [2023-02-22T20:46:20.608+0000] {taskmixin.py:205} WARNING - Dependency <Task(BashOperator): create_tag>, delete_tag already registered for DAG: example_complex
[2023-02-22T20:46:20.608+0000] {logging_mixin.py:137} INFO - [2023-02-22T20:46:20.608+0000] {taskmixin.py:205} WARNING - Dependency <Task(BashOperator): delete_tag>, create_tag already registered for DAG: example_complex
[2023-02-22T20:46:20.617+0000] {processor.py:753} INFO - DAG(s) dict_keys(['example_complex']) retrieved from /home/airflow/.local/lib/python3.7/site-packages/airflow/example_dags/example_complex.py
[2023-02-22T20:46:20.657+0000] {logging_mixin.py:137} INFO - [2023-02-22T20:46:20.657+0000] {dag.py:2690} INFO - Sync 1 DAGs
[2023-02-22T20:46:20.701+0000] {logging_mixin.py:137} INFO - [2023-02-22T20:46:20.701+0000] {dag.py:3441} INFO - Setting next_dagrun for example_complex to None, run_after=None
[2023-02-22T20:46:20.732+0000] {processor.py:175} INFO - Processing /home/airflow/.local/lib/python3.7/site-packages/airflow/example_dags/example_complex.py took 0.146 seconds
[2023-02-22T20:46:51.038+0000] {processor.py:153} INFO - Started process (PID=421) to work on /home/airflow/.local/lib/python3.7/site-packages/airflow/example_dags/example_complex.py
[2023-02-22T20:46:51.039+0000] {processor.py:743} INFO - Processing file /home/airflow/.local/lib/python3.7/site-packages/airflow/example_dags/example_complex.py for tasks to queue
[2023-02-22T20:46:51.040+0000] {logging_mixin.py:137} INFO - [2023-02-22T20:46:51.040+0000] {dagbag.py:538} INFO - Filling up the DagBag from /home/airflow/.local/lib/python3.7/site-packages/airflow/example_dags/example_complex.py
[2023-02-22T20:46:51.059+0000] {logging_mixin.py:137} INFO - [2023-02-22T20:46:51.059+0000] {taskmixin.py:205} WARNING - Dependency <Task(BashOperator): create_entry_group>, delete_entry_group already registered for DAG: example_complex
[2023-02-22T20:46:51.060+0000] {logging_mixin.py:137} INFO - [2023-02-22T20:46:51.059+0000] {taskmixin.py:205} WARNING - Dependency <Task(BashOperator): delete_entry_group>, create_entry_group already registered for DAG: example_complex
[2023-02-22T20:46:51.060+0000] {logging_mixin.py:137} INFO - [2023-02-22T20:46:51.060+0000] {taskmixin.py:205} WARNING - Dependency <Task(BashOperator): create_entry_gcs>, delete_entry already registered for DAG: example_complex
[2023-02-22T20:46:51.060+0000] {logging_mixin.py:137} INFO - [2023-02-22T20:46:51.060+0000] {taskmixin.py:205} WARNING - Dependency <Task(BashOperator): delete_entry>, create_entry_gcs already registered for DAG: example_complex
[2023-02-22T20:46:51.061+0000] {logging_mixin.py:137} INFO - [2023-02-22T20:46:51.061+0000] {taskmixin.py:205} WARNING - Dependency <Task(BashOperator): create_tag>, delete_tag already registered for DAG: example_complex
[2023-02-22T20:46:51.061+0000] {logging_mixin.py:137} INFO - [2023-02-22T20:46:51.061+0000] {taskmixin.py:205} WARNING - Dependency <Task(BashOperator): delete_tag>, create_tag already registered for DAG: example_complex
[2023-02-22T20:46:51.076+0000] {processor.py:753} INFO - DAG(s) dict_keys(['example_complex']) retrieved from /home/airflow/.local/lib/python3.7/site-packages/airflow/example_dags/example_complex.py
[2023-02-22T20:46:51.138+0000] {logging_mixin.py:137} INFO - [2023-02-22T20:46:51.137+0000] {dag.py:2690} INFO - Sync 1 DAGs
[2023-02-22T20:46:51.176+0000] {logging_mixin.py:137} INFO - [2023-02-22T20:46:51.176+0000] {dag.py:3441} INFO - Setting next_dagrun for example_complex to None, run_after=None
[2023-02-22T20:46:51.204+0000] {processor.py:175} INFO - Processing /home/airflow/.local/lib/python3.7/site-packages/airflow/example_dags/example_complex.py took 0.171 seconds
[2023-02-22T20:47:22.859+0000] {processor.py:153} INFO - Started process (PID=492) to work on /home/airflow/.local/lib/python3.7/site-packages/airflow/example_dags/example_complex.py
[2023-02-22T20:47:23.712+0000] {processor.py:743} INFO - Processing file /home/airflow/.local/lib/python3.7/site-packages/airflow/example_dags/example_complex.py for tasks to queue
[2023-02-22T20:47:23.714+0000] {logging_mixin.py:137} INFO - [2023-02-22T20:47:23.714+0000] {dagbag.py:538} INFO - Filling up the DagBag from /home/airflow/.local/lib/python3.7/site-packages/airflow/example_dags/example_complex.py
[2023-02-22T20:47:23.766+0000] {logging_mixin.py:137} INFO - [2023-02-22T20:47:23.756+0000] {taskmixin.py:205} WARNING - Dependency <Task(BashOperator): create_entry_group>, delete_entry_group already registered for DAG: example_complex
[2023-02-22T20:47:23.766+0000] {logging_mixin.py:137} INFO - [2023-02-22T20:47:23.766+0000] {taskmixin.py:205} WARNING - Dependency <Task(BashOperator): delete_entry_group>, create_entry_group already registered for DAG: example_complex
[2023-02-22T20:47:23.767+0000] {logging_mixin.py:137} INFO - [2023-02-22T20:47:23.767+0000] {taskmixin.py:205} WARNING - Dependency <Task(BashOperator): create_entry_gcs>, delete_entry already registered for DAG: example_complex
[2023-02-22T20:47:23.767+0000] {logging_mixin.py:137} INFO - [2023-02-22T20:47:23.767+0000] {taskmixin.py:205} WARNING - Dependency <Task(BashOperator): delete_entry>, create_entry_gcs already registered for DAG: example_complex
[2023-02-22T20:47:23.768+0000] {logging_mixin.py:137} INFO - [2023-02-22T20:47:23.768+0000] {taskmixin.py:205} WARNING - Dependency <Task(BashOperator): create_tag>, delete_tag already registered for DAG: example_complex
[2023-02-22T20:47:23.769+0000] {logging_mixin.py:137} INFO - [2023-02-22T20:47:23.768+0000] {taskmixin.py:205} WARNING - Dependency <Task(BashOperator): delete_tag>, create_tag already registered for DAG: example_complex
[2023-02-22T20:47:23.802+0000] {processor.py:753} INFO - DAG(s) dict_keys(['example_complex']) retrieved from /home/airflow/.local/lib/python3.7/site-packages/airflow/example_dags/example_complex.py
[2023-02-22T20:47:23.920+0000] {logging_mixin.py:137} INFO - [2023-02-22T20:47:23.920+0000] {dag.py:2690} INFO - Sync 1 DAGs
[2023-02-22T20:47:24.019+0000] {logging_mixin.py:137} INFO - [2023-02-22T20:47:24.018+0000] {dag.py:3441} INFO - Setting next_dagrun for example_complex to None, run_after=None
[2023-02-22T20:47:24.078+0000] {processor.py:175} INFO - Processing /home/airflow/.local/lib/python3.7/site-packages/airflow/example_dags/example_complex.py took 1.248 seconds
[2023-02-22T20:47:54.461+0000] {processor.py:153} INFO - Started process (PID=556) to work on /home/airflow/.local/lib/python3.7/site-packages/airflow/example_dags/example_complex.py
[2023-02-22T20:47:54.476+0000] {processor.py:743} INFO - Processing file /home/airflow/.local/lib/python3.7/site-packages/airflow/example_dags/example_complex.py for tasks to queue
[2023-02-22T20:47:54.478+0000] {logging_mixin.py:137} INFO - [2023-02-22T20:47:54.477+0000] {dagbag.py:538} INFO - Filling up the DagBag from /home/airflow/.local/lib/python3.7/site-packages/airflow/example_dags/example_complex.py
[2023-02-22T20:47:54.524+0000] {logging_mixin.py:137} INFO - [2023-02-22T20:47:54.523+0000] {taskmixin.py:205} WARNING - Dependency <Task(BashOperator): create_entry_group>, delete_entry_group already registered for DAG: example_complex
[2023-02-22T20:47:54.524+0000] {logging_mixin.py:137} INFO - [2023-02-22T20:47:54.524+0000] {taskmixin.py:205} WARNING - Dependency <Task(BashOperator): delete_entry_group>, create_entry_group already registered for DAG: example_complex
[2023-02-22T20:47:54.525+0000] {logging_mixin.py:137} INFO - [2023-02-22T20:47:54.524+0000] {taskmixin.py:205} WARNING - Dependency <Task(BashOperator): create_entry_gcs>, delete_entry already registered for DAG: example_complex
[2023-02-22T20:47:54.525+0000] {logging_mixin.py:137} INFO - [2023-02-22T20:47:54.525+0000] {taskmixin.py:205} WARNING - Dependency <Task(BashOperator): delete_entry>, create_entry_gcs already registered for DAG: example_complex
[2023-02-22T20:47:54.526+0000] {logging_mixin.py:137} INFO - [2023-02-22T20:47:54.525+0000] {taskmixin.py:205} WARNING - Dependency <Task(BashOperator): create_tag>, delete_tag already registered for DAG: example_complex
[2023-02-22T20:47:54.526+0000] {logging_mixin.py:137} INFO - [2023-02-22T20:47:54.526+0000] {taskmixin.py:205} WARNING - Dependency <Task(BashOperator): delete_tag>, create_tag already registered for DAG: example_complex
[2023-02-22T20:47:54.560+0000] {processor.py:753} INFO - DAG(s) dict_keys(['example_complex']) retrieved from /home/airflow/.local/lib/python3.7/site-packages/airflow/example_dags/example_complex.py
[2023-02-22T20:47:54.759+0000] {logging_mixin.py:137} INFO - [2023-02-22T20:47:54.759+0000] {dag.py:2690} INFO - Sync 1 DAGs
[2023-02-22T20:47:54.897+0000] {logging_mixin.py:137} INFO - [2023-02-22T20:47:54.897+0000] {dag.py:3441} INFO - Setting next_dagrun for example_complex to None, run_after=None
[2023-02-22T20:47:54.981+0000] {processor.py:175} INFO - Processing /home/airflow/.local/lib/python3.7/site-packages/airflow/example_dags/example_complex.py took 0.551 seconds
[2023-02-22T20:48:25.662+0000] {processor.py:153} INFO - Started process (PID=618) to work on /home/airflow/.local/lib/python3.7/site-packages/airflow/example_dags/example_complex.py
[2023-02-22T20:48:25.670+0000] {processor.py:743} INFO - Processing file /home/airflow/.local/lib/python3.7/site-packages/airflow/example_dags/example_complex.py for tasks to queue
[2023-02-22T20:48:25.672+0000] {logging_mixin.py:137} INFO - [2023-02-22T20:48:25.671+0000] {dagbag.py:538} INFO - Filling up the DagBag from /home/airflow/.local/lib/python3.7/site-packages/airflow/example_dags/example_complex.py
[2023-02-22T20:48:25.761+0000] {logging_mixin.py:137} INFO - [2023-02-22T20:48:25.760+0000] {taskmixin.py:205} WARNING - Dependency <Task(BashOperator): create_entry_group>, delete_entry_group already registered for DAG: example_complex
[2023-02-22T20:48:25.761+0000] {logging_mixin.py:137} INFO - [2023-02-22T20:48:25.761+0000] {taskmixin.py:205} WARNING - Dependency <Task(BashOperator): delete_entry_group>, create_entry_group already registered for DAG: example_complex
[2023-02-22T20:48:25.774+0000] {logging_mixin.py:137} INFO - [2023-02-22T20:48:25.773+0000] {taskmixin.py:205} WARNING - Dependency <Task(BashOperator): create_entry_gcs>, delete_entry already registered for DAG: example_complex
[2023-02-22T20:48:25.774+0000] {logging_mixin.py:137} INFO - [2023-02-22T20:48:25.774+0000] {taskmixin.py:205} WARNING - Dependency <Task(BashOperator): delete_entry>, create_entry_gcs already registered for DAG: example_complex
[2023-02-22T20:48:25.775+0000] {logging_mixin.py:137} INFO - [2023-02-22T20:48:25.775+0000] {taskmixin.py:205} WARNING - Dependency <Task(BashOperator): create_tag>, delete_tag already registered for DAG: example_complex
[2023-02-22T20:48:25.775+0000] {logging_mixin.py:137} INFO - [2023-02-22T20:48:25.775+0000] {taskmixin.py:205} WARNING - Dependency <Task(BashOperator): delete_tag>, create_tag already registered for DAG: example_complex
[2023-02-22T20:48:25.827+0000] {processor.py:753} INFO - DAG(s) dict_keys(['example_complex']) retrieved from /home/airflow/.local/lib/python3.7/site-packages/airflow/example_dags/example_complex.py
[2023-02-22T20:48:26.029+0000] {logging_mixin.py:137} INFO - [2023-02-22T20:48:26.028+0000] {dag.py:2690} INFO - Sync 1 DAGs
[2023-02-22T20:48:26.202+0000] {logging_mixin.py:137} INFO - [2023-02-22T20:48:26.201+0000] {dag.py:3441} INFO - Setting next_dagrun for example_complex to None, run_after=None
[2023-02-22T20:48:26.401+0000] {processor.py:175} INFO - Processing /home/airflow/.local/lib/python3.7/site-packages/airflow/example_dags/example_complex.py took 0.756 seconds
[2023-02-22T20:48:56.995+0000] {processor.py:153} INFO - Started process (PID=689) to work on /home/airflow/.local/lib/python3.7/site-packages/airflow/example_dags/example_complex.py
[2023-02-22T20:48:56.997+0000] {processor.py:743} INFO - Processing file /home/airflow/.local/lib/python3.7/site-packages/airflow/example_dags/example_complex.py for tasks to queue
[2023-02-22T20:48:56.998+0000] {logging_mixin.py:137} INFO - [2023-02-22T20:48:56.998+0000] {dagbag.py:538} INFO - Filling up the DagBag from /home/airflow/.local/lib/python3.7/site-packages/airflow/example_dags/example_complex.py
[2023-02-22T20:48:57.093+0000] {logging_mixin.py:137} INFO - [2023-02-22T20:48:57.093+0000] {taskmixin.py:205} WARNING - Dependency <Task(BashOperator): create_entry_group>, delete_entry_group already registered for DAG: example_complex
[2023-02-22T20:48:57.094+0000] {logging_mixin.py:137} INFO - [2023-02-22T20:48:57.094+0000] {taskmixin.py:205} WARNING - Dependency <Task(BashOperator): delete_entry_group>, create_entry_group already registered for DAG: example_complex
[2023-02-22T20:48:57.095+0000] {logging_mixin.py:137} INFO - [2023-02-22T20:48:57.094+0000] {taskmixin.py:205} WARNING - Dependency <Task(BashOperator): create_entry_gcs>, delete_entry already registered for DAG: example_complex
[2023-02-22T20:48:57.095+0000] {logging_mixin.py:137} INFO - [2023-02-22T20:48:57.095+0000] {taskmixin.py:205} WARNING - Dependency <Task(BashOperator): delete_entry>, create_entry_gcs already registered for DAG: example_complex
[2023-02-22T20:48:57.107+0000] {logging_mixin.py:137} INFO - [2023-02-22T20:48:57.107+0000] {taskmixin.py:205} WARNING - Dependency <Task(BashOperator): create_tag>, delete_tag already registered for DAG: example_complex
[2023-02-22T20:48:57.108+0000] {logging_mixin.py:137} INFO - [2023-02-22T20:48:57.108+0000] {taskmixin.py:205} WARNING - Dependency <Task(BashOperator): delete_tag>, create_tag already registered for DAG: example_complex
[2023-02-22T20:48:57.156+0000] {processor.py:753} INFO - DAG(s) dict_keys(['example_complex']) retrieved from /home/airflow/.local/lib/python3.7/site-packages/airflow/example_dags/example_complex.py
[2023-02-22T20:48:57.369+0000] {logging_mixin.py:137} INFO - [2023-02-22T20:48:57.368+0000] {dag.py:2690} INFO - Sync 1 DAGs
[2023-02-22T20:48:57.543+0000] {logging_mixin.py:137} INFO - [2023-02-22T20:48:57.543+0000] {dag.py:3441} INFO - Setting next_dagrun for example_complex to None, run_after=None
[2023-02-22T20:48:57.681+0000] {processor.py:175} INFO - Processing /home/airflow/.local/lib/python3.7/site-packages/airflow/example_dags/example_complex.py took 0.712 seconds
[2023-02-22T20:49:28.195+0000] {processor.py:153} INFO - Started process (PID=744) to work on /home/airflow/.local/lib/python3.7/site-packages/airflow/example_dags/example_complex.py
[2023-02-22T20:49:28.199+0000] {processor.py:743} INFO - Processing file /home/airflow/.local/lib/python3.7/site-packages/airflow/example_dags/example_complex.py for tasks to queue
[2023-02-22T20:49:28.210+0000] {logging_mixin.py:137} INFO - [2023-02-22T20:49:28.209+0000] {dagbag.py:538} INFO - Filling up the DagBag from /home/airflow/.local/lib/python3.7/site-packages/airflow/example_dags/example_complex.py
[2023-02-22T20:49:28.289+0000] {logging_mixin.py:137} INFO - [2023-02-22T20:49:28.289+0000] {taskmixin.py:205} WARNING - Dependency <Task(BashOperator): create_entry_group>, delete_entry_group already registered for DAG: example_complex
[2023-02-22T20:49:28.290+0000] {logging_mixin.py:137} INFO - [2023-02-22T20:49:28.290+0000] {taskmixin.py:205} WARNING - Dependency <Task(BashOperator): delete_entry_group>, create_entry_group already registered for DAG: example_complex
[2023-02-22T20:49:28.290+0000] {logging_mixin.py:137} INFO - [2023-02-22T20:49:28.290+0000] {taskmixin.py:205} WARNING - Dependency <Task(BashOperator): create_entry_gcs>, delete_entry already registered for DAG: example_complex
[2023-02-22T20:49:28.290+0000] {logging_mixin.py:137} INFO - [2023-02-22T20:49:28.290+0000] {taskmixin.py:205} WARNING - Dependency <Task(BashOperator): delete_entry>, create_entry_gcs already registered for DAG: example_complex
[2023-02-22T20:49:28.291+0000] {logging_mixin.py:137} INFO - [2023-02-22T20:49:28.291+0000] {taskmixin.py:205} WARNING - Dependency <Task(BashOperator): create_tag>, delete_tag already registered for DAG: example_complex
[2023-02-22T20:49:28.291+0000] {logging_mixin.py:137} INFO - [2023-02-22T20:49:28.291+0000] {taskmixin.py:205} WARNING - Dependency <Task(BashOperator): delete_tag>, create_tag already registered for DAG: example_complex
[2023-02-22T20:49:28.327+0000] {processor.py:753} INFO - DAG(s) dict_keys(['example_complex']) retrieved from /home/airflow/.local/lib/python3.7/site-packages/airflow/example_dags/example_complex.py
[2023-02-22T20:49:28.486+0000] {logging_mixin.py:137} INFO - [2023-02-22T20:49:28.486+0000] {dag.py:2690} INFO - Sync 1 DAGs
[2023-02-22T20:49:28.716+0000] {logging_mixin.py:137} INFO - [2023-02-22T20:49:28.715+0000] {dag.py:3441} INFO - Setting next_dagrun for example_complex to None, run_after=None
[2023-02-22T20:49:28.852+0000] {processor.py:175} INFO - Processing /home/airflow/.local/lib/python3.7/site-packages/airflow/example_dags/example_complex.py took 0.674 seconds
[2023-02-22T20:49:59.453+0000] {processor.py:153} INFO - Started process (PID=816) to work on /home/airflow/.local/lib/python3.7/site-packages/airflow/example_dags/example_complex.py
[2023-02-22T20:49:59.454+0000] {processor.py:743} INFO - Processing file /home/airflow/.local/lib/python3.7/site-packages/airflow/example_dags/example_complex.py for tasks to queue
[2023-02-22T20:49:59.466+0000] {logging_mixin.py:137} INFO - [2023-02-22T20:49:59.465+0000] {dagbag.py:538} INFO - Filling up the DagBag from /home/airflow/.local/lib/python3.7/site-packages/airflow/example_dags/example_complex.py
[2023-02-22T20:49:59.532+0000] {logging_mixin.py:137} INFO - [2023-02-22T20:49:59.532+0000] {taskmixin.py:205} WARNING - Dependency <Task(BashOperator): create_entry_group>, delete_entry_group already registered for DAG: example_complex
[2023-02-22T20:49:59.533+0000] {logging_mixin.py:137} INFO - [2023-02-22T20:49:59.532+0000] {taskmixin.py:205} WARNING - Dependency <Task(BashOperator): delete_entry_group>, create_entry_group already registered for DAG: example_complex
[2023-02-22T20:49:59.544+0000] {logging_mixin.py:137} INFO - [2023-02-22T20:49:59.533+0000] {taskmixin.py:205} WARNING - Dependency <Task(BashOperator): create_entry_gcs>, delete_entry already registered for DAG: example_complex
[2023-02-22T20:49:59.545+0000] {logging_mixin.py:137} INFO - [2023-02-22T20:49:59.545+0000] {taskmixin.py:205} WARNING - Dependency <Task(BashOperator): delete_entry>, create_entry_gcs already registered for DAG: example_complex
[2023-02-22T20:49:59.546+0000] {logging_mixin.py:137} INFO - [2023-02-22T20:49:59.545+0000] {taskmixin.py:205} WARNING - Dependency <Task(BashOperator): create_tag>, delete_tag already registered for DAG: example_complex
[2023-02-22T20:49:59.546+0000] {logging_mixin.py:137} INFO - [2023-02-22T20:49:59.546+0000] {taskmixin.py:205} WARNING - Dependency <Task(BashOperator): delete_tag>, create_tag already registered for DAG: example_complex
[2023-02-22T20:49:59.581+0000] {processor.py:753} INFO - DAG(s) dict_keys(['example_complex']) retrieved from /home/airflow/.local/lib/python3.7/site-packages/airflow/example_dags/example_complex.py
[2023-02-22T20:49:59.760+0000] {logging_mixin.py:137} INFO - [2023-02-22T20:49:59.760+0000] {dag.py:2690} INFO - Sync 1 DAGs
[2023-02-22T20:49:59.862+0000] {logging_mixin.py:137} INFO - [2023-02-22T20:49:59.862+0000] {dag.py:3441} INFO - Setting next_dagrun for example_complex to None, run_after=None
[2023-02-22T20:49:59.947+0000] {processor.py:175} INFO - Processing /home/airflow/.local/lib/python3.7/site-packages/airflow/example_dags/example_complex.py took 0.513 seconds
[2023-02-22T20:50:30.407+0000] {processor.py:153} INFO - Started process (PID=880) to work on /home/airflow/.local/lib/python3.7/site-packages/airflow/example_dags/example_complex.py
[2023-02-22T20:50:30.414+0000] {processor.py:743} INFO - Processing file /home/airflow/.local/lib/python3.7/site-packages/airflow/example_dags/example_complex.py for tasks to queue
[2023-02-22T20:50:30.420+0000] {logging_mixin.py:137} INFO - [2023-02-22T20:50:30.419+0000] {dagbag.py:538} INFO - Filling up the DagBag from /home/airflow/.local/lib/python3.7/site-packages/airflow/example_dags/example_complex.py
[2023-02-22T20:50:30.474+0000] {logging_mixin.py:137} INFO - [2023-02-22T20:50:30.474+0000] {taskmixin.py:205} WARNING - Dependency <Task(BashOperator): create_entry_group>, delete_entry_group already registered for DAG: example_complex
[2023-02-22T20:50:30.475+0000] {logging_mixin.py:137} INFO - [2023-02-22T20:50:30.475+0000] {taskmixin.py:205} WARNING - Dependency <Task(BashOperator): delete_entry_group>, create_entry_group already registered for DAG: example_complex
[2023-02-22T20:50:30.475+0000] {logging_mixin.py:137} INFO - [2023-02-22T20:50:30.475+0000] {taskmixin.py:205} WARNING - Dependency <Task(BashOperator): create_entry_gcs>, delete_entry already registered for DAG: example_complex
[2023-02-22T20:50:30.476+0000] {logging_mixin.py:137} INFO - [2023-02-22T20:50:30.475+0000] {taskmixin.py:205} WARNING - Dependency <Task(BashOperator): delete_entry>, create_entry_gcs already registered for DAG: example_complex
[2023-02-22T20:50:30.477+0000] {logging_mixin.py:137} INFO - [2023-02-22T20:50:30.476+0000] {taskmixin.py:205} WARNING - Dependency <Task(BashOperator): create_tag>, delete_tag already registered for DAG: example_complex
[2023-02-22T20:50:30.477+0000] {logging_mixin.py:137} INFO - [2023-02-22T20:50:30.477+0000] {taskmixin.py:205} WARNING - Dependency <Task(BashOperator): delete_tag>, create_tag already registered for DAG: example_complex
[2023-02-22T20:50:30.502+0000] {processor.py:753} INFO - DAG(s) dict_keys(['example_complex']) retrieved from /home/airflow/.local/lib/python3.7/site-packages/airflow/example_dags/example_complex.py
[2023-02-22T20:50:30.653+0000] {logging_mixin.py:137} INFO - [2023-02-22T20:50:30.653+0000] {dag.py:2690} INFO - Sync 1 DAGs
[2023-02-22T20:50:30.796+0000] {logging_mixin.py:137} INFO - [2023-02-22T20:50:30.796+0000] {dag.py:3441} INFO - Setting next_dagrun for example_complex to None, run_after=None
[2023-02-22T20:50:30.940+0000] {processor.py:175} INFO - Processing /home/airflow/.local/lib/python3.7/site-packages/airflow/example_dags/example_complex.py took 0.565 seconds
[2023-02-22T20:51:01.655+0000] {processor.py:153} INFO - Started process (PID=942) to work on /home/airflow/.local/lib/python3.7/site-packages/airflow/example_dags/example_complex.py
[2023-02-22T20:51:01.657+0000] {processor.py:743} INFO - Processing file /home/airflow/.local/lib/python3.7/site-packages/airflow/example_dags/example_complex.py for tasks to queue
[2023-02-22T20:51:01.659+0000] {logging_mixin.py:137} INFO - [2023-02-22T20:51:01.658+0000] {dagbag.py:538} INFO - Filling up the DagBag from /home/airflow/.local/lib/python3.7/site-packages/airflow/example_dags/example_complex.py
[2023-02-22T20:51:01.725+0000] {logging_mixin.py:137} INFO - [2023-02-22T20:51:01.725+0000] {taskmixin.py:205} WARNING - Dependency <Task(BashOperator): create_entry_group>, delete_entry_group already registered for DAG: example_complex
[2023-02-22T20:51:01.725+0000] {logging_mixin.py:137} INFO - [2023-02-22T20:51:01.725+0000] {taskmixin.py:205} WARNING - Dependency <Task(BashOperator): delete_entry_group>, create_entry_group already registered for DAG: example_complex
[2023-02-22T20:51:01.736+0000] {logging_mixin.py:137} INFO - [2023-02-22T20:51:01.726+0000] {taskmixin.py:205} WARNING - Dependency <Task(BashOperator): create_entry_gcs>, delete_entry already registered for DAG: example_complex
[2023-02-22T20:51:01.736+0000] {logging_mixin.py:137} INFO - [2023-02-22T20:51:01.736+0000] {taskmixin.py:205} WARNING - Dependency <Task(BashOperator): delete_entry>, create_entry_gcs already registered for DAG: example_complex
[2023-02-22T20:51:01.737+0000] {logging_mixin.py:137} INFO - [2023-02-22T20:51:01.737+0000] {taskmixin.py:205} WARNING - Dependency <Task(BashOperator): create_tag>, delete_tag already registered for DAG: example_complex
[2023-02-22T20:51:01.737+0000] {logging_mixin.py:137} INFO - [2023-02-22T20:51:01.737+0000] {taskmixin.py:205} WARNING - Dependency <Task(BashOperator): delete_tag>, create_tag already registered for DAG: example_complex
[2023-02-22T20:51:01.757+0000] {processor.py:753} INFO - DAG(s) dict_keys(['example_complex']) retrieved from /home/airflow/.local/lib/python3.7/site-packages/airflow/example_dags/example_complex.py
[2023-02-22T20:51:01.843+0000] {logging_mixin.py:137} INFO - [2023-02-22T20:51:01.843+0000] {dag.py:2690} INFO - Sync 1 DAGs
[2023-02-22T20:51:01.924+0000] {logging_mixin.py:137} INFO - [2023-02-22T20:51:01.924+0000] {dag.py:3441} INFO - Setting next_dagrun for example_complex to None, run_after=None
[2023-02-22T20:51:02.000+0000] {processor.py:175} INFO - Processing /home/airflow/.local/lib/python3.7/site-packages/airflow/example_dags/example_complex.py took 0.374 seconds
[2023-02-22T20:51:32.301+0000] {processor.py:153} INFO - Started process (PID=1021) to work on /home/airflow/.local/lib/python3.7/site-packages/airflow/example_dags/example_complex.py
[2023-02-22T20:51:32.302+0000] {processor.py:743} INFO - Processing file /home/airflow/.local/lib/python3.7/site-packages/airflow/example_dags/example_complex.py for tasks to queue
[2023-02-22T20:51:32.302+0000] {logging_mixin.py:137} INFO - [2023-02-22T20:51:32.302+0000] {dagbag.py:538} INFO - Filling up the DagBag from /home/airflow/.local/lib/python3.7/site-packages/airflow/example_dags/example_complex.py
[2023-02-22T20:51:32.314+0000] {logging_mixin.py:137} INFO - [2023-02-22T20:51:32.314+0000] {taskmixin.py:205} WARNING - Dependency <Task(BashOperator): create_entry_group>, delete_entry_group already registered for DAG: example_complex
[2023-02-22T20:51:32.314+0000] {logging_mixin.py:137} INFO - [2023-02-22T20:51:32.314+0000] {taskmixin.py:205} WARNING - Dependency <Task(BashOperator): delete_entry_group>, create_entry_group already registered for DAG: example_complex
[2023-02-22T20:51:32.315+0000] {logging_mixin.py:137} INFO - [2023-02-22T20:51:32.314+0000] {taskmixin.py:205} WARNING - Dependency <Task(BashOperator): create_entry_gcs>, delete_entry already registered for DAG: example_complex
[2023-02-22T20:51:32.315+0000] {logging_mixin.py:137} INFO - [2023-02-22T20:51:32.315+0000] {taskmixin.py:205} WARNING - Dependency <Task(BashOperator): delete_entry>, create_entry_gcs already registered for DAG: example_complex
[2023-02-22T20:51:32.315+0000] {logging_mixin.py:137} INFO - [2023-02-22T20:51:32.315+0000] {taskmixin.py:205} WARNING - Dependency <Task(BashOperator): create_tag>, delete_tag already registered for DAG: example_complex
[2023-02-22T20:51:32.315+0000] {logging_mixin.py:137} INFO - [2023-02-22T20:51:32.315+0000] {taskmixin.py:205} WARNING - Dependency <Task(BashOperator): delete_tag>, create_tag already registered for DAG: example_complex
[2023-02-22T20:51:32.322+0000] {processor.py:753} INFO - DAG(s) dict_keys(['example_complex']) retrieved from /home/airflow/.local/lib/python3.7/site-packages/airflow/example_dags/example_complex.py
[2023-02-22T20:51:32.363+0000] {logging_mixin.py:137} INFO - [2023-02-22T20:51:32.363+0000] {dag.py:2690} INFO - Sync 1 DAGs
[2023-02-22T20:51:32.389+0000] {logging_mixin.py:137} INFO - [2023-02-22T20:51:32.389+0000] {dag.py:3441} INFO - Setting next_dagrun for example_complex to None, run_after=None
[2023-02-22T20:51:32.415+0000] {processor.py:175} INFO - Processing /home/airflow/.local/lib/python3.7/site-packages/airflow/example_dags/example_complex.py took 0.117 seconds
[2023-02-22T20:52:03.331+0000] {processor.py:153} INFO - Started process (PID=1101) to work on /home/airflow/.local/lib/python3.7/site-packages/airflow/example_dags/example_complex.py
[2023-02-22T20:52:03.335+0000] {processor.py:743} INFO - Processing file /home/airflow/.local/lib/python3.7/site-packages/airflow/example_dags/example_complex.py for tasks to queue
[2023-02-22T20:52:03.339+0000] {logging_mixin.py:137} INFO - [2023-02-22T20:52:03.338+0000] {dagbag.py:538} INFO - Filling up the DagBag from /home/airflow/.local/lib/python3.7/site-packages/airflow/example_dags/example_complex.py
[2023-02-22T20:52:03.367+0000] {logging_mixin.py:137} INFO - [2023-02-22T20:52:03.367+0000] {taskmixin.py:205} WARNING - Dependency <Task(BashOperator): create_entry_group>, delete_entry_group already registered for DAG: example_complex
[2023-02-22T20:52:03.368+0000] {logging_mixin.py:137} INFO - [2023-02-22T20:52:03.368+0000] {taskmixin.py:205} WARNING - Dependency <Task(BashOperator): delete_entry_group>, create_entry_group already registered for DAG: example_complex
[2023-02-22T20:52:03.368+0000] {logging_mixin.py:137} INFO - [2023-02-22T20:52:03.368+0000] {taskmixin.py:205} WARNING - Dependency <Task(BashOperator): create_entry_gcs>, delete_entry already registered for DAG: example_complex
[2023-02-22T20:52:03.368+0000] {logging_mixin.py:137} INFO - [2023-02-22T20:52:03.368+0000] {taskmixin.py:205} WARNING - Dependency <Task(BashOperator): delete_entry>, create_entry_gcs already registered for DAG: example_complex
[2023-02-22T20:52:03.369+0000] {logging_mixin.py:137} INFO - [2023-02-22T20:52:03.369+0000] {taskmixin.py:205} WARNING - Dependency <Task(BashOperator): create_tag>, delete_tag already registered for DAG: example_complex
[2023-02-22T20:52:03.369+0000] {logging_mixin.py:137} INFO - [2023-02-22T20:52:03.369+0000] {taskmixin.py:205} WARNING - Dependency <Task(BashOperator): delete_tag>, create_tag already registered for DAG: example_complex
[2023-02-22T20:52:03.385+0000] {processor.py:753} INFO - DAG(s) dict_keys(['example_complex']) retrieved from /home/airflow/.local/lib/python3.7/site-packages/airflow/example_dags/example_complex.py
[2023-02-22T20:52:03.442+0000] {logging_mixin.py:137} INFO - [2023-02-22T20:52:03.442+0000] {dag.py:2690} INFO - Sync 1 DAGs
[2023-02-22T20:52:03.479+0000] {logging_mixin.py:137} INFO - [2023-02-22T20:52:03.479+0000] {dag.py:3441} INFO - Setting next_dagrun for example_complex to None, run_after=None
[2023-02-22T20:52:03.512+0000] {processor.py:175} INFO - Processing /home/airflow/.local/lib/python3.7/site-packages/airflow/example_dags/example_complex.py took 0.188 seconds
[2023-02-22T20:52:33.786+0000] {processor.py:153} INFO - Started process (PID=1172) to work on /home/airflow/.local/lib/python3.7/site-packages/airflow/example_dags/example_complex.py
[2023-02-22T20:52:33.788+0000] {processor.py:743} INFO - Processing file /home/airflow/.local/lib/python3.7/site-packages/airflow/example_dags/example_complex.py for tasks to queue
[2023-02-22T20:52:33.789+0000] {logging_mixin.py:137} INFO - [2023-02-22T20:52:33.789+0000] {dagbag.py:538} INFO - Filling up the DagBag from /home/airflow/.local/lib/python3.7/site-packages/airflow/example_dags/example_complex.py
[2023-02-22T20:52:33.807+0000] {logging_mixin.py:137} INFO - [2023-02-22T20:52:33.807+0000] {taskmixin.py:205} WARNING - Dependency <Task(BashOperator): create_entry_group>, delete_entry_group already registered for DAG: example_complex
[2023-02-22T20:52:33.807+0000] {logging_mixin.py:137} INFO - [2023-02-22T20:52:33.807+0000] {taskmixin.py:205} WARNING - Dependency <Task(BashOperator): delete_entry_group>, create_entry_group already registered for DAG: example_complex
[2023-02-22T20:52:33.807+0000] {logging_mixin.py:137} INFO - [2023-02-22T20:52:33.807+0000] {taskmixin.py:205} WARNING - Dependency <Task(BashOperator): create_entry_gcs>, delete_entry already registered for DAG: example_complex
[2023-02-22T20:52:33.808+0000] {logging_mixin.py:137} INFO - [2023-02-22T20:52:33.807+0000] {taskmixin.py:205} WARNING - Dependency <Task(BashOperator): delete_entry>, create_entry_gcs already registered for DAG: example_complex
[2023-02-22T20:52:33.808+0000] {logging_mixin.py:137} INFO - [2023-02-22T20:52:33.808+0000] {taskmixin.py:205} WARNING - Dependency <Task(BashOperator): create_tag>, delete_tag already registered for DAG: example_complex
[2023-02-22T20:52:33.809+0000] {logging_mixin.py:137} INFO - [2023-02-22T20:52:33.808+0000] {taskmixin.py:205} WARNING - Dependency <Task(BashOperator): delete_tag>, create_tag already registered for DAG: example_complex
[2023-02-22T20:52:33.819+0000] {processor.py:753} INFO - DAG(s) dict_keys(['example_complex']) retrieved from /home/airflow/.local/lib/python3.7/site-packages/airflow/example_dags/example_complex.py
[2023-02-22T20:52:33.860+0000] {logging_mixin.py:137} INFO - [2023-02-22T20:52:33.860+0000] {dag.py:2690} INFO - Sync 1 DAGs
[2023-02-22T20:52:33.902+0000] {logging_mixin.py:137} INFO - [2023-02-22T20:52:33.902+0000] {dag.py:3441} INFO - Setting next_dagrun for example_complex to None, run_after=None
[2023-02-22T20:52:33.932+0000] {processor.py:175} INFO - Processing /home/airflow/.local/lib/python3.7/site-packages/airflow/example_dags/example_complex.py took 0.151 seconds
[2023-02-22T20:53:04.412+0000] {processor.py:153} INFO - Started process (PID=1259) to work on /home/airflow/.local/lib/python3.7/site-packages/airflow/example_dags/example_complex.py
[2023-02-22T20:53:04.412+0000] {processor.py:743} INFO - Processing file /home/airflow/.local/lib/python3.7/site-packages/airflow/example_dags/example_complex.py for tasks to queue
[2023-02-22T20:53:04.413+0000] {logging_mixin.py:137} INFO - [2023-02-22T20:53:04.413+0000] {dagbag.py:538} INFO - Filling up the DagBag from /home/airflow/.local/lib/python3.7/site-packages/airflow/example_dags/example_complex.py
[2023-02-22T20:53:04.428+0000] {logging_mixin.py:137} INFO - [2023-02-22T20:53:04.427+0000] {taskmixin.py:205} WARNING - Dependency <Task(BashOperator): create_entry_group>, delete_entry_group already registered for DAG: example_complex
[2023-02-22T20:53:04.428+0000] {logging_mixin.py:137} INFO - [2023-02-22T20:53:04.428+0000] {taskmixin.py:205} WARNING - Dependency <Task(BashOperator): delete_entry_group>, create_entry_group already registered for DAG: example_complex
[2023-02-22T20:53:04.428+0000] {logging_mixin.py:137} INFO - [2023-02-22T20:53:04.428+0000] {taskmixin.py:205} WARNING - Dependency <Task(BashOperator): create_entry_gcs>, delete_entry already registered for DAG: example_complex
[2023-02-22T20:53:04.429+0000] {logging_mixin.py:137} INFO - [2023-02-22T20:53:04.428+0000] {taskmixin.py:205} WARNING - Dependency <Task(BashOperator): delete_entry>, create_entry_gcs already registered for DAG: example_complex
[2023-02-22T20:53:04.429+0000] {logging_mixin.py:137} INFO - [2023-02-22T20:53:04.429+0000] {taskmixin.py:205} WARNING - Dependency <Task(BashOperator): create_tag>, delete_tag already registered for DAG: example_complex
[2023-02-22T20:53:04.429+0000] {logging_mixin.py:137} INFO - [2023-02-22T20:53:04.429+0000] {taskmixin.py:205} WARNING - Dependency <Task(BashOperator): delete_tag>, create_tag already registered for DAG: example_complex
[2023-02-22T20:53:04.442+0000] {processor.py:753} INFO - DAG(s) dict_keys(['example_complex']) retrieved from /home/airflow/.local/lib/python3.7/site-packages/airflow/example_dags/example_complex.py
[2023-02-22T20:53:04.478+0000] {logging_mixin.py:137} INFO - [2023-02-22T20:53:04.478+0000] {dag.py:2690} INFO - Sync 1 DAGs
[2023-02-22T20:53:04.507+0000] {logging_mixin.py:137} INFO - [2023-02-22T20:53:04.507+0000] {dag.py:3441} INFO - Setting next_dagrun for example_complex to None, run_after=None
[2023-02-22T20:53:04.539+0000] {processor.py:175} INFO - Processing /home/airflow/.local/lib/python3.7/site-packages/airflow/example_dags/example_complex.py took 0.131 seconds
