[2023-02-22T20:44:15.904+0000] {processor.py:153} INFO - Started process (PID=57) to work on /home/airflow/.local/lib/python3.7/site-packages/airflow/example_dags/example_xcom.py
[2023-02-22T20:44:15.905+0000] {processor.py:743} INFO - Processing file /home/airflow/.local/lib/python3.7/site-packages/airflow/example_dags/example_xcom.py for tasks to queue
[2023-02-22T20:44:15.905+0000] {logging_mixin.py:137} INFO - [2023-02-22T20:44:15.905+0000] {dagbag.py:538} INFO - Filling up the DagBag from /home/airflow/.local/lib/python3.7/site-packages/airflow/example_dags/example_xcom.py
[2023-02-22T20:44:15.948+0000] {processor.py:753} INFO - DAG(s) dict_keys(['example_xcom']) retrieved from /home/airflow/.local/lib/python3.7/site-packages/airflow/example_dags/example_xcom.py
[2023-02-22T20:44:15.991+0000] {logging_mixin.py:137} INFO - [2023-02-22T20:44:15.990+0000] {dag.py:2690} INFO - Sync 1 DAGs
[2023-02-22T20:44:16.044+0000] {logging_mixin.py:137} INFO - [2023-02-22T20:44:16.043+0000] {dag.py:3441} INFO - Setting next_dagrun for example_xcom to 2021-01-01T00:00:00+00:00, run_after=2021-01-01T00:00:00+00:00
[2023-02-22T20:44:16.159+0000] {processor.py:175} INFO - Processing /home/airflow/.local/lib/python3.7/site-packages/airflow/example_dags/example_xcom.py took 0.260 seconds
[2023-02-22T20:44:46.885+0000] {processor.py:153} INFO - Started process (PID=128) to work on /home/airflow/.local/lib/python3.7/site-packages/airflow/example_dags/example_xcom.py
[2023-02-22T20:44:46.887+0000] {processor.py:743} INFO - Processing file /home/airflow/.local/lib/python3.7/site-packages/airflow/example_dags/example_xcom.py for tasks to queue
[2023-02-22T20:44:46.888+0000] {logging_mixin.py:137} INFO - [2023-02-22T20:44:46.888+0000] {dagbag.py:538} INFO - Filling up the DagBag from /home/airflow/.local/lib/python3.7/site-packages/airflow/example_dags/example_xcom.py
[2023-02-22T20:44:46.961+0000] {processor.py:753} INFO - DAG(s) dict_keys(['example_xcom']) retrieved from /home/airflow/.local/lib/python3.7/site-packages/airflow/example_dags/example_xcom.py
[2023-02-22T20:44:47.055+0000] {logging_mixin.py:137} INFO - [2023-02-22T20:44:47.055+0000] {dag.py:2690} INFO - Sync 1 DAGs
[2023-02-22T20:44:47.144+0000] {logging_mixin.py:137} INFO - [2023-02-22T20:44:47.144+0000] {dag.py:3441} INFO - Setting next_dagrun for example_xcom to 2021-01-01T00:00:00+00:00, run_after=2021-01-01T00:00:00+00:00
[2023-02-22T20:44:47.210+0000] {processor.py:175} INFO - Processing /home/airflow/.local/lib/python3.7/site-packages/airflow/example_dags/example_xcom.py took 0.338 seconds
[2023-02-22T20:45:17.259+0000] {processor.py:153} INFO - Started process (PID=200) to work on /home/airflow/.local/lib/python3.7/site-packages/airflow/example_dags/example_xcom.py
[2023-02-22T20:45:17.265+0000] {processor.py:743} INFO - Processing file /home/airflow/.local/lib/python3.7/site-packages/airflow/example_dags/example_xcom.py for tasks to queue
[2023-02-22T20:45:17.266+0000] {logging_mixin.py:137} INFO - [2023-02-22T20:45:17.266+0000] {dagbag.py:538} INFO - Filling up the DagBag from /home/airflow/.local/lib/python3.7/site-packages/airflow/example_dags/example_xcom.py
[2023-02-22T20:45:17.331+0000] {processor.py:753} INFO - DAG(s) dict_keys(['example_xcom']) retrieved from /home/airflow/.local/lib/python3.7/site-packages/airflow/example_dags/example_xcom.py
[2023-02-22T20:45:17.395+0000] {logging_mixin.py:137} INFO - [2023-02-22T20:45:17.394+0000] {dag.py:2690} INFO - Sync 1 DAGs
[2023-02-22T20:45:17.445+0000] {logging_mixin.py:137} INFO - [2023-02-22T20:45:17.445+0000] {dag.py:3441} INFO - Setting next_dagrun for example_xcom to 2021-01-01T00:00:00+00:00, run_after=2021-01-01T00:00:00+00:00
[2023-02-22T20:45:17.533+0000] {processor.py:175} INFO - Processing /home/airflow/.local/lib/python3.7/site-packages/airflow/example_dags/example_xcom.py took 0.284 seconds
[2023-02-22T20:45:47.584+0000] {processor.py:153} INFO - Started process (PID=271) to work on /home/airflow/.local/lib/python3.7/site-packages/airflow/example_dags/example_xcom.py
[2023-02-22T20:45:47.586+0000] {processor.py:743} INFO - Processing file /home/airflow/.local/lib/python3.7/site-packages/airflow/example_dags/example_xcom.py for tasks to queue
[2023-02-22T20:45:47.587+0000] {logging_mixin.py:137} INFO - [2023-02-22T20:45:47.587+0000] {dagbag.py:538} INFO - Filling up the DagBag from /home/airflow/.local/lib/python3.7/site-packages/airflow/example_dags/example_xcom.py
[2023-02-22T20:45:47.640+0000] {processor.py:753} INFO - DAG(s) dict_keys(['example_xcom']) retrieved from /home/airflow/.local/lib/python3.7/site-packages/airflow/example_dags/example_xcom.py
[2023-02-22T20:45:47.691+0000] {logging_mixin.py:137} INFO - [2023-02-22T20:45:47.691+0000] {dag.py:2690} INFO - Sync 1 DAGs
[2023-02-22T20:45:47.747+0000] {logging_mixin.py:137} INFO - [2023-02-22T20:45:47.746+0000] {dag.py:3441} INFO - Setting next_dagrun for example_xcom to 2021-01-01T00:00:00+00:00, run_after=2021-01-01T00:00:00+00:00
[2023-02-22T20:45:47.788+0000] {processor.py:175} INFO - Processing /home/airflow/.local/lib/python3.7/site-packages/airflow/example_dags/example_xcom.py took 0.211 seconds
[2023-02-22T20:46:18.111+0000] {processor.py:153} INFO - Started process (PID=342) to work on /home/airflow/.local/lib/python3.7/site-packages/airflow/example_dags/example_xcom.py
[2023-02-22T20:46:18.112+0000] {processor.py:743} INFO - Processing file /home/airflow/.local/lib/python3.7/site-packages/airflow/example_dags/example_xcom.py for tasks to queue
[2023-02-22T20:46:18.113+0000] {logging_mixin.py:137} INFO - [2023-02-22T20:46:18.113+0000] {dagbag.py:538} INFO - Filling up the DagBag from /home/airflow/.local/lib/python3.7/site-packages/airflow/example_dags/example_xcom.py
[2023-02-22T20:46:18.159+0000] {processor.py:753} INFO - DAG(s) dict_keys(['example_xcom']) retrieved from /home/airflow/.local/lib/python3.7/site-packages/airflow/example_dags/example_xcom.py
[2023-02-22T20:46:18.196+0000] {logging_mixin.py:137} INFO - [2023-02-22T20:46:18.196+0000] {dag.py:2690} INFO - Sync 1 DAGs
[2023-02-22T20:46:18.235+0000] {logging_mixin.py:137} INFO - [2023-02-22T20:46:18.235+0000] {dag.py:3441} INFO - Setting next_dagrun for example_xcom to 2021-01-01T00:00:00+00:00, run_after=2021-01-01T00:00:00+00:00
[2023-02-22T20:46:18.264+0000] {processor.py:175} INFO - Processing /home/airflow/.local/lib/python3.7/site-packages/airflow/example_dags/example_xcom.py took 0.166 seconds
[2023-02-22T20:46:48.528+0000] {processor.py:153} INFO - Started process (PID=413) to work on /home/airflow/.local/lib/python3.7/site-packages/airflow/example_dags/example_xcom.py
[2023-02-22T20:46:48.529+0000] {processor.py:743} INFO - Processing file /home/airflow/.local/lib/python3.7/site-packages/airflow/example_dags/example_xcom.py for tasks to queue
[2023-02-22T20:46:48.530+0000] {logging_mixin.py:137} INFO - [2023-02-22T20:46:48.530+0000] {dagbag.py:538} INFO - Filling up the DagBag from /home/airflow/.local/lib/python3.7/site-packages/airflow/example_dags/example_xcom.py
[2023-02-22T20:46:48.563+0000] {processor.py:753} INFO - DAG(s) dict_keys(['example_xcom']) retrieved from /home/airflow/.local/lib/python3.7/site-packages/airflow/example_dags/example_xcom.py
[2023-02-22T20:46:48.596+0000] {logging_mixin.py:137} INFO - [2023-02-22T20:46:48.596+0000] {dag.py:2690} INFO - Sync 1 DAGs
[2023-02-22T20:46:48.627+0000] {logging_mixin.py:137} INFO - [2023-02-22T20:46:48.627+0000] {dag.py:3441} INFO - Setting next_dagrun for example_xcom to 2021-01-01T00:00:00+00:00, run_after=2021-01-01T00:00:00+00:00
[2023-02-22T20:46:48.654+0000] {processor.py:175} INFO - Processing /home/airflow/.local/lib/python3.7/site-packages/airflow/example_dags/example_xcom.py took 0.131 seconds
[2023-02-22T20:47:19.379+0000] {processor.py:153} INFO - Started process (PID=484) to work on /home/airflow/.local/lib/python3.7/site-packages/airflow/example_dags/example_xcom.py
[2023-02-22T20:47:19.388+0000] {processor.py:743} INFO - Processing file /home/airflow/.local/lib/python3.7/site-packages/airflow/example_dags/example_xcom.py for tasks to queue
[2023-02-22T20:47:19.390+0000] {logging_mixin.py:137} INFO - [2023-02-22T20:47:19.390+0000] {dagbag.py:538} INFO - Filling up the DagBag from /home/airflow/.local/lib/python3.7/site-packages/airflow/example_dags/example_xcom.py
[2023-02-22T20:47:19.456+0000] {processor.py:753} INFO - DAG(s) dict_keys(['example_xcom']) retrieved from /home/airflow/.local/lib/python3.7/site-packages/airflow/example_dags/example_xcom.py
[2023-02-22T20:47:19.518+0000] {logging_mixin.py:137} INFO - [2023-02-22T20:47:19.518+0000] {dag.py:2690} INFO - Sync 1 DAGs
[2023-02-22T20:47:19.625+0000] {logging_mixin.py:137} INFO - [2023-02-22T20:47:19.624+0000] {dag.py:3441} INFO - Setting next_dagrun for example_xcom to 2021-01-01T00:00:00+00:00, run_after=2021-01-01T00:00:00+00:00
[2023-02-22T20:47:19.714+0000] {processor.py:175} INFO - Processing /home/airflow/.local/lib/python3.7/site-packages/airflow/example_dags/example_xcom.py took 0.342 seconds
[2023-02-22T20:47:50.044+0000] {processor.py:153} INFO - Started process (PID=546) to work on /home/airflow/.local/lib/python3.7/site-packages/airflow/example_dags/example_xcom.py
[2023-02-22T20:47:50.047+0000] {processor.py:743} INFO - Processing file /home/airflow/.local/lib/python3.7/site-packages/airflow/example_dags/example_xcom.py for tasks to queue
[2023-02-22T20:47:50.049+0000] {logging_mixin.py:137} INFO - [2023-02-22T20:47:50.048+0000] {dagbag.py:538} INFO - Filling up the DagBag from /home/airflow/.local/lib/python3.7/site-packages/airflow/example_dags/example_xcom.py
[2023-02-22T20:47:50.142+0000] {processor.py:753} INFO - DAG(s) dict_keys(['example_xcom']) retrieved from /home/airflow/.local/lib/python3.7/site-packages/airflow/example_dags/example_xcom.py
[2023-02-22T20:47:50.261+0000] {logging_mixin.py:137} INFO - [2023-02-22T20:47:50.261+0000] {dag.py:2690} INFO - Sync 1 DAGs
[2023-02-22T20:47:50.358+0000] {logging_mixin.py:137} INFO - [2023-02-22T20:47:50.358+0000] {dag.py:3441} INFO - Setting next_dagrun for example_xcom to 2021-01-01T00:00:00+00:00, run_after=2021-01-01T00:00:00+00:00
[2023-02-22T20:47:50.460+0000] {processor.py:175} INFO - Processing /home/airflow/.local/lib/python3.7/site-packages/airflow/example_dags/example_xcom.py took 0.432 seconds
[2023-02-22T20:48:20.661+0000] {processor.py:153} INFO - Started process (PID=610) to work on /home/airflow/.local/lib/python3.7/site-packages/airflow/example_dags/example_xcom.py
[2023-02-22T20:48:20.697+0000] {processor.py:743} INFO - Processing file /home/airflow/.local/lib/python3.7/site-packages/airflow/example_dags/example_xcom.py for tasks to queue
[2023-02-22T20:48:20.698+0000] {logging_mixin.py:137} INFO - [2023-02-22T20:48:20.697+0000] {dagbag.py:538} INFO - Filling up the DagBag from /home/airflow/.local/lib/python3.7/site-packages/airflow/example_dags/example_xcom.py
[2023-02-22T20:48:20.848+0000] {processor.py:753} INFO - DAG(s) dict_keys(['example_xcom']) retrieved from /home/airflow/.local/lib/python3.7/site-packages/airflow/example_dags/example_xcom.py
[2023-02-22T20:48:20.962+0000] {logging_mixin.py:137} INFO - [2023-02-22T20:48:20.962+0000] {dag.py:2690} INFO - Sync 1 DAGs
[2023-02-22T20:48:21.107+0000] {logging_mixin.py:137} INFO - [2023-02-22T20:48:21.106+0000] {dag.py:3441} INFO - Setting next_dagrun for example_xcom to 2021-01-01T00:00:00+00:00, run_after=2021-01-01T00:00:00+00:00
[2023-02-22T20:48:21.227+0000] {processor.py:175} INFO - Processing /home/airflow/.local/lib/python3.7/site-packages/airflow/example_dags/example_xcom.py took 0.574 seconds
[2023-02-22T20:48:51.375+0000] {processor.py:153} INFO - Started process (PID=671) to work on /home/airflow/.local/lib/python3.7/site-packages/airflow/example_dags/example_xcom.py
[2023-02-22T20:48:51.377+0000] {processor.py:743} INFO - Processing file /home/airflow/.local/lib/python3.7/site-packages/airflow/example_dags/example_xcom.py for tasks to queue
[2023-02-22T20:48:51.379+0000] {logging_mixin.py:137} INFO - [2023-02-22T20:48:51.379+0000] {dagbag.py:538} INFO - Filling up the DagBag from /home/airflow/.local/lib/python3.7/site-packages/airflow/example_dags/example_xcom.py
[2023-02-22T20:48:51.554+0000] {processor.py:753} INFO - DAG(s) dict_keys(['example_xcom']) retrieved from /home/airflow/.local/lib/python3.7/site-packages/airflow/example_dags/example_xcom.py
[2023-02-22T20:48:51.682+0000] {logging_mixin.py:137} INFO - [2023-02-22T20:48:51.682+0000] {dag.py:2690} INFO - Sync 1 DAGs
[2023-02-22T20:48:51.839+0000] {logging_mixin.py:137} INFO - [2023-02-22T20:48:51.828+0000] {dag.py:3441} INFO - Setting next_dagrun for example_xcom to 2021-01-01T00:00:00+00:00, run_after=2021-01-01T00:00:00+00:00
[2023-02-22T20:48:51.964+0000] {processor.py:175} INFO - Processing /home/airflow/.local/lib/python3.7/site-packages/airflow/example_dags/example_xcom.py took 0.619 seconds
[2023-02-22T20:49:22.301+0000] {processor.py:153} INFO - Started process (PID=735) to work on /home/airflow/.local/lib/python3.7/site-packages/airflow/example_dags/example_xcom.py
[2023-02-22T20:49:22.315+0000] {processor.py:743} INFO - Processing file /home/airflow/.local/lib/python3.7/site-packages/airflow/example_dags/example_xcom.py for tasks to queue
[2023-02-22T20:49:22.317+0000] {logging_mixin.py:137} INFO - [2023-02-22T20:49:22.316+0000] {dagbag.py:538} INFO - Filling up the DagBag from /home/airflow/.local/lib/python3.7/site-packages/airflow/example_dags/example_xcom.py
[2023-02-22T20:49:22.447+0000] {processor.py:753} INFO - DAG(s) dict_keys(['example_xcom']) retrieved from /home/airflow/.local/lib/python3.7/site-packages/airflow/example_dags/example_xcom.py
[2023-02-22T20:49:22.629+0000] {logging_mixin.py:137} INFO - [2023-02-22T20:49:22.629+0000] {dag.py:2690} INFO - Sync 1 DAGs
[2023-02-22T20:49:22.805+0000] {logging_mixin.py:137} INFO - [2023-02-22T20:49:22.804+0000] {dag.py:3441} INFO - Setting next_dagrun for example_xcom to 2021-01-01T00:00:00+00:00, run_after=2021-01-01T00:00:00+00:00
[2023-02-22T20:49:22.923+0000] {processor.py:175} INFO - Processing /home/airflow/.local/lib/python3.7/site-packages/airflow/example_dags/example_xcom.py took 0.650 seconds
[2023-02-22T20:49:53.096+0000] {processor.py:153} INFO - Started process (PID=800) to work on /home/airflow/.local/lib/python3.7/site-packages/airflow/example_dags/example_xcom.py
[2023-02-22T20:49:53.107+0000] {processor.py:743} INFO - Processing file /home/airflow/.local/lib/python3.7/site-packages/airflow/example_dags/example_xcom.py for tasks to queue
[2023-02-22T20:49:53.108+0000] {logging_mixin.py:137} INFO - [2023-02-22T20:49:53.108+0000] {dagbag.py:538} INFO - Filling up the DagBag from /home/airflow/.local/lib/python3.7/site-packages/airflow/example_dags/example_xcom.py
[2023-02-22T20:49:53.236+0000] {processor.py:753} INFO - DAG(s) dict_keys(['example_xcom']) retrieved from /home/airflow/.local/lib/python3.7/site-packages/airflow/example_dags/example_xcom.py
[2023-02-22T20:49:53.379+0000] {logging_mixin.py:137} INFO - [2023-02-22T20:49:53.379+0000] {dag.py:2690} INFO - Sync 1 DAGs
[2023-02-22T20:49:53.539+0000] {logging_mixin.py:137} INFO - [2023-02-22T20:49:53.539+0000] {dag.py:3441} INFO - Setting next_dagrun for example_xcom to 2021-01-01T00:00:00+00:00, run_after=2021-01-01T00:00:00+00:00
[2023-02-22T20:49:53.634+0000] {processor.py:175} INFO - Processing /home/airflow/.local/lib/python3.7/site-packages/airflow/example_dags/example_xcom.py took 0.543 seconds
[2023-02-22T20:50:23.779+0000] {processor.py:153} INFO - Started process (PID=862) to work on /home/airflow/.local/lib/python3.7/site-packages/airflow/example_dags/example_xcom.py
[2023-02-22T20:50:23.791+0000] {processor.py:743} INFO - Processing file /home/airflow/.local/lib/python3.7/site-packages/airflow/example_dags/example_xcom.py for tasks to queue
[2023-02-22T20:50:23.793+0000] {logging_mixin.py:137} INFO - [2023-02-22T20:50:23.793+0000] {dagbag.py:538} INFO - Filling up the DagBag from /home/airflow/.local/lib/python3.7/site-packages/airflow/example_dags/example_xcom.py
[2023-02-22T20:50:23.881+0000] {processor.py:753} INFO - DAG(s) dict_keys(['example_xcom']) retrieved from /home/airflow/.local/lib/python3.7/site-packages/airflow/example_dags/example_xcom.py
[2023-02-22T20:50:24.004+0000] {logging_mixin.py:137} INFO - [2023-02-22T20:50:23.993+0000] {dag.py:2690} INFO - Sync 1 DAGs
[2023-02-22T20:50:24.127+0000] {logging_mixin.py:137} INFO - [2023-02-22T20:50:24.127+0000] {dag.py:3441} INFO - Setting next_dagrun for example_xcom to 2021-01-01T00:00:00+00:00, run_after=2021-01-01T00:00:00+00:00
[2023-02-22T20:50:24.207+0000] {processor.py:175} INFO - Processing /home/airflow/.local/lib/python3.7/site-packages/airflow/example_dags/example_xcom.py took 0.442 seconds
[2023-02-22T20:50:54.378+0000] {processor.py:153} INFO - Started process (PID=933) to work on /home/airflow/.local/lib/python3.7/site-packages/airflow/example_dags/example_xcom.py
[2023-02-22T20:50:54.391+0000] {processor.py:743} INFO - Processing file /home/airflow/.local/lib/python3.7/site-packages/airflow/example_dags/example_xcom.py for tasks to queue
[2023-02-22T20:50:54.392+0000] {logging_mixin.py:137} INFO - [2023-02-22T20:50:54.392+0000] {dagbag.py:538} INFO - Filling up the DagBag from /home/airflow/.local/lib/python3.7/site-packages/airflow/example_dags/example_xcom.py
[2023-02-22T20:50:54.462+0000] {processor.py:753} INFO - DAG(s) dict_keys(['example_xcom']) retrieved from /home/airflow/.local/lib/python3.7/site-packages/airflow/example_dags/example_xcom.py
[2023-02-22T20:50:54.583+0000] {logging_mixin.py:137} INFO - [2023-02-22T20:50:54.583+0000] {dag.py:2690} INFO - Sync 1 DAGs
[2023-02-22T20:50:54.688+0000] {logging_mixin.py:137} INFO - [2023-02-22T20:50:54.688+0000] {dag.py:3441} INFO - Setting next_dagrun for example_xcom to 2021-01-01T00:00:00+00:00, run_after=2021-01-01T00:00:00+00:00
[2023-02-22T20:50:54.781+0000] {processor.py:175} INFO - Processing /home/airflow/.local/lib/python3.7/site-packages/airflow/example_dags/example_xcom.py took 0.417 seconds
[2023-02-22T20:51:25.406+0000] {processor.py:153} INFO - Started process (PID=1005) to work on /home/airflow/.local/lib/python3.7/site-packages/airflow/example_dags/example_xcom.py
[2023-02-22T20:51:25.408+0000] {processor.py:743} INFO - Processing file /home/airflow/.local/lib/python3.7/site-packages/airflow/example_dags/example_xcom.py for tasks to queue
[2023-02-22T20:51:25.408+0000] {logging_mixin.py:137} INFO - [2023-02-22T20:51:25.408+0000] {dagbag.py:538} INFO - Filling up the DagBag from /home/airflow/.local/lib/python3.7/site-packages/airflow/example_dags/example_xcom.py
[2023-02-22T20:51:25.439+0000] {processor.py:753} INFO - DAG(s) dict_keys(['example_xcom']) retrieved from /home/airflow/.local/lib/python3.7/site-packages/airflow/example_dags/example_xcom.py
[2023-02-22T20:51:25.468+0000] {logging_mixin.py:137} INFO - [2023-02-22T20:51:25.468+0000] {dag.py:2690} INFO - Sync 1 DAGs
[2023-02-22T20:51:25.493+0000] {logging_mixin.py:137} INFO - [2023-02-22T20:51:25.492+0000] {dag.py:3441} INFO - Setting next_dagrun for example_xcom to 2021-01-01T00:00:00+00:00, run_after=2021-01-01T00:00:00+00:00
[2023-02-22T20:51:25.509+0000] {processor.py:175} INFO - Processing /home/airflow/.local/lib/python3.7/site-packages/airflow/example_dags/example_xcom.py took 0.106 seconds
[2023-02-22T20:51:56.388+0000] {processor.py:153} INFO - Started process (PID=1076) to work on /home/airflow/.local/lib/python3.7/site-packages/airflow/example_dags/example_xcom.py
[2023-02-22T20:51:56.389+0000] {processor.py:743} INFO - Processing file /home/airflow/.local/lib/python3.7/site-packages/airflow/example_dags/example_xcom.py for tasks to queue
[2023-02-22T20:51:56.390+0000] {logging_mixin.py:137} INFO - [2023-02-22T20:51:56.389+0000] {dagbag.py:538} INFO - Filling up the DagBag from /home/airflow/.local/lib/python3.7/site-packages/airflow/example_dags/example_xcom.py
[2023-02-22T20:51:56.419+0000] {processor.py:753} INFO - DAG(s) dict_keys(['example_xcom']) retrieved from /home/airflow/.local/lib/python3.7/site-packages/airflow/example_dags/example_xcom.py
[2023-02-22T20:51:56.449+0000] {logging_mixin.py:137} INFO - [2023-02-22T20:51:56.449+0000] {dag.py:2690} INFO - Sync 1 DAGs
[2023-02-22T20:51:56.481+0000] {logging_mixin.py:137} INFO - [2023-02-22T20:51:56.481+0000] {dag.py:3441} INFO - Setting next_dagrun for example_xcom to 2021-01-01T00:00:00+00:00, run_after=2021-01-01T00:00:00+00:00
[2023-02-22T20:51:56.515+0000] {processor.py:175} INFO - Processing /home/airflow/.local/lib/python3.7/site-packages/airflow/example_dags/example_xcom.py took 0.131 seconds
[2023-02-22T20:52:26.797+0000] {processor.py:153} INFO - Started process (PID=1163) to work on /home/airflow/.local/lib/python3.7/site-packages/airflow/example_dags/example_xcom.py
[2023-02-22T20:52:26.798+0000] {processor.py:743} INFO - Processing file /home/airflow/.local/lib/python3.7/site-packages/airflow/example_dags/example_xcom.py for tasks to queue
[2023-02-22T20:52:26.799+0000] {logging_mixin.py:137} INFO - [2023-02-22T20:52:26.799+0000] {dagbag.py:538} INFO - Filling up the DagBag from /home/airflow/.local/lib/python3.7/site-packages/airflow/example_dags/example_xcom.py
[2023-02-22T20:52:26.830+0000] {processor.py:753} INFO - DAG(s) dict_keys(['example_xcom']) retrieved from /home/airflow/.local/lib/python3.7/site-packages/airflow/example_dags/example_xcom.py
[2023-02-22T20:52:26.862+0000] {logging_mixin.py:137} INFO - [2023-02-22T20:52:26.862+0000] {dag.py:2690} INFO - Sync 1 DAGs
[2023-02-22T20:52:26.896+0000] {logging_mixin.py:137} INFO - [2023-02-22T20:52:26.896+0000] {dag.py:3441} INFO - Setting next_dagrun for example_xcom to 2021-01-01T00:00:00+00:00, run_after=2021-01-01T00:00:00+00:00
[2023-02-22T20:52:26.928+0000] {processor.py:175} INFO - Processing /home/airflow/.local/lib/python3.7/site-packages/airflow/example_dags/example_xcom.py took 0.136 seconds
[2023-02-22T20:52:57.704+0000] {processor.py:153} INFO - Started process (PID=1234) to work on /home/airflow/.local/lib/python3.7/site-packages/airflow/example_dags/example_xcom.py
[2023-02-22T20:52:57.707+0000] {processor.py:743} INFO - Processing file /home/airflow/.local/lib/python3.7/site-packages/airflow/example_dags/example_xcom.py for tasks to queue
[2023-02-22T20:52:57.708+0000] {logging_mixin.py:137} INFO - [2023-02-22T20:52:57.708+0000] {dagbag.py:538} INFO - Filling up the DagBag from /home/airflow/.local/lib/python3.7/site-packages/airflow/example_dags/example_xcom.py
[2023-02-22T20:52:57.734+0000] {processor.py:753} INFO - DAG(s) dict_keys(['example_xcom']) retrieved from /home/airflow/.local/lib/python3.7/site-packages/airflow/example_dags/example_xcom.py
[2023-02-22T20:52:57.768+0000] {logging_mixin.py:137} INFO - [2023-02-22T20:52:57.768+0000] {dag.py:2690} INFO - Sync 1 DAGs
[2023-02-22T20:52:57.798+0000] {logging_mixin.py:137} INFO - [2023-02-22T20:52:57.798+0000] {dag.py:3441} INFO - Setting next_dagrun for example_xcom to 2021-01-01T00:00:00+00:00, run_after=2021-01-01T00:00:00+00:00
[2023-02-22T20:52:57.828+0000] {processor.py:175} INFO - Processing /home/airflow/.local/lib/python3.7/site-packages/airflow/example_dags/example_xcom.py took 0.127 seconds
[2023-02-22T20:53:28.074+0000] {processor.py:153} INFO - Started process (PID=1321) to work on /home/airflow/.local/lib/python3.7/site-packages/airflow/example_dags/example_xcom.py
[2023-02-22T20:53:28.077+0000] {processor.py:743} INFO - Processing file /home/airflow/.local/lib/python3.7/site-packages/airflow/example_dags/example_xcom.py for tasks to queue
[2023-02-22T20:53:28.078+0000] {logging_mixin.py:137} INFO - [2023-02-22T20:53:28.078+0000] {dagbag.py:538} INFO - Filling up the DagBag from /home/airflow/.local/lib/python3.7/site-packages/airflow/example_dags/example_xcom.py
[2023-02-22T20:53:28.100+0000] {processor.py:753} INFO - DAG(s) dict_keys(['example_xcom']) retrieved from /home/airflow/.local/lib/python3.7/site-packages/airflow/example_dags/example_xcom.py
[2023-02-22T20:53:28.129+0000] {logging_mixin.py:137} INFO - [2023-02-22T20:53:28.129+0000] {dag.py:2690} INFO - Sync 1 DAGs
[2023-02-22T20:53:28.158+0000] {logging_mixin.py:137} INFO - [2023-02-22T20:53:28.158+0000] {dag.py:3441} INFO - Setting next_dagrun for example_xcom to 2021-01-01T00:00:00+00:00, run_after=2021-01-01T00:00:00+00:00
[2023-02-22T20:53:28.180+0000] {processor.py:175} INFO - Processing /home/airflow/.local/lib/python3.7/site-packages/airflow/example_dags/example_xcom.py took 0.109 seconds
