[2023-02-22T20:44:16.655+0000] {processor.py:153} INFO - Started process (PID=63) to work on /home/airflow/.local/lib/python3.7/site-packages/airflow/example_dags/example_task_group.py
[2023-02-22T20:44:16.656+0000] {processor.py:743} INFO - Processing file /home/airflow/.local/lib/python3.7/site-packages/airflow/example_dags/example_task_group.py for tasks to queue
[2023-02-22T20:44:16.657+0000] {logging_mixin.py:137} INFO - [2023-02-22T20:44:16.657+0000] {dagbag.py:538} INFO - Filling up the DagBag from /home/airflow/.local/lib/python3.7/site-packages/airflow/example_dags/example_task_group.py
[2023-02-22T20:44:16.712+0000] {processor.py:753} INFO - DAG(s) dict_keys(['example_task_group']) retrieved from /home/airflow/.local/lib/python3.7/site-packages/airflow/example_dags/example_task_group.py
[2023-02-22T20:44:16.774+0000] {logging_mixin.py:137} INFO - [2023-02-22T20:44:16.774+0000] {dag.py:2690} INFO - Sync 1 DAGs
[2023-02-22T20:44:16.871+0000] {logging_mixin.py:137} INFO - [2023-02-22T20:44:16.871+0000] {dag.py:3441} INFO - Setting next_dagrun for example_task_group to 2023-02-21T20:44:16.871023+00:00, run_after=2023-02-22T20:44:16.871023+00:00
[2023-02-22T20:44:16.915+0000] {processor.py:175} INFO - Processing /home/airflow/.local/lib/python3.7/site-packages/airflow/example_dags/example_task_group.py took 0.268 seconds
[2023-02-22T20:44:48.622+0000] {processor.py:153} INFO - Started process (PID=134) to work on /home/airflow/.local/lib/python3.7/site-packages/airflow/example_dags/example_task_group.py
[2023-02-22T20:44:48.623+0000] {processor.py:743} INFO - Processing file /home/airflow/.local/lib/python3.7/site-packages/airflow/example_dags/example_task_group.py for tasks to queue
[2023-02-22T20:44:48.624+0000] {logging_mixin.py:137} INFO - [2023-02-22T20:44:48.624+0000] {dagbag.py:538} INFO - Filling up the DagBag from /home/airflow/.local/lib/python3.7/site-packages/airflow/example_dags/example_task_group.py
[2023-02-22T20:44:48.651+0000] {processor.py:753} INFO - DAG(s) dict_keys(['example_task_group']) retrieved from /home/airflow/.local/lib/python3.7/site-packages/airflow/example_dags/example_task_group.py
[2023-02-22T20:44:48.703+0000] {logging_mixin.py:137} INFO - [2023-02-22T20:44:48.702+0000] {dag.py:2690} INFO - Sync 1 DAGs
[2023-02-22T20:44:48.770+0000] {logging_mixin.py:137} INFO - [2023-02-22T20:44:48.770+0000] {dag.py:3441} INFO - Setting next_dagrun for example_task_group to 2023-02-21T20:44:48.769790+00:00, run_after=2023-02-22T20:44:48.769790+00:00
[2023-02-22T20:44:48.823+0000] {processor.py:175} INFO - Processing /home/airflow/.local/lib/python3.7/site-packages/airflow/example_dags/example_task_group.py took 0.208 seconds
[2023-02-22T20:45:19.704+0000] {processor.py:153} INFO - Started process (PID=206) to work on /home/airflow/.local/lib/python3.7/site-packages/airflow/example_dags/example_task_group.py
[2023-02-22T20:45:19.706+0000] {processor.py:743} INFO - Processing file /home/airflow/.local/lib/python3.7/site-packages/airflow/example_dags/example_task_group.py for tasks to queue
[2023-02-22T20:45:19.707+0000] {logging_mixin.py:137} INFO - [2023-02-22T20:45:19.707+0000] {dagbag.py:538} INFO - Filling up the DagBag from /home/airflow/.local/lib/python3.7/site-packages/airflow/example_dags/example_task_group.py
[2023-02-22T20:45:19.745+0000] {processor.py:753} INFO - DAG(s) dict_keys(['example_task_group']) retrieved from /home/airflow/.local/lib/python3.7/site-packages/airflow/example_dags/example_task_group.py
[2023-02-22T20:45:19.794+0000] {logging_mixin.py:137} INFO - [2023-02-22T20:45:19.794+0000] {dag.py:2690} INFO - Sync 1 DAGs
[2023-02-22T20:45:19.846+0000] {logging_mixin.py:137} INFO - [2023-02-22T20:45:19.846+0000] {dag.py:3441} INFO - Setting next_dagrun for example_task_group to 2023-02-21T20:45:19.846308+00:00, run_after=2023-02-22T20:45:19.846308+00:00
[2023-02-22T20:45:19.879+0000] {processor.py:175} INFO - Processing /home/airflow/.local/lib/python3.7/site-packages/airflow/example_dags/example_task_group.py took 0.191 seconds
[2023-02-22T20:45:50.206+0000] {processor.py:153} INFO - Started process (PID=277) to work on /home/airflow/.local/lib/python3.7/site-packages/airflow/example_dags/example_task_group.py
[2023-02-22T20:45:50.208+0000] {processor.py:743} INFO - Processing file /home/airflow/.local/lib/python3.7/site-packages/airflow/example_dags/example_task_group.py for tasks to queue
[2023-02-22T20:45:50.209+0000] {logging_mixin.py:137} INFO - [2023-02-22T20:45:50.209+0000] {dagbag.py:538} INFO - Filling up the DagBag from /home/airflow/.local/lib/python3.7/site-packages/airflow/example_dags/example_task_group.py
[2023-02-22T20:45:50.232+0000] {processor.py:753} INFO - DAG(s) dict_keys(['example_task_group']) retrieved from /home/airflow/.local/lib/python3.7/site-packages/airflow/example_dags/example_task_group.py
[2023-02-22T20:45:50.267+0000] {logging_mixin.py:137} INFO - [2023-02-22T20:45:50.267+0000] {dag.py:2690} INFO - Sync 1 DAGs
[2023-02-22T20:45:50.322+0000] {logging_mixin.py:137} INFO - [2023-02-22T20:45:50.322+0000] {dag.py:3441} INFO - Setting next_dagrun for example_task_group to 2023-02-21T20:45:50.321674+00:00, run_after=2023-02-22T20:45:50.321674+00:00
[2023-02-22T20:45:50.353+0000] {processor.py:175} INFO - Processing /home/airflow/.local/lib/python3.7/site-packages/airflow/example_dags/example_task_group.py took 0.152 seconds
[2023-02-22T20:46:20.456+0000] {processor.py:153} INFO - Started process (PID=348) to work on /home/airflow/.local/lib/python3.7/site-packages/airflow/example_dags/example_task_group.py
[2023-02-22T20:46:20.457+0000] {processor.py:743} INFO - Processing file /home/airflow/.local/lib/python3.7/site-packages/airflow/example_dags/example_task_group.py for tasks to queue
[2023-02-22T20:46:20.458+0000] {logging_mixin.py:137} INFO - [2023-02-22T20:46:20.458+0000] {dagbag.py:538} INFO - Filling up the DagBag from /home/airflow/.local/lib/python3.7/site-packages/airflow/example_dags/example_task_group.py
[2023-02-22T20:46:20.478+0000] {processor.py:753} INFO - DAG(s) dict_keys(['example_task_group']) retrieved from /home/airflow/.local/lib/python3.7/site-packages/airflow/example_dags/example_task_group.py
[2023-02-22T20:46:20.509+0000] {logging_mixin.py:137} INFO - [2023-02-22T20:46:20.509+0000] {dag.py:2690} INFO - Sync 1 DAGs
[2023-02-22T20:46:20.541+0000] {logging_mixin.py:137} INFO - [2023-02-22T20:46:20.540+0000] {dag.py:3441} INFO - Setting next_dagrun for example_task_group to 2023-02-21T20:46:20.540620+00:00, run_after=2023-02-22T20:46:20.540620+00:00
[2023-02-22T20:46:20.567+0000] {processor.py:175} INFO - Processing /home/airflow/.local/lib/python3.7/site-packages/airflow/example_dags/example_task_group.py took 0.116 seconds
[2023-02-22T20:46:50.894+0000] {processor.py:153} INFO - Started process (PID=419) to work on /home/airflow/.local/lib/python3.7/site-packages/airflow/example_dags/example_task_group.py
[2023-02-22T20:46:50.895+0000] {processor.py:743} INFO - Processing file /home/airflow/.local/lib/python3.7/site-packages/airflow/example_dags/example_task_group.py for tasks to queue
[2023-02-22T20:46:50.895+0000] {logging_mixin.py:137} INFO - [2023-02-22T20:46:50.895+0000] {dagbag.py:538} INFO - Filling up the DagBag from /home/airflow/.local/lib/python3.7/site-packages/airflow/example_dags/example_task_group.py
[2023-02-22T20:46:50.916+0000] {processor.py:753} INFO - DAG(s) dict_keys(['example_task_group']) retrieved from /home/airflow/.local/lib/python3.7/site-packages/airflow/example_dags/example_task_group.py
[2023-02-22T20:46:50.955+0000] {logging_mixin.py:137} INFO - [2023-02-22T20:46:50.955+0000] {dag.py:2690} INFO - Sync 1 DAGs
[2023-02-22T20:46:50.987+0000] {logging_mixin.py:137} INFO - [2023-02-22T20:46:50.986+0000] {dag.py:3441} INFO - Setting next_dagrun for example_task_group to 2023-02-21T20:46:50.986562+00:00, run_after=2023-02-22T20:46:50.986562+00:00
[2023-02-22T20:46:51.013+0000] {processor.py:175} INFO - Processing /home/airflow/.local/lib/python3.7/site-packages/airflow/example_dags/example_task_group.py took 0.123 seconds
[2023-02-22T20:47:21.914+0000] {processor.py:153} INFO - Started process (PID=490) to work on /home/airflow/.local/lib/python3.7/site-packages/airflow/example_dags/example_task_group.py
[2023-02-22T20:47:21.928+0000] {processor.py:743} INFO - Processing file /home/airflow/.local/lib/python3.7/site-packages/airflow/example_dags/example_task_group.py for tasks to queue
[2023-02-22T20:47:21.930+0000] {logging_mixin.py:137} INFO - [2023-02-22T20:47:21.929+0000] {dagbag.py:538} INFO - Filling up the DagBag from /home/airflow/.local/lib/python3.7/site-packages/airflow/example_dags/example_task_group.py
[2023-02-22T20:47:22.029+0000] {processor.py:753} INFO - DAG(s) dict_keys(['example_task_group']) retrieved from /home/airflow/.local/lib/python3.7/site-packages/airflow/example_dags/example_task_group.py
[2023-02-22T20:47:22.158+0000] {logging_mixin.py:137} INFO - [2023-02-22T20:47:22.158+0000] {dag.py:2690} INFO - Sync 1 DAGs
[2023-02-22T20:47:22.279+0000] {logging_mixin.py:137} INFO - [2023-02-22T20:47:22.278+0000] {dag.py:3441} INFO - Setting next_dagrun for example_task_group to 2023-02-21T20:47:22.278216+00:00, run_after=2023-02-22T20:47:22.278216+00:00
[2023-02-22T20:47:22.767+0000] {processor.py:175} INFO - Processing /home/airflow/.local/lib/python3.7/site-packages/airflow/example_dags/example_task_group.py took 0.882 seconds
[2023-02-22T20:47:53.713+0000] {processor.py:153} INFO - Started process (PID=554) to work on /home/airflow/.local/lib/python3.7/site-packages/airflow/example_dags/example_task_group.py
[2023-02-22T20:47:53.716+0000] {processor.py:743} INFO - Processing file /home/airflow/.local/lib/python3.7/site-packages/airflow/example_dags/example_task_group.py for tasks to queue
[2023-02-22T20:47:53.717+0000] {logging_mixin.py:137} INFO - [2023-02-22T20:47:53.717+0000] {dagbag.py:538} INFO - Filling up the DagBag from /home/airflow/.local/lib/python3.7/site-packages/airflow/example_dags/example_task_group.py
[2023-02-22T20:47:53.810+0000] {processor.py:753} INFO - DAG(s) dict_keys(['example_task_group']) retrieved from /home/airflow/.local/lib/python3.7/site-packages/airflow/example_dags/example_task_group.py
[2023-02-22T20:47:53.961+0000] {logging_mixin.py:137} INFO - [2023-02-22T20:47:53.961+0000] {dag.py:2690} INFO - Sync 1 DAGs
[2023-02-22T20:47:54.109+0000] {logging_mixin.py:137} INFO - [2023-02-22T20:47:54.109+0000] {dag.py:3441} INFO - Setting next_dagrun for example_task_group to 2023-02-21T20:47:54.108171+00:00, run_after=2023-02-22T20:47:54.108171+00:00
[2023-02-22T20:47:54.240+0000] {processor.py:175} INFO - Processing /home/airflow/.local/lib/python3.7/site-packages/airflow/example_dags/example_task_group.py took 0.543 seconds
[2023-02-22T20:48:24.689+0000] {processor.py:153} INFO - Started process (PID=616) to work on /home/airflow/.local/lib/python3.7/site-packages/airflow/example_dags/example_task_group.py
[2023-02-22T20:48:24.694+0000] {processor.py:743} INFO - Processing file /home/airflow/.local/lib/python3.7/site-packages/airflow/example_dags/example_task_group.py for tasks to queue
[2023-02-22T20:48:24.702+0000] {logging_mixin.py:137} INFO - [2023-02-22T20:48:24.701+0000] {dagbag.py:538} INFO - Filling up the DagBag from /home/airflow/.local/lib/python3.7/site-packages/airflow/example_dags/example_task_group.py
[2023-02-22T20:48:24.787+0000] {processor.py:753} INFO - DAG(s) dict_keys(['example_task_group']) retrieved from /home/airflow/.local/lib/python3.7/site-packages/airflow/example_dags/example_task_group.py
[2023-02-22T20:48:24.893+0000] {logging_mixin.py:137} INFO - [2023-02-22T20:48:24.893+0000] {dag.py:2690} INFO - Sync 1 DAGs
[2023-02-22T20:48:25.049+0000] {logging_mixin.py:137} INFO - [2023-02-22T20:48:25.049+0000] {dag.py:3441} INFO - Setting next_dagrun for example_task_group to 2023-02-21T20:48:25.048519+00:00, run_after=2023-02-22T20:48:25.048519+00:00
[2023-02-22T20:48:25.187+0000] {processor.py:175} INFO - Processing /home/airflow/.local/lib/python3.7/site-packages/airflow/example_dags/example_task_group.py took 0.515 seconds
[2023-02-22T20:48:55.395+0000] {processor.py:153} INFO - Started process (PID=679) to work on /home/airflow/.local/lib/python3.7/site-packages/airflow/example_dags/example_task_group.py
[2023-02-22T20:48:55.397+0000] {processor.py:743} INFO - Processing file /home/airflow/.local/lib/python3.7/site-packages/airflow/example_dags/example_task_group.py for tasks to queue
[2023-02-22T20:48:55.399+0000] {logging_mixin.py:137} INFO - [2023-02-22T20:48:55.399+0000] {dagbag.py:538} INFO - Filling up the DagBag from /home/airflow/.local/lib/python3.7/site-packages/airflow/example_dags/example_task_group.py
[2023-02-22T20:48:55.467+0000] {processor.py:753} INFO - DAG(s) dict_keys(['example_task_group']) retrieved from /home/airflow/.local/lib/python3.7/site-packages/airflow/example_dags/example_task_group.py
[2023-02-22T20:48:55.545+0000] {logging_mixin.py:137} INFO - [2023-02-22T20:48:55.543+0000] {dag.py:2690} INFO - Sync 1 DAGs
[2023-02-22T20:48:55.642+0000] {logging_mixin.py:137} INFO - [2023-02-22T20:48:55.642+0000] {dag.py:3441} INFO - Setting next_dagrun for example_task_group to 2023-02-21T20:48:55.641639+00:00, run_after=2023-02-22T20:48:55.641639+00:00
[2023-02-22T20:48:55.744+0000] {processor.py:175} INFO - Processing /home/airflow/.local/lib/python3.7/site-packages/airflow/example_dags/example_task_group.py took 0.356 seconds
[2023-02-22T20:49:25.898+0000] {processor.py:153} INFO - Started process (PID=741) to work on /home/airflow/.local/lib/python3.7/site-packages/airflow/example_dags/example_task_group.py
[2023-02-22T20:49:25.910+0000] {processor.py:743} INFO - Processing file /home/airflow/.local/lib/python3.7/site-packages/airflow/example_dags/example_task_group.py for tasks to queue
[2023-02-22T20:49:25.912+0000] {logging_mixin.py:137} INFO - [2023-02-22T20:49:25.911+0000] {dagbag.py:538} INFO - Filling up the DagBag from /home/airflow/.local/lib/python3.7/site-packages/airflow/example_dags/example_task_group.py
[2023-02-22T20:49:25.991+0000] {processor.py:753} INFO - DAG(s) dict_keys(['example_task_group']) retrieved from /home/airflow/.local/lib/python3.7/site-packages/airflow/example_dags/example_task_group.py
[2023-02-22T20:49:26.093+0000] {logging_mixin.py:137} INFO - [2023-02-22T20:49:26.093+0000] {dag.py:2690} INFO - Sync 1 DAGs
[2023-02-22T20:49:26.204+0000] {logging_mixin.py:137} INFO - [2023-02-22T20:49:26.204+0000] {dag.py:3441} INFO - Setting next_dagrun for example_task_group to 2023-02-21T20:49:26.203687+00:00, run_after=2023-02-22T20:49:26.203687+00:00
[2023-02-22T20:49:26.296+0000] {processor.py:175} INFO - Processing /home/airflow/.local/lib/python3.7/site-packages/airflow/example_dags/example_task_group.py took 0.417 seconds
[2023-02-22T20:49:56.789+0000] {processor.py:153} INFO - Started process (PID=813) to work on /home/airflow/.local/lib/python3.7/site-packages/airflow/example_dags/example_task_group.py
[2023-02-22T20:49:56.800+0000] {processor.py:743} INFO - Processing file /home/airflow/.local/lib/python3.7/site-packages/airflow/example_dags/example_task_group.py for tasks to queue
[2023-02-22T20:49:56.804+0000] {logging_mixin.py:137} INFO - [2023-02-22T20:49:56.803+0000] {dagbag.py:538} INFO - Filling up the DagBag from /home/airflow/.local/lib/python3.7/site-packages/airflow/example_dags/example_task_group.py
[2023-02-22T20:49:56.866+0000] {processor.py:753} INFO - DAG(s) dict_keys(['example_task_group']) retrieved from /home/airflow/.local/lib/python3.7/site-packages/airflow/example_dags/example_task_group.py
[2023-02-22T20:49:57.000+0000] {logging_mixin.py:137} INFO - [2023-02-22T20:49:57.000+0000] {dag.py:2690} INFO - Sync 1 DAGs
[2023-02-22T20:49:57.119+0000] {logging_mixin.py:137} INFO - [2023-02-22T20:49:57.119+0000] {dag.py:3441} INFO - Setting next_dagrun for example_task_group to 2023-02-21T20:49:57.118727+00:00, run_after=2023-02-22T20:49:57.118727+00:00
[2023-02-22T20:49:57.238+0000] {processor.py:175} INFO - Processing /home/airflow/.local/lib/python3.7/site-packages/airflow/example_dags/example_task_group.py took 0.466 seconds
[2023-02-22T20:50:27.344+0000] {processor.py:153} INFO - Started process (PID=868) to work on /home/airflow/.local/lib/python3.7/site-packages/airflow/example_dags/example_task_group.py
[2023-02-22T20:50:27.346+0000] {processor.py:743} INFO - Processing file /home/airflow/.local/lib/python3.7/site-packages/airflow/example_dags/example_task_group.py for tasks to queue
[2023-02-22T20:50:27.347+0000] {logging_mixin.py:137} INFO - [2023-02-22T20:50:27.347+0000] {dagbag.py:538} INFO - Filling up the DagBag from /home/airflow/.local/lib/python3.7/site-packages/airflow/example_dags/example_task_group.py
[2023-02-22T20:50:27.426+0000] {processor.py:753} INFO - DAG(s) dict_keys(['example_task_group']) retrieved from /home/airflow/.local/lib/python3.7/site-packages/airflow/example_dags/example_task_group.py
[2023-02-22T20:50:27.537+0000] {logging_mixin.py:137} INFO - [2023-02-22T20:50:27.537+0000] {dag.py:2690} INFO - Sync 1 DAGs
[2023-02-22T20:50:27.658+0000] {logging_mixin.py:137} INFO - [2023-02-22T20:50:27.658+0000] {dag.py:3441} INFO - Setting next_dagrun for example_task_group to 2023-02-21T20:50:27.657964+00:00, run_after=2023-02-22T20:50:27.657964+00:00
[2023-02-22T20:50:27.730+0000] {processor.py:175} INFO - Processing /home/airflow/.local/lib/python3.7/site-packages/airflow/example_dags/example_task_group.py took 0.402 seconds
[2023-02-22T20:50:58.580+0000] {processor.py:153} INFO - Started process (PID=939) to work on /home/airflow/.local/lib/python3.7/site-packages/airflow/example_dags/example_task_group.py
[2023-02-22T20:50:58.584+0000] {processor.py:743} INFO - Processing file /home/airflow/.local/lib/python3.7/site-packages/airflow/example_dags/example_task_group.py for tasks to queue
[2023-02-22T20:50:58.586+0000] {logging_mixin.py:137} INFO - [2023-02-22T20:50:58.586+0000] {dagbag.py:538} INFO - Filling up the DagBag from /home/airflow/.local/lib/python3.7/site-packages/airflow/example_dags/example_task_group.py
[2023-02-22T20:50:58.625+0000] {processor.py:753} INFO - DAG(s) dict_keys(['example_task_group']) retrieved from /home/airflow/.local/lib/python3.7/site-packages/airflow/example_dags/example_task_group.py
[2023-02-22T20:50:58.752+0000] {logging_mixin.py:137} INFO - [2023-02-22T20:50:58.752+0000] {dag.py:2690} INFO - Sync 1 DAGs
[2023-02-22T20:50:58.894+0000] {logging_mixin.py:137} INFO - [2023-02-22T20:50:58.892+0000] {dag.py:3441} INFO - Setting next_dagrun for example_task_group to 2023-02-21T20:50:58.891771+00:00, run_after=2023-02-22T20:50:58.891771+00:00
[2023-02-22T20:50:58.989+0000] {processor.py:175} INFO - Processing /home/airflow/.local/lib/python3.7/site-packages/airflow/example_dags/example_task_group.py took 0.426 seconds
[2023-02-22T20:51:29.101+0000] {processor.py:153} INFO - Started process (PID=1011) to work on /home/airflow/.local/lib/python3.7/site-packages/airflow/example_dags/example_task_group.py
[2023-02-22T20:51:29.102+0000] {processor.py:743} INFO - Processing file /home/airflow/.local/lib/python3.7/site-packages/airflow/example_dags/example_task_group.py for tasks to queue
[2023-02-22T20:51:29.102+0000] {logging_mixin.py:137} INFO - [2023-02-22T20:51:29.102+0000] {dagbag.py:538} INFO - Filling up the DagBag from /home/airflow/.local/lib/python3.7/site-packages/airflow/example_dags/example_task_group.py
[2023-02-22T20:51:29.126+0000] {processor.py:753} INFO - DAG(s) dict_keys(['example_task_group']) retrieved from /home/airflow/.local/lib/python3.7/site-packages/airflow/example_dags/example_task_group.py
[2023-02-22T20:51:29.192+0000] {logging_mixin.py:137} INFO - [2023-02-22T20:51:29.192+0000] {dag.py:2690} INFO - Sync 1 DAGs
[2023-02-22T20:51:29.229+0000] {logging_mixin.py:137} INFO - [2023-02-22T20:51:29.229+0000] {dag.py:3441} INFO - Setting next_dagrun for example_task_group to 2023-02-21T20:51:29.229076+00:00, run_after=2023-02-22T20:51:29.229076+00:00
[2023-02-22T20:51:29.254+0000] {processor.py:175} INFO - Processing /home/airflow/.local/lib/python3.7/site-packages/airflow/example_dags/example_task_group.py took 0.158 seconds
[2023-02-22T20:51:59.953+0000] {processor.py:153} INFO - Started process (PID=1098) to work on /home/airflow/.local/lib/python3.7/site-packages/airflow/example_dags/example_task_group.py
[2023-02-22T20:51:59.954+0000] {processor.py:743} INFO - Processing file /home/airflow/.local/lib/python3.7/site-packages/airflow/example_dags/example_task_group.py for tasks to queue
[2023-02-22T20:51:59.955+0000] {logging_mixin.py:137} INFO - [2023-02-22T20:51:59.955+0000] {dagbag.py:538} INFO - Filling up the DagBag from /home/airflow/.local/lib/python3.7/site-packages/airflow/example_dags/example_task_group.py
[2023-02-22T20:51:59.970+0000] {processor.py:753} INFO - DAG(s) dict_keys(['example_task_group']) retrieved from /home/airflow/.local/lib/python3.7/site-packages/airflow/example_dags/example_task_group.py
[2023-02-22T20:51:59.996+0000] {logging_mixin.py:137} INFO - [2023-02-22T20:51:59.996+0000] {dag.py:2690} INFO - Sync 1 DAGs
[2023-02-22T20:52:00.031+0000] {logging_mixin.py:137} INFO - [2023-02-22T20:52:00.031+0000] {dag.py:3441} INFO - Setting next_dagrun for example_task_group to 2023-02-21T20:52:00.030759+00:00, run_after=2023-02-22T20:52:00.030759+00:00
[2023-02-22T20:52:00.052+0000] {processor.py:175} INFO - Processing /home/airflow/.local/lib/python3.7/site-packages/airflow/example_dags/example_task_group.py took 0.102 seconds
[2023-02-22T20:52:30.367+0000] {processor.py:153} INFO - Started process (PID=1169) to work on /home/airflow/.local/lib/python3.7/site-packages/airflow/example_dags/example_task_group.py
[2023-02-22T20:52:30.369+0000] {processor.py:743} INFO - Processing file /home/airflow/.local/lib/python3.7/site-packages/airflow/example_dags/example_task_group.py for tasks to queue
[2023-02-22T20:52:30.370+0000] {logging_mixin.py:137} INFO - [2023-02-22T20:52:30.370+0000] {dagbag.py:538} INFO - Filling up the DagBag from /home/airflow/.local/lib/python3.7/site-packages/airflow/example_dags/example_task_group.py
[2023-02-22T20:52:30.398+0000] {processor.py:753} INFO - DAG(s) dict_keys(['example_task_group']) retrieved from /home/airflow/.local/lib/python3.7/site-packages/airflow/example_dags/example_task_group.py
[2023-02-22T20:52:30.441+0000] {logging_mixin.py:137} INFO - [2023-02-22T20:52:30.441+0000] {dag.py:2690} INFO - Sync 1 DAGs
[2023-02-22T20:52:30.479+0000] {logging_mixin.py:137} INFO - [2023-02-22T20:52:30.479+0000] {dag.py:3441} INFO - Setting next_dagrun for example_task_group to 2023-02-21T20:52:30.479026+00:00, run_after=2023-02-22T20:52:30.479026+00:00
[2023-02-22T20:52:30.513+0000] {processor.py:175} INFO - Processing /home/airflow/.local/lib/python3.7/site-packages/airflow/example_dags/example_task_group.py took 0.151 seconds
[2023-02-22T20:53:01.064+0000] {processor.py:153} INFO - Started process (PID=1249) to work on /home/airflow/.local/lib/python3.7/site-packages/airflow/example_dags/example_task_group.py
[2023-02-22T20:53:01.065+0000] {processor.py:743} INFO - Processing file /home/airflow/.local/lib/python3.7/site-packages/airflow/example_dags/example_task_group.py for tasks to queue
[2023-02-22T20:53:01.066+0000] {logging_mixin.py:137} INFO - [2023-02-22T20:53:01.066+0000] {dagbag.py:538} INFO - Filling up the DagBag from /home/airflow/.local/lib/python3.7/site-packages/airflow/example_dags/example_task_group.py
[2023-02-22T20:53:01.086+0000] {processor.py:753} INFO - DAG(s) dict_keys(['example_task_group']) retrieved from /home/airflow/.local/lib/python3.7/site-packages/airflow/example_dags/example_task_group.py
[2023-02-22T20:53:01.113+0000] {logging_mixin.py:137} INFO - [2023-02-22T20:53:01.113+0000] {dag.py:2690} INFO - Sync 1 DAGs
[2023-02-22T20:53:01.151+0000] {logging_mixin.py:137} INFO - [2023-02-22T20:53:01.151+0000] {dag.py:3441} INFO - Setting next_dagrun for example_task_group to 2023-02-21T20:53:01.150803+00:00, run_after=2023-02-22T20:53:01.150803+00:00
[2023-02-22T20:53:01.178+0000] {processor.py:175} INFO - Processing /home/airflow/.local/lib/python3.7/site-packages/airflow/example_dags/example_task_group.py took 0.120 seconds
