[2023-02-22T20:44:17.981+0000] {processor.py:153} INFO - Started process (PID=77) to work on /home/airflow/.local/lib/python3.7/site-packages/airflow/example_dags/tutorial_dag.py
[2023-02-22T20:44:17.983+0000] {processor.py:743} INFO - Processing file /home/airflow/.local/lib/python3.7/site-packages/airflow/example_dags/tutorial_dag.py for tasks to queue
[2023-02-22T20:44:17.994+0000] {logging_mixin.py:137} INFO - [2023-02-22T20:44:17.993+0000] {dagbag.py:538} INFO - Filling up the DagBag from /home/airflow/.local/lib/python3.7/site-packages/airflow/example_dags/tutorial_dag.py
[2023-02-22T20:44:18.027+0000] {processor.py:753} INFO - DAG(s) dict_keys(['tutorial_dag']) retrieved from /home/airflow/.local/lib/python3.7/site-packages/airflow/example_dags/tutorial_dag.py
[2023-02-22T20:44:18.100+0000] {logging_mixin.py:137} INFO - [2023-02-22T20:44:18.100+0000] {dag.py:2690} INFO - Sync 1 DAGs
[2023-02-22T20:44:18.178+0000] {logging_mixin.py:137} INFO - [2023-02-22T20:44:18.178+0000] {dag.py:3441} INFO - Setting next_dagrun for tutorial_dag to None, run_after=None
[2023-02-22T20:44:18.221+0000] {processor.py:175} INFO - Processing /home/airflow/.local/lib/python3.7/site-packages/airflow/example_dags/tutorial_dag.py took 0.269 seconds
[2023-02-22T20:44:49.318+0000] {processor.py:153} INFO - Started process (PID=141) to work on /home/airflow/.local/lib/python3.7/site-packages/airflow/example_dags/tutorial_dag.py
[2023-02-22T20:44:49.320+0000] {processor.py:743} INFO - Processing file /home/airflow/.local/lib/python3.7/site-packages/airflow/example_dags/tutorial_dag.py for tasks to queue
[2023-02-22T20:44:49.321+0000] {logging_mixin.py:137} INFO - [2023-02-22T20:44:49.321+0000] {dagbag.py:538} INFO - Filling up the DagBag from /home/airflow/.local/lib/python3.7/site-packages/airflow/example_dags/tutorial_dag.py
[2023-02-22T20:44:49.348+0000] {processor.py:753} INFO - DAG(s) dict_keys(['tutorial_dag']) retrieved from /home/airflow/.local/lib/python3.7/site-packages/airflow/example_dags/tutorial_dag.py
[2023-02-22T20:44:49.410+0000] {logging_mixin.py:137} INFO - [2023-02-22T20:44:49.409+0000] {dag.py:2690} INFO - Sync 1 DAGs
[2023-02-22T20:44:49.460+0000] {logging_mixin.py:137} INFO - [2023-02-22T20:44:49.459+0000] {dag.py:3441} INFO - Setting next_dagrun for tutorial_dag to None, run_after=None
[2023-02-22T20:44:49.495+0000] {processor.py:175} INFO - Processing /home/airflow/.local/lib/python3.7/site-packages/airflow/example_dags/tutorial_dag.py took 0.183 seconds
[2023-02-22T20:45:20.697+0000] {processor.py:153} INFO - Started process (PID=213) to work on /home/airflow/.local/lib/python3.7/site-packages/airflow/example_dags/tutorial_dag.py
[2023-02-22T20:45:20.698+0000] {processor.py:743} INFO - Processing file /home/airflow/.local/lib/python3.7/site-packages/airflow/example_dags/tutorial_dag.py for tasks to queue
[2023-02-22T20:45:20.699+0000] {logging_mixin.py:137} INFO - [2023-02-22T20:45:20.699+0000] {dagbag.py:538} INFO - Filling up the DagBag from /home/airflow/.local/lib/python3.7/site-packages/airflow/example_dags/tutorial_dag.py
[2023-02-22T20:45:20.718+0000] {processor.py:753} INFO - DAG(s) dict_keys(['tutorial_dag']) retrieved from /home/airflow/.local/lib/python3.7/site-packages/airflow/example_dags/tutorial_dag.py
[2023-02-22T20:45:20.764+0000] {logging_mixin.py:137} INFO - [2023-02-22T20:45:20.763+0000] {dag.py:2690} INFO - Sync 1 DAGs
[2023-02-22T20:45:20.817+0000] {logging_mixin.py:137} INFO - [2023-02-22T20:45:20.816+0000] {dag.py:3441} INFO - Setting next_dagrun for tutorial_dag to None, run_after=None
[2023-02-22T20:45:20.864+0000] {processor.py:175} INFO - Processing /home/airflow/.local/lib/python3.7/site-packages/airflow/example_dags/tutorial_dag.py took 0.171 seconds
[2023-02-22T20:45:51.027+0000] {processor.py:153} INFO - Started process (PID=284) to work on /home/airflow/.local/lib/python3.7/site-packages/airflow/example_dags/tutorial_dag.py
[2023-02-22T20:45:51.029+0000] {processor.py:743} INFO - Processing file /home/airflow/.local/lib/python3.7/site-packages/airflow/example_dags/tutorial_dag.py for tasks to queue
[2023-02-22T20:45:51.031+0000] {logging_mixin.py:137} INFO - [2023-02-22T20:45:51.030+0000] {dagbag.py:538} INFO - Filling up the DagBag from /home/airflow/.local/lib/python3.7/site-packages/airflow/example_dags/tutorial_dag.py
[2023-02-22T20:45:51.052+0000] {processor.py:753} INFO - DAG(s) dict_keys(['tutorial_dag']) retrieved from /home/airflow/.local/lib/python3.7/site-packages/airflow/example_dags/tutorial_dag.py
[2023-02-22T20:45:51.122+0000] {logging_mixin.py:137} INFO - [2023-02-22T20:45:51.121+0000] {dag.py:2690} INFO - Sync 1 DAGs
[2023-02-22T20:45:51.188+0000] {logging_mixin.py:137} INFO - [2023-02-22T20:45:51.187+0000] {dag.py:3441} INFO - Setting next_dagrun for tutorial_dag to None, run_after=None
[2023-02-22T20:45:51.220+0000] {processor.py:175} INFO - Processing /home/airflow/.local/lib/python3.7/site-packages/airflow/example_dags/tutorial_dag.py took 0.199 seconds
[2023-02-22T20:46:22.190+0000] {processor.py:153} INFO - Started process (PID=355) to work on /home/airflow/.local/lib/python3.7/site-packages/airflow/example_dags/tutorial_dag.py
[2023-02-22T20:46:22.192+0000] {processor.py:743} INFO - Processing file /home/airflow/.local/lib/python3.7/site-packages/airflow/example_dags/tutorial_dag.py for tasks to queue
[2023-02-22T20:46:22.193+0000] {logging_mixin.py:137} INFO - [2023-02-22T20:46:22.193+0000] {dagbag.py:538} INFO - Filling up the DagBag from /home/airflow/.local/lib/python3.7/site-packages/airflow/example_dags/tutorial_dag.py
[2023-02-22T20:46:22.213+0000] {processor.py:753} INFO - DAG(s) dict_keys(['tutorial_dag']) retrieved from /home/airflow/.local/lib/python3.7/site-packages/airflow/example_dags/tutorial_dag.py
[2023-02-22T20:46:22.257+0000] {logging_mixin.py:137} INFO - [2023-02-22T20:46:22.256+0000] {dag.py:2690} INFO - Sync 1 DAGs
[2023-02-22T20:46:22.312+0000] {logging_mixin.py:137} INFO - [2023-02-22T20:46:22.312+0000] {dag.py:3441} INFO - Setting next_dagrun for tutorial_dag to None, run_after=None
[2023-02-22T20:46:22.355+0000] {processor.py:175} INFO - Processing /home/airflow/.local/lib/python3.7/site-packages/airflow/example_dags/tutorial_dag.py took 0.168 seconds
[2023-02-22T20:46:52.570+0000] {processor.py:153} INFO - Started process (PID=426) to work on /home/airflow/.local/lib/python3.7/site-packages/airflow/example_dags/tutorial_dag.py
[2023-02-22T20:46:52.572+0000] {processor.py:743} INFO - Processing file /home/airflow/.local/lib/python3.7/site-packages/airflow/example_dags/tutorial_dag.py for tasks to queue
[2023-02-22T20:46:52.573+0000] {logging_mixin.py:137} INFO - [2023-02-22T20:46:52.572+0000] {dagbag.py:538} INFO - Filling up the DagBag from /home/airflow/.local/lib/python3.7/site-packages/airflow/example_dags/tutorial_dag.py
[2023-02-22T20:46:52.594+0000] {processor.py:753} INFO - DAG(s) dict_keys(['tutorial_dag']) retrieved from /home/airflow/.local/lib/python3.7/site-packages/airflow/example_dags/tutorial_dag.py
[2023-02-22T20:46:52.631+0000] {logging_mixin.py:137} INFO - [2023-02-22T20:46:52.630+0000] {dag.py:2690} INFO - Sync 1 DAGs
[2023-02-22T20:46:52.671+0000] {logging_mixin.py:137} INFO - [2023-02-22T20:46:52.670+0000] {dag.py:3441} INFO - Setting next_dagrun for tutorial_dag to None, run_after=None
[2023-02-22T20:46:52.697+0000] {processor.py:175} INFO - Processing /home/airflow/.local/lib/python3.7/site-packages/airflow/example_dags/tutorial_dag.py took 0.134 seconds
[2023-02-22T20:47:24.791+0000] {processor.py:153} INFO - Started process (PID=497) to work on /home/airflow/.local/lib/python3.7/site-packages/airflow/example_dags/tutorial_dag.py
[2023-02-22T20:47:24.793+0000] {processor.py:743} INFO - Processing file /home/airflow/.local/lib/python3.7/site-packages/airflow/example_dags/tutorial_dag.py for tasks to queue
[2023-02-22T20:47:24.794+0000] {logging_mixin.py:137} INFO - [2023-02-22T20:47:24.794+0000] {dagbag.py:538} INFO - Filling up the DagBag from /home/airflow/.local/lib/python3.7/site-packages/airflow/example_dags/tutorial_dag.py
[2023-02-22T20:47:24.823+0000] {processor.py:753} INFO - DAG(s) dict_keys(['tutorial_dag']) retrieved from /home/airflow/.local/lib/python3.7/site-packages/airflow/example_dags/tutorial_dag.py
[2023-02-22T20:47:24.925+0000] {logging_mixin.py:137} INFO - [2023-02-22T20:47:24.924+0000] {dag.py:2690} INFO - Sync 1 DAGs
[2023-02-22T20:47:25.055+0000] {logging_mixin.py:137} INFO - [2023-02-22T20:47:25.055+0000] {dag.py:3441} INFO - Setting next_dagrun for tutorial_dag to None, run_after=None
[2023-02-22T20:47:25.127+0000] {processor.py:175} INFO - Processing /home/airflow/.local/lib/python3.7/site-packages/airflow/example_dags/tutorial_dag.py took 0.348 seconds
[2023-02-22T20:47:56.498+0000] {processor.py:153} INFO - Started process (PID=568) to work on /home/airflow/.local/lib/python3.7/site-packages/airflow/example_dags/tutorial_dag.py
[2023-02-22T20:47:56.510+0000] {processor.py:743} INFO - Processing file /home/airflow/.local/lib/python3.7/site-packages/airflow/example_dags/tutorial_dag.py for tasks to queue
[2023-02-22T20:47:56.519+0000] {logging_mixin.py:137} INFO - [2023-02-22T20:47:56.511+0000] {dagbag.py:538} INFO - Filling up the DagBag from /home/airflow/.local/lib/python3.7/site-packages/airflow/example_dags/tutorial_dag.py
[2023-02-22T20:47:56.614+0000] {processor.py:753} INFO - DAG(s) dict_keys(['tutorial_dag']) retrieved from /home/airflow/.local/lib/python3.7/site-packages/airflow/example_dags/tutorial_dag.py
[2023-02-22T20:47:56.725+0000] {logging_mixin.py:137} INFO - [2023-02-22T20:47:56.724+0000] {dag.py:2690} INFO - Sync 1 DAGs
[2023-02-22T20:47:56.881+0000] {logging_mixin.py:137} INFO - [2023-02-22T20:47:56.881+0000] {dag.py:3441} INFO - Setting next_dagrun for tutorial_dag to None, run_after=None
[2023-02-22T20:47:56.960+0000] {processor.py:175} INFO - Processing /home/airflow/.local/lib/python3.7/site-packages/airflow/example_dags/tutorial_dag.py took 0.494 seconds
[2023-02-22T20:48:27.680+0000] {processor.py:153} INFO - Started process (PID=623) to work on /home/airflow/.local/lib/python3.7/site-packages/airflow/example_dags/tutorial_dag.py
[2023-02-22T20:48:27.700+0000] {processor.py:743} INFO - Processing file /home/airflow/.local/lib/python3.7/site-packages/airflow/example_dags/tutorial_dag.py for tasks to queue
[2023-02-22T20:48:27.701+0000] {logging_mixin.py:137} INFO - [2023-02-22T20:48:27.701+0000] {dagbag.py:538} INFO - Filling up the DagBag from /home/airflow/.local/lib/python3.7/site-packages/airflow/example_dags/tutorial_dag.py
[2023-02-22T20:48:27.798+0000] {processor.py:753} INFO - DAG(s) dict_keys(['tutorial_dag']) retrieved from /home/airflow/.local/lib/python3.7/site-packages/airflow/example_dags/tutorial_dag.py
[2023-02-22T20:48:27.942+0000] {logging_mixin.py:137} INFO - [2023-02-22T20:48:27.941+0000] {dag.py:2690} INFO - Sync 1 DAGs
[2023-02-22T20:48:28.102+0000] {logging_mixin.py:137} INFO - [2023-02-22T20:48:28.102+0000] {dag.py:3441} INFO - Setting next_dagrun for tutorial_dag to None, run_after=None
[2023-02-22T20:48:28.267+0000] {processor.py:175} INFO - Processing /home/airflow/.local/lib/python3.7/site-packages/airflow/example_dags/tutorial_dag.py took 0.604 seconds
[2023-02-22T20:48:58.723+0000] {processor.py:153} INFO - Started process (PID=694) to work on /home/airflow/.local/lib/python3.7/site-packages/airflow/example_dags/tutorial_dag.py
[2023-02-22T20:48:58.736+0000] {processor.py:743} INFO - Processing file /home/airflow/.local/lib/python3.7/site-packages/airflow/example_dags/tutorial_dag.py for tasks to queue
[2023-02-22T20:48:58.737+0000] {logging_mixin.py:137} INFO - [2023-02-22T20:48:58.737+0000] {dagbag.py:538} INFO - Filling up the DagBag from /home/airflow/.local/lib/python3.7/site-packages/airflow/example_dags/tutorial_dag.py
[2023-02-22T20:48:58.819+0000] {processor.py:753} INFO - DAG(s) dict_keys(['tutorial_dag']) retrieved from /home/airflow/.local/lib/python3.7/site-packages/airflow/example_dags/tutorial_dag.py
[2023-02-22T20:48:58.984+0000] {logging_mixin.py:137} INFO - [2023-02-22T20:48:58.983+0000] {dag.py:2690} INFO - Sync 1 DAGs
[2023-02-22T20:48:59.147+0000] {logging_mixin.py:137} INFO - [2023-02-22T20:48:59.147+0000] {dag.py:3441} INFO - Setting next_dagrun for tutorial_dag to None, run_after=None
[2023-02-22T20:48:59.285+0000] {processor.py:175} INFO - Processing /home/airflow/.local/lib/python3.7/site-packages/airflow/example_dags/tutorial_dag.py took 0.578 seconds
[2023-02-22T20:49:30.138+0000] {processor.py:153} INFO - Started process (PID=749) to work on /home/airflow/.local/lib/python3.7/site-packages/airflow/example_dags/tutorial_dag.py
[2023-02-22T20:49:30.143+0000] {processor.py:743} INFO - Processing file /home/airflow/.local/lib/python3.7/site-packages/airflow/example_dags/tutorial_dag.py for tasks to queue
[2023-02-22T20:49:30.144+0000] {logging_mixin.py:137} INFO - [2023-02-22T20:49:30.144+0000] {dagbag.py:538} INFO - Filling up the DagBag from /home/airflow/.local/lib/python3.7/site-packages/airflow/example_dags/tutorial_dag.py
[2023-02-22T20:49:30.219+0000] {processor.py:753} INFO - DAG(s) dict_keys(['tutorial_dag']) retrieved from /home/airflow/.local/lib/python3.7/site-packages/airflow/example_dags/tutorial_dag.py
[2023-02-22T20:49:30.332+0000] {logging_mixin.py:137} INFO - [2023-02-22T20:49:30.332+0000] {dag.py:2690} INFO - Sync 1 DAGs
[2023-02-22T20:49:30.479+0000] {logging_mixin.py:137} INFO - [2023-02-22T20:49:30.478+0000] {dag.py:3441} INFO - Setting next_dagrun for tutorial_dag to None, run_after=None
[2023-02-22T20:49:30.583+0000] {processor.py:175} INFO - Processing /home/airflow/.local/lib/python3.7/site-packages/airflow/example_dags/tutorial_dag.py took 0.459 seconds
[2023-02-22T20:50:00.924+0000] {processor.py:153} INFO - Started process (PID=821) to work on /home/airflow/.local/lib/python3.7/site-packages/airflow/example_dags/tutorial_dag.py
[2023-02-22T20:50:00.930+0000] {processor.py:743} INFO - Processing file /home/airflow/.local/lib/python3.7/site-packages/airflow/example_dags/tutorial_dag.py for tasks to queue
[2023-02-22T20:50:00.938+0000] {logging_mixin.py:137} INFO - [2023-02-22T20:50:00.937+0000] {dagbag.py:538} INFO - Filling up the DagBag from /home/airflow/.local/lib/python3.7/site-packages/airflow/example_dags/tutorial_dag.py
[2023-02-22T20:50:00.986+0000] {processor.py:753} INFO - DAG(s) dict_keys(['tutorial_dag']) retrieved from /home/airflow/.local/lib/python3.7/site-packages/airflow/example_dags/tutorial_dag.py
[2023-02-22T20:50:01.126+0000] {logging_mixin.py:137} INFO - [2023-02-22T20:50:01.126+0000] {dag.py:2690} INFO - Sync 1 DAGs
[2023-02-22T20:50:01.254+0000] {logging_mixin.py:137} INFO - [2023-02-22T20:50:01.254+0000] {dag.py:3441} INFO - Setting next_dagrun for tutorial_dag to None, run_after=None
[2023-02-22T20:50:01.364+0000] {processor.py:175} INFO - Processing /home/airflow/.local/lib/python3.7/site-packages/airflow/example_dags/tutorial_dag.py took 0.457 seconds
[2023-02-22T20:50:31.687+0000] {processor.py:153} INFO - Started process (PID=885) to work on /home/airflow/.local/lib/python3.7/site-packages/airflow/example_dags/tutorial_dag.py
[2023-02-22T20:50:31.688+0000] {processor.py:743} INFO - Processing file /home/airflow/.local/lib/python3.7/site-packages/airflow/example_dags/tutorial_dag.py for tasks to queue
[2023-02-22T20:50:31.689+0000] {logging_mixin.py:137} INFO - [2023-02-22T20:50:31.689+0000] {dagbag.py:538} INFO - Filling up the DagBag from /home/airflow/.local/lib/python3.7/site-packages/airflow/example_dags/tutorial_dag.py
[2023-02-22T20:50:31.753+0000] {processor.py:753} INFO - DAG(s) dict_keys(['tutorial_dag']) retrieved from /home/airflow/.local/lib/python3.7/site-packages/airflow/example_dags/tutorial_dag.py
[2023-02-22T20:50:31.865+0000] {logging_mixin.py:137} INFO - [2023-02-22T20:50:31.865+0000] {dag.py:2690} INFO - Sync 1 DAGs
[2023-02-22T20:50:32.005+0000] {logging_mixin.py:137} INFO - [2023-02-22T20:50:32.004+0000] {dag.py:3441} INFO - Setting next_dagrun for tutorial_dag to None, run_after=None
[2023-02-22T20:50:32.114+0000] {processor.py:175} INFO - Processing /home/airflow/.local/lib/python3.7/site-packages/airflow/example_dags/tutorial_dag.py took 0.444 seconds
[2023-02-22T20:51:02.431+0000] {processor.py:153} INFO - Started process (PID=947) to work on /home/airflow/.local/lib/python3.7/site-packages/airflow/example_dags/tutorial_dag.py
[2023-02-22T20:51:02.433+0000] {processor.py:743} INFO - Processing file /home/airflow/.local/lib/python3.7/site-packages/airflow/example_dags/tutorial_dag.py for tasks to queue
[2023-02-22T20:51:02.434+0000] {logging_mixin.py:137} INFO - [2023-02-22T20:51:02.434+0000] {dagbag.py:538} INFO - Filling up the DagBag from /home/airflow/.local/lib/python3.7/site-packages/airflow/example_dags/tutorial_dag.py
[2023-02-22T20:51:02.472+0000] {processor.py:753} INFO - DAG(s) dict_keys(['tutorial_dag']) retrieved from /home/airflow/.local/lib/python3.7/site-packages/airflow/example_dags/tutorial_dag.py
[2023-02-22T20:51:02.570+0000] {logging_mixin.py:137} INFO - [2023-02-22T20:51:02.570+0000] {dag.py:2690} INFO - Sync 1 DAGs
[2023-02-22T20:51:02.685+0000] {logging_mixin.py:137} INFO - [2023-02-22T20:51:02.685+0000] {dag.py:3441} INFO - Setting next_dagrun for tutorial_dag to None, run_after=None
[2023-02-22T20:51:02.751+0000] {processor.py:175} INFO - Processing /home/airflow/.local/lib/python3.7/site-packages/airflow/example_dags/tutorial_dag.py took 0.328 seconds
[2023-02-22T20:51:33.631+0000] {processor.py:153} INFO - Started process (PID=1035) to work on /home/airflow/.local/lib/python3.7/site-packages/airflow/example_dags/tutorial_dag.py
[2023-02-22T20:51:33.632+0000] {processor.py:743} INFO - Processing file /home/airflow/.local/lib/python3.7/site-packages/airflow/example_dags/tutorial_dag.py for tasks to queue
[2023-02-22T20:51:33.633+0000] {logging_mixin.py:137} INFO - [2023-02-22T20:51:33.633+0000] {dagbag.py:538} INFO - Filling up the DagBag from /home/airflow/.local/lib/python3.7/site-packages/airflow/example_dags/tutorial_dag.py
[2023-02-22T20:51:33.667+0000] {processor.py:753} INFO - DAG(s) dict_keys(['tutorial_dag']) retrieved from /home/airflow/.local/lib/python3.7/site-packages/airflow/example_dags/tutorial_dag.py
[2023-02-22T20:51:33.746+0000] {logging_mixin.py:137} INFO - [2023-02-22T20:51:33.745+0000] {dag.py:2690} INFO - Sync 1 DAGs
[2023-02-22T20:51:33.796+0000] {logging_mixin.py:137} INFO - [2023-02-22T20:51:33.796+0000] {dag.py:3441} INFO - Setting next_dagrun for tutorial_dag to None, run_after=None
[2023-02-22T20:51:33.828+0000] {processor.py:175} INFO - Processing /home/airflow/.local/lib/python3.7/site-packages/airflow/example_dags/tutorial_dag.py took 0.212 seconds
[2023-02-22T20:52:03.931+0000] {processor.py:153} INFO - Started process (PID=1106) to work on /home/airflow/.local/lib/python3.7/site-packages/airflow/example_dags/tutorial_dag.py
[2023-02-22T20:52:03.933+0000] {processor.py:743} INFO - Processing file /home/airflow/.local/lib/python3.7/site-packages/airflow/example_dags/tutorial_dag.py for tasks to queue
[2023-02-22T20:52:03.934+0000] {logging_mixin.py:137} INFO - [2023-02-22T20:52:03.934+0000] {dagbag.py:538} INFO - Filling up the DagBag from /home/airflow/.local/lib/python3.7/site-packages/airflow/example_dags/tutorial_dag.py
[2023-02-22T20:52:03.960+0000] {processor.py:753} INFO - DAG(s) dict_keys(['tutorial_dag']) retrieved from /home/airflow/.local/lib/python3.7/site-packages/airflow/example_dags/tutorial_dag.py
[2023-02-22T20:52:04.001+0000] {logging_mixin.py:137} INFO - [2023-02-22T20:52:04.000+0000] {dag.py:2690} INFO - Sync 1 DAGs
[2023-02-22T20:52:04.038+0000] {logging_mixin.py:137} INFO - [2023-02-22T20:52:04.037+0000] {dag.py:3441} INFO - Setting next_dagrun for tutorial_dag to None, run_after=None
[2023-02-22T20:52:04.071+0000] {processor.py:175} INFO - Processing /home/airflow/.local/lib/python3.7/site-packages/airflow/example_dags/tutorial_dag.py took 0.155 seconds
[2023-02-22T20:52:34.200+0000] {processor.py:153} INFO - Started process (PID=1177) to work on /home/airflow/.local/lib/python3.7/site-packages/airflow/example_dags/tutorial_dag.py
[2023-02-22T20:52:34.201+0000] {processor.py:743} INFO - Processing file /home/airflow/.local/lib/python3.7/site-packages/airflow/example_dags/tutorial_dag.py for tasks to queue
[2023-02-22T20:52:34.203+0000] {logging_mixin.py:137} INFO - [2023-02-22T20:52:34.203+0000] {dagbag.py:538} INFO - Filling up the DagBag from /home/airflow/.local/lib/python3.7/site-packages/airflow/example_dags/tutorial_dag.py
[2023-02-22T20:52:34.221+0000] {processor.py:753} INFO - DAG(s) dict_keys(['tutorial_dag']) retrieved from /home/airflow/.local/lib/python3.7/site-packages/airflow/example_dags/tutorial_dag.py
[2023-02-22T20:52:34.256+0000] {logging_mixin.py:137} INFO - [2023-02-22T20:52:34.256+0000] {dag.py:2690} INFO - Sync 1 DAGs
[2023-02-22T20:52:34.298+0000] {logging_mixin.py:137} INFO - [2023-02-22T20:52:34.298+0000] {dag.py:3441} INFO - Setting next_dagrun for tutorial_dag to None, run_after=None
[2023-02-22T20:52:34.327+0000] {processor.py:175} INFO - Processing /home/airflow/.local/lib/python3.7/site-packages/airflow/example_dags/tutorial_dag.py took 0.132 seconds
[2023-02-22T20:53:04.923+0000] {processor.py:153} INFO - Started process (PID=1264) to work on /home/airflow/.local/lib/python3.7/site-packages/airflow/example_dags/tutorial_dag.py
[2023-02-22T20:53:04.924+0000] {processor.py:743} INFO - Processing file /home/airflow/.local/lib/python3.7/site-packages/airflow/example_dags/tutorial_dag.py for tasks to queue
[2023-02-22T20:53:04.925+0000] {logging_mixin.py:137} INFO - [2023-02-22T20:53:04.924+0000] {dagbag.py:538} INFO - Filling up the DagBag from /home/airflow/.local/lib/python3.7/site-packages/airflow/example_dags/tutorial_dag.py
[2023-02-22T20:53:04.937+0000] {processor.py:753} INFO - DAG(s) dict_keys(['tutorial_dag']) retrieved from /home/airflow/.local/lib/python3.7/site-packages/airflow/example_dags/tutorial_dag.py
[2023-02-22T20:53:04.963+0000] {logging_mixin.py:137} INFO - [2023-02-22T20:53:04.963+0000] {dag.py:2690} INFO - Sync 1 DAGs
[2023-02-22T20:53:04.988+0000] {logging_mixin.py:137} INFO - [2023-02-22T20:53:04.988+0000] {dag.py:3441} INFO - Setting next_dagrun for tutorial_dag to None, run_after=None
[2023-02-22T20:53:05.010+0000] {processor.py:175} INFO - Processing /home/airflow/.local/lib/python3.7/site-packages/airflow/example_dags/tutorial_dag.py took 0.092 seconds
