[2023-02-22T20:44:18.662+0000] {processor.py:153} INFO - Started process (PID=82) to work on /home/airflow/.local/lib/python3.7/site-packages/airflow/example_dags/tutorial_taskflow_api.py
[2023-02-22T20:44:18.664+0000] {processor.py:743} INFO - Processing file /home/airflow/.local/lib/python3.7/site-packages/airflow/example_dags/tutorial_taskflow_api.py for tasks to queue
[2023-02-22T20:44:18.666+0000] {logging_mixin.py:137} INFO - [2023-02-22T20:44:18.665+0000] {dagbag.py:538} INFO - Filling up the DagBag from /home/airflow/.local/lib/python3.7/site-packages/airflow/example_dags/tutorial_taskflow_api.py
[2023-02-22T20:44:18.731+0000] {processor.py:753} INFO - DAG(s) dict_keys(['tutorial_taskflow_api']) retrieved from /home/airflow/.local/lib/python3.7/site-packages/airflow/example_dags/tutorial_taskflow_api.py
[2023-02-22T20:44:18.810+0000] {logging_mixin.py:137} INFO - [2023-02-22T20:44:18.809+0000] {dag.py:2690} INFO - Sync 1 DAGs
[2023-02-22T20:44:18.936+0000] {logging_mixin.py:137} INFO - [2023-02-22T20:44:18.935+0000] {dag.py:3441} INFO - Setting next_dagrun for tutorial_taskflow_api to None, run_after=None
[2023-02-22T20:44:18.996+0000] {processor.py:175} INFO - Processing /home/airflow/.local/lib/python3.7/site-packages/airflow/example_dags/tutorial_taskflow_api.py took 0.354 seconds
[2023-02-22T20:44:49.639+0000] {processor.py:153} INFO - Started process (PID=144) to work on /home/airflow/.local/lib/python3.7/site-packages/airflow/example_dags/tutorial_taskflow_api.py
[2023-02-22T20:44:49.640+0000] {processor.py:743} INFO - Processing file /home/airflow/.local/lib/python3.7/site-packages/airflow/example_dags/tutorial_taskflow_api.py for tasks to queue
[2023-02-22T20:44:49.642+0000] {logging_mixin.py:137} INFO - [2023-02-22T20:44:49.642+0000] {dagbag.py:538} INFO - Filling up the DagBag from /home/airflow/.local/lib/python3.7/site-packages/airflow/example_dags/tutorial_taskflow_api.py
[2023-02-22T20:44:49.694+0000] {processor.py:753} INFO - DAG(s) dict_keys(['tutorial_taskflow_api']) retrieved from /home/airflow/.local/lib/python3.7/site-packages/airflow/example_dags/tutorial_taskflow_api.py
[2023-02-22T20:44:49.763+0000] {logging_mixin.py:137} INFO - [2023-02-22T20:44:49.763+0000] {dag.py:2690} INFO - Sync 1 DAGs
[2023-02-22T20:44:49.813+0000] {logging_mixin.py:137} INFO - [2023-02-22T20:44:49.812+0000] {dag.py:3441} INFO - Setting next_dagrun for tutorial_taskflow_api to None, run_after=None
[2023-02-22T20:44:49.858+0000] {processor.py:175} INFO - Processing /home/airflow/.local/lib/python3.7/site-packages/airflow/example_dags/tutorial_taskflow_api.py took 0.226 seconds
[2023-02-22T20:45:20.943+0000] {processor.py:153} INFO - Started process (PID=216) to work on /home/airflow/.local/lib/python3.7/site-packages/airflow/example_dags/tutorial_taskflow_api.py
[2023-02-22T20:45:20.944+0000] {processor.py:743} INFO - Processing file /home/airflow/.local/lib/python3.7/site-packages/airflow/example_dags/tutorial_taskflow_api.py for tasks to queue
[2023-02-22T20:45:20.945+0000] {logging_mixin.py:137} INFO - [2023-02-22T20:45:20.945+0000] {dagbag.py:538} INFO - Filling up the DagBag from /home/airflow/.local/lib/python3.7/site-packages/airflow/example_dags/tutorial_taskflow_api.py
[2023-02-22T20:45:20.983+0000] {processor.py:753} INFO - DAG(s) dict_keys(['tutorial_taskflow_api']) retrieved from /home/airflow/.local/lib/python3.7/site-packages/airflow/example_dags/tutorial_taskflow_api.py
[2023-02-22T20:45:21.026+0000] {logging_mixin.py:137} INFO - [2023-02-22T20:45:21.026+0000] {dag.py:2690} INFO - Sync 1 DAGs
[2023-02-22T20:45:21.066+0000] {logging_mixin.py:137} INFO - [2023-02-22T20:45:21.066+0000] {dag.py:3441} INFO - Setting next_dagrun for tutorial_taskflow_api to None, run_after=None
[2023-02-22T20:45:21.101+0000] {processor.py:175} INFO - Processing /home/airflow/.local/lib/python3.7/site-packages/airflow/example_dags/tutorial_taskflow_api.py took 0.163 seconds
[2023-02-22T20:45:51.476+0000] {processor.py:153} INFO - Started process (PID=287) to work on /home/airflow/.local/lib/python3.7/site-packages/airflow/example_dags/tutorial_taskflow_api.py
[2023-02-22T20:45:51.478+0000] {processor.py:743} INFO - Processing file /home/airflow/.local/lib/python3.7/site-packages/airflow/example_dags/tutorial_taskflow_api.py for tasks to queue
[2023-02-22T20:45:51.479+0000] {logging_mixin.py:137} INFO - [2023-02-22T20:45:51.479+0000] {dagbag.py:538} INFO - Filling up the DagBag from /home/airflow/.local/lib/python3.7/site-packages/airflow/example_dags/tutorial_taskflow_api.py
[2023-02-22T20:45:51.519+0000] {processor.py:753} INFO - DAG(s) dict_keys(['tutorial_taskflow_api']) retrieved from /home/airflow/.local/lib/python3.7/site-packages/airflow/example_dags/tutorial_taskflow_api.py
[2023-02-22T20:45:51.569+0000] {logging_mixin.py:137} INFO - [2023-02-22T20:45:51.568+0000] {dag.py:2690} INFO - Sync 1 DAGs
[2023-02-22T20:45:51.626+0000] {logging_mixin.py:137} INFO - [2023-02-22T20:45:51.626+0000] {dag.py:3441} INFO - Setting next_dagrun for tutorial_taskflow_api to None, run_after=None
[2023-02-22T20:45:51.663+0000] {processor.py:175} INFO - Processing /home/airflow/.local/lib/python3.7/site-packages/airflow/example_dags/tutorial_taskflow_api.py took 0.194 seconds
[2023-02-22T20:46:22.452+0000] {processor.py:153} INFO - Started process (PID=358) to work on /home/airflow/.local/lib/python3.7/site-packages/airflow/example_dags/tutorial_taskflow_api.py
[2023-02-22T20:46:22.457+0000] {processor.py:743} INFO - Processing file /home/airflow/.local/lib/python3.7/site-packages/airflow/example_dags/tutorial_taskflow_api.py for tasks to queue
[2023-02-22T20:46:22.458+0000] {logging_mixin.py:137} INFO - [2023-02-22T20:46:22.457+0000] {dagbag.py:538} INFO - Filling up the DagBag from /home/airflow/.local/lib/python3.7/site-packages/airflow/example_dags/tutorial_taskflow_api.py
[2023-02-22T20:46:22.507+0000] {processor.py:753} INFO - DAG(s) dict_keys(['tutorial_taskflow_api']) retrieved from /home/airflow/.local/lib/python3.7/site-packages/airflow/example_dags/tutorial_taskflow_api.py
[2023-02-22T20:46:22.545+0000] {logging_mixin.py:137} INFO - [2023-02-22T20:46:22.544+0000] {dag.py:2690} INFO - Sync 1 DAGs
[2023-02-22T20:46:22.632+0000] {logging_mixin.py:137} INFO - [2023-02-22T20:46:22.631+0000] {dag.py:3441} INFO - Setting next_dagrun for tutorial_taskflow_api to None, run_after=None
[2023-02-22T20:46:22.676+0000] {processor.py:175} INFO - Processing /home/airflow/.local/lib/python3.7/site-packages/airflow/example_dags/tutorial_taskflow_api.py took 0.231 seconds
[2023-02-22T20:46:52.763+0000] {processor.py:153} INFO - Started process (PID=429) to work on /home/airflow/.local/lib/python3.7/site-packages/airflow/example_dags/tutorial_taskflow_api.py
[2023-02-22T20:46:52.764+0000] {processor.py:743} INFO - Processing file /home/airflow/.local/lib/python3.7/site-packages/airflow/example_dags/tutorial_taskflow_api.py for tasks to queue
[2023-02-22T20:46:52.765+0000] {logging_mixin.py:137} INFO - [2023-02-22T20:46:52.765+0000] {dagbag.py:538} INFO - Filling up the DagBag from /home/airflow/.local/lib/python3.7/site-packages/airflow/example_dags/tutorial_taskflow_api.py
[2023-02-22T20:46:52.799+0000] {processor.py:753} INFO - DAG(s) dict_keys(['tutorial_taskflow_api']) retrieved from /home/airflow/.local/lib/python3.7/site-packages/airflow/example_dags/tutorial_taskflow_api.py
[2023-02-22T20:46:52.844+0000] {logging_mixin.py:137} INFO - [2023-02-22T20:46:52.844+0000] {dag.py:2690} INFO - Sync 1 DAGs
[2023-02-22T20:46:52.897+0000] {logging_mixin.py:137} INFO - [2023-02-22T20:46:52.896+0000] {dag.py:3441} INFO - Setting next_dagrun for tutorial_taskflow_api to None, run_after=None
[2023-02-22T20:46:52.939+0000] {processor.py:175} INFO - Processing /home/airflow/.local/lib/python3.7/site-packages/airflow/example_dags/tutorial_taskflow_api.py took 0.180 seconds
[2023-02-22T20:47:25.362+0000] {processor.py:153} INFO - Started process (PID=500) to work on /home/airflow/.local/lib/python3.7/site-packages/airflow/example_dags/tutorial_taskflow_api.py
[2023-02-22T20:47:25.365+0000] {processor.py:743} INFO - Processing file /home/airflow/.local/lib/python3.7/site-packages/airflow/example_dags/tutorial_taskflow_api.py for tasks to queue
[2023-02-22T20:47:25.367+0000] {logging_mixin.py:137} INFO - [2023-02-22T20:47:25.366+0000] {dagbag.py:538} INFO - Filling up the DagBag from /home/airflow/.local/lib/python3.7/site-packages/airflow/example_dags/tutorial_taskflow_api.py
[2023-02-22T20:47:25.437+0000] {processor.py:753} INFO - DAG(s) dict_keys(['tutorial_taskflow_api']) retrieved from /home/airflow/.local/lib/python3.7/site-packages/airflow/example_dags/tutorial_taskflow_api.py
[2023-02-22T20:47:25.514+0000] {logging_mixin.py:137} INFO - [2023-02-22T20:47:25.513+0000] {dag.py:2690} INFO - Sync 1 DAGs
[2023-02-22T20:47:25.622+0000] {logging_mixin.py:137} INFO - [2023-02-22T20:47:25.622+0000] {dag.py:3441} INFO - Setting next_dagrun for tutorial_taskflow_api to None, run_after=None
[2023-02-22T20:47:25.671+0000] {processor.py:175} INFO - Processing /home/airflow/.local/lib/python3.7/site-packages/airflow/example_dags/tutorial_taskflow_api.py took 0.320 seconds
[2023-02-22T20:47:57.090+0000] {processor.py:153} INFO - Started process (PID=571) to work on /home/airflow/.local/lib/python3.7/site-packages/airflow/example_dags/tutorial_taskflow_api.py
[2023-02-22T20:47:57.094+0000] {processor.py:743} INFO - Processing file /home/airflow/.local/lib/python3.7/site-packages/airflow/example_dags/tutorial_taskflow_api.py for tasks to queue
[2023-02-22T20:47:57.095+0000] {logging_mixin.py:137} INFO - [2023-02-22T20:47:57.095+0000] {dagbag.py:538} INFO - Filling up the DagBag from /home/airflow/.local/lib/python3.7/site-packages/airflow/example_dags/tutorial_taskflow_api.py
[2023-02-22T20:47:57.228+0000] {processor.py:753} INFO - DAG(s) dict_keys(['tutorial_taskflow_api']) retrieved from /home/airflow/.local/lib/python3.7/site-packages/airflow/example_dags/tutorial_taskflow_api.py
[2023-02-22T20:47:57.358+0000] {logging_mixin.py:137} INFO - [2023-02-22T20:47:57.358+0000] {dag.py:2690} INFO - Sync 1 DAGs
[2023-02-22T20:47:57.499+0000] {logging_mixin.py:137} INFO - [2023-02-22T20:47:57.499+0000] {dag.py:3441} INFO - Setting next_dagrun for tutorial_taskflow_api to None, run_after=None
[2023-02-22T20:47:57.588+0000] {processor.py:175} INFO - Processing /home/airflow/.local/lib/python3.7/site-packages/airflow/example_dags/tutorial_taskflow_api.py took 0.516 seconds
[2023-02-22T20:48:28.333+0000] {processor.py:153} INFO - Started process (PID=625) to work on /home/airflow/.local/lib/python3.7/site-packages/airflow/example_dags/tutorial_taskflow_api.py
[2023-02-22T20:48:28.351+0000] {processor.py:743} INFO - Processing file /home/airflow/.local/lib/python3.7/site-packages/airflow/example_dags/tutorial_taskflow_api.py for tasks to queue
[2023-02-22T20:48:28.353+0000] {logging_mixin.py:137} INFO - [2023-02-22T20:48:28.352+0000] {dagbag.py:538} INFO - Filling up the DagBag from /home/airflow/.local/lib/python3.7/site-packages/airflow/example_dags/tutorial_taskflow_api.py
[2023-02-22T20:48:28.511+0000] {processor.py:753} INFO - DAG(s) dict_keys(['tutorial_taskflow_api']) retrieved from /home/airflow/.local/lib/python3.7/site-packages/airflow/example_dags/tutorial_taskflow_api.py
[2023-02-22T20:48:28.628+0000] {logging_mixin.py:137} INFO - [2023-02-22T20:48:28.627+0000] {dag.py:2690} INFO - Sync 1 DAGs
[2023-02-22T20:48:28.768+0000] {logging_mixin.py:137} INFO - [2023-02-22T20:48:28.767+0000] {dag.py:3441} INFO - Setting next_dagrun for tutorial_taskflow_api to None, run_after=None
[2023-02-22T20:48:28.875+0000] {processor.py:175} INFO - Processing /home/airflow/.local/lib/python3.7/site-packages/airflow/example_dags/tutorial_taskflow_api.py took 0.559 seconds
[2023-02-22T20:49:00.003+0000] {processor.py:153} INFO - Started process (PID=697) to work on /home/airflow/.local/lib/python3.7/site-packages/airflow/example_dags/tutorial_taskflow_api.py
[2023-02-22T20:49:00.022+0000] {processor.py:743} INFO - Processing file /home/airflow/.local/lib/python3.7/site-packages/airflow/example_dags/tutorial_taskflow_api.py for tasks to queue
[2023-02-22T20:49:00.024+0000] {logging_mixin.py:137} INFO - [2023-02-22T20:49:00.023+0000] {dagbag.py:538} INFO - Filling up the DagBag from /home/airflow/.local/lib/python3.7/site-packages/airflow/example_dags/tutorial_taskflow_api.py
[2023-02-22T20:49:00.174+0000] {processor.py:753} INFO - DAG(s) dict_keys(['tutorial_taskflow_api']) retrieved from /home/airflow/.local/lib/python3.7/site-packages/airflow/example_dags/tutorial_taskflow_api.py
[2023-02-22T20:49:00.307+0000] {logging_mixin.py:137} INFO - [2023-02-22T20:49:00.306+0000] {dag.py:2690} INFO - Sync 1 DAGs
[2023-02-22T20:49:00.441+0000] {logging_mixin.py:137} INFO - [2023-02-22T20:49:00.440+0000] {dag.py:3441} INFO - Setting next_dagrun for tutorial_taskflow_api to None, run_after=None
[2023-02-22T20:49:00.618+0000] {processor.py:175} INFO - Processing /home/airflow/.local/lib/python3.7/site-packages/airflow/example_dags/tutorial_taskflow_api.py took 0.645 seconds
[2023-02-22T20:49:31.068+0000] {processor.py:153} INFO - Started process (PID=759) to work on /home/airflow/.local/lib/python3.7/site-packages/airflow/example_dags/tutorial_taskflow_api.py
[2023-02-22T20:49:31.077+0000] {processor.py:743} INFO - Processing file /home/airflow/.local/lib/python3.7/site-packages/airflow/example_dags/tutorial_taskflow_api.py for tasks to queue
[2023-02-22T20:49:31.078+0000] {logging_mixin.py:137} INFO - [2023-02-22T20:49:31.078+0000] {dagbag.py:538} INFO - Filling up the DagBag from /home/airflow/.local/lib/python3.7/site-packages/airflow/example_dags/tutorial_taskflow_api.py
[2023-02-22T20:49:31.218+0000] {processor.py:753} INFO - DAG(s) dict_keys(['tutorial_taskflow_api']) retrieved from /home/airflow/.local/lib/python3.7/site-packages/airflow/example_dags/tutorial_taskflow_api.py
[2023-02-22T20:49:31.368+0000] {logging_mixin.py:137} INFO - [2023-02-22T20:49:31.367+0000] {dag.py:2690} INFO - Sync 1 DAGs
[2023-02-22T20:49:31.541+0000] {logging_mixin.py:137} INFO - [2023-02-22T20:49:31.540+0000] {dag.py:3441} INFO - Setting next_dagrun for tutorial_taskflow_api to None, run_after=None
[2023-02-22T20:49:31.649+0000] {processor.py:175} INFO - Processing /home/airflow/.local/lib/python3.7/site-packages/airflow/example_dags/tutorial_taskflow_api.py took 0.597 seconds
[2023-02-22T20:50:01.848+0000] {processor.py:153} INFO - Started process (PID=824) to work on /home/airflow/.local/lib/python3.7/site-packages/airflow/example_dags/tutorial_taskflow_api.py
[2023-02-22T20:50:01.849+0000] {processor.py:743} INFO - Processing file /home/airflow/.local/lib/python3.7/site-packages/airflow/example_dags/tutorial_taskflow_api.py for tasks to queue
[2023-02-22T20:50:01.851+0000] {logging_mixin.py:137} INFO - [2023-02-22T20:50:01.850+0000] {dagbag.py:538} INFO - Filling up the DagBag from /home/airflow/.local/lib/python3.7/site-packages/airflow/example_dags/tutorial_taskflow_api.py
[2023-02-22T20:50:01.974+0000] {processor.py:753} INFO - DAG(s) dict_keys(['tutorial_taskflow_api']) retrieved from /home/airflow/.local/lib/python3.7/site-packages/airflow/example_dags/tutorial_taskflow_api.py
[2023-02-22T20:50:02.073+0000] {logging_mixin.py:137} INFO - [2023-02-22T20:50:02.073+0000] {dag.py:2690} INFO - Sync 1 DAGs
[2023-02-22T20:50:02.183+0000] {logging_mixin.py:137} INFO - [2023-02-22T20:50:02.183+0000] {dag.py:3441} INFO - Setting next_dagrun for tutorial_taskflow_api to None, run_after=None
[2023-02-22T20:50:02.273+0000] {processor.py:175} INFO - Processing /home/airflow/.local/lib/python3.7/site-packages/airflow/example_dags/tutorial_taskflow_api.py took 0.442 seconds
[2023-02-22T20:50:32.752+0000] {processor.py:153} INFO - Started process (PID=888) to work on /home/airflow/.local/lib/python3.7/site-packages/airflow/example_dags/tutorial_taskflow_api.py
[2023-02-22T20:50:32.754+0000] {processor.py:743} INFO - Processing file /home/airflow/.local/lib/python3.7/site-packages/airflow/example_dags/tutorial_taskflow_api.py for tasks to queue
[2023-02-22T20:50:32.755+0000] {logging_mixin.py:137} INFO - [2023-02-22T20:50:32.755+0000] {dagbag.py:538} INFO - Filling up the DagBag from /home/airflow/.local/lib/python3.7/site-packages/airflow/example_dags/tutorial_taskflow_api.py
[2023-02-22T20:50:32.852+0000] {processor.py:753} INFO - DAG(s) dict_keys(['tutorial_taskflow_api']) retrieved from /home/airflow/.local/lib/python3.7/site-packages/airflow/example_dags/tutorial_taskflow_api.py
[2023-02-22T20:50:32.956+0000] {logging_mixin.py:137} INFO - [2023-02-22T20:50:32.956+0000] {dag.py:2690} INFO - Sync 1 DAGs
[2023-02-22T20:50:33.142+0000] {logging_mixin.py:137} INFO - [2023-02-22T20:50:33.141+0000] {dag.py:3441} INFO - Setting next_dagrun for tutorial_taskflow_api to None, run_after=None
[2023-02-22T20:50:33.281+0000] {processor.py:175} INFO - Processing /home/airflow/.local/lib/python3.7/site-packages/airflow/example_dags/tutorial_taskflow_api.py took 0.555 seconds
[2023-02-22T20:51:04.151+0000] {processor.py:153} INFO - Started process (PID=950) to work on /home/airflow/.local/lib/python3.7/site-packages/airflow/example_dags/tutorial_taskflow_api.py
[2023-02-22T20:51:04.153+0000] {processor.py:743} INFO - Processing file /home/airflow/.local/lib/python3.7/site-packages/airflow/example_dags/tutorial_taskflow_api.py for tasks to queue
[2023-02-22T20:51:04.155+0000] {logging_mixin.py:137} INFO - [2023-02-22T20:51:04.155+0000] {dagbag.py:538} INFO - Filling up the DagBag from /home/airflow/.local/lib/python3.7/site-packages/airflow/example_dags/tutorial_taskflow_api.py
[2023-02-22T20:51:04.207+0000] {processor.py:753} INFO - DAG(s) dict_keys(['tutorial_taskflow_api']) retrieved from /home/airflow/.local/lib/python3.7/site-packages/airflow/example_dags/tutorial_taskflow_api.py
[2023-02-22T20:51:04.258+0000] {logging_mixin.py:137} INFO - [2023-02-22T20:51:04.257+0000] {dag.py:2690} INFO - Sync 1 DAGs
[2023-02-22T20:51:04.306+0000] {logging_mixin.py:137} INFO - [2023-02-22T20:51:04.306+0000] {dag.py:3441} INFO - Setting next_dagrun for tutorial_taskflow_api to None, run_after=None
[2023-02-22T20:51:04.356+0000] {processor.py:175} INFO - Processing /home/airflow/.local/lib/python3.7/site-packages/airflow/example_dags/tutorial_taskflow_api.py took 0.213 seconds
[2023-02-22T20:51:35.025+0000] {processor.py:153} INFO - Started process (PID=1038) to work on /home/airflow/.local/lib/python3.7/site-packages/airflow/example_dags/tutorial_taskflow_api.py
[2023-02-22T20:51:35.027+0000] {processor.py:743} INFO - Processing file /home/airflow/.local/lib/python3.7/site-packages/airflow/example_dags/tutorial_taskflow_api.py for tasks to queue
[2023-02-22T20:51:35.028+0000] {logging_mixin.py:137} INFO - [2023-02-22T20:51:35.027+0000] {dagbag.py:538} INFO - Filling up the DagBag from /home/airflow/.local/lib/python3.7/site-packages/airflow/example_dags/tutorial_taskflow_api.py
[2023-02-22T20:51:35.057+0000] {processor.py:753} INFO - DAG(s) dict_keys(['tutorial_taskflow_api']) retrieved from /home/airflow/.local/lib/python3.7/site-packages/airflow/example_dags/tutorial_taskflow_api.py
[2023-02-22T20:51:35.092+0000] {logging_mixin.py:137} INFO - [2023-02-22T20:51:35.092+0000] {dag.py:2690} INFO - Sync 1 DAGs
[2023-02-22T20:51:35.135+0000] {logging_mixin.py:137} INFO - [2023-02-22T20:51:35.134+0000] {dag.py:3441} INFO - Setting next_dagrun for tutorial_taskflow_api to None, run_after=None
[2023-02-22T20:51:35.167+0000] {processor.py:175} INFO - Processing /home/airflow/.local/lib/python3.7/site-packages/airflow/example_dags/tutorial_taskflow_api.py took 0.146 seconds
[2023-02-22T20:52:05.287+0000] {processor.py:153} INFO - Started process (PID=1109) to work on /home/airflow/.local/lib/python3.7/site-packages/airflow/example_dags/tutorial_taskflow_api.py
[2023-02-22T20:52:05.288+0000] {processor.py:743} INFO - Processing file /home/airflow/.local/lib/python3.7/site-packages/airflow/example_dags/tutorial_taskflow_api.py for tasks to queue
[2023-02-22T20:52:05.289+0000] {logging_mixin.py:137} INFO - [2023-02-22T20:52:05.288+0000] {dagbag.py:538} INFO - Filling up the DagBag from /home/airflow/.local/lib/python3.7/site-packages/airflow/example_dags/tutorial_taskflow_api.py
[2023-02-22T20:52:05.322+0000] {processor.py:753} INFO - DAG(s) dict_keys(['tutorial_taskflow_api']) retrieved from /home/airflow/.local/lib/python3.7/site-packages/airflow/example_dags/tutorial_taskflow_api.py
[2023-02-22T20:52:05.365+0000] {logging_mixin.py:137} INFO - [2023-02-22T20:52:05.365+0000] {dag.py:2690} INFO - Sync 1 DAGs
[2023-02-22T20:52:05.397+0000] {logging_mixin.py:137} INFO - [2023-02-22T20:52:05.397+0000] {dag.py:3441} INFO - Setting next_dagrun for tutorial_taskflow_api to None, run_after=None
[2023-02-22T20:52:05.426+0000] {processor.py:175} INFO - Processing /home/airflow/.local/lib/python3.7/site-packages/airflow/example_dags/tutorial_taskflow_api.py took 0.143 seconds
[2023-02-22T20:52:35.456+0000] {processor.py:153} INFO - Started process (PID=1189) to work on /home/airflow/.local/lib/python3.7/site-packages/airflow/example_dags/tutorial_taskflow_api.py
[2023-02-22T20:52:35.458+0000] {processor.py:743} INFO - Processing file /home/airflow/.local/lib/python3.7/site-packages/airflow/example_dags/tutorial_taskflow_api.py for tasks to queue
[2023-02-22T20:52:35.459+0000] {logging_mixin.py:137} INFO - [2023-02-22T20:52:35.459+0000] {dagbag.py:538} INFO - Filling up the DagBag from /home/airflow/.local/lib/python3.7/site-packages/airflow/example_dags/tutorial_taskflow_api.py
[2023-02-22T20:52:35.488+0000] {processor.py:753} INFO - DAG(s) dict_keys(['tutorial_taskflow_api']) retrieved from /home/airflow/.local/lib/python3.7/site-packages/airflow/example_dags/tutorial_taskflow_api.py
[2023-02-22T20:52:35.524+0000] {logging_mixin.py:137} INFO - [2023-02-22T20:52:35.524+0000] {dag.py:2690} INFO - Sync 1 DAGs
[2023-02-22T20:52:35.557+0000] {logging_mixin.py:137} INFO - [2023-02-22T20:52:35.557+0000] {dag.py:3441} INFO - Setting next_dagrun for tutorial_taskflow_api to None, run_after=None
[2023-02-22T20:52:35.580+0000] {processor.py:175} INFO - Processing /home/airflow/.local/lib/python3.7/site-packages/airflow/example_dags/tutorial_taskflow_api.py took 0.128 seconds
[2023-02-22T20:53:06.165+0000] {processor.py:153} INFO - Started process (PID=1267) to work on /home/airflow/.local/lib/python3.7/site-packages/airflow/example_dags/tutorial_taskflow_api.py
[2023-02-22T20:53:06.166+0000] {processor.py:743} INFO - Processing file /home/airflow/.local/lib/python3.7/site-packages/airflow/example_dags/tutorial_taskflow_api.py for tasks to queue
[2023-02-22T20:53:06.167+0000] {logging_mixin.py:137} INFO - [2023-02-22T20:53:06.166+0000] {dagbag.py:538} INFO - Filling up the DagBag from /home/airflow/.local/lib/python3.7/site-packages/airflow/example_dags/tutorial_taskflow_api.py
[2023-02-22T20:53:06.185+0000] {processor.py:753} INFO - DAG(s) dict_keys(['tutorial_taskflow_api']) retrieved from /home/airflow/.local/lib/python3.7/site-packages/airflow/example_dags/tutorial_taskflow_api.py
[2023-02-22T20:53:06.208+0000] {logging_mixin.py:137} INFO - [2023-02-22T20:53:06.208+0000] {dag.py:2690} INFO - Sync 1 DAGs
[2023-02-22T20:53:06.231+0000] {logging_mixin.py:137} INFO - [2023-02-22T20:53:06.231+0000] {dag.py:3441} INFO - Setting next_dagrun for tutorial_taskflow_api to None, run_after=None
[2023-02-22T20:53:06.253+0000] {processor.py:175} INFO - Processing /home/airflow/.local/lib/python3.7/site-packages/airflow/example_dags/tutorial_taskflow_api.py took 0.091 seconds
